2025-05-22 23:17:25.620 [info] Reading sessions from keychain...
2025-05-22 23:17:25.620 [info] Getting sessions for all scopes...
2025-05-22 23:17:25.620 [info] Getting sessions for all scopes...
2025-05-22 23:17:25.620 [info] Getting sessions for all scopes...
2025-05-22 23:17:25.620 [info] Got 0 sessions for ...
2025-05-22 23:17:25.620 [info] Got 0 sessions for ...
2025-05-22 23:17:25.620 [info] Got 0 sessions for ...
2025-05-22 23:17:25.621 [info] Getting sessions for all scopes...
2025-05-22 23:17:25.621 [info] Got 0 sessions for ...
2025-05-22 23:17:25.621 [info] Getting sessions for all scopes...
2025-05-22 23:17:25.621 [info] Got 0 sessions for ...
2025-05-22 23:17:25.621 [info] Getting sessions for all scopes...
2025-05-22 23:17:25.621 [info] Got 0 sessions for ...
2025-05-22 23:17:25.621 [info] Getting sessions for all scopes...
2025-05-22 23:17:25.621 [info] Got 0 sessions for ...
2025-05-22 23:17:25.621 [info] Getting sessions for all scopes...
2025-05-22 23:17:25.621 [info] Got 0 sessions for ...
2025-05-22 23:17:25.623 [info] Getting sessions for all scopes...
2025-05-22 23:17:25.623 [info] Got 0 sessions for ...
2025-05-22 23:17:25.628 [info] Getting sessions for all scopes...
2025-05-22 23:17:25.628 [info] Got 0 sessions for ...
2025-05-22 23:17:25.628 [info] Getting sessions for all scopes...
2025-05-22 23:17:25.628 [info] Got 0 sessions for ...
2025-05-22 23:17:25.628 [info] Getting sessions for all scopes...
2025-05-22 23:17:25.628 [info] Got 0 sessions for ...
2025-05-22 23:17:25.628 [info] Getting sessions for all scopes...
2025-05-22 23:17:25.628 [info] Got 0 sessions for ...
2025-05-22 23:17:25.629 [info] Getting sessions for all scopes...
2025-05-22 23:17:25.629 [info] Got 0 sessions for ...
2025-05-22 23:17:25.805 [info] Getting sessions for all scopes...
2025-05-22 23:17:25.805 [info] Got 0 sessions for ...
2025-05-22 23:17:25.937 [info] Getting sessions for read:user,repo,user:email,workflow...
2025-05-22 23:17:25.937 [info] Got 0 sessions for read:user,repo,user:email,workflow...
2025-05-22 23:17:27.595 [info] Getting sessions for all scopes...
2025-05-22 23:17:27.595 [info] Got 0 sessions for ...
