2025-05-23 10:51:07.510 [info] Reading sessions from keychain...
2025-05-23 10:51:07.510 [info] Getting sessions for all scopes...
2025-05-23 10:51:07.510 [info] Getting sessions for all scopes...
2025-05-23 10:51:07.510 [info] Getting sessions for all scopes...
2025-05-23 10:51:07.510 [info] Got 0 sessions for ...
2025-05-23 10:51:07.510 [info] Got 0 sessions for ...
2025-05-23 10:51:07.510 [info] Got 0 sessions for ...
2025-05-23 10:51:07.510 [info] Getting sessions for all scopes...
2025-05-23 10:51:07.510 [info] Got 0 sessions for ...
2025-05-23 10:51:07.510 [info] Getting sessions for all scopes...
2025-05-23 10:51:07.510 [info] Got 0 sessions for ...
2025-05-23 10:51:07.510 [info] Getting sessions for all scopes...
2025-05-23 10:51:07.510 [info] Got 0 sessions for ...
2025-05-23 10:51:07.510 [info] Getting sessions for all scopes...
2025-05-23 10:51:07.510 [info] Got 0 sessions for ...
2025-05-23 10:51:07.510 [info] Getting sessions for all scopes...
2025-05-23 10:51:07.510 [info] Got 0 sessions for ...
2025-05-23 10:51:07.510 [info] Getting sessions for all scopes...
2025-05-23 10:51:07.510 [info] Got 0 sessions for ...
2025-05-23 10:51:07.510 [info] Getting sessions for all scopes...
2025-05-23 10:51:07.510 [info] Got 0 sessions for ...
2025-05-23 10:51:07.510 [info] Getting sessions for all scopes...
2025-05-23 10:51:07.510 [info] Got 0 sessions for ...
2025-05-23 10:51:07.510 [info] Getting sessions for all scopes...
2025-05-23 10:51:07.510 [info] Got 0 sessions for ...
2025-05-23 10:51:07.510 [info] Getting sessions for all scopes...
2025-05-23 10:51:07.510 [info] Got 0 sessions for ...
2025-05-23 10:51:07.510 [info] Getting sessions for all scopes...
2025-05-23 10:51:07.510 [info] Got 0 sessions for ...
2025-05-23 10:51:07.800 [info] Getting sessions for read:user,repo,user:email,workflow...
2025-05-23 10:51:07.800 [info] Got 0 sessions for read:user,repo,user:email,workflow...
2025-05-23 10:51:07.809 [info] Getting sessions for all scopes...
2025-05-23 10:51:07.809 [info] Got 0 sessions for ...
2025-05-23 10:51:09.595 [info] Getting sessions for all scopes...
2025-05-23 10:51:09.595 [info] Got 0 sessions for ...
