2025-05-08 13:56:32.247 [info] Reading sessions from keychain...
2025-05-08 13:56:32.247 [info] Getting sessions for all scopes...
2025-05-08 13:56:32.247 [info] Getting sessions for all scopes...
2025-05-08 13:56:32.247 [info] Getting sessions for all scopes...
2025-05-08 13:56:32.247 [info] Getting sessions for all scopes...
2025-05-08 13:56:32.247 [info] Getting sessions for all scopes...
2025-05-08 13:56:32.247 [info] Getting sessions for all scopes...
2025-05-08 13:56:32.247 [info] Getting sessions for all scopes...
2025-05-08 13:56:32.247 [info] Got 0 sessions for ...
2025-05-08 13:56:32.247 [info] Got 0 sessions for ...
2025-05-08 13:56:32.247 [info] Got 0 sessions for ...
2025-05-08 13:56:32.247 [info] Got 0 sessions for ...
2025-05-08 13:56:32.247 [info] Got 0 sessions for ...
2025-05-08 13:56:32.247 [info] Got 0 sessions for ...
2025-05-08 13:56:32.247 [info] Got 0 sessions for ...
2025-05-08 13:56:34.310 [info] Getting sessions for all scopes...
2025-05-08 13:56:34.310 [info] Got 0 sessions for ...
2025-05-08 13:56:37.977 [info] Getting sessions for all scopes...
2025-05-08 13:56:37.977 [info] Got 0 sessions for ...
2025-05-08 13:56:38.944 [info] Getting sessions for all scopes...
2025-05-08 13:56:38.944 [info] Got 0 sessions for ...
2025-05-08 13:56:39.075 [info] Getting sessions for read:user,repo,user:email...
2025-05-08 13:56:39.075 [info] Got 0 sessions for read:user,repo,user:email...
2025-05-08 13:56:40.193 [info] Getting sessions for read:user,repo,user:email,workflow...
2025-05-08 13:56:40.193 [info] Got 0 sessions for read:user,repo,user:email,workflow...
2025-05-08 13:56:40.258 [info] Getting sessions for read:user,repo,user:email...
2025-05-08 13:56:40.258 [info] Got 0 sessions for read:user,repo,user:email...
2025-05-08 13:58:17.288 [info] Reading sessions from keychain...
2025-05-08 13:58:17.288 [info] Getting sessions for all scopes...
2025-05-08 13:58:17.288 [info] Getting sessions for all scopes...
2025-05-08 13:58:17.288 [info] Getting sessions for all scopes...
2025-05-08 13:58:17.288 [info] Got 0 sessions for ...
2025-05-08 13:58:17.288 [info] Got 0 sessions for ...
2025-05-08 13:58:17.288 [info] Got 0 sessions for ...
2025-05-08 13:58:17.321 [info] Getting sessions for all scopes...
2025-05-08 13:58:17.321 [info] Got 0 sessions for ...
2025-05-08 13:58:18.547 [info] Getting sessions for all scopes...
2025-05-08 13:58:18.547 [info] Got 0 sessions for ...
2025-05-08 13:58:18.548 [info] Getting sessions for all scopes...
2025-05-08 13:58:18.548 [info] Got 0 sessions for ...
2025-05-08 13:58:18.548 [info] Getting sessions for all scopes...
2025-05-08 13:58:18.548 [info] Got 0 sessions for ...
2025-05-08 13:58:18.548 [info] Getting sessions for all scopes...
2025-05-08 13:58:18.548 [info] Got 0 sessions for ...
2025-05-08 13:58:18.549 [info] Getting sessions for all scopes...
2025-05-08 13:58:18.549 [info] Got 0 sessions for ...
2025-05-08 13:58:36.091 [info] Getting sessions for read:user,repo,user:email,workflow...
2025-05-08 13:58:36.091 [info] Got 0 sessions for read:user,repo,user:email,workflow...
