2025-05-23 23:39:26.943 [info] Started local extension host with pid 246460.
2025-05-23 23:39:26.960 [info] ComputeTargetPlatform: linux-x64
2025-05-23 23:39:27.696 [info] Settings Sync: Account status changed from uninitialized to unavailable
2025-05-23 23:39:29.353 [error] Error while getting the latest version for the extension catppuccin.catppuccin-vsc from https://marketplace.visualstudio.com/_apis/public/gallery/vscode/{publisher}/{name}/latest. Trying the fallback https://www.vscode-unpkg.net/_gallery/{publisher}/{name}/latest Offline
2025-05-23 23:39:29.353 [error] Error while getting the latest version for the extension shubhsharma.lazyvim-theme from https://marketplace.visualstudio.com/_apis/public/gallery/vscode/{publisher}/{name}/latest. Trying the fallback https://www.vscode-unpkg.net/_gallery/{publisher}/{name}/latest Offline
2025-05-23 23:39:29.354 [error] Error while getting the latest version for the extension catppuccin.catppuccin-vsc-icons from https://marketplace.visualstudio.com/_apis/public/gallery/vscode/{publisher}/{name}/latest. Trying the fallback https://www.vscode-unpkg.net/_gallery/{publisher}/{name}/latest Offline
2025-05-23 23:39:29.355 [error] Error while getting the latest version for the extension esbenp.prettier-vscode from https://marketplace.visualstudio.com/_apis/public/gallery/vscode/{publisher}/{name}/latest. Trying the fallback https://www.vscode-unpkg.net/_gallery/{publisher}/{name}/latest Offline
2025-05-23 23:39:29.355 [error] Error while getting the latest version for the extension ms-vscode-remote.remote-containers from https://marketplace.visualstudio.com/_apis/public/gallery/vscode/{publisher}/{name}/latest. Trying the fallback https://www.vscode-unpkg.net/_gallery/{publisher}/{name}/latest Offline
2025-05-23 23:39:29.356 [error] Error while getting the latest version for the extension steoates.autoimport from https://marketplace.visualstudio.com/_apis/public/gallery/vscode/{publisher}/{name}/latest. Trying the fallback https://www.vscode-unpkg.net/_gallery/{publisher}/{name}/latest Offline
2025-05-23 23:39:29.357 [error] Error while getting the latest version for the extension vscode-icons-team.vscode-icons from https://marketplace.visualstudio.com/_apis/public/gallery/vscode/{publisher}/{name}/latest. Trying the fallback https://www.vscode-unpkg.net/_gallery/{publisher}/{name}/latest Offline
2025-05-23 23:39:29.357 [error] Error while getting the latest version for the extension vue.volar from https://marketplace.visualstudio.com/_apis/public/gallery/vscode/{publisher}/{name}/latest. Trying the fallback https://www.vscode-unpkg.net/_gallery/{publisher}/{name}/latest Offline
2025-05-23 23:39:29.358 [error] Error while getting the latest version for the extension catppuccin.catppuccin-vsc. Offline
2025-05-23 23:39:29.359 [error] Error while getting the latest version for the extension shubhsharma.lazyvim-theme. Offline
2025-05-23 23:39:29.359 [error] Error while getting the latest version for the extension catppuccin.catppuccin-vsc-icons. Offline
2025-05-23 23:39:29.359 [error] Error while getting the latest version for the extension esbenp.prettier-vscode. Offline
2025-05-23 23:39:29.360 [error] Error while getting the latest version for the extension ms-vscode-remote.remote-containers. Offline
2025-05-23 23:39:29.361 [error] Error while getting the latest version for the extension steoates.autoimport. Offline
2025-05-23 23:39:29.361 [error] Error while getting the latest version for the extension vscode-icons-team.vscode-icons. Offline
2025-05-23 23:39:29.361 [error] Error while getting the latest version for the extension vue.volar. Offline
2025-05-23 23:39:29.432 [warning] Failed to fetch chat participant registry Offline
2025-05-23 23:39:29.524 [info] [perf] Render performance baseline is 12ms
