2025-06-06 11:09:13.295 [info] Extension host with pid 551829 started
2025-06-06 11:09:13.295 [info] Skipping acquiring lock for /home/hiansdt/.config/Code/User/workspaceStorage/856fed633f63c3bc7a57126130423c5f.
2025-06-06 11:09:13.456 [info] ExtensionService#_doActivateExtension vscode.github-authentication, startup: false, activationEvent: 'onAuthenticationRequest:github'
2025-06-06 11:09:13.475 [info] ExtensionService#_doActivateExtension Vue.volar, startup: false, activationEvent: 'onLanguage:plaintext'
2025-06-06 11:09:13.534 [info] ExtensionService#_doActivateExtension vscode.emmet, startup: false, activationEvent: 'onLanguage'
2025-06-06 11:09:13.575 [info] ExtensionService#_doActivateExtension vscode.typescript-language-features, startup: false, activationEvent: 'api', root cause: Vue.volar
2025-06-06 11:09:13.648 [info] ExtensionService#_doActivateExtension vscode.git-base, startup: true, activationEvent: '*', root cause: vscode.git
2025-06-06 11:09:13.651 [info] ExtensionService#_doActivateExtension ms-vscode-remote.remote-containers, startup: true, activationEvent: 'workspaceContains:.devcontainer/devcontainer.json'
2025-06-06 11:09:13.807 [info] ExtensionService#_doActivateExtension vscode.git, startup: true, activationEvent: '*'
2025-06-06 11:09:13.836 [info] ExtensionService#_doActivateExtension vscode.github, startup: true, activationEvent: '*'
2025-06-06 11:09:13.936 [info] Eager extensions activated
2025-06-06 11:09:13.947 [info] ExtensionService#_doActivateExtension vscode.debug-auto-launch, startup: false, activationEvent: 'onStartupFinished'
2025-06-06 11:09:13.949 [info] ExtensionService#_doActivateExtension vscode.merge-conflict, startup: false, activationEvent: 'onStartupFinished'
2025-06-06 11:09:13.963 [info] ExtensionService#_doActivateExtension Catppuccin.catppuccin-vsc, startup: false, activationEvent: 'onStartupFinished'
2025-06-06 11:09:13.966 [info] ExtensionService#_doActivateExtension Catppuccin.catppuccin-vsc-icons, startup: false, activationEvent: 'onStartupFinished'
2025-06-06 11:09:14.024 [info] ExtensionService#_doActivateExtension esbenp.prettier-vscode, startup: false, activationEvent: 'onStartupFinished'
2025-06-06 11:09:14.070 [info] ExtensionService#_doActivateExtension vscode-icons-team.vscode-icons, startup: false, activationEvent: 'onStartupFinished'
2025-06-06 11:09:14.099 [info] ExtensionService#_doActivateExtension vscodevim.vim, startup: false, activationEvent: 'onStartupFinished'
2025-06-06 11:09:14.356 [info] ExtensionService#_doActivateExtension vscode.configuration-editing, startup: false, activationEvent: 'onLanguage:jsonc'
2025-06-06 11:09:14.361 [info] ExtensionService#_doActivateExtension vscode.json-language-features, startup: false, activationEvent: 'onLanguage:jsonc'
2025-06-06 11:09:28.115 [info] Extension host terminating: renderer closed the MessagePort
2025-06-06 11:09:28.134 [info] Extension host with pid 551829 exiting with code 0
2025-06-06 11:09:28.764 [info] Extension host with pid 552511 started
2025-06-06 11:09:28.764 [info] Skipping acquiring lock for /home/hiansdt/.config/Code/User/workspaceStorage/710a4a868fb80b152c9d674105921fe7.
2025-06-06 11:09:28.764 [info] $getCanonicalURI invoked for authority (dev-container)
2025-06-06 11:09:28.769 [info] ExtensionService#_doActivateExtension ms-vscode-remote.remote-containers, startup: false, activationEvent: 'onResolveRemoteAuthority:dev-container'
2025-06-06 11:09:28.887 [info] [resolveAuthority(dev-container,1)][0ms] activating remote resolvers dev-container+7b22686f737450617468223a222f686f6d652f6869616e7364742f70726f6a656374732f63336c6162732f766974612f656e636869726964696f6e2d6261636b656e64222c226c6f63616c446f636b6572223a66616c73652c22636f6e66696746696c65223a7b22246d6964223a312c22667350617468223a222f686f6d652f6869616e7364742f70726f6a656374732f63336c6162732f766974612f656e636869726964696f6e2d6261636b656e642f2e646576636f6e7461696e65722f646576636f6e7461696e65722e6a736f6e222c2265787465726e616c223a2266696c653a2f2f2f686f6d652f6869616e7364742f70726f6a656374732f63336c6162732f766974612f656e636869726964696f6e2d6261636b656e642f2e646576636f6e7461696e65722f646576636f6e7461696e65722e6a736f6e222c2270617468223a222f686f6d652f6869616e7364742f70726f6a656374732f63336c6162732f766974612f656e636869726964696f6e2d6261636b656e642f2e646576636f6e7461696e65722f646576636f6e7461696e65722e6a736f6e222c22736368656d65223a2266696c65227d7d
2025-06-06 11:09:28.887 [info] [resolveAuthority(dev-container,1)][0ms] activating resolver for dev-container+7b22686f737450617468223a222f686f6d652f6869616e7364742f70726f6a656374732f63336c6162732f766974612f656e636869726964696f6e2d6261636b656e64222c226c6f63616c446f636b6572223a66616c73652c22636f6e66696746696c65223a7b22246d6964223a312c22667350617468223a222f686f6d652f6869616e7364742f70726f6a656374732f63336c6162732f766974612f656e636869726964696f6e2d6261636b656e642f2e646576636f6e7461696e65722f646576636f6e7461696e65722e6a736f6e222c2265787465726e616c223a2266696c653a2f2f2f686f6d652f6869616e7364742f70726f6a656374732f63336c6162732f766974612f656e636869726964696f6e2d6261636b656e642f2e646576636f6e7461696e65722f646576636f6e7461696e65722e6a736f6e222c2270617468223a222f686f6d652f6869616e7364742f70726f6a656374732f63336c6162732f766974612f656e636869726964696f6e2d6261636b656e642f2e646576636f6e7461696e65722f646576636f6e7461696e65722e6a736f6e222c22736368656d65223a2266696c65227d7d...
2025-06-06 11:09:28.887 [info] [resolveAuthority(dev-container,1)][0ms] invoking final resolve()...
2025-06-06 11:09:29.888 [info] [resolveAuthority(dev-container,1)][1001ms] waiting...
2025-06-06 11:09:30.888 [info] [resolveAuthority(dev-container,1)][2001ms] waiting...
2025-06-06 11:09:31.889 [info] [resolveAuthority(dev-container,1)][3002ms] waiting...
2025-06-06 11:09:32.890 [info] [resolveAuthority(dev-container,1)][4003ms] waiting...
2025-06-06 11:09:33.891 [info] [resolveAuthority(dev-container,1)][5004ms] waiting...
2025-06-06 11:09:34.890 [info] [resolveAuthority(dev-container,1)][6003ms] waiting...
2025-06-06 11:09:35.891 [info] [resolveAuthority(dev-container,1)][7003ms] waiting...
2025-06-06 11:09:36.891 [info] [resolveAuthority(dev-container,1)][8003ms] waiting...
2025-06-06 11:09:37.891 [info] [resolveAuthority(dev-container,1)][9004ms] waiting...
2025-06-06 11:09:38.890 [info] [resolveAuthority(dev-container,1)][10003ms] waiting...
2025-06-06 11:09:39.891 [info] [resolveAuthority(dev-container,1)][11004ms] waiting...
2025-06-06 11:09:40.892 [info] [resolveAuthority(dev-container,1)][12004ms] waiting...
2025-06-06 11:09:41.892 [info] [resolveAuthority(dev-container,1)][13005ms] waiting...
2025-06-06 11:09:42.007 [info] Extension host terminating: renderer closed the MessagePort
2025-06-06 11:09:42.008 [info] Extension host with pid 552511 exiting with code 0
2025-06-06 11:09:42.769 [info] Extension host with pid 553173 started
2025-06-06 11:09:42.769 [info] Skipping acquiring lock for /home/hiansdt/.config/Code/User/workspaceStorage/710a4a868fb80b152c9d674105921fe7.
2025-06-06 11:09:42.769 [info] $getCanonicalURI invoked for authority (dev-container)
2025-06-06 11:09:42.774 [info] ExtensionService#_doActivateExtension ms-vscode-remote.remote-containers, startup: false, activationEvent: 'onResolveRemoteAuthority:dev-container'
2025-06-06 11:09:42.907 [info] [resolveAuthority(dev-container,1)][0ms] activating remote resolvers dev-container+7b22686f737450617468223a222f686f6d652f6869616e7364742f70726f6a656374732f63336c6162732f766974612f656e636869726964696f6e2d6261636b656e64222c226c6f63616c446f636b6572223a66616c73652c22636f6e66696746696c65223a7b22246d6964223a312c22667350617468223a222f686f6d652f6869616e7364742f70726f6a656374732f63336c6162732f766974612f656e636869726964696f6e2d6261636b656e642f2e646576636f6e7461696e65722f646576636f6e7461696e65722e6a736f6e222c2265787465726e616c223a2266696c653a2f2f2f686f6d652f6869616e7364742f70726f6a656374732f63336c6162732f766974612f656e636869726964696f6e2d6261636b656e642f2e646576636f6e7461696e65722f646576636f6e7461696e65722e6a736f6e222c2270617468223a222f686f6d652f6869616e7364742f70726f6a656374732f63336c6162732f766974612f656e636869726964696f6e2d6261636b656e642f2e646576636f6e7461696e65722f646576636f6e7461696e65722e6a736f6e222c22736368656d65223a2266696c65227d7d
2025-06-06 11:09:42.907 [info] [resolveAuthority(dev-container,1)][0ms] activating resolver for dev-container+7b22686f737450617468223a222f686f6d652f6869616e7364742f70726f6a656374732f63336c6162732f766974612f656e636869726964696f6e2d6261636b656e64222c226c6f63616c446f636b6572223a66616c73652c22636f6e66696746696c65223a7b22246d6964223a312c22667350617468223a222f686f6d652f6869616e7364742f70726f6a656374732f63336c6162732f766974612f656e636869726964696f6e2d6261636b656e642f2e646576636f6e7461696e65722f646576636f6e7461696e65722e6a736f6e222c2265787465726e616c223a2266696c653a2f2f2f686f6d652f6869616e7364742f70726f6a656374732f63336c6162732f766974612f656e636869726964696f6e2d6261636b656e642f2e646576636f6e7461696e65722f646576636f6e7461696e65722e6a736f6e222c2270617468223a222f686f6d652f6869616e7364742f70726f6a656374732f63336c6162732f766974612f656e636869726964696f6e2d6261636b656e642f2e646576636f6e7461696e65722f646576636f6e7461696e65722e6a736f6e222c22736368656d65223a2266696c65227d7d...
2025-06-06 11:09:42.907 [info] [resolveAuthority(dev-container,1)][0ms] invoking final resolve()...
2025-06-06 11:09:43.908 [info] [resolveAuthority(dev-container,1)][1001ms] waiting...
2025-06-06 11:09:44.910 [info] [resolveAuthority(dev-container,1)][2003ms] waiting...
2025-06-06 11:09:45.910 [info] [resolveAuthority(dev-container,1)][3003ms] waiting...
2025-06-06 11:09:46.911 [info] [resolveAuthority(dev-container,1)][4004ms] waiting...
2025-06-06 11:09:47.912 [info] [resolveAuthority(dev-container,1)][5004ms] waiting...
2025-06-06 11:09:48.912 [info] [resolveAuthority(dev-container,1)][6005ms] waiting...
2025-06-06 11:09:49.912 [info] [resolveAuthority(dev-container,1)][7005ms] waiting...
2025-06-06 11:09:50.911 [info] [resolveAuthority(dev-container,1)][8004ms] waiting...
2025-06-06 11:09:51.912 [info] [resolveAuthority(dev-container,1)][9005ms] waiting...
2025-06-06 11:09:52.912 [info] [resolveAuthority(dev-container,1)][10005ms] waiting...
2025-06-06 11:09:53.921 [info] [resolveAuthority(dev-container,1)][11014ms] waiting...
2025-06-06 11:09:53.958 [info] Extension host terminating: renderer closed the MessagePort
2025-06-06 11:09:53.959 [info] Extension host with pid 553173 exiting with code 0
2025-06-06 11:09:54.643 [info] Extension host with pid 554140 started
2025-06-06 11:09:54.643 [info] Skipping acquiring lock for /home/hiansdt/.config/Code/User/workspaceStorage/710a4a868fb80b152c9d674105921fe7.
2025-06-06 11:09:54.643 [info] $getCanonicalURI invoked for authority (dev-container)
2025-06-06 11:09:54.648 [info] ExtensionService#_doActivateExtension ms-vscode-remote.remote-containers, startup: false, activationEvent: 'onResolveRemoteAuthority:dev-container'
2025-06-06 11:09:54.766 [info] [resolveAuthority(dev-container,1)][0ms] activating remote resolvers dev-container+7b22686f737450617468223a222f686f6d652f6869616e7364742f70726f6a656374732f63336c6162732f766974612f656e636869726964696f6e2d6261636b656e64222c226c6f63616c446f636b6572223a66616c73652c22636f6e66696746696c65223a7b22246d6964223a312c22667350617468223a222f686f6d652f6869616e7364742f70726f6a656374732f63336c6162732f766974612f656e636869726964696f6e2d6261636b656e642f2e646576636f6e7461696e65722f646576636f6e7461696e65722e6a736f6e222c2265787465726e616c223a2266696c653a2f2f2f686f6d652f6869616e7364742f70726f6a656374732f63336c6162732f766974612f656e636869726964696f6e2d6261636b656e642f2e646576636f6e7461696e65722f646576636f6e7461696e65722e6a736f6e222c2270617468223a222f686f6d652f6869616e7364742f70726f6a656374732f63336c6162732f766974612f656e636869726964696f6e2d6261636b656e642f2e646576636f6e7461696e65722f646576636f6e7461696e65722e6a736f6e222c22736368656d65223a2266696c65227d7d
2025-06-06 11:09:54.766 [info] [resolveAuthority(dev-container,1)][0ms] activating resolver for dev-container+7b22686f737450617468223a222f686f6d652f6869616e7364742f70726f6a656374732f63336c6162732f766974612f656e636869726964696f6e2d6261636b656e64222c226c6f63616c446f636b6572223a66616c73652c22636f6e66696746696c65223a7b22246d6964223a312c22667350617468223a222f686f6d652f6869616e7364742f70726f6a656374732f63336c6162732f766974612f656e636869726964696f6e2d6261636b656e642f2e646576636f6e7461696e65722f646576636f6e7461696e65722e6a736f6e222c2265787465726e616c223a2266696c653a2f2f2f686f6d652f6869616e7364742f70726f6a656374732f63336c6162732f766974612f656e636869726964696f6e2d6261636b656e642f2e646576636f6e7461696e65722f646576636f6e7461696e65722e6a736f6e222c2270617468223a222f686f6d652f6869616e7364742f70726f6a656374732f63336c6162732f766974612f656e636869726964696f6e2d6261636b656e642f2e646576636f6e7461696e65722f646576636f6e7461696e65722e6a736f6e222c22736368656d65223a2266696c65227d7d...
2025-06-06 11:09:54.766 [info] [resolveAuthority(dev-container,1)][0ms] invoking final resolve()...
2025-06-06 11:09:55.766 [info] [resolveAuthority(dev-container,1)][1000ms] waiting...
2025-06-06 11:09:56.766 [info] [resolveAuthority(dev-container,1)][2000ms] waiting...
2025-06-06 11:09:57.767 [info] [resolveAuthority(dev-container,1)][3001ms] waiting...
2025-06-06 11:09:58.768 [info] [resolveAuthority(dev-container,1)][4002ms] waiting...
2025-06-06 11:09:59.768 [info] [resolveAuthority(dev-container,1)][5002ms] waiting...
2025-06-06 11:10:00.769 [info] [resolveAuthority(dev-container,1)][6003ms] waiting...
2025-06-06 11:10:01.769 [info] [resolveAuthority(dev-container,1)][7003ms] waiting...
2025-06-06 11:10:02.769 [info] [resolveAuthority(dev-container,1)][8003ms] waiting...
2025-06-06 11:10:03.771 [info] [resolveAuthority(dev-container,1)][9004ms] waiting...
2025-06-06 11:10:04.771 [info] [resolveAuthority(dev-container,1)][10005ms] waiting...
2025-06-06 11:10:05.772 [info] [resolveAuthority(dev-container,1)][11005ms] waiting...
2025-06-06 11:10:06.772 [info] [resolveAuthority(dev-container,1)][12006ms] waiting...
2025-06-06 11:10:07.772 [info] [resolveAuthority(dev-container,1)][13006ms] waiting...
2025-06-06 11:10:08.773 [info] [resolveAuthority(dev-container,1)][14007ms] waiting...
2025-06-06 11:10:09.774 [info] [resolveAuthority(dev-container,1)][15008ms] waiting...
2025-06-06 11:10:10.775 [info] [resolveAuthority(dev-container,1)][16009ms] waiting...
2025-06-06 11:10:11.777 [info] [resolveAuthority(dev-container,1)][17011ms] waiting...
2025-06-06 11:10:12.777 [info] [resolveAuthority(dev-container,1)][18011ms] waiting...
2025-06-06 11:10:13.778 [info] [resolveAuthority(dev-container,1)][19012ms] waiting...
2025-06-06 11:10:14.779 [info] [resolveAuthority(dev-container,1)][20013ms] waiting...
2025-06-06 11:10:15.780 [info] [resolveAuthority(dev-container,1)][21014ms] waiting...
2025-06-06 11:10:16.781 [info] [resolveAuthority(dev-container,1)][22015ms] waiting...
2025-06-06 11:10:17.782 [info] [resolveAuthority(dev-container,1)][23016ms] waiting...
2025-06-06 11:10:18.783 [info] [resolveAuthority(dev-container,1)][24017ms] waiting...
2025-06-06 11:10:19.784 [info] [resolveAuthority(dev-container,1)][25018ms] waiting...
2025-06-06 11:10:20.785 [info] [resolveAuthority(dev-container,1)][26019ms] waiting...
2025-06-06 11:10:21.786 [info] [resolveAuthority(dev-container,1)][27020ms] waiting...
2025-06-06 11:10:22.787 [info] [resolveAuthority(dev-container,1)][28021ms] waiting...
2025-06-06 11:10:23.789 [info] [resolveAuthority(dev-container,1)][29022ms] waiting...
2025-06-06 11:10:24.790 [info] [resolveAuthority(dev-container,1)][30024ms] waiting...
2025-06-06 11:10:25.792 [info] [resolveAuthority(dev-container,1)][31026ms] waiting...
2025-06-06 11:10:26.794 [info] [resolveAuthority(dev-container,1)][32028ms] waiting...
2025-06-06 11:10:27.796 [info] [resolveAuthority(dev-container,1)][33030ms] waiting...
2025-06-06 11:10:28.796 [info] [resolveAuthority(dev-container,1)][34030ms] waiting...
2025-06-06 11:10:29.798 [info] [resolveAuthority(dev-container,1)][35032ms] waiting...
2025-06-06 11:10:30.798 [info] [resolveAuthority(dev-container,1)][36032ms] waiting...
2025-06-06 11:10:31.800 [info] [resolveAuthority(dev-container,1)][37034ms] waiting...
2025-06-06 11:10:32.801 [info] [resolveAuthority(dev-container,1)][38035ms] waiting...
2025-06-06 11:10:33.803 [info] [resolveAuthority(dev-container,1)][39037ms] waiting...
2025-06-06 11:10:34.804 [info] [resolveAuthority(dev-container,1)][40038ms] waiting...
2025-06-06 11:10:35.804 [info] [resolveAuthority(dev-container,1)][41038ms] waiting...
2025-06-06 11:10:36.806 [info] [resolveAuthority(dev-container,1)][42040ms] waiting...
2025-06-06 11:10:37.806 [info] [resolveAuthority(dev-container,1)][43040ms] waiting...
2025-06-06 11:10:38.807 [info] [resolveAuthority(dev-container,1)][44041ms] waiting...
2025-06-06 11:10:39.808 [info] [resolveAuthority(dev-container,1)][45042ms] waiting...
2025-06-06 11:10:40.809 [info] [resolveAuthority(dev-container,1)][46043ms] waiting...
2025-06-06 11:10:41.809 [info] [resolveAuthority(dev-container,1)][47043ms] waiting...
2025-06-06 11:10:42.811 [info] [resolveAuthority(dev-container,1)][48045ms] waiting...
2025-06-06 11:10:43.812 [info] [resolveAuthority(dev-container,1)][49046ms] waiting...
2025-06-06 11:10:44.813 [info] [resolveAuthority(dev-container,1)][50047ms] waiting...
2025-06-06 11:10:45.814 [info] [resolveAuthority(dev-container,1)][51048ms] waiting...
2025-06-06 11:10:46.816 [info] [resolveAuthority(dev-container,1)][52050ms] waiting...
2025-06-06 11:10:47.817 [info] [resolveAuthority(dev-container,1)][53051ms] waiting...
2025-06-06 11:10:48.817 [info] [resolveAuthority(dev-container,1)][54051ms] waiting...
2025-06-06 11:10:49.817 [info] [resolveAuthority(dev-container,1)][55051ms] waiting...
2025-06-06 11:10:50.818 [info] [resolveAuthority(dev-container,1)][56052ms] waiting...
2025-06-06 11:10:51.820 [info] [resolveAuthority(dev-container,1)][57054ms] waiting...
2025-06-06 11:10:52.815 [info] Extension host terminating: renderer closed the MessagePort
2025-06-06 11:10:52.815 [info] Extension host with pid 554140 exiting with code 0
2025-06-06 11:10:53.561 [info] Extension host with pid 555070 started
2025-06-06 11:10:53.561 [info] Skipping acquiring lock for /home/hiansdt/.config/Code/User/workspaceStorage/710a4a868fb80b152c9d674105921fe7.
2025-06-06 11:10:53.561 [info] $getCanonicalURI invoked for authority (dev-container)
2025-06-06 11:10:53.571 [info] ExtensionService#_doActivateExtension ms-vscode-remote.remote-containers, startup: false, activationEvent: 'onResolveRemoteAuthority:dev-container'
2025-06-06 11:10:53.690 [info] [resolveAuthority(dev-container,1)][0ms] activating remote resolvers dev-container+7b22686f737450617468223a222f686f6d652f6869616e7364742f70726f6a656374732f63336c6162732f766974612f656e636869726964696f6e2d6261636b656e64222c226c6f63616c446f636b6572223a66616c73652c22636f6e66696746696c65223a7b22246d6964223a312c22667350617468223a222f686f6d652f6869616e7364742f70726f6a656374732f63336c6162732f766974612f656e636869726964696f6e2d6261636b656e642f2e646576636f6e7461696e65722f646576636f6e7461696e65722e6a736f6e222c2265787465726e616c223a2266696c653a2f2f2f686f6d652f6869616e7364742f70726f6a656374732f63336c6162732f766974612f656e636869726964696f6e2d6261636b656e642f2e646576636f6e7461696e65722f646576636f6e7461696e65722e6a736f6e222c2270617468223a222f686f6d652f6869616e7364742f70726f6a656374732f63336c6162732f766974612f656e636869726964696f6e2d6261636b656e642f2e646576636f6e7461696e65722f646576636f6e7461696e65722e6a736f6e222c22736368656d65223a2266696c65227d7d
2025-06-06 11:10:53.690 [info] [resolveAuthority(dev-container,1)][0ms] activating resolver for dev-container+7b22686f737450617468223a222f686f6d652f6869616e7364742f70726f6a656374732f63336c6162732f766974612f656e636869726964696f6e2d6261636b656e64222c226c6f63616c446f636b6572223a66616c73652c22636f6e66696746696c65223a7b22246d6964223a312c22667350617468223a222f686f6d652f6869616e7364742f70726f6a656374732f63336c6162732f766974612f656e636869726964696f6e2d6261636b656e642f2e646576636f6e7461696e65722f646576636f6e7461696e65722e6a736f6e222c2265787465726e616c223a2266696c653a2f2f2f686f6d652f6869616e7364742f70726f6a656374732f63336c6162732f766974612f656e636869726964696f6e2d6261636b656e642f2e646576636f6e7461696e65722f646576636f6e7461696e65722e6a736f6e222c2270617468223a222f686f6d652f6869616e7364742f70726f6a656374732f63336c6162732f766974612f656e636869726964696f6e2d6261636b656e642f2e646576636f6e7461696e65722f646576636f6e7461696e65722e6a736f6e222c22736368656d65223a2266696c65227d7d...
2025-06-06 11:10:53.690 [info] [resolveAuthority(dev-container,1)][0ms] invoking final resolve()...
2025-06-06 11:10:54.691 [info] [resolveAuthority(dev-container,1)][1000ms] waiting...
2025-06-06 11:10:55.692 [info] [resolveAuthority(dev-container,1)][2002ms] waiting...
2025-06-06 11:10:56.692 [info] [resolveAuthority(dev-container,1)][3002ms] waiting...
2025-06-06 11:10:57.693 [info] [resolveAuthority(dev-container,1)][4003ms] waiting...
2025-06-06 11:10:58.694 [info] [resolveAuthority(dev-container,1)][5004ms] waiting...
2025-06-06 11:10:59.694 [info] [resolveAuthority(dev-container,1)][6004ms] waiting...
2025-06-06 11:11:00.695 [info] [resolveAuthority(dev-container,1)][7005ms] waiting...
2025-06-06 11:11:01.696 [info] [resolveAuthority(dev-container,1)][8006ms] waiting...
2025-06-06 11:11:02.697 [info] [resolveAuthority(dev-container,1)][9006ms] waiting...
2025-06-06 11:11:03.697 [info] [resolveAuthority(dev-container,1)][10007ms] waiting...
2025-06-06 11:11:04.697 [info] [resolveAuthority(dev-container,1)][11007ms] waiting...
2025-06-06 11:11:05.698 [info] [resolveAuthority(dev-container,1)][12008ms] waiting...
2025-06-06 11:11:06.699 [info] [resolveAuthority(dev-container,1)][13009ms] waiting...
2025-06-06 11:11:07.700 [info] [resolveAuthority(dev-container,1)][14010ms] waiting...
2025-06-06 11:11:08.700 [info] [resolveAuthority(dev-container,1)][15009ms] waiting...
2025-06-06 11:11:09.705 [info] [resolveAuthority(dev-container,1)][16015ms] waiting...
2025-06-06 11:11:10.706 [info] [resolveAuthority(dev-container,1)][17016ms] waiting...
2025-06-06 11:11:11.708 [info] [resolveAuthority(dev-container,1)][18018ms] waiting...
2025-06-06 11:11:12.708 [info] [resolveAuthority(dev-container,1)][19018ms] waiting...
2025-06-06 11:11:13.710 [info] [resolveAuthority(dev-container,1)][20020ms] waiting...
2025-06-06 11:11:14.710 [info] [resolveAuthority(dev-container,1)][21020ms] waiting...
2025-06-06 11:11:15.712 [info] [resolveAuthority(dev-container,1)][22022ms] waiting...
2025-06-06 11:11:16.714 [info] [resolveAuthority(dev-container,1)][23023ms] waiting...
2025-06-06 11:11:17.713 [info] [resolveAuthority(dev-container,1)][24023ms] waiting...
2025-06-06 11:11:18.139 [info] Extension host terminating: renderer closed the MessagePort
2025-06-06 11:11:18.140 [info] Extension host with pid 555070 exiting with code 0
