2025-06-06 11:09:12.850 [info] Started local extension host with pid 551829.
2025-06-06 11:09:12.892 [info] ComputeTargetPlatform: linux-x64
2025-06-06 11:09:13.720 [info] Settings Sync: Account status changed from uninitialized to unavailable
2025-06-06 11:09:15.406 [info] [perf] Render performance baseline is 12ms
2025-06-06 11:09:28.120 [warning] [backup tracker] suspended, ignoring unregister event file:///home/hiansdt/projects/c3labs/vita/enchiridion-backend/.devcontainer/devcontainer.json 
2025-06-06 11:09:28.463 [info] Started local extension host with pid 552511.
2025-06-06 11:09:28.473 [info] ComputeTargetPlatform: linux-x64
2025-06-06 11:09:28.887 [info] Invoking resolveAuthority(dev-container)...
2025-06-06 11:09:28.887 [info] [LocalProcess0][resolveAuthority(dev-container,1)][0ms] obtaining proxy...
2025-06-06 11:09:28.887 [info] [LocalProcess0][resolveAuthority(dev-container,1)][0ms] invoking...
2025-06-06 11:09:29.888 [info] [LocalProcess0][resolveAuthority(dev-container,1)][1001ms] waiting...
2025-06-06 11:09:30.888 [info] [LocalProcess0][resolveAuthority(dev-container,1)][2001ms] waiting...
2025-06-06 11:09:31.887 [info] [LocalProcess0][resolveAuthority(dev-container,1)][3001ms] waiting...
2025-06-06 11:09:32.888 [info] [LocalProcess0][resolveAuthority(dev-container,1)][4001ms] waiting...
2025-06-06 11:09:33.888 [info] [LocalProcess0][resolveAuthority(dev-container,1)][5001ms] waiting...
2025-06-06 11:09:34.888 [info] [LocalProcess0][resolveAuthority(dev-container,1)][6001ms] waiting...
2025-06-06 11:09:35.888 [info] [LocalProcess0][resolveAuthority(dev-container,1)][7001ms] waiting...
2025-06-06 11:09:36.888 [info] [LocalProcess0][resolveAuthority(dev-container,1)][8001ms] waiting...
2025-06-06 11:09:37.888 [info] [LocalProcess0][resolveAuthority(dev-container,1)][9001ms] waiting...
2025-06-06 11:09:38.888 [info] [LocalProcess0][resolveAuthority(dev-container,1)][10001ms] waiting...
2025-06-06 11:09:39.888 [info] [LocalProcess0][resolveAuthority(dev-container,1)][11001ms] waiting...
2025-06-06 11:09:40.888 [info] [LocalProcess0][resolveAuthority(dev-container,1)][12001ms] waiting...
2025-06-06 11:09:41.888 [info] [LocalProcess0][resolveAuthority(dev-container,1)][13001ms] waiting...
2025-06-06 11:09:42.008 [error] [LocalProcess0][resolveAuthority(dev-container,1)][13122ms] returned an error Canceled
2025-06-06 11:09:42.009 [error] resolveAuthority(dev-container) returned an error after 13122 ms Canceled
2025-06-06 11:09:42.009 [error] Error received from starting extension host (kind: Remote)
2025-06-06 11:09:42.009 [error] CodeExpectedError: Canceled
    at Abt.sb (vscode-file://vscode-app/opt/visual-studio-code/resources/app/out/vs/workbench/workbench.desktop.main.js:3278:16046)
    at async Abt.rb (vscode-file://vscode-app/opt/visual-studio-code/resources/app/out/vs/workbench/workbench.desktop.main.js:3278:15412)
    at async Abt.ec (vscode-file://vscode-app/opt/visual-studio-code/resources/app/out/vs/workbench/workbench.desktop.main.js:3284:3612)
    at async vscode-file://vscode-app/opt/visual-studio-code/resources/app/out/vs/workbench/workbench.desktop.main.js:30:81752
2025-06-06 11:09:42.425 [info] Started local extension host with pid 553173.
2025-06-06 11:09:42.445 [info] ComputeTargetPlatform: linux-x64
2025-06-06 11:09:42.906 [info] Invoking resolveAuthority(dev-container)...
2025-06-06 11:09:42.907 [info] [LocalProcess0][resolveAuthority(dev-container,1)][0ms] obtaining proxy...
2025-06-06 11:09:42.907 [info] [LocalProcess0][resolveAuthority(dev-container,1)][0ms] invoking...
2025-06-06 11:09:43.907 [info] [LocalProcess0][resolveAuthority(dev-container,1)][1000ms] waiting...
2025-06-06 11:09:44.907 [info] [LocalProcess0][resolveAuthority(dev-container,1)][2000ms] waiting...
2025-06-06 11:09:45.907 [info] [LocalProcess0][resolveAuthority(dev-container,1)][3000ms] waiting...
2025-06-06 11:09:46.907 [info] [LocalProcess0][resolveAuthority(dev-container,1)][4001ms] waiting...
2025-06-06 11:09:47.907 [info] [LocalProcess0][resolveAuthority(dev-container,1)][5000ms] waiting...
2025-06-06 11:09:48.908 [info] [LocalProcess0][resolveAuthority(dev-container,1)][6000ms] waiting...
2025-06-06 11:09:49.908 [info] [LocalProcess0][resolveAuthority(dev-container,1)][7000ms] waiting...
2025-06-06 11:09:50.907 [info] [LocalProcess0][resolveAuthority(dev-container,1)][8000ms] waiting...
2025-06-06 11:09:51.908 [info] [LocalProcess0][resolveAuthority(dev-container,1)][9000ms] waiting...
2025-06-06 11:09:52.907 [info] [LocalProcess0][resolveAuthority(dev-container,1)][10000ms] waiting...
2025-06-06 11:09:53.908 [info] [LocalProcess0][resolveAuthority(dev-container,1)][11000ms] waiting...
2025-06-06 11:09:53.960 [error] [LocalProcess0][resolveAuthority(dev-container,1)][11053ms] returned an error Canceled
2025-06-06 11:09:53.961 [error] resolveAuthority(dev-container) returned an error after 11054 ms Canceled
2025-06-06 11:09:53.961 [error] Error received from starting extension host (kind: Remote)
2025-06-06 11:09:53.962 [error] CodeExpectedError: Canceled
    at Abt.sb (vscode-file://vscode-app/opt/visual-studio-code/resources/app/out/vs/workbench/workbench.desktop.main.js:3278:16046)
    at async Abt.rb (vscode-file://vscode-app/opt/visual-studio-code/resources/app/out/vs/workbench/workbench.desktop.main.js:3278:15412)
    at async Abt.ec (vscode-file://vscode-app/opt/visual-studio-code/resources/app/out/vs/workbench/workbench.desktop.main.js:3284:3612)
    at async vscode-file://vscode-app/opt/visual-studio-code/resources/app/out/vs/workbench/workbench.desktop.main.js:30:81752
2025-06-06 11:09:54.333 [info] Started local extension host with pid 554140.
2025-06-06 11:09:54.346 [info] ComputeTargetPlatform: linux-x64
2025-06-06 11:09:54.765 [info] Invoking resolveAuthority(dev-container)...
2025-06-06 11:09:54.765 [info] [LocalProcess0][resolveAuthority(dev-container,1)][0ms] obtaining proxy...
2025-06-06 11:09:54.765 [info] [LocalProcess0][resolveAuthority(dev-container,1)][0ms] invoking...
2025-06-06 11:09:55.766 [info] [LocalProcess0][resolveAuthority(dev-container,1)][1000ms] waiting...
2025-06-06 11:09:56.766 [info] [LocalProcess0][resolveAuthority(dev-container,1)][2000ms] waiting...
2025-06-06 11:09:57.766 [info] [LocalProcess0][resolveAuthority(dev-container,1)][3000ms] waiting...
2025-06-06 11:09:58.766 [info] [LocalProcess0][resolveAuthority(dev-container,1)][4000ms] waiting...
2025-06-06 11:09:59.766 [info] [LocalProcess0][resolveAuthority(dev-container,1)][5000ms] waiting...
2025-06-06 11:10:00.766 [info] [LocalProcess0][resolveAuthority(dev-container,1)][6000ms] waiting...
2025-06-06 11:10:01.766 [info] [LocalProcess0][resolveAuthority(dev-container,1)][7000ms] waiting...
2025-06-06 11:10:02.766 [info] [LocalProcess0][resolveAuthority(dev-container,1)][8000ms] waiting...
2025-06-06 11:10:03.766 [info] [LocalProcess0][resolveAuthority(dev-container,1)][9000ms] waiting...
2025-06-06 11:10:04.766 [info] [LocalProcess0][resolveAuthority(dev-container,1)][10000ms] waiting...
2025-06-06 11:10:05.766 [info] [LocalProcess0][resolveAuthority(dev-container,1)][11000ms] waiting...
2025-06-06 11:10:06.766 [info] [LocalProcess0][resolveAuthority(dev-container,1)][12000ms] waiting...
2025-06-06 11:10:07.766 [info] [LocalProcess0][resolveAuthority(dev-container,1)][13000ms] waiting...
2025-06-06 11:10:08.766 [info] [LocalProcess0][resolveAuthority(dev-container,1)][14000ms] waiting...
2025-06-06 11:10:09.766 [info] [LocalProcess0][resolveAuthority(dev-container,1)][15000ms] waiting...
2025-06-06 11:10:10.766 [info] [LocalProcess0][resolveAuthority(dev-container,1)][16000ms] waiting...
2025-06-06 11:10:11.766 [info] [LocalProcess0][resolveAuthority(dev-container,1)][17000ms] waiting...
2025-06-06 11:10:12.766 [info] [LocalProcess0][resolveAuthority(dev-container,1)][18000ms] waiting...
2025-06-06 11:10:13.766 [info] [LocalProcess0][resolveAuthority(dev-container,1)][19000ms] waiting...
2025-06-06 11:10:14.766 [info] [LocalProcess0][resolveAuthority(dev-container,1)][20000ms] waiting...
2025-06-06 11:10:15.766 [info] [LocalProcess0][resolveAuthority(dev-container,1)][21000ms] waiting...
2025-06-06 11:10:16.766 [info] [LocalProcess0][resolveAuthority(dev-container,1)][22000ms] waiting...
2025-06-06 11:10:17.766 [info] [LocalProcess0][resolveAuthority(dev-container,1)][23000ms] waiting...
2025-06-06 11:10:18.766 [info] [LocalProcess0][resolveAuthority(dev-container,1)][24000ms] waiting...
2025-06-06 11:10:19.766 [info] [LocalProcess0][resolveAuthority(dev-container,1)][25000ms] waiting...
2025-06-06 11:10:20.766 [info] [LocalProcess0][resolveAuthority(dev-container,1)][26000ms] waiting...
2025-06-06 11:10:21.766 [info] [LocalProcess0][resolveAuthority(dev-container,1)][27000ms] waiting...
2025-06-06 11:10:22.766 [info] [LocalProcess0][resolveAuthority(dev-container,1)][28000ms] waiting...
2025-06-06 11:10:23.766 [info] [LocalProcess0][resolveAuthority(dev-container,1)][29000ms] waiting...
2025-06-06 11:10:24.766 [info] [LocalProcess0][resolveAuthority(dev-container,1)][30000ms] waiting...
2025-06-06 11:10:25.766 [info] [LocalProcess0][resolveAuthority(dev-container,1)][31000ms] waiting...
2025-06-06 11:10:26.766 [info] [LocalProcess0][resolveAuthority(dev-container,1)][32000ms] waiting...
2025-06-06 11:10:27.766 [info] [LocalProcess0][resolveAuthority(dev-container,1)][33000ms] waiting...
2025-06-06 11:10:28.766 [info] [LocalProcess0][resolveAuthority(dev-container,1)][34000ms] waiting...
2025-06-06 11:10:29.766 [info] [LocalProcess0][resolveAuthority(dev-container,1)][35000ms] waiting...
2025-06-06 11:10:30.766 [info] [LocalProcess0][resolveAuthority(dev-container,1)][36000ms] waiting...
2025-06-06 11:10:31.766 [info] [LocalProcess0][resolveAuthority(dev-container,1)][37000ms] waiting...
2025-06-06 11:10:32.766 [info] [LocalProcess0][resolveAuthority(dev-container,1)][38000ms] waiting...
2025-06-06 11:10:33.766 [info] [LocalProcess0][resolveAuthority(dev-container,1)][39000ms] waiting...
2025-06-06 11:10:34.766 [info] [LocalProcess0][resolveAuthority(dev-container,1)][40000ms] waiting...
2025-06-06 11:10:35.766 [info] [LocalProcess0][resolveAuthority(dev-container,1)][41000ms] waiting...
2025-06-06 11:10:36.766 [info] [LocalProcess0][resolveAuthority(dev-container,1)][42000ms] waiting...
2025-06-06 11:10:37.766 [info] [LocalProcess0][resolveAuthority(dev-container,1)][43000ms] waiting...
2025-06-06 11:10:38.766 [info] [LocalProcess0][resolveAuthority(dev-container,1)][44000ms] waiting...
2025-06-06 11:10:39.766 [info] [LocalProcess0][resolveAuthority(dev-container,1)][45000ms] waiting...
2025-06-06 11:10:40.766 [info] [LocalProcess0][resolveAuthority(dev-container,1)][46000ms] waiting...
2025-06-06 11:10:41.766 [info] [LocalProcess0][resolveAuthority(dev-container,1)][47000ms] waiting...
2025-06-06 11:10:42.766 [info] [LocalProcess0][resolveAuthority(dev-container,1)][48000ms] waiting...
2025-06-06 11:10:43.766 [info] [LocalProcess0][resolveAuthority(dev-container,1)][49000ms] waiting...
2025-06-06 11:10:44.766 [info] [LocalProcess0][resolveAuthority(dev-container,1)][50000ms] waiting...
2025-06-06 11:10:45.766 [info] [LocalProcess0][resolveAuthority(dev-container,1)][51000ms] waiting...
2025-06-06 11:10:46.766 [info] [LocalProcess0][resolveAuthority(dev-container,1)][52000ms] waiting...
2025-06-06 11:10:47.766 [info] [LocalProcess0][resolveAuthority(dev-container,1)][53000ms] waiting...
2025-06-06 11:10:48.766 [info] [LocalProcess0][resolveAuthority(dev-container,1)][54000ms] waiting...
2025-06-06 11:10:49.766 [info] [LocalProcess0][resolveAuthority(dev-container,1)][55000ms] waiting...
2025-06-06 11:10:50.766 [info] [LocalProcess0][resolveAuthority(dev-container,1)][56000ms] waiting...
2025-06-06 11:10:51.766 [info] [LocalProcess0][resolveAuthority(dev-container,1)][57000ms] waiting...
2025-06-06 11:10:52.766 [info] [LocalProcess0][resolveAuthority(dev-container,1)][58000ms] waiting...
2025-06-06 11:10:52.817 [error] [LocalProcess0][resolveAuthority(dev-container,1)][58051ms] returned an error Canceled
2025-06-06 11:10:52.817 [error] resolveAuthority(dev-container) returned an error after 58051 ms Canceled
2025-06-06 11:10:52.817 [error] Error received from starting extension host (kind: Remote)
2025-06-06 11:10:52.817 [error] CodeExpectedError: Canceled
    at Abt.sb (vscode-file://vscode-app/opt/visual-studio-code/resources/app/out/vs/workbench/workbench.desktop.main.js:3278:16046)
    at async Abt.rb (vscode-file://vscode-app/opt/visual-studio-code/resources/app/out/vs/workbench/workbench.desktop.main.js:3278:15412)
    at async Abt.ec (vscode-file://vscode-app/opt/visual-studio-code/resources/app/out/vs/workbench/workbench.desktop.main.js:3284:3612)
    at async vscode-file://vscode-app/opt/visual-studio-code/resources/app/out/vs/workbench/workbench.desktop.main.js:30:81752
2025-06-06 11:10:53.259 [info] Started local extension host with pid 555070.
2025-06-06 11:10:53.273 [info] ComputeTargetPlatform: linux-x64
2025-06-06 11:10:53.690 [info] Invoking resolveAuthority(dev-container)...
2025-06-06 11:10:53.690 [info] [LocalProcess0][resolveAuthority(dev-container,1)][0ms] obtaining proxy...
2025-06-06 11:10:53.690 [info] [LocalProcess0][resolveAuthority(dev-container,1)][0ms] invoking...
2025-06-06 11:10:54.691 [info] [LocalProcess0][resolveAuthority(dev-container,1)][1000ms] waiting...
2025-06-06 11:10:55.691 [info] [LocalProcess0][resolveAuthority(dev-container,1)][2000ms] waiting...
2025-06-06 11:10:56.691 [info] [LocalProcess0][resolveAuthority(dev-container,1)][3000ms] waiting...
2025-06-06 11:10:57.691 [info] [LocalProcess0][resolveAuthority(dev-container,1)][4000ms] waiting...
2025-06-06 11:10:58.690 [info] [LocalProcess0][resolveAuthority(dev-container,1)][5000ms] waiting...
2025-06-06 11:10:59.691 [info] [LocalProcess0][resolveAuthority(dev-container,1)][6000ms] waiting...
2025-06-06 11:11:00.691 [info] [LocalProcess0][resolveAuthority(dev-container,1)][7000ms] waiting...
2025-06-06 11:11:01.691 [info] [LocalProcess0][resolveAuthority(dev-container,1)][8000ms] waiting...
2025-06-06 11:11:02.691 [info] [LocalProcess0][resolveAuthority(dev-container,1)][9000ms] waiting...
2025-06-06 11:11:03.691 [info] [LocalProcess0][resolveAuthority(dev-container,1)][10000ms] waiting...
2025-06-06 11:11:04.691 [info] [LocalProcess0][resolveAuthority(dev-container,1)][11000ms] waiting...
2025-06-06 11:11:05.691 [info] [LocalProcess0][resolveAuthority(dev-container,1)][12000ms] waiting...
2025-06-06 11:11:06.691 [info] [LocalProcess0][resolveAuthority(dev-container,1)][13000ms] waiting...
2025-06-06 11:11:07.690 [info] [LocalProcess0][resolveAuthority(dev-container,1)][14000ms] waiting...
2025-06-06 11:11:08.691 [info] [LocalProcess0][resolveAuthority(dev-container,1)][15000ms] waiting...
2025-06-06 11:11:09.691 [info] [LocalProcess0][resolveAuthority(dev-container,1)][16000ms] waiting...
2025-06-06 11:11:10.691 [info] [LocalProcess0][resolveAuthority(dev-container,1)][17000ms] waiting...
2025-06-06 11:11:11.691 [info] [LocalProcess0][resolveAuthority(dev-container,1)][18000ms] waiting...
2025-06-06 11:11:12.691 [info] [LocalProcess0][resolveAuthority(dev-container,1)][19000ms] waiting...
2025-06-06 11:11:13.691 [info] [LocalProcess0][resolveAuthority(dev-container,1)][20000ms] waiting...
2025-06-06 11:11:14.691 [info] [LocalProcess0][resolveAuthority(dev-container,1)][21000ms] waiting...
2025-06-06 11:11:15.691 [info] [LocalProcess0][resolveAuthority(dev-container,1)][22000ms] waiting...
2025-06-06 11:11:16.691 [info] [LocalProcess0][resolveAuthority(dev-container,1)][23000ms] waiting...
2025-06-06 11:11:17.691 [info] [LocalProcess0][resolveAuthority(dev-container,1)][24000ms] waiting...
2025-06-06 11:11:18.141 [error] [LocalProcess0][resolveAuthority(dev-container,1)][24450ms] returned an error Canceled
2025-06-06 11:11:18.141 [error] resolveAuthority(dev-container) returned an error after 24450 ms Canceled
2025-06-06 11:11:18.141 [error] Error received from starting extension host (kind: Remote)
2025-06-06 11:11:18.142 [error] CodeExpectedError: Canceled
    at Abt.sb (vscode-file://vscode-app/opt/visual-studio-code/resources/app/out/vs/workbench/workbench.desktop.main.js:3278:16046)
    at async Abt.rb (vscode-file://vscode-app/opt/visual-studio-code/resources/app/out/vs/workbench/workbench.desktop.main.js:3278:15412)
    at async Abt.ec (vscode-file://vscode-app/opt/visual-studio-code/resources/app/out/vs/workbench/workbench.desktop.main.js:3284:3612)
    at async vscode-file://vscode-app/opt/visual-studio-code/resources/app/out/vs/workbench/workbench.desktop.main.js:30:81752
