2025-05-23 10:56:49.763 [info] Reading sessions from keychain...
2025-05-23 10:56:49.763 [info] Getting sessions for all scopes...
2025-05-23 10:56:49.763 [info] Getting sessions for all scopes...
2025-05-23 10:56:49.763 [info] Getting sessions for all scopes...
2025-05-23 10:56:49.771 [info] Getting sessions for all scopes...
2025-05-23 10:56:49.771 [info] Getting sessions for all scopes...
2025-05-23 10:56:49.771 [info] Getting sessions for all scopes...
2025-05-23 10:56:49.771 [info] Getting sessions for all scopes...
2025-05-23 10:56:49.771 [info] Getting sessions for all scopes...
2025-05-23 10:56:49.904 [info] Got 0 sessions for ...
2025-05-23 10:56:49.904 [info] Got 0 sessions for ...
2025-05-23 10:56:49.904 [info] Got 0 sessions for ...
2025-05-23 10:56:49.904 [info] Got 0 sessions for ...
2025-05-23 10:56:49.904 [info] Got 0 sessions for ...
2025-05-23 10:56:49.904 [info] Got 0 sessions for ...
2025-05-23 10:56:49.904 [info] Got 0 sessions for ...
2025-05-23 10:56:49.904 [info] Got 0 sessions for ...
2025-05-23 10:56:49.915 [info] Getting sessions for all scopes...
2025-05-23 10:56:49.915 [info] Got 0 sessions for ...
2025-05-23 10:56:49.915 [info] Getting sessions for all scopes...
2025-05-23 10:56:49.915 [info] Got 0 sessions for ...
2025-05-23 10:56:49.924 [info] Getting sessions for all scopes...
2025-05-23 10:56:49.924 [info] Got 0 sessions for ...
2025-05-23 10:56:49.924 [info] Getting sessions for all scopes...
2025-05-23 10:56:49.924 [info] Got 0 sessions for ...
2025-05-23 10:56:49.924 [info] Getting sessions for all scopes...
2025-05-23 10:56:49.924 [info] Got 0 sessions for ...
2025-05-23 10:56:49.924 [info] Getting sessions for all scopes...
2025-05-23 10:56:49.924 [info] Got 0 sessions for ...
2025-05-23 10:56:49.924 [info] Getting sessions for all scopes...
2025-05-23 10:56:49.924 [info] Got 0 sessions for ...
2025-05-23 10:56:50.409 [info] Getting sessions for read:user,repo,user:email,workflow...
2025-05-23 10:56:50.409 [info] Got 0 sessions for read:user,repo,user:email,workflow...
2025-05-23 10:56:51.792 [info] Getting sessions for all scopes...
2025-05-23 10:56:51.792 [info] Got 0 sessions for ...
2025-05-23 10:58:52.222 [info] Reading sessions from keychain...
2025-05-23 10:58:52.222 [info] Getting sessions for all scopes...
2025-05-23 10:58:52.222 [info] Got 0 sessions for ...
2025-05-23 10:58:52.222 [info] Getting sessions for all scopes...
2025-05-23 10:58:52.223 [info] Got 0 sessions for ...
2025-05-23 10:58:52.223 [info] Getting sessions for all scopes...
2025-05-23 10:58:52.223 [info] Got 0 sessions for ...
2025-05-23 10:58:52.223 [info] Getting sessions for all scopes...
2025-05-23 10:58:52.223 [info] Got 0 sessions for ...
2025-05-23 10:58:52.856 [info] Getting sessions for read:user,repo,user:email,workflow...
2025-05-23 10:58:52.856 [info] Got 0 sessions for read:user,repo,user:email,workflow...
2025-05-23 11:12:18.305 [info] Reading sessions from keychain...
2025-05-23 11:12:18.305 [info] Getting sessions for all scopes...
2025-05-23 11:12:18.305 [info] Getting sessions for all scopes...
2025-05-23 11:12:18.305 [info] Getting sessions for all scopes...
2025-05-23 11:12:18.305 [info] Getting sessions for all scopes...
2025-05-23 11:12:18.305 [info] Getting sessions for all scopes...
2025-05-23 11:12:18.305 [info] Getting sessions for all scopes...
2025-05-23 11:12:18.305 [info] Getting sessions for all scopes...
2025-05-23 11:12:18.305 [info] Got 0 sessions for ...
2025-05-23 11:12:18.305 [info] Got 0 sessions for ...
2025-05-23 11:12:18.305 [info] Got 0 sessions for ...
2025-05-23 11:12:18.305 [info] Got 0 sessions for ...
2025-05-23 11:12:18.305 [info] Got 0 sessions for ...
2025-05-23 11:12:18.305 [info] Got 0 sessions for ...
2025-05-23 11:12:18.305 [info] Got 0 sessions for ...
2025-05-23 11:12:18.305 [info] Getting sessions for all scopes...
2025-05-23 11:12:18.305 [info] Got 0 sessions for ...
2025-05-23 11:12:18.305 [info] Getting sessions for all scopes...
2025-05-23 11:12:18.305 [info] Got 0 sessions for ...
2025-05-23 11:12:18.305 [info] Getting sessions for all scopes...
2025-05-23 11:12:18.305 [info] Got 0 sessions for ...
2025-05-23 11:12:18.305 [info] Getting sessions for all scopes...
2025-05-23 11:12:18.305 [info] Got 0 sessions for ...
2025-05-23 11:12:18.305 [info] Getting sessions for all scopes...
2025-05-23 11:12:18.305 [info] Got 0 sessions for ...
2025-05-23 11:12:18.305 [info] Getting sessions for all scopes...
2025-05-23 11:12:18.305 [info] Got 0 sessions for ...
2025-05-23 11:12:18.605 [info] Getting sessions for all scopes...
2025-05-23 11:12:18.605 [info] Got 0 sessions for ...
2025-05-23 11:12:18.922 [info] Getting sessions for all scopes...
2025-05-23 11:12:18.922 [info] Got 0 sessions for ...
2025-05-23 11:12:19.439 [info] Getting sessions for read:user,repo,user:email,workflow...
2025-05-23 11:12:19.439 [info] Got 0 sessions for read:user,repo,user:email,workflow...
2025-05-23 11:12:20.079 [info] Getting sessions for all scopes...
2025-05-23 11:12:20.079 [info] Got 0 sessions for ...
