["INFO" - 11:14:04 AM] Extension Name: esbenp.prettier-vscode.
["INFO" - 11:14:04 AM] Extension Version: 11.0.0.
["INFO" - 11:14:12 AM] Formatting file:///home/hiansdt/projects/c3labs/vita/enchiridion-frontend/src/clinic/infra/components/services/services/EditService.vue
["INFO" - 11:14:12 AM] PrettierInstance:
{
  "modulePath": "/home/hiansdt/projects/c3labs/vita/enchiridion-frontend/node_modules/prettier/index.cjs",
  "messageResolvers": {},
  "version": "3.3.3"
}
["INFO" - 11:14:12 AM] Using ignore file (if present) at /home/hiansdt/projects/c3labs/vita/enchiridion-frontend/.prettierignore
["INFO" - 11:14:12 AM] File Info:
{
  "ignored": false,
  "inferredParser": "vue"
}
["INFO" - 11:14:12 AM] Detected local configuration (i.e. .prettierrc or .editorconfig), VS Code configuration will not be used
["INFO" - 11:14:12 AM] Prettier Options:
{
  "filepath": "/home/hiansdt/projects/c3labs/vita/enchiridion-frontend/src/clinic/infra/components/services/services/EditService.vue",
  "parser": "vue",
  "useTabs": false,
  "tabWidth": 2
}
["INFO" - 11:14:13 AM] Formatting completed in 202ms.
