2025-05-22 22:59:12.091 [info] [main] Log level: Info
2025-05-22 22:59:12.091 [info] [main] Validating found git in: "git"
2025-05-22 22:59:12.091 [info] [main] Using git "2.49.0" from "git"
2025-05-22 22:59:12.091 [info] [Model][doInitialScan] Initial repository scan started
2025-05-22 22:59:12.091 [info] > git rev-parse --show-toplevel [2ms]
2025-05-22 22:59:12.091 [info] fatal: not a git repository (or any of the parent directories): .git
2025-05-22 22:59:12.095 [info] > git rev-parse --show-toplevel [1ms]
2025-05-22 22:59:12.095 [info] fatal: not a git repository (or any of the parent directories): .git
2025-05-22 22:59:12.099 [info] > git rev-parse --show-toplevel [1ms]
2025-05-22 22:59:12.099 [info] fatal: not a git repository (or any of the parent directories): .git
2025-05-22 22:59:12.103 [info] > git rev-parse --show-toplevel [1ms]
2025-05-22 22:59:12.103 [info] fatal: not a git repository (or any of the parent directories): .git
2025-05-22 22:59:12.107 [info] > git rev-parse --show-toplevel [1ms]
2025-05-22 22:59:12.107 [info] fatal: not a git repository (or any of the parent directories): .git
2025-05-22 22:59:12.111 [info] > git rev-parse --show-toplevel [1ms]
2025-05-22 22:59:12.111 [info] fatal: not a git repository (or any of the parent directories): .git
2025-05-22 22:59:12.115 [info] > git rev-parse --show-toplevel [0ms]
2025-05-22 22:59:12.115 [info] fatal: not a git repository (or any of the parent directories): .git
2025-05-22 22:59:12.119 [info] > git rev-parse --show-toplevel [1ms]
2025-05-22 22:59:12.119 [info] fatal: not a git repository (or any of the parent directories): .git
2025-05-22 22:59:12.122 [info] > git rev-parse --show-toplevel [0ms]
2025-05-22 22:59:12.126 [info] > git rev-parse --git-dir --git-common-dir [1ms]
2025-05-22 22:59:12.133 [info] [Model][openRepository] Opened repository (path): /home/hiansdt/.oh-my-zsh
2025-05-22 22:59:12.133 [info] [Model][openRepository] Opened repository (real path): /home/hiansdt/.oh-my-zsh
2025-05-22 22:59:12.140 [info] > git rev-parse --show-toplevel [1ms]
2025-05-22 22:59:12.140 [info] fatal: not a git repository (or any of the parent directories): .git
2025-05-22 22:59:12.140 [info] > git config --get commit.template [3ms]
2025-05-22 22:59:12.162 [info] > git for-each-ref --format=%(refname)%00%(upstream:short)%00%(objectname)%00%(upstream:track)%00%(upstream:remotename)%00%(upstream:remoteref) refs/heads/master refs/remotes/master [15ms]
2025-05-22 22:59:12.163 [info] > git rev-parse --show-toplevel [20ms]
2025-05-22 22:59:12.163 [info] fatal: not a git repository (or any of the parent directories): .git
2025-05-22 22:59:12.173 [info] > git rev-parse --show-toplevel [1ms]
2025-05-22 22:59:12.173 [info] fatal: not a git repository (or any of the parent directories): .git
2025-05-22 22:59:12.185 [info] > git rev-parse --show-toplevel [9ms]
2025-05-22 22:59:12.185 [info] fatal: not a git repository (or any of the parent directories): .git
2025-05-22 22:59:12.190 [info] > git for-each-ref --sort -committerdate --format %(refname)%00%(objectname)%00%(*objectname) [6ms]
2025-05-22 22:59:12.196 [info] > git rev-parse --show-toplevel [6ms]
2025-05-22 22:59:12.196 [info] fatal: not a git repository (or any of the parent directories): .git
2025-05-22 22:59:12.200 [info] > git rev-parse --show-toplevel [0ms]
2025-05-22 22:59:12.200 [info] fatal: not a git repository (or any of the parent directories): .git
2025-05-22 22:59:12.201 [info] [Model][doInitialScan] Initial repository scan completed - repositories (1), closed repositories (0), parent repositories (0), unsafe repositories (0)
2025-05-22 22:59:12.204 [info] > git status -z -uall [25ms]
2025-05-22 22:59:12.220 [info] > git for-each-ref --format=%(refname)%00%(upstream:short)%00%(objectname)%00%(upstream:track)%00%(upstream:remotename)%00%(upstream:remoteref) refs/heads/master refs/remotes/master [5ms]
2025-05-22 22:59:12.223 [info] > git config --get commit.template [4ms]
2025-05-22 22:59:12.224 [info] > git config --get --local branch.master.vscode-merge-base [1ms]
2025-05-22 22:59:12.224 [warning] [Git][config] git config failed: Failed to execute git
2025-05-22 22:59:12.230 [info] > git reflog master --grep-reflog=branch: Created from *. [4ms]
2025-05-22 22:59:12.234 [info] > git for-each-ref --format=%(refname)%00%(upstream:short)%00%(objectname)%00%(upstream:track)%00%(upstream:remotename)%00%(upstream:remoteref) refs/heads/master refs/remotes/master [5ms]
2025-05-22 22:59:12.234 [info] > git for-each-ref --format=%(refname)%00%(upstream:short)%00%(objectname)%00%(upstream:track)%00%(upstream:remotename)%00%(upstream:remoteref) refs/heads/origin/master refs/remotes/origin/master [1ms]
2025-05-22 22:59:12.243 [info] > git config --add --local branch.master.vscode-merge-base origin/master [6ms]
2025-05-22 22:59:12.244 [info] > git for-each-ref --sort -committerdate --format %(refname)%00%(objectname)%00%(*objectname) [1ms] (cancelled)
2025-05-22 22:59:12.251 [info] > git status -z -uall [11ms] (cancelled)
2025-05-22 22:59:12.251 [info] > git for-each-ref --format=%(refname)%00%(upstream:short)%00%(objectname)%00%(upstream:track)%00%(upstream:remotename)%00%(upstream:remoteref) refs/heads/master refs/remotes/master [4ms]
2025-05-22 22:59:12.254 [info] > git config --get commit.template [3ms]
2025-05-22 22:59:12.258 [info] > git config --get --local branch.master.vscode-merge-base [3ms]
2025-05-22 22:59:12.260 [info] > git for-each-ref --format=%(refname)%00%(upstream:short)%00%(objectname)%00%(upstream:track)%00%(upstream:remotename)%00%(upstream:remoteref) refs/heads/master refs/remotes/master [3ms]
2025-05-22 22:59:12.261 [info] > git for-each-ref --format=%(refname)%00%(upstream:short)%00%(objectname)%00%(upstream:track)%00%(upstream:remotename)%00%(upstream:remoteref) refs/heads/origin/master refs/remotes/origin/master [1ms]
2025-05-22 22:59:12.269 [info] > git merge-base refs/heads/master refs/remotes/origin/master [5ms]
2025-05-22 22:59:12.272 [info] > git for-each-ref --sort -committerdate --format %(refname)%00%(objectname)%00%(*objectname) [3ms]
2025-05-22 22:59:12.273 [info] > git diff --name-status -z --diff-filter=ADMR 0354add542b6d769dbe39e10eb0caa0a11b2b716...refs/remotes/origin/master [1ms]
2025-05-22 22:59:12.287 [info] > git status -z -uall [20ms]
2025-05-22 22:59:12.660 [info] > git check-ignore -v -z --stdin [3ms]
