2025-05-08 13:56:23.379 [info] Reading sessions from keychain...
2025-05-08 13:56:23.379 [info] Getting sessions for all scopes...
2025-05-08 13:56:23.380 [info] Getting sessions for all scopes...
2025-05-08 13:56:23.421 [info] Getting sessions for all scopes...
2025-05-08 13:56:23.422 [info] Getting sessions for all scopes...
2025-05-08 13:56:23.422 [info] Getting sessions for all scopes...
2025-05-08 13:56:23.422 [info] Getting sessions for all scopes...
2025-05-08 13:56:23.423 [info] Getting sessions for all scopes...
2025-05-08 13:56:23.805 [info] Got 0 sessions for ...
2025-05-08 13:56:23.806 [info] Got 0 sessions for ...
2025-05-08 13:56:23.806 [info] Got 0 sessions for ...
2025-05-08 13:56:23.806 [info] Got 0 sessions for ...
2025-05-08 13:56:23.806 [info] Got 0 sessions for ...
2025-05-08 13:56:23.806 [info] Got 0 sessions for ...
2025-05-08 13:56:23.806 [info] Got 0 sessions for ...
2025-05-08 13:56:23.818 [info] Getting sessions for all scopes...
2025-05-08 13:56:23.818 [info] Got 0 sessions for ...
2025-05-08 13:56:26.797 [info] Getting sessions for all scopes...
2025-05-08 13:56:26.797 [info] Got 0 sessions for ...
2025-05-08 13:56:26.966 [info] Getting sessions for all scopes...
2025-05-08 13:56:26.966 [info] Got 0 sessions for ...
2025-05-08 13:56:27.398 [info] Getting sessions for read:user,repo,user:email...
2025-05-08 13:56:27.398 [info] Got 0 sessions for read:user,repo,user:email...
2025-05-08 13:56:27.944 [info] Getting sessions for read:user,repo,user:email,workflow...
2025-05-08 13:56:27.944 [info] Got 0 sessions for read:user,repo,user:email,workflow...
2025-05-08 13:56:28.272 [info] Getting sessions for read:user,repo,user:email...
2025-05-08 13:56:28.272 [info] Got 0 sessions for read:user,repo,user:email...
2025-05-08 13:57:51.214 [info] Reading sessions from keychain...
2025-05-08 13:57:51.214 [info] Getting sessions for all scopes...
2025-05-08 13:57:51.214 [info] Getting sessions for all scopes...
2025-05-08 13:57:51.214 [info] Getting sessions for all scopes...
2025-05-08 13:57:51.227 [info] Getting sessions for all scopes...
2025-05-08 13:57:51.251 [info] Got 0 sessions for ...
2025-05-08 13:57:51.251 [info] Got 0 sessions for ...
2025-05-08 13:57:51.251 [info] Got 0 sessions for ...
2025-05-08 13:57:51.251 [info] Got 0 sessions for ...
2025-05-08 13:57:51.999 [info] Getting sessions for all scopes...
2025-05-08 13:57:51.999 [info] Got 0 sessions for ...
2025-05-08 13:57:52.004 [info] Getting sessions for all scopes...
2025-05-08 13:57:52.004 [info] Got 0 sessions for ...
2025-05-08 13:57:52.005 [info] Getting sessions for all scopes...
2025-05-08 13:57:52.005 [info] Got 0 sessions for ...
2025-05-08 13:57:52.012 [info] Getting sessions for all scopes...
2025-05-08 13:57:52.012 [info] Got 0 sessions for ...
2025-05-08 13:57:52.017 [info] Getting sessions for all scopes...
2025-05-08 13:57:52.017 [info] Got 0 sessions for ...
2025-05-08 13:58:06.089 [info] Getting sessions for read:user,repo,user:email,workflow...
2025-05-08 13:58:06.089 [info] Got 0 sessions for read:user,repo,user:email,workflow...
