2025-05-23 10:55:49.064 [info] [main] Log level: Info
2025-05-23 10:55:49.064 [info] [main] Validating found git in: "git"
2025-05-23 10:55:49.064 [info] [main] Using git "2.49.0" from "git"
2025-05-23 10:55:49.064 [info] [Model][doInitialScan] Initial repository scan started
2025-05-23 10:55:49.064 [info] > git rev-parse --show-toplevel [10ms]
2025-05-23 10:55:49.064 [info] > git rev-parse --git-dir --git-common-dir [35ms]
2025-05-23 10:55:49.064 [info] [Model][openRepository] Opened repository (path): /home/hiansdt/projects/c3labs/vita/enchiridion-backend
2025-05-23 10:55:49.064 [info] [Model][openRepository] Opened repository (real path): /home/hiansdt/projects/c3labs/vita/enchiridion-backend
2025-05-23 10:55:49.064 [info] > git config --get commit.template [6ms]
2025-05-23 10:55:49.071 [info] > git rev-parse --show-toplevel [4ms]
2025-05-23 10:55:49.075 [info] > git for-each-ref --format=%(refname)%00%(upstream:short)%00%(objectname)%00%(upstream:track)%00%(upstream:remotename)%00%(upstream:remoteref) refs/heads/dev refs/remotes/dev [5ms]
2025-05-23 10:55:49.079 [warning] [Git][revParse] Unable to read file: ENOENT: no such file or directory, open '/home/hiansdt/projects/c3labs/vita/enchiridion-backend/.git/refs/remotes/origin/dev'
2025-05-23 10:55:49.079 [info] > git rev-parse --show-toplevel [5ms]
2025-05-23 10:55:49.083 [info] > git rev-parse refs/remotes/origin/dev [4ms]
2025-05-23 10:55:49.093 [info] > git status -z -uall [6ms]
2025-05-23 10:55:49.094 [info] > git rev-parse --show-toplevel [12ms]
2025-05-23 10:55:49.104 [info] > git for-each-ref --sort -committerdate --format %(refname)%00%(objectname)%00%(*objectname) [13ms]
2025-05-23 10:55:49.135 [info] > git for-each-ref --format=%(refname)%00%(upstream:short)%00%(objectname)%00%(upstream:track)%00%(upstream:remotename)%00%(upstream:remoteref) refs/heads/dev refs/remotes/dev [18ms]
2025-05-23 10:55:49.139 [info] > git rev-parse --show-toplevel [42ms]
2025-05-23 10:55:49.143 [info] > git config --get commit.template [7ms]
2025-05-23 10:55:49.154 [info] > git rev-parse --show-toplevel [12ms]
2025-05-23 10:55:49.154 [info] > git config --get --local branch.dev.vscode-merge-base [15ms]
2025-05-23 10:55:49.169 [info] > git for-each-ref --format=%(refname)%00%(upstream:short)%00%(objectname)%00%(upstream:track)%00%(upstream:remotename)%00%(upstream:remoteref) refs/heads/origin/dev refs/remotes/origin/dev [11ms]
2025-05-23 10:55:49.178 [info] > git rev-parse --show-toplevel [10ms]
2025-05-23 10:55:49.181 [info] [Model][doInitialScan] Initial repository scan completed - repositories (1), closed repositories (0), parent repositories (0), unsafe repositories (0)
2025-05-23 10:55:49.182 [info] > git for-each-ref --format=%(refname)%00%(upstream:short)%00%(objectname)%00%(upstream:track)%00%(upstream:remotename)%00%(upstream:remoteref) refs/heads/dev refs/remotes/dev [17ms]
2025-05-23 10:55:49.188 [warning] [Git][revParse] Unable to read file: ENOENT: no such file or directory, open '/home/hiansdt/projects/c3labs/vita/enchiridion-backend/.git/refs/remotes/origin/dev'
2025-05-23 10:55:49.188 [info] > git merge-base refs/heads/dev refs/remotes/origin/dev [12ms]
2025-05-23 10:55:49.194 [info] > git rev-parse refs/remotes/origin/dev [6ms]
2025-05-23 10:55:49.204 [info] > git diff --name-status -z --diff-filter=ADMR 089724668ae54695efb3fd82e12b1dc110c04e16...refs/remotes/origin/dev [11ms]
2025-05-23 10:55:49.301 [info] > git status -z -uall [103ms]
2025-05-23 10:55:49.301 [info] > git for-each-ref --sort -committerdate --format %(refname)%00%(objectname)%00%(*objectname) [98ms]
2025-05-23 10:55:49.626 [info] > git check-ignore -v -z --stdin [1ms]
