["INFO" - 3:43:09 PM] Extension Name: esbenp.prettier-vscode.
["INFO" - 3:43:09 PM] Extension Version: 11.0.0.
["INFO" - 3:46:00 PM] Formatting file:///home/hiansdt/Documents/Projects/c3labs/vitta/enchiridion-frontend/src/sessions/controller/sessionPaymentController.ts
["INFO" - 3:46:00 PM] PrettierInstance:
{
  "modulePath": "/home/hiansdt/Documents/Projects/c3labs/vitta/enchiridion-frontend/node_modules/prettier/index.cjs",
  "messageResolvers": {},
  "version": "3.3.3"
}
["INFO" - 3:46:00 PM] Using ignore file (if present) at /home/hiansdt/Documents/Projects/c3labs/vitta/enchiridion-frontend/.prettierignore
["INFO" - 3:46:00 PM] File Info:
{
  "ignored": false,
  "inferredParser": "typescript"
}
["INFO" - 3:46:00 PM] Detected local configuration (i.e. .prettierrc or .editorconfig), VS Code configuration will not be used
["INFO" - 3:46:00 PM] Prettier Options:
{
  "filepath": "/home/hiansdt/Documents/Projects/c3labs/vitta/enchiridion-frontend/src/sessions/controller/sessionPaymentController.ts",
  "parser": "typescript",
  "useTabs": false,
  "tabWidth": 2
}
["INFO" - 3:46:00 PM] Formatting completed in 365ms.
["INFO" - 3:46:10 PM] Formatting file:///home/hiansdt/Documents/Projects/c3labs/vitta/enchiridion-frontend/src/sessions/controller/sessionPaymentController.ts
["INFO" - 3:46:10 PM] PrettierInstance:
{
  "modulePath": "/home/hiansdt/Documents/Projects/c3labs/vitta/enchiridion-frontend/node_modules/prettier/index.cjs",
  "messageResolvers": {},
  "version": "3.3.3"
}
["INFO" - 3:46:10 PM] Using ignore file (if present) at /home/hiansdt/Documents/Projects/c3labs/vitta/enchiridion-frontend/.prettierignore
["INFO" - 3:46:10 PM] File Info:
{
  "ignored": false,
  "inferredParser": "typescript"
}
["INFO" - 3:46:10 PM] Detected local configuration (i.e. .prettierrc or .editorconfig), VS Code configuration will not be used
["INFO" - 3:46:10 PM] Prettier Options:
{
  "filepath": "/home/hiansdt/Documents/Projects/c3labs/vitta/enchiridion-frontend/src/sessions/controller/sessionPaymentController.ts",
  "parser": "typescript",
  "useTabs": false,
  "tabWidth": 2
}
["INFO" - 3:46:10 PM] Formatting completed in 123ms.
["INFO" - 4:22:10 PM] Formatting file:///home/hiansdt/Documents/Projects/c3labs/vitta/enchiridion-frontend/src/sessions/repository/sessionPaymentRepository.ts
["INFO" - 4:22:10 PM] PrettierInstance:
{
  "modulePath": "/home/hiansdt/Documents/Projects/c3labs/vitta/enchiridion-frontend/node_modules/prettier/index.cjs",
  "messageResolvers": {},
  "version": "3.3.3"
}
["INFO" - 4:22:10 PM] Using ignore file (if present) at /home/hiansdt/Documents/Projects/c3labs/vitta/enchiridion-frontend/.prettierignore
["INFO" - 4:22:10 PM] File Info:
{
  "ignored": false,
  "inferredParser": "typescript"
}
["INFO" - 4:22:10 PM] Detected local configuration (i.e. .prettierrc or .editorconfig), VS Code configuration will not be used
["INFO" - 4:22:10 PM] Prettier Options:
{
  "filepath": "/home/hiansdt/Documents/Projects/c3labs/vitta/enchiridion-frontend/src/sessions/repository/sessionPaymentRepository.ts",
  "parser": "typescript",
  "useTabs": false,
  "tabWidth": 2
}
["INFO" - 4:22:10 PM] Formatting completed in 103ms.
