[2025-05-23T14:12:19.154Z] Dev Containers 0.413.0 in VS Code 1.100.2 (848b80aeb52026648a8ff9f7c45a9b0a80641e2e).
[2025-05-23T14:12:19.154Z] Initializing configuration support...
[2025-05-23T14:12:19.156Z] Internal initialization of dev container support package...
[2025-05-23T16:01:51.250Z] Start: Run: docker version --format {{json .}}
[2025-05-23T16:01:51.272Z] {"Client":{"Version":"28.1.1","ApiVersion":"1.49","DefaultAPIVersion":"1.49","GitCommit":"4eba377327","GoVersion":"go1.24.2","Os":"linux","Arch":"amd64","BuildTime":"Mon Apr 21 13:12:23 2025","Context":"default"},"Server":{"Platform":{"Name":""},"Components":[{"Name":"Engine","Version":"28.1.1","Details":{"ApiVersion":"1.49","Arch":"amd64","BuildTime":"Mon Apr 21 13:12:23 2025","Experimental":"false","GitCommit":"01f442b84d","GoVersion":"go1.24.2","KernelVersion":"6.14.6-zen1-1-zen","MinAPIVersion":"1.24","Os":"linux"}},{"Name":"containerd","Version":"v2.1.1","Details":{"GitCommit":"cb1076646aa3740577fafbf3d914198b7fe8e3f7.m"}},{"Name":"runc","Version":"1.3.0","Details":{"GitCommit":""}},{"Name":"docker-init","Version":"0.19.0","Details":{"GitCommit":"de40ad0"}}],"Version":"28.1.1","ApiVersion":"1.49","MinAPIVersion":"1.24","GitCommit":"01f442b84d","GoVersion":"go1.24.2","Os":"linux","Arch":"amd64","KernelVersion":"6.14.6-zen1-1-zen","BuildTime":"2025-04-21T13:12:23.000000000+00:00"}}
[2025-05-23T16:01:51.273Z] Stop (23 ms): Run: docker version --format {{json .}}
[2025-05-23T16:01:51.276Z] Start: Run: docker events --format {{json .}} --filter event=create --filter event=destroy --filter event=die --filter event=health-status --filter event=kill --filter event=pause --filter event=rename --filter event=resize --filter event=restart --filter event=start --filter event=stop --filter event=unpause --filter event=update --filter event=exec_create
[2025-05-23T16:01:51.285Z] Start: Run: docker ps -q -a
[2025-05-23T16:01:51.300Z] Start: Run: docker version --format {{json .}}
[2025-05-23T16:01:51.307Z] Stop (22 ms): Run: docker ps -q -a
[2025-05-23T16:01:51.311Z] Start: Run: docker inspect --type container bc8a19ed15fd d8bc3627af2a 68c431cadcc5 82a435e08821
[2025-05-23T16:01:51.322Z] {"Client":{"Version":"28.1.1","ApiVersion":"1.49","DefaultAPIVersion":"1.49","GitCommit":"4eba377327","GoVersion":"go1.24.2","Os":"linux","Arch":"amd64","BuildTime":"Mon Apr 21 13:12:23 2025","Context":"default"},"Server":{"Platform":{"Name":""},"Components":[{"Name":"Engine","Version":"28.1.1","Details":{"ApiVersion":"1.49","Arch":"amd64","BuildTime":"Mon Apr 21 13:12:23 2025","Experimental":"false","GitCommit":"01f442b84d","GoVersion":"go1.24.2","KernelVersion":"6.14.6-zen1-1-zen","MinAPIVersion":"1.24","Os":"linux"}},{"Name":"containerd","Version":"v2.1.1","Details":{"GitCommit":"cb1076646aa3740577fafbf3d914198b7fe8e3f7.m"}},{"Name":"runc","Version":"1.3.0","Details":{"GitCommit":""}},{"Name":"docker-init","Version":"0.19.0","Details":{"GitCommit":"de40ad0"}}],"Version":"28.1.1","ApiVersion":"1.49","MinAPIVersion":"1.24","GitCommit":"01f442b84d","GoVersion":"go1.24.2","Os":"linux","Arch":"amd64","KernelVersion":"6.14.6-zen1-1-zen","BuildTime":"2025-04-21T13:12:23.000000000+00:00"}}
[2025-05-23T16:01:51.323Z] Stop (23 ms): Run: docker version --format {{json .}}
[2025-05-23T16:01:51.324Z] Start: Run: docker events --format {{json .}} --filter event=destroy --filter event=die --filter event=kill --filter event=create --filter event=rename --filter event=resize --filter event=restart --filter event=start --filter event=stop --filter event=unpause --filter event=prune
[2025-05-23T16:01:51.331Z] Start: Run: docker volume ls -q
[2025-05-23T16:01:51.339Z] Stop (28 ms): Run: docker inspect --type container bc8a19ed15fd d8bc3627af2a 68c431cadcc5 82a435e08821
[2025-05-23T16:01:51.343Z] Start: Run: git rev-parse --show-cdup
[2025-05-23T16:01:51.351Z] Stop (20 ms): Run: docker volume ls -q
[2025-05-23T16:01:51.351Z] Start: Run: docker inspect --type volume 07954aa1210c4216a544c39e773312820c76e9c6ea51cf5e3cb9815243c4dc54 enchiridion-backend_11q9svuuc9qm163fmirub20lu219281b6kjb549n0ds8a0ma0ps3-shellhistory enchiridion-backend_redis_data vscode
[2025-05-23T16:01:51.356Z] Stop (13 ms): Run: git rev-parse --show-cdup
[2025-05-23T16:01:51.362Z] Running Dev Containers CLI:   read-configuration --workspace-folder /home/hiansdt/projects/c3labs/vita/enchiridion-backend --log-level debug --log-format json --config /home/hiansdt/projects/c3labs/vita/enchiridion-backend/.devcontainer/devcontainer.json --mount-workspace-git-root
[2025-05-23T16:01:51.365Z] Start: Run: /opt/visual-studio-code/code /home/hiansdt/.vscode/extensions/ms-vscode-remote.remote-containers-0.413.0/dist/spec-node/devContainersSpecCLI.js read-configuration --workspace-folder /home/hiansdt/projects/c3labs/vita/enchiridion-backend --log-level debug --log-format json --config /home/hiansdt/projects/c3labs/vita/enchiridion-backend/.devcontainer/devcontainer.json --mount-workspace-git-root
[2025-05-23T16:01:51.372Z] Stop (21 ms): Run: docker inspect --type volume 07954aa1210c4216a544c39e773312820c76e9c6ea51cf5e3cb9815243c4dc54 enchiridion-backend_11q9svuuc9qm163fmirub20lu219281b6kjb549n0ds8a0ma0ps3-shellhistory enchiridion-backend_redis_data vscode
[2025-05-23T16:01:51.515Z] @devcontainers/cli 0.76.0. Node.js v20.19.0. linux 6.14.6-zen1-1-zen x64.
[2025-05-23T16:01:51.515Z] Start: Run: docker ps -q -a --filter label=devcontainer.local_folder=/home/hiansdt/projects/c3labs/vita/enchiridion-backend --filter label=devcontainer.config_file=/home/hiansdt/projects/c3labs/vita/enchiridion-backend/.devcontainer/devcontainer.json
[2025-05-23T16:01:51.528Z] Stop (13 ms): Run: docker ps -q -a --filter label=devcontainer.local_folder=/home/hiansdt/projects/c3labs/vita/enchiridion-backend --filter label=devcontainer.config_file=/home/hiansdt/projects/c3labs/vita/enchiridion-backend/.devcontainer/devcontainer.json
[2025-05-23T16:01:51.529Z] Start: Run: docker inspect --type container bc8a19ed15fd
[2025-05-23T16:01:51.540Z] Stop (11 ms): Run: docker inspect --type container bc8a19ed15fd
[2025-05-23T16:01:51.544Z] Stop (179 ms): Run: /opt/visual-studio-code/code /home/hiansdt/.vscode/extensions/ms-vscode-remote.remote-containers-0.413.0/dist/spec-node/devContainersSpecCLI.js read-configuration --workspace-folder /home/hiansdt/projects/c3labs/vita/enchiridion-backend --log-level debug --log-format json --config /home/hiansdt/projects/c3labs/vita/enchiridion-backend/.devcontainer/devcontainer.json --mount-workspace-git-root
