2025-05-22 23:17:25.806 [info] [main] Log level: Info
2025-05-22 23:17:25.806 [info] [main] Validating found git in: "git"
2025-05-22 23:17:25.806 [info] [main] Using git "2.49.0" from "git"
2025-05-22 23:17:25.806 [info] [Model][doInitialScan] Initial repository scan started
2025-05-22 23:17:25.806 [info] > git rev-parse --show-toplevel [4ms]
2025-05-22 23:17:25.806 [info] fatal: not a git repository (or any of the parent directories): .git
2025-05-22 23:17:25.806 [info] > git rev-parse --show-toplevel [2ms]
2025-05-22 23:17:25.806 [info] fatal: not a git repository (or any of the parent directories): .git
2025-05-22 23:17:25.811 [info] > git rev-parse --show-toplevel [1ms]
2025-05-22 23:17:25.811 [info] fatal: not a git repository (or any of the parent directories): .git
2025-05-22 23:17:25.814 [info] > git rev-parse --show-toplevel [1ms]
2025-05-22 23:17:25.814 [info] fatal: not a git repository (or any of the parent directories): .git
2025-05-22 23:17:25.817 [info] > git rev-parse --show-toplevel [0ms]
2025-05-22 23:17:25.817 [info] fatal: not a git repository (or any of the parent directories): .git
2025-05-22 23:17:25.820 [info] > git rev-parse --show-toplevel [1ms]
2025-05-22 23:17:25.820 [info] fatal: not a git repository (or any of the parent directories): .git
2025-05-22 23:17:25.823 [info] > git rev-parse --show-toplevel [1ms]
2025-05-22 23:17:25.823 [info] fatal: not a git repository (or any of the parent directories): .git
2025-05-22 23:17:25.826 [info] > git rev-parse --show-toplevel [1ms]
2025-05-22 23:17:25.826 [info] fatal: not a git repository (or any of the parent directories): .git
2025-05-22 23:17:25.829 [info] > git rev-parse --show-toplevel [1ms]
2025-05-22 23:17:25.829 [info] fatal: not a git repository (or any of the parent directories): .git
2025-05-22 23:17:25.833 [info] > git rev-parse --show-toplevel [1ms]
2025-05-22 23:17:25.837 [info] > git rev-parse --git-dir --git-common-dir [1ms]
2025-05-22 23:17:25.844 [info] [Model][openRepository] Opened repository (path): /home/hiansdt/.oh-my-zsh
2025-05-22 23:17:25.844 [info] [Model][openRepository] Opened repository (real path): /home/hiansdt/.oh-my-zsh
2025-05-22 23:17:25.854 [info] > git rev-parse --show-toplevel [4ms]
2025-05-22 23:17:25.854 [info] fatal: not a git repository (or any of the parent directories): .git
2025-05-22 23:17:25.854 [info] > git config --get commit.template [6ms]
2025-05-22 23:17:25.861 [info] > git for-each-ref --format=%(refname)%00%(upstream:short)%00%(objectname)%00%(upstream:track)%00%(upstream:remotename)%00%(upstream:remoteref) refs/heads/master refs/remotes/master [2ms]
2025-05-22 23:17:25.861 [info] > git rev-parse --show-toplevel [4ms]
2025-05-22 23:17:25.861 [info] fatal: not a git repository (or any of the parent directories): .git
2025-05-22 23:17:25.878 [info] > git rev-parse --show-toplevel [14ms]
2025-05-22 23:17:25.878 [info] fatal: not a git repository (or any of the parent directories): .git
2025-05-22 23:17:25.896 [info] > git rev-parse --show-toplevel [1ms]
2025-05-22 23:17:25.896 [info] fatal: not a git repository (or any of the parent directories): .git
2025-05-22 23:17:25.896 [info] > git for-each-ref --sort -committerdate --format %(refname)%00%(objectname)%00%(*objectname) [4ms]
2025-05-22 23:17:25.903 [info] > git rev-parse --show-toplevel [3ms]
2025-05-22 23:17:25.903 [info] fatal: not a git repository (or any of the parent directories): .git
2025-05-22 23:17:25.906 [info] > git rev-parse --show-toplevel [0ms]
2025-05-22 23:17:25.907 [info] fatal: not a git repository (or any of the parent directories): .git
2025-05-22 23:17:25.909 [info] [Model][doInitialScan] Initial repository scan completed - repositories (1), closed repositories (0), parent repositories (0), unsafe repositories (0)
2025-05-22 23:17:25.912 [info] > git rev-parse --show-toplevel [1ms]
2025-05-22 23:17:25.912 [info] fatal: not a git repository (or any of the parent directories): .git
2025-05-22 23:17:25.913 [info] > git status -z -uall [25ms]
2025-05-22 23:17:25.930 [info] > git for-each-ref --format=%(refname)%00%(upstream:short)%00%(objectname)%00%(upstream:track)%00%(upstream:remotename)%00%(upstream:remoteref) refs/heads/master refs/remotes/master [5ms]
2025-05-22 23:17:25.934 [info] > git config --get --local branch.master.vscode-merge-base [1ms]
2025-05-22 23:17:25.937 [info] > git config --get commit.template [7ms]
2025-05-22 23:17:25.940 [info] > git for-each-ref --format=%(refname)%00%(upstream:short)%00%(objectname)%00%(upstream:track)%00%(upstream:remotename)%00%(upstream:remoteref) refs/heads/origin/master refs/remotes/origin/master [4ms]
2025-05-22 23:17:25.944 [info] > git for-each-ref --format=%(refname)%00%(upstream:short)%00%(objectname)%00%(upstream:track)%00%(upstream:remotename)%00%(upstream:remoteref) refs/heads/master refs/remotes/master [5ms]
2025-05-22 23:17:25.944 [info] > git merge-base refs/heads/master refs/remotes/origin/master [1ms]
2025-05-22 23:17:25.953 [info] > git diff --name-status -z --diff-filter=ADMR 0354add542b6d769dbe39e10eb0caa0a11b2b716...refs/remotes/origin/master [6ms]
2025-05-22 23:17:25.954 [info] > git for-each-ref --sort -committerdate --format %(refname)%00%(objectname)%00%(*objectname) [2ms]
2025-05-22 23:17:25.968 [info] > git status -z -uall [19ms]
2025-05-22 23:17:26.382 [info] > git check-ignore -v -z --stdin [1ms]
2025-05-22 23:17:27.590 [info] > git rev-parse --show-toplevel [0ms]
2025-05-22 23:17:27.590 [info] fatal: not a git repository (or any of the parent directories): .git
2025-05-22 23:17:34.368 [info] > git rev-parse --show-toplevel [1ms]
2025-05-22 23:17:34.368 [info] fatal: not a git repository (or any of the parent directories): .git
