[2025-05-08T16:57:37.611Z] Dev Containers 0.409.0 in VS Code 1.99.3 (17baf841131aa23349f217ca7c570c76ee87b957).
[2025-05-08T16:57:37.611Z] Start: Resolving Remote
[2025-05-08T16:57:37.635Z] Setting up container for folder or workspace: /home/hiansdt/Documents/Projects/c3labs/vparking/VirtualTruck-backend
[2025-05-08T16:57:37.712Z] Start: Check Docker is running
[2025-05-08T16:57:37.713Z] Start: Run: docker version
[2025-05-08T16:57:37.745Z] Client:
 Version:           28.0.4
 API version:       1.48
 Go version:        go1.24.1
 Git commit:        b8034c0ed7
 Built:             Thu Apr  3 10:43:40 2025
 OS/Arch:           linux/amd64
 Context:           default

Server:
 Engine:
[2025-05-08T16:57:37.746Z]   Version:          28.0.4
  API version:      1.48 (minimum version 1.24)
  Go version:       go1.24.1
  Git commit:       6430e49a55
  Built:            Thu Apr  3 10:43:40 2025
  OS/Arch:          linux/amd64
  Experimental:     false
 containerd:
  Version:          v2.0.4
  GitCommit:        1a43cb6a1035441f9aca8f5666a9b3ef9e70ab20.m
 runc:
  Version:          1.2.6
  GitCommit:        
 docker-init:
  Version:          0.19.0
  GitCommit:        de40ad0
[2025-05-08T16:57:37.749Z] Stop (36 ms): Run: docker version
[2025-05-08T16:57:37.749Z] Stop (37 ms): Check Docker is running
[2025-05-08T16:57:37.750Z] Start: Run: docker volume ls -q
[2025-05-08T16:57:37.796Z] Stop (46 ms): Run: docker volume ls -q
[2025-05-08T16:57:37.797Z] Start: Run: docker ps -q -a --filter label=vsch.local.folder=/home/hiansdt/Documents/Projects/c3labs/vparking/VirtualTruck-backend --filter label=vsch.quality=stable
[2025-05-08T16:57:37.828Z] Stop (31 ms): Run: docker ps -q -a --filter label=vsch.local.folder=/home/hiansdt/Documents/Projects/c3labs/vparking/VirtualTruck-backend --filter label=vsch.quality=stable
[2025-05-08T16:57:37.829Z] Start: Run: docker ps -q -a --filter label=devcontainer.local_folder=/home/hiansdt/Documents/Projects/c3labs/vparking/VirtualTruck-backend --filter label=devcontainer.config_file=/home/hiansdt/Documents/Projects/c3labs/vparking/VirtualTruck-backend/.devcontainer/devcontainer.json
[2025-05-08T16:57:37.871Z] Stop (42 ms): Run: docker ps -q -a --filter label=devcontainer.local_folder=/home/hiansdt/Documents/Projects/c3labs/vparking/VirtualTruck-backend --filter label=devcontainer.config_file=/home/hiansdt/Documents/Projects/c3labs/vparking/VirtualTruck-backend/.devcontainer/devcontainer.json
[2025-05-08T16:57:37.872Z] Start: Run: docker inspect --type container 7d0ecf221e56
[2025-05-08T16:57:37.913Z] Stop (41 ms): Run: docker inspect --type container 7d0ecf221e56
[2025-05-08T16:57:37.915Z] Start: Run: docker ps -q -a --filter label=devcontainer.local_folder=/home/hiansdt/Documents/Projects/c3labs/vparking/VirtualTruck-backend
[2025-05-08T16:57:37.977Z] Stop (62 ms): Run: docker ps -q -a --filter label=devcontainer.local_folder=/home/hiansdt/Documents/Projects/c3labs/vparking/VirtualTruck-backend
[2025-05-08T16:57:37.978Z] Start: Run: docker inspect --type container 7d0ecf221e56
[2025-05-08T16:57:38.024Z] Stop (46 ms): Run: docker inspect --type container 7d0ecf221e56
[2025-05-08T16:57:38.025Z] Running Dev Containers CLI:   up --user-data-folder /home/hiansdt/.config/Code/User/globalStorage/ms-vscode-remote.remote-containers/data --container-session-data-folder /tmp/devcontainers-d9e79398-c1b2-4fb9-aff1-f2fdee0bf4ff1746723455837 --workspace-folder /home/hiansdt/Documents/Projects/c3labs/vparking/VirtualTruck-backend --workspace-mount-consistency cached --gpu-availability detect --id-label devcontainer.local_folder=/home/hiansdt/Documents/Projects/c3labs/vparking/VirtualTruck-backend --id-label devcontainer.config_file=/home/hiansdt/Documents/Projects/c3labs/vparking/VirtualTruck-backend/.devcontainer/devcontainer.json --log-level debug --log-format json --config /home/hiansdt/Documents/Projects/c3labs/vparking/VirtualTruck-backend/.devcontainer/devcontainer.json --default-user-env-probe loginInteractiveShell --mount type=volume,source=vscode,target=/vscode,external=true --skip-post-create --update-remote-user-uid-default on --mount-workspace-git-root --include-configuration --include-merged-configuration
[2025-05-08T16:57:38.027Z] Start: Run: /opt/visual-studio-code/code /home/hiansdt/.vscode/extensions/ms-vscode-remote.remote-containers-0.409.0/dist/spec-node/devContainersSpecCLI.js up --user-data-folder /home/hiansdt/.config/Code/User/globalStorage/ms-vscode-remote.remote-containers/data --container-session-data-folder /tmp/devcontainers-d9e79398-c1b2-4fb9-aff1-f2fdee0bf4ff1746723455837 --workspace-folder /home/hiansdt/Documents/Projects/c3labs/vparking/VirtualTruck-backend --workspace-mount-consistency cached --gpu-availability detect --id-label devcontainer.local_folder=/home/hiansdt/Documents/Projects/c3labs/vparking/VirtualTruck-backend --id-label devcontainer.config_file=/home/hiansdt/Documents/Projects/c3labs/vparking/VirtualTruck-backend/.devcontainer/devcontainer.json --log-level debug --log-format json --config /home/hiansdt/Documents/Projects/c3labs/vparking/VirtualTruck-backend/.devcontainer/devcontainer.json --default-user-env-probe loginInteractiveShell --mount type=volume,source=vscode,target=/vscode,external=true --skip-post-create --update-remote-user-uid-default on --mount-workspace-git-root --include-configuration --include-merged-configuration
[2025-05-08T16:57:38.549Z] @devcontainers/cli 0.75.0. Node.js v20.18.3. linux 6.12.21-4-MANJARO x64.
[2025-05-08T16:57:38.549Z] Start: Run: docker buildx version
[2025-05-08T16:57:38.590Z] Stop (41 ms): Run: docker buildx version
[2025-05-08T16:57:38.591Z] 
[2025-05-08T16:57:38.591Z] docker: unknown command: docker buildx

Run 'docker --help' for more information

[2025-05-08T16:57:38.591Z] Exit code 1
[2025-05-08T16:57:38.592Z] Start: Run: docker -v
[2025-05-08T16:57:38.638Z] Stop (46 ms): Run: docker -v
[2025-05-08T16:57:38.639Z] Start: Resolving Remote
[2025-05-08T16:57:38.662Z] Loading 151 extra certificates from /etc/ssl/certs/ca-certificates.crt.
[2025-05-08T16:57:38.835Z] Start: Run: docker compose version --short
[2025-05-08T16:57:38.964Z] Stop (129 ms): Run: docker compose version --short
[2025-05-08T16:57:38.964Z] Docker Compose version: 2.34.0
[2025-05-08T16:57:38.965Z] Start: Run: docker compose -f /home/hiansdt/Documents/Projects/c3labs/vparking/VirtualTruck-backend/docker-compose.yml -f /home/hiansdt/Documents/Projects/c3labs/vparking/VirtualTruck-backend/.devcontainer/docker-compose.yml --profile * config
[2025-05-08T16:57:39.238Z] Stop (273 ms): Run: docker compose -f /home/hiansdt/Documents/Projects/c3labs/vparking/VirtualTruck-backend/docker-compose.yml -f /home/hiansdt/Documents/Projects/c3labs/vparking/VirtualTruck-backend/.devcontainer/docker-compose.yml --profile * config
[2025-05-08T16:57:39.238Z] name: virtualtruck-backend
services:
  app:
    build:
      context: /home/hiansdt/Documents/Projects/c3labs/vparking/VirtualTruck-backend
      dockerfile: Dockerfile
    command:
      - /bin/sh
      - -c
      - while sleep 1000; do :; done
    container_name: virtual-truck-backend
    networks:
      default: null
    ports:
      - mode: ingress
        target: 8000
        published: "8000"
        protocol: tcp
    volumes:
      - type: bind
        source: /home/hiansdt/Documents/Projects/c3labs/vparking/VirtualTruck-backend
        target: /home/python/app
        bind:
          create_host_path: true
  db:
    container_name: virtual-truck-postgres
    environment:
      POSTGRES_DB: virtual_truck
      POSTGRES_PASSWORD: postgres
      POSTGRES_USER: postgres
    image: postgres:13
    networks:
      default: null
    ports:
      - mode: ingress
        target: 5432
        published: "15432"
        protocol: tcp
  rabbitmq:
    container_name: virtual-truck-rabbitmq
    environment:
      RABBITMQ_DEFAULT_PASS: admin
      RABBITMQ_DEFAULT_USER: admin
      RABBITMQ_DEFINITIONS_FILE: /etc/rabbitmq/definitions.json
    image: rabbitmq:4.0-management
    networks:
      default: null
    ports:
      - mode: ingress
        target: 5672
        published: "5672"
        protocol: tcp
      - mode: ingress
        target: 15672
        published: "15672"
        protocol: tcp
    restart: always
    volumes:
      - type: bind
        source: /home/hiansdt/Documents/Projects/c3labs/vparking/VirtualTruck-backend/.docker/rabbitmq/definitions.json
        target: /etc/rabbitmq/definitions.json
        read_only: true
        bind:
          create_host_path: true
  redis:
    command:
      - redis-server
      - --save
      - "20"
      - "1"
      - --loglevel
      - warning
      - --requirepass
      - redis
    image: redis
    networks:
      default: null
    ports:
      - mode: ingress
        target: 6379
        published: "6379"
        protocol: tcp
    restart: always
networks:
  default:
    name: virtualtruck-backend_default
[2025-05-08T16:57:39.247Z] Start: Run: docker ps -q -a --filter label=com.docker.compose.project=virtualtruck-backend --filter label=com.docker.compose.service=app
[2025-05-08T16:57:39.279Z] Stop (32 ms): Run: docker ps -q -a --filter label=com.docker.compose.project=virtualtruck-backend --filter label=com.docker.compose.service=app
[2025-05-08T16:57:39.280Z] Start: Run: docker inspect --type container 7d0ecf221e56
[2025-05-08T16:57:39.307Z] Stop (27 ms): Run: docker inspect --type container 7d0ecf221e56
[2025-05-08T16:57:39.309Z] Start: Run: docker events --format {{json .}} --filter event=start
[2025-05-08T16:57:39.315Z] PersistedPath=/home/hiansdt/.config/Code/User/globalStorage/ms-vscode-remote.remote-containers/data, ContainerHasLabels=true
[2025-05-08T16:57:39.315Z] Container was created with these config files: /home/hiansdt/Documents/Projects/c3labs/vparking/VirtualTruck-backend/docker-compose.yml,/home/hiansdt/Documents/Projects/c3labs/vparking/VirtualTruck-backend/.devcontainer/docker-compose.yml,/home/hiansdt/.config/Code/User/globalStorage/ms-vscode-remote.remote-containers/data/docker-compose/docker-compose.devcontainer.build-1746074100263.yml,/home/hiansdt/.config/Code/User/globalStorage/ms-vscode-remote.remote-containers/data/docker-compose/docker-compose.devcontainer.containerFeatures-1746074247543-1485558c-2a7b-465f-b4ac-fa8bde2b07c7.yml
[2025-05-08T16:57:39.320Z] Restoring /home/hiansdt/.config/Code/User/globalStorage/ms-vscode-remote.remote-containers/data/docker-compose/docker-compose.devcontainer.build-1746074100263.yml from persisted storage
[2025-05-08T16:57:39.320Z] Restoring /home/hiansdt/.config/Code/User/globalStorage/ms-vscode-remote.remote-containers/data/docker-compose/docker-compose.devcontainer.containerFeatures-1746074247543-1485558c-2a7b-465f-b4ac-fa8bde2b07c7.yml from persisted storage
[2025-05-08T16:57:39.321Z] Start: Run: docker compose --project-name virtualtruck-backend -f /home/hiansdt/Documents/Projects/c3labs/vparking/VirtualTruck-backend/docker-compose.yml -f /home/hiansdt/Documents/Projects/c3labs/vparking/VirtualTruck-backend/.devcontainer/docker-compose.yml -f /home/hiansdt/.config/Code/User/globalStorage/ms-vscode-remote.remote-containers/data/docker-compose/docker-compose.devcontainer.build-1746074100263.yml -f /home/hiansdt/.config/Code/User/globalStorage/ms-vscode-remote.remote-containers/data/docker-compose/docker-compose.devcontainer.containerFeatures-1746074247543-1485558c-2a7b-465f-b4ac-fa8bde2b07c7.yml up -d --no-recreate
[2025-05-08T16:57:39.563Z] WARN[0000] /home/hiansdt/Documents/Projects/c3labs/vparking/VirtualTruck-backend/docker-compose.yml: the attribute `version` is obsolete, it will be ignored, please remove it to avoid potential confusion 
[2025-05-08T16:57:39.586Z] WARN[0000] /home/hiansdt/Documents/Projects/c3labs/vparking/VirtualTruck-backend/.devcontainer/docker-compose.yml: the attribute `version` is obsolete, it will be ignored, please remove it to avoid potential confusion 
[2025-05-08T16:57:39.604Z] WARN[0000] /home/hiansdt/.config/Code/User/globalStorage/ms-vscode-remote.remote-containers/data/docker-compose/docker-compose.devcontainer.build-1746074100263.yml: the attribute `version` is obsolete, it will be ignored, please remove it to avoid potential confusion 
[2025-05-08T16:57:39.619Z] WARN[0000] /home/hiansdt/.config/Code/User/globalStorage/ms-vscode-remote.remote-containers/data/docker-compose/docker-compose.devcontainer.containerFeatures-1746074247543-1485558c-2a7b-465f-b4ac-fa8bde2b07c7.yml: the attribute `version` is obsolete, it will be ignored, please remove it to avoid potential confusion 
[2025-05-08T16:57:39.740Z] [+] Running 2/4
 ✔ Container virtual-truck-rabbitmq        Running                         0.0s 
 ⠋ Container virtual-truck-postgres        Starting                        0.1s 
 ✔ Container virtualtruck-backend-redis-1  Running                         0.0s 
 ⠋ Container virtual-truck-backend         Starting                        0.1s 
[2025-05-08T16:57:39.840Z] 
[2025-05-08T16:57:39.840Z] [+] Running 2/4
 ✔ Container virtual-truck-rabbitmq        Running                         0.0s 
[2025-05-08T16:57:39.840Z]  ⠙ Container virtual-truck-postgres        Starting                        0.2s 
 ✔ Container virtualtruck-backend-redis-1  Running                         0.0s 
 ⠙ Container virtual-truck-backend         Starting                        0.2s 
[2025-05-08T16:57:39.943Z] [+] Running 2/4
 ✔ Container virtual-truck-rabbitmq        Running                         0.0s 
 ⠹ Container virtual-truck-postgres        Starting                        0.3s 
 ✔ Container virtualtruck-backend-redis-1  Running                         0.0s 
 ⠹ Container virtual-truck-backend         Starting                        0.3s 
[2025-05-08T16:57:40.044Z] [+] Running 2/4
 ✔ Container virtual-truck-rabbitmq        Running                         0.0s 
 ⠸ Container virtual-truck-postgres        Starting                        0.4s 
 ✔ Container virtualtruck-backend-redis-1  Running                         0.0s 
 ⠸ Container virtual-truck-backend         Starting                        0.4s 
[2025-05-08T16:57:40.140Z] [+] Running 3/4
 ✔ Container virtual-truck-rabbitmq        Running                         0.0s 
 ✔ Container virtual-truck-postgres        Started                         0.5s 
 ✔ Container virtualtruck-backend-redis-1  Running                         0.0s 
 ⠼ Container virtual-truck-backend         Starting                        0.5s 
[2025-05-08T16:57:40.169Z] [+] Running 4/4
 ✔ Container virtual-truck-rabbitmq        Running                         0.0s 
 ✔ Container virtual-truck-postgres        Started                         0.5s 
 ✔ Container virtualtruck-backend-redis-1  Running                         0.0s 
 ✔ Container virtual-truck-backend         Started                         0.5s 
[2025-05-08T16:57:40.184Z] Stop (875 ms): Run: docker events --format {{json .}} --filter event=start
[2025-05-08T16:57:40.204Z] Stop (883 ms): Run: docker compose --project-name virtualtruck-backend -f /home/hiansdt/Documents/Projects/c3labs/vparking/VirtualTruck-backend/docker-compose.yml -f /home/hiansdt/Documents/Projects/c3labs/vparking/VirtualTruck-backend/.devcontainer/docker-compose.yml -f /home/hiansdt/.config/Code/User/globalStorage/ms-vscode-remote.remote-containers/data/docker-compose/docker-compose.devcontainer.build-1746074100263.yml -f /home/hiansdt/.config/Code/User/globalStorage/ms-vscode-remote.remote-containers/data/docker-compose/docker-compose.devcontainer.containerFeatures-1746074247543-1485558c-2a7b-465f-b4ac-fa8bde2b07c7.yml up -d --no-recreate
[2025-05-08T16:57:40.204Z] Start: Run: docker ps -q -a --filter label=com.docker.compose.project=virtualtruck-backend --filter label=com.docker.compose.service=app
[2025-05-08T16:57:40.285Z] Stop (81 ms): Run: docker ps -q -a --filter label=com.docker.compose.project=virtualtruck-backend --filter label=com.docker.compose.service=app
[2025-05-08T16:57:40.285Z] Start: Run: docker inspect --type container 7d0ecf221e56
[2025-05-08T16:57:40.362Z] Stop (77 ms): Run: docker inspect --type container 7d0ecf221e56
[2025-05-08T16:57:40.367Z] Start: Inspecting container
[2025-05-08T16:57:40.367Z] Start: Run: docker inspect --type container 7d0ecf221e567cbe147f07a7b34eeab9c66ac9e17171ca253542d6499acaa36e
[2025-05-08T16:57:40.456Z] Stop (89 ms): Run: docker inspect --type container 7d0ecf221e567cbe147f07a7b34eeab9c66ac9e17171ca253542d6499acaa36e
[2025-05-08T16:57:40.456Z] Stop (89 ms): Inspecting container
[2025-05-08T16:57:40.459Z] Start: Run in container: /bin/sh
[2025-05-08T16:57:40.486Z] Start: Run in container: uname -m
[2025-05-08T16:57:40.730Z] x86_64
[2025-05-08T16:57:40.731Z] 
[2025-05-08T16:57:40.731Z] Stop (245 ms): Run in container: uname -m
[2025-05-08T16:57:40.731Z] Start: Run in container: (cat /etc/os-release || cat /usr/lib/os-release) 2>/dev/null
[2025-05-08T16:57:40.735Z] PRETTY_NAME="Debian GNU/Linux 12 (bookworm)"
NAME="Debian GNU/Linux"
VERSION_ID="12"
VERSION="12 (bookworm)"
VERSION_CODENAME=bookworm
ID=debian
HOME_URL="https://www.debian.org/"
SUPPORT_URL="https://www.debian.org/support"
BUG_REPORT_URL="https://bugs.debian.org/"
[2025-05-08T16:57:40.735Z] 
[2025-05-08T16:57:40.735Z] Stop (4 ms): Run in container: (cat /etc/os-release || cat /usr/lib/os-release) 2>/dev/null
[2025-05-08T16:57:40.735Z] Start: Run in container:  (command -v getent >/dev/null 2>&1 && getent passwd 'python' || grep -E '^python|^[^:]*:[^:]*:python:' /etc/passwd || true)
[2025-05-08T16:57:40.743Z] Stop (8 ms): Run in container:  (command -v getent >/dev/null 2>&1 && getent passwd 'python' || grep -E '^python|^[^:]*:[^:]*:python:' /etc/passwd || true)
[2025-05-08T16:57:40.744Z] Start: Run in container: test -f '/var/devcontainer/.patchEtcEnvironmentMarker'
[2025-05-08T16:57:40.746Z] 
[2025-05-08T16:57:40.746Z] 
[2025-05-08T16:57:40.746Z] Stop (2 ms): Run in container: test -f '/var/devcontainer/.patchEtcEnvironmentMarker'
[2025-05-08T16:57:40.746Z] Start: Run in container: test -f '/var/devcontainer/.patchEtcProfileMarker'
[2025-05-08T16:57:40.748Z] 
[2025-05-08T16:57:40.748Z] 
[2025-05-08T16:57:40.748Z] Stop (2 ms): Run in container: test -f '/var/devcontainer/.patchEtcProfileMarker'
[2025-05-08T16:57:40.749Z] Stop (2110 ms): Resolving Remote
[2025-05-08T16:57:40.760Z] Stop (2733 ms): Run: /opt/visual-studio-code/code /home/hiansdt/.vscode/extensions/ms-vscode-remote.remote-containers-0.409.0/dist/spec-node/devContainersSpecCLI.js up --user-data-folder /home/hiansdt/.config/Code/User/globalStorage/ms-vscode-remote.remote-containers/data --container-session-data-folder /tmp/devcontainers-d9e79398-c1b2-4fb9-aff1-f2fdee0bf4ff1746723455837 --workspace-folder /home/hiansdt/Documents/Projects/c3labs/vparking/VirtualTruck-backend --workspace-mount-consistency cached --gpu-availability detect --id-label devcontainer.local_folder=/home/hiansdt/Documents/Projects/c3labs/vparking/VirtualTruck-backend --id-label devcontainer.config_file=/home/hiansdt/Documents/Projects/c3labs/vparking/VirtualTruck-backend/.devcontainer/devcontainer.json --log-level debug --log-format json --config /home/hiansdt/Documents/Projects/c3labs/vparking/VirtualTruck-backend/.devcontainer/devcontainer.json --default-user-env-probe loginInteractiveShell --mount type=volume,source=vscode,target=/vscode,external=true --skip-post-create --update-remote-user-uid-default on --mount-workspace-git-root --include-configuration --include-merged-configuration
[2025-05-08T16:57:40.761Z] Start: Run: docker inspect --type container 7d0ecf221e567cbe147f07a7b34eeab9c66ac9e17171ca253542d6499acaa36e
[2025-05-08T16:57:40.807Z] Stop (46 ms): Run: docker inspect --type container 7d0ecf221e567cbe147f07a7b34eeab9c66ac9e17171ca253542d6499acaa36e
[2025-05-08T16:57:40.808Z] Start: Run: docker exec -i -u root 7d0ecf221e567cbe147f07a7b34eeab9c66ac9e17171ca253542d6499acaa36e /bin/sh -c echo "New container started. Keep-alive process started." ; export VSCODE_REMOTE_CONTAINERS_SESSION=d9e79398-c1b2-4fb9-aff1-f2fdee0bf4ff1746723455837 ; /bin/sh
[2025-05-08T16:57:40.823Z] Start: Inspecting container
[2025-05-08T16:57:40.823Z] Start: Run: docker inspect --type container 7d0ecf221e567cbe147f07a7b34eeab9c66ac9e17171ca253542d6499acaa36e
[2025-05-08T16:57:40.892Z] Stop (69 ms): Run: docker inspect --type container 7d0ecf221e567cbe147f07a7b34eeab9c66ac9e17171ca253542d6499acaa36e
[2025-05-08T16:57:40.893Z] Stop (70 ms): Inspecting container
[2025-05-08T16:57:40.907Z] Start: Run in container: /bin/sh
[2025-05-08T16:57:40.925Z] Start: Run in container: uname -m
[2025-05-08T16:57:40.981Z] New container started. Keep-alive process started.
[2025-05-08T16:57:41.076Z] x86_64
[2025-05-08T16:57:41.077Z] 
[2025-05-08T16:57:41.078Z] Stop (153 ms): Run in container: uname -m
[2025-05-08T16:57:41.078Z] Start: Run in container: (cat /etc/os-release || cat /usr/lib/os-release) 2>/dev/null
[2025-05-08T16:57:41.083Z] PRETTY_NAME="Debian GNU/Linux 12 (bookworm)"
NAME="Debian GNU/Linux"
VERSION_ID="12"
VERSION="12 (bookworm)"
VERSION_CODENAME=bookworm
ID=debian
HOME_URL="https://www.debian.org/"
SUPPORT_URL="https://www.debian.org/support"
BUG_REPORT_URL="https://bugs.debian.org/"
[2025-05-08T16:57:41.083Z] 
[2025-05-08T16:57:41.083Z] Stop (5 ms): Run in container: (cat /etc/os-release || cat /usr/lib/os-release) 2>/dev/null
[2025-05-08T16:57:41.084Z] Start: Run in container:  (command -v getent >/dev/null 2>&1 && getent passwd 'python' || grep -E '^python|^[^:]*:[^:]*:python:' /etc/passwd || true)
[2025-05-08T16:57:41.090Z] Stop (6 ms): Run in container:  (command -v getent >/dev/null 2>&1 && getent passwd 'python' || grep -E '^python|^[^:]*:[^:]*:python:' /etc/passwd || true)
[2025-05-08T16:57:41.092Z] Start: Run: docker compose version --short
[2025-05-08T16:57:41.245Z] Stop (153 ms): Run: docker compose version --short
[2025-05-08T16:57:41.246Z] Docker Compose version: 2.34.0
[2025-05-08T16:57:41.247Z] Start: Setup shutdown monitor
[2025-05-08T16:57:41.249Z] Forking shutdown monitor: /home/hiansdt/.vscode/extensions/ms-vscode-remote.remote-containers-0.409.0/dist/shutdown/shutdownMonitorProcess /run/user/1000/vscode-remote-containers-04b386a2-6297-4ab5-a0bd-03acda5ae6d7.sock dockerCompose Debug /home/hiansdt/.config/Code/logs/20250508T135618/window1/exthost/ms-vscode-remote.remote-containers 1746723457547
[2025-05-08T16:57:41.270Z] Stop (23 ms): Setup shutdown monitor
[2025-05-08T16:57:41.272Z] Start: Run in container: test -d '/home/python/.vscode-server'
[2025-05-08T16:57:41.275Z] 
[2025-05-08T16:57:41.276Z] 
[2025-05-08T16:57:41.276Z] Stop (4 ms): Run in container: test -d '/home/python/.vscode-server'
[2025-05-08T16:57:41.276Z] Start: Run in container: test ! -f '/home/python/.vscode-server/data/Machine/.writeMachineSettingsMarker' && set -o noclobber && mkdir -p '/home/python/.vscode-server/data/Machine' && { > '/home/python/.vscode-server/data/Machine/.writeMachineSettingsMarker' ; } 2> /dev/null
[2025-05-08T16:57:41.286Z] 
[2025-05-08T16:57:41.286Z] 
[2025-05-08T16:57:41.287Z] Exit code 1
[2025-05-08T16:57:41.287Z] Stop (11 ms): Run in container: test ! -f '/home/python/.vscode-server/data/Machine/.writeMachineSettingsMarker' && set -o noclobber && mkdir -p '/home/python/.vscode-server/data/Machine' && { > '/home/python/.vscode-server/data/Machine/.writeMachineSettingsMarker' ; } 2> /dev/null
[2025-05-08T16:57:41.287Z] Start: Run in container: cat /home/python/.vscode-server/data/Machine/settings.json
[2025-05-08T16:57:41.291Z] {
	"files.insertFinalNewline": true,
	"files.trimFinalNewlines": true,
	"files.trimTrailingWhitespace": true,
	"editor.rulers": [
		80
	],
	"editor.tabSize": 4
}
[2025-05-08T16:57:41.292Z] 
[2025-05-08T16:57:41.292Z] Stop (5 ms): Run in container: cat /home/python/.vscode-server/data/Machine/settings.json
[2025-05-08T16:57:41.295Z] Start: Run in container: test -d '/home/python/.vscode-server/bin/17baf841131aa23349f217ca7c570c76ee87b957'
[2025-05-08T16:57:41.307Z] 
[2025-05-08T16:57:41.309Z] 
[2025-05-08T16:57:41.310Z] Stop (15 ms): Run in container: test -d '/home/python/.vscode-server/bin/17baf841131aa23349f217ca7c570c76ee87b957'
[2025-05-08T16:57:41.310Z] Start: Run in container: test -d '/vscode/vscode-server/bin/linux-x64/17baf841131aa23349f217ca7c570c76ee87b957'
[2025-05-08T16:57:41.314Z] 
[2025-05-08T16:57:41.314Z] 
[2025-05-08T16:57:41.314Z] Stop (4 ms): Run in container: test -d '/vscode/vscode-server/bin/linux-x64/17baf841131aa23349f217ca7c570c76ee87b957'
[2025-05-08T16:57:41.314Z] Start: Run in container: /bin/sh
[2025-05-08T16:57:41.329Z] Start: Run in container: test -x '/home/python/.vscode-server/bin/17baf841131aa23349f217ca7c570c76ee87b957/bin/helpers/check-requirements.sh'
[2025-05-08T16:57:41.333Z] Start: Run in container: touch '/vscode/vscode-server/bin/linux-x64/17baf841131aa23349f217ca7c570c76ee87b957'
[2025-05-08T16:57:41.333Z] 
[2025-05-08T16:57:41.334Z] 
[2025-05-08T16:57:41.334Z] Stop (5 ms): Run in container: test -x '/home/python/.vscode-server/bin/17baf841131aa23349f217ca7c570c76ee87b957/bin/helpers/check-requirements.sh'
[2025-05-08T16:57:41.334Z] Start: Run in container: '/home/python/.vscode-server/bin/17baf841131aa23349f217ca7c570c76ee87b957/bin/helpers/check-requirements.sh'
[2025-05-08T16:57:41.506Z] 
[2025-05-08T16:57:41.507Z] 
[2025-05-08T16:57:41.509Z] Stop (176 ms): Run in container: touch '/vscode/vscode-server/bin/linux-x64/17baf841131aa23349f217ca7c570c76ee87b957'
[2025-05-08T16:57:41.535Z] 
[2025-05-08T16:57:41.538Z] 
[2025-05-08T16:57:41.538Z] Stop (204 ms): Run in container: '/home/python/.vscode-server/bin/17baf841131aa23349f217ca7c570c76ee87b957/bin/helpers/check-requirements.sh'
[2025-05-08T16:57:41.539Z] Start: Launching Dev Containers helper.
[2025-05-08T16:57:41.539Z] ssh-agent: SSH_AUTH_SOCK not set on local host.
[2025-05-08T16:57:41.542Z] Start: Run in container: test -e /tmp/.X11-unix/X0
[2025-05-08T16:57:41.551Z] 
[2025-05-08T16:57:41.551Z] 
[2025-05-08T16:57:41.551Z] Stop (9 ms): Run in container: test -e /tmp/.X11-unix/X0
[2025-05-08T16:57:41.551Z] Start: Run in container: test -e /tmp/.X11-unix/X1
[2025-05-08T16:57:41.554Z] 
[2025-05-08T16:57:41.554Z] 
[2025-05-08T16:57:41.554Z] Stop (3 ms): Run in container: test -e /tmp/.X11-unix/X1
[2025-05-08T16:57:41.554Z] Start: Run in container: test -e /tmp/.X11-unix/X2
[2025-05-08T16:57:41.557Z] 
[2025-05-08T16:57:41.557Z] 
[2025-05-08T16:57:41.557Z] Stop (3 ms): Run in container: test -e /tmp/.X11-unix/X2
[2025-05-08T16:57:41.558Z] Start: Run in container: test -e /tmp/.X11-unix/X3
[2025-05-08T16:57:41.562Z] 
[2025-05-08T16:57:41.563Z] 
[2025-05-08T16:57:41.563Z] Stop (5 ms): Run in container: test -e /tmp/.X11-unix/X3
[2025-05-08T16:57:41.564Z] Start: Run in container: test -e /tmp/.X11-unix/X4
[2025-05-08T16:57:41.567Z] 
[2025-05-08T16:57:41.567Z] 
[2025-05-08T16:57:41.567Z] Stop (3 ms): Run in container: test -e /tmp/.X11-unix/X4
[2025-05-08T16:57:41.568Z] Start: Run in container: test -e /tmp/.X11-unix/X5
[2025-05-08T16:57:41.571Z] 
[2025-05-08T16:57:41.571Z] 
[2025-05-08T16:57:41.571Z] Stop (3 ms): Run in container: test -e /tmp/.X11-unix/X5
[2025-05-08T16:57:41.571Z] Start: Run in container: test -e /tmp/.X11-unix/X6
[2025-05-08T16:57:41.579Z] 
[2025-05-08T16:57:41.579Z] 
[2025-05-08T16:57:41.580Z] Stop (9 ms): Run in container: test -e /tmp/.X11-unix/X6
[2025-05-08T16:57:41.581Z] Start: Run in container: test -e /tmp/.X11-unix/X7
[2025-05-08T16:57:41.584Z] 
[2025-05-08T16:57:41.589Z] 
[2025-05-08T16:57:41.590Z] Exit code 1
[2025-05-08T16:57:41.591Z] Stop (10 ms): Run in container: test -e /tmp/.X11-unix/X7
[2025-05-08T16:57:41.593Z] Start: Run in container: mkdir -p '/tmp/.X11-unix'
[2025-05-08T16:57:41.603Z] 
[2025-05-08T16:57:41.603Z] 
[2025-05-08T16:57:41.603Z] Stop (10 ms): Run in container: mkdir -p '/tmp/.X11-unix'
[2025-05-08T16:57:41.603Z] X11 forwarding: DISPLAY in container (:7) forwarded to local host (:0).
[2025-05-08T16:57:41.604Z] Start: Run in container: gpgconf --list-dirs
[2025-05-08T16:57:41.619Z] sysconfdir:/etc/gnupg
bindir:/usr/bin
libexecdir:/usr/lib/gnupg
libdir:/usr/lib/x86_64-linux-gnu/gnupg
datadir:/usr/share/gnupg
localedir:/usr/share/locale
socketdir:/home/python/.gnupg
dirmngr-socket:/home/python/.gnupg/S.dirmngr
agent-ssh-socket:/home/python/.gnupg/S.gpg-agent.ssh
agent-extra-socket:/home/python/.gnupg/S.gpg-agent.extra
agent-browser-socket:/home/python/.gnupg/S.gpg-agent.browser
agent-socket:/home/python/.gnupg/S.gpg-agent
homedir:/home/python/.gnupg
[2025-05-08T16:57:41.619Z] 
[2025-05-08T16:57:41.619Z] Stop (15 ms): Run in container: gpgconf --list-dirs
[2025-05-08T16:57:41.620Z] Start: Run in container: ls '/home/python/.gnupg/private-keys-v1.d' 2>/dev/null
[2025-05-08T16:57:41.627Z] 
[2025-05-08T16:57:41.627Z] 
[2025-05-08T16:57:41.627Z] Exit code 2
[2025-05-08T16:57:41.628Z] Stop (8 ms): Run in container: ls '/home/python/.gnupg/private-keys-v1.d' 2>/dev/null
[2025-05-08T16:57:41.629Z] Start: Run: gpgconf --list-dirs
[2025-05-08T16:57:41.648Z] Stop (19 ms): Run: gpgconf --list-dirs
[2025-05-08T16:57:41.648Z] sysconfdir:/etc/gnupg
bindir:/usr/bin
libexecdir:/usr/lib/gnupg
libdir:/usr/lib/gnupg
datadir:/usr/share/gnupg
localedir:/usr/share/locale
socketdir:/run/user/1000/gnupg
dirmngr-socket:/run/user/1000/gnupg/S.dirmngr
keyboxd-socket:/run/user/1000/gnupg/S.keyboxd
agent-ssh-socket:/run/user/1000/gnupg/S.gpg-agent.ssh
agent-extra-socket:/run/user/1000/gnupg/S.gpg-agent.extra
agent-browser-socket:/run/user/1000/gnupg/S.gpg-agent.browser
agent-socket:/run/user/1000/gnupg/S.gpg-agent
homedir:/home/hiansdt/.gnupg
[2025-05-08T16:57:41.648Z] 
[2025-05-08T16:57:41.650Z] Start: Run in container: test -f '/home/python/.gnupg/pubring.kbx'
[2025-05-08T16:57:41.652Z] 
[2025-05-08T16:57:41.653Z] 
[2025-05-08T16:57:41.653Z] Exit code 1
[2025-05-08T16:57:41.653Z] Stop (3 ms): Run in container: test -f '/home/python/.gnupg/pubring.kbx'
[2025-05-08T16:57:41.653Z] Start: Run in container: test -f '/home/python/.gnupg/pubring.gpg'
[2025-05-08T16:57:41.655Z] 
[2025-05-08T16:57:41.655Z] 
[2025-05-08T16:57:41.656Z] Exit code 1
[2025-05-08T16:57:41.656Z] Stop (3 ms): Run in container: test -f '/home/python/.gnupg/pubring.gpg'
[2025-05-08T16:57:41.656Z] Start: Run in container: test -f '/home/python/.gnupg/trustdb.gpg'
[2025-05-08T16:57:41.658Z] 
[2025-05-08T16:57:41.658Z] 
[2025-05-08T16:57:41.659Z] Exit code 1
[2025-05-08T16:57:41.659Z] Stop (3 ms): Run in container: test -f '/home/python/.gnupg/trustdb.gpg'
[2025-05-08T16:57:41.659Z] Start: Run in container: mkdir -p -m 700 '/home/python/.gnupg'
[2025-05-08T16:57:41.660Z] gpg-agent: Socket in container (/home/python/.gnupg/S.gpg-agent) forwarded to local host (/run/user/1000/gnupg/S.gpg-agent.extra).
[2025-05-08T16:57:41.664Z] 
[2025-05-08T16:57:41.664Z] 
[2025-05-08T16:57:41.664Z] Stop (5 ms): Run in container: mkdir -p -m 700 '/home/python/.gnupg'
[2025-05-08T16:57:41.664Z] Start: Run in container: (command -v 'docker' || command -v 'oras' || command -v 'skopeo') >/dev/null 2>&1
[2025-05-08T16:57:41.667Z] Start: Run: gpg-connect-agent updatestartuptty /bye
[2025-05-08T16:57:41.685Z] 
[2025-05-08T16:57:41.685Z] 
[2025-05-08T16:57:41.685Z] Exit code 127
[2025-05-08T16:57:41.686Z] Stop (22 ms): Run in container: (command -v 'docker' || command -v 'oras' || command -v 'skopeo') >/dev/null 2>&1
[2025-05-08T16:57:41.693Z] Start: Run in container: /bin/sh
[2025-05-08T16:57:41.693Z] Stop (154 ms): Launching Dev Containers helper.
[2025-05-08T16:57:41.716Z] userEnvProbe: loginInteractiveShell (default)
[2025-05-08T16:57:41.717Z] Start: Run in container: test -f '/tmp/devcontainers-d9e79398-c1b2-4fb9-aff1-f2fdee0bf4ff1746723455837/env-loginInteractiveShell.json'
[2025-05-08T16:57:41.724Z] Start: Run in container: echo ~
[2025-05-08T16:57:41.731Z] Start: Run in container: command -v git >/dev/null 2>&1 && git config --system --replace-all credential.helper '!f() { /home/python/.vscode-server/bin/17baf841131aa23349f217ca7c570c76ee87b957/node /tmp/vscode-remote-containers-c959b83e-f8a9-4510-b982-907fdd92f6bf.js git-credential-helper $*; }; f' || true
[2025-05-08T16:57:41.733Z] 
[2025-05-08T16:57:41.733Z] 
[2025-05-08T16:57:41.733Z] Exit code 1
[2025-05-08T16:57:41.734Z] Stop (17 ms): Run in container: test -f '/tmp/devcontainers-d9e79398-c1b2-4fb9-aff1-f2fdee0bf4ff1746723455837/env-loginInteractiveShell.json'
[2025-05-08T16:57:41.734Z] userEnvProbe: not found in cache
[2025-05-08T16:57:41.735Z] userEnvProbe shell: /bin/bash
[2025-05-08T16:57:41.751Z] Stop (84 ms): Run: gpg-connect-agent updatestartuptty /bye
[2025-05-08T16:57:41.758Z] 
[2025-05-08T16:57:41.758Z] 
[2025-05-08T16:57:41.759Z] Stop (28 ms): Run in container: command -v git >/dev/null 2>&1 && git config --system --replace-all credential.helper '!f() { /home/python/.vscode-server/bin/17baf841131aa23349f217ca7c570c76ee87b957/node /tmp/vscode-remote-containers-c959b83e-f8a9-4510-b982-907fdd92f6bf.js git-credential-helper $*; }; f' || true
[2025-05-08T16:57:41.760Z] Start: Run in container: for pid in `cd /proc && ls -d [0-9]*`; do { echo $pid ; readlink /proc/$pid/cwd || echo ; readlink /proc/$pid/ns/mnt || echo ; cat /proc/$pid/stat | tr "
[2025-05-08T16:57:41.967Z] Stop (207 ms): Run in container: for pid in `cd /proc && ls -d [0-9]*`; do { echo $pid ; readlink /proc/$pid/cwd || echo ; readlink /proc/$pid/ns/mnt || echo ; cat /proc/$pid/stat | tr "
[2025-05-08T16:57:41.968Z] Start: Run in container: cat '/home/python/.vscode-server/bin/17baf841131aa23349f217ca7c570c76ee87b957/product.json'
[2025-05-08T16:57:41.995Z] Stop (27 ms): Run in container: cat '/home/python/.vscode-server/bin/17baf841131aa23349f217ca7c570c76ee87b957/product.json'
[2025-05-08T16:57:41.997Z] Start: Run in container: cat '/home/python/.vscode-server/data/Machine/.connection-token-17baf841131aa23349f217ca7c570c76ee87b957' 2>/dev/null || (umask 377 && echo '533e5b3f-6c5a-4987-a408-22398caa4389' >'/home/python/.vscode-server/data/Machine/.connection-token-17baf841131aa23349f217ca7c570c76ee87b957-17b8577e-6e99-4c64-af30-81166172c223' && mv -n '/home/python/.vscode-server/data/Machine/.connection-token-17baf841131aa23349f217ca7c570c76ee87b957-17b8577e-6e99-4c64-af30-81166172c223' '/home/python/.vscode-server/data/Machine/.connection-token-17baf841131aa23349f217ca7c570c76ee87b957' && rm -f '/home/python/.vscode-server/data/Machine/.connection-token-17baf841131aa23349f217ca7c570c76ee87b957-17b8577e-6e99-4c64-af30-81166172c223' && cat '/home/python/.vscode-server/data/Machine/.connection-token-17baf841131aa23349f217ca7c570c76ee87b957')
[2025-05-08T16:57:42.011Z] /home/python
[2025-05-08T16:57:42.011Z] 
[2025-05-08T16:57:42.012Z] Stop (288 ms): Run in container: echo ~
[2025-05-08T16:57:42.012Z] Start: Run in container: cat <<'EOF-/tmp/vscode-remote-containers-c959b83e-f8a9-4510-b982-907fdd92f6bf.js' >/tmp/vscode-remote-containers-c959b83e-f8a9-4510-b982-907fdd92f6bf.js
[2025-05-08T16:57:42.017Z] dc02516c-77ad-48ee-89cf-3b50951abe65
[2025-05-08T16:57:42.017Z] 
[2025-05-08T16:57:42.017Z] Stop (20 ms): Run in container: cat '/home/python/.vscode-server/data/Machine/.connection-token-17baf841131aa23349f217ca7c570c76ee87b957' 2>/dev/null || (umask 377 && echo '533e5b3f-6c5a-4987-a408-22398caa4389' >'/home/python/.vscode-server/data/Machine/.connection-token-17baf841131aa23349f217ca7c570c76ee87b957-17b8577e-6e99-4c64-af30-81166172c223' && mv -n '/home/python/.vscode-server/data/Machine/.connection-token-17baf841131aa23349f217ca7c570c76ee87b957-17b8577e-6e99-4c64-af30-81166172c223' '/home/python/.vscode-server/data/Machine/.connection-token-17baf841131aa23349f217ca7c570c76ee87b957' && rm -f '/home/python/.vscode-server/data/Machine/.connection-token-17baf841131aa23349f217ca7c570c76ee87b957-17b8577e-6e99-4c64-af30-81166172c223' && cat '/home/python/.vscode-server/data/Machine/.connection-token-17baf841131aa23349f217ca7c570c76ee87b957')
[2025-05-08T16:57:42.018Z] Start: Starting VS Code Server
[2025-05-08T16:57:42.026Z] Start: Preparing Extensions
[2025-05-08T16:57:42.026Z] Start: Run in container: test ! -f '/home/python/.vscode-server/data/Machine/.installExtensionsMarker' && set -o noclobber && mkdir -p '/home/python/.vscode-server/data/Machine' && { > '/home/python/.vscode-server/data/Machine/.installExtensionsMarker' ; } 2> /dev/null
[2025-05-08T16:57:42.034Z] 
[2025-05-08T16:57:42.034Z] 
[2025-05-08T16:57:42.034Z] Exit code 1
[2025-05-08T16:57:42.035Z] Stop (9 ms): Run in container: test ! -f '/home/python/.vscode-server/data/Machine/.installExtensionsMarker' && set -o noclobber && mkdir -p '/home/python/.vscode-server/data/Machine' && { > '/home/python/.vscode-server/data/Machine/.installExtensionsMarker' ; } 2> /dev/null
[2025-05-08T16:57:42.056Z] Extensions cache, install extensions: None
[2025-05-08T16:57:42.056Z] Start: Run in container: test -d /home/python/.vscode-server/extensionsCache && ls /home/python/.vscode-server/extensionsCache || true
[2025-05-08T16:57:42.057Z] 
[2025-05-08T16:57:42.057Z] 
[2025-05-08T16:57:42.057Z] Stop (45 ms): Run in container: cat <<'EOF-/tmp/vscode-remote-containers-c959b83e-f8a9-4510-b982-907fdd92f6bf.js' >/tmp/vscode-remote-containers-c959b83e-f8a9-4510-b982-907fdd92f6bf.js
[2025-05-08T16:57:42.057Z] Start: Run in container: cat <<'EOF-/tmp/vscode-remote-containers-server-c959b83e-f8a9-4510-b982-907fdd92f6bf.js' >/tmp/vscode-remote-containers-server-c959b83e-f8a9-4510-b982-907fdd92f6bf.js_1746723462057
[2025-05-08T16:57:42.077Z] ms-python.black-formatter-2025.2.0
ms-python.debugpy-2025.6.0-linux-x64
ms-python.isort-2025.0.0
ms-python.pylint-2025.2.0
ms-python.python-2025.4.0-linux-x64
ms-python.vscode-pylance-2025.4.1
qwtel.sqlite-viewer-0.10.6-linux-x64
tamasfe.even-better-toml-0.21.2
[2025-05-08T16:57:42.077Z] 
[2025-05-08T16:57:42.077Z] Stop (21 ms): Run in container: test -d /home/python/.vscode-server/extensionsCache && ls /home/python/.vscode-server/extensionsCache || true
[2025-05-08T16:57:42.077Z] Start: Run in container: test -d /vscode/vscode-server/extensionsCache && ls /vscode/vscode-server/extensionsCache || true
[2025-05-08T16:57:42.108Z] ms-python.black-formatter-2025.2.0
ms-python.black-formatter-2025.2.0.sigzip
ms-python.debugpy-2025.6.0-linux-x64
ms-python.debugpy-2025.6.0-linux-x64.sigzip
ms-python.isort-2025.0.0
ms-python.isort-2025.0.0.sigzip
ms-python.pylint-2025.2.0
ms-python.pylint-2025.2.0.sigzip
ms-python.python-2025.4.0-linux-x64
ms-python.python-2025.4.0-linux-x64.sigzip
ms-python.vscode-pylance-2025.4.1
mutantdino.resourcemonitor-1.0.7
qwtel.sqlite-viewer-0.10.6-linux-x64
tamasfe.even-better-toml-0.21.2
tamasfe.even-better-toml-0.21.2.sigzip
vue.volar-2.2.10
[2025-05-08T16:57:42.108Z] 
[2025-05-08T16:57:42.108Z] Stop (31 ms): Run in container: test -d /vscode/vscode-server/extensionsCache && ls /vscode/vscode-server/extensionsCache || true
[2025-05-08T16:57:42.108Z] Extensions cache, link in container: None
[2025-05-08T16:57:42.112Z] Optimizing extensions for quality: stable
[2025-05-08T16:57:42.119Z] Stop (93 ms): Preparing Extensions
[2025-05-08T16:57:42.127Z] Start: Run in container: /home/python/.vscode-server/bin/17baf841131aa23349f217ca7c570c76ee87b957/bin/code-server --log debug --force-disable-user-env --server-data-dir /home/python/.vscode-server --use-host-proxy --telemetry-level all --accept-server-license-terms --host 127.0.0.1 --port 0 --connection-token-file /home/python/.vscode-server/data/Machine/.connection-token-17baf841131aa23349f217ca7c570c76ee87b957 --extensions-download-dir /home/python/.vscode-server/extensionsCache --start-server --disable-websocket-compression --skip-requirements-check
[2025-05-08T16:57:42.173Z] 
[2025-05-08T16:57:42.174Z] 
[2025-05-08T16:57:42.175Z] Stop (118 ms): Run in container: cat <<'EOF-/tmp/vscode-remote-containers-server-c959b83e-f8a9-4510-b982-907fdd92f6bf.js' >/tmp/vscode-remote-containers-server-c959b83e-f8a9-4510-b982-907fdd92f6bf.js_1746723462057
[2025-05-08T16:57:42.864Z] *
* Visual Studio Code Server
*
* By using the software, you agree to
* the Visual Studio Code Server License Terms (https://aka.ms/vscode-server-license) and
* the Microsoft Privacy Statement (https://privacy.microsoft.com/en-US/privacystatement).
*
[2025-05-08T16:57:42.877Z] Server bound to 127.0.0.1:41219 (IPv4)
Extension host agent listening on 41219

[2025-05-08T16:57:42.878Z] Stop (860 ms): Starting VS Code Server
[2025-05-08T16:57:42.878Z] Start: Run in container: echo 41219 >'/home/python/.vscode-server/data/Machine/.devport-17baf841131aa23349f217ca7c570c76ee87b957'
[2025-05-08T16:57:42.881Z] 
[2025-05-08T16:57:42.881Z] 
[2025-05-08T16:57:42.881Z] Stop (3 ms): Run in container: echo 41219 >'/home/python/.vscode-server/data/Machine/.devport-17baf841131aa23349f217ca7c570c76ee87b957'
[2025-05-08T16:57:42.882Z] Port forwarding for container port 41219 starts listening on local port.
[2025-05-08T16:57:42.883Z] Port forwarding local port 41219 to container port 41219
[2025-05-08T16:57:42.884Z] Running Dev Containers CLI:   run-user-commands --user-data-folder /home/hiansdt/.config/Code/User/globalStorage/ms-vscode-remote.remote-containers/data --container-session-data-folder /tmp/devcontainers-d9e79398-c1b2-4fb9-aff1-f2fdee0bf4ff1746723455837 --workspace-folder /home/hiansdt/Documents/Projects/c3labs/vparking/VirtualTruck-backend --id-label devcontainer.local_folder=/home/hiansdt/Documents/Projects/c3labs/vparking/VirtualTruck-backend --id-label devcontainer.config_file=/home/hiansdt/Documents/Projects/c3labs/vparking/VirtualTruck-backend/.devcontainer/devcontainer.json --container-id 7d0ecf221e567cbe147f07a7b34eeab9c66ac9e17171ca253542d6499acaa36e --log-level debug --log-format json --config /home/hiansdt/Documents/Projects/c3labs/vparking/VirtualTruck-backend/.devcontainer/devcontainer.json --default-user-env-probe loginInteractiveShell --skip-non-blocking-commands true --prebuild false --stop-for-personalization true --remote-env REMOTE_CONTAINERS_IPC=/tmp/vscode-remote-containers-ipc-c959b83e-f8a9-4510-b982-907fdd92f6bf.sock --remote-env DISPLAY=:7 --remote-env REMOTE_CONTAINERS_DISPLAY_SOCK=/tmp/.X11-unix/X7 --remote-env REMOTE_CONTAINERS=true --mount-workspace-git-root --dotfiles-target-path ~/dotfiles
[2025-05-08T16:57:42.884Z] Start: Run: /opt/visual-studio-code/code /home/hiansdt/.vscode/extensions/ms-vscode-remote.remote-containers-0.409.0/dist/spec-node/devContainersSpecCLI.js run-user-commands --user-data-folder /home/hiansdt/.config/Code/User/globalStorage/ms-vscode-remote.remote-containers/data --container-session-data-folder /tmp/devcontainers-d9e79398-c1b2-4fb9-aff1-f2fdee0bf4ff1746723455837 --workspace-folder /home/hiansdt/Documents/Projects/c3labs/vparking/VirtualTruck-backend --id-label devcontainer.local_folder=/home/hiansdt/Documents/Projects/c3labs/vparking/VirtualTruck-backend --id-label devcontainer.config_file=/home/hiansdt/Documents/Projects/c3labs/vparking/VirtualTruck-backend/.devcontainer/devcontainer.json --container-id 7d0ecf221e567cbe147f07a7b34eeab9c66ac9e17171ca253542d6499acaa36e --log-level debug --log-format json --config /home/hiansdt/Documents/Projects/c3labs/vparking/VirtualTruck-backend/.devcontainer/devcontainer.json --default-user-env-probe loginInteractiveShell --skip-non-blocking-commands true --prebuild false --stop-for-personalization true --remote-env REMOTE_CONTAINERS_IPC=/tmp/vscode-remote-containers-ipc-c959b83e-f8a9-4510-b982-907fdd92f6bf.sock --remote-env DISPLAY=:7 --remote-env REMOTE_CONTAINERS_DISPLAY_SOCK=/tmp/.X11-unix/X7 --remote-env REMOTE_CONTAINERS=true --mount-workspace-git-root --dotfiles-target-path ~/dotfiles
[2025-05-08T16:57:43.050Z] Ignoring option 'skip-requirements-check': not supported for server.
[2025-05-08T16:57:43.085Z] [16:57:43] 




[2025-05-08T16:57:43.369Z] [16:57:43] Extension host agent started.
[2025-05-08T16:57:43.522Z] [16:57:43] No extensions are marked as removed.
[2025-05-08T16:57:43.607Z] @devcontainers/cli 0.75.0. Node.js v20.18.3. linux 6.12.21-4-MANJARO x64.
[2025-05-08T16:57:43.607Z] Start: Run: docker buildx version
[2025-05-08T16:57:43.663Z] Stop (56 ms): Run: docker buildx version
[2025-05-08T16:57:43.664Z] 
[2025-05-08T16:57:43.664Z] docker: unknown command: docker buildx

Run 'docker --help' for more information

[2025-05-08T16:57:43.664Z] Exit code 1
[2025-05-08T16:57:43.664Z] Start: Run: docker -v
[2025-05-08T16:57:43.720Z] Stop (56 ms): Run: docker -v
[2025-05-08T16:57:43.748Z] Start: Run: docker inspect --type container 7d0ecf221e567cbe147f07a7b34eeab9c66ac9e17171ca253542d6499acaa36e
[2025-05-08T16:57:43.830Z] Stop (82 ms): Run: docker inspect --type container 7d0ecf221e567cbe147f07a7b34eeab9c66ac9e17171ca253542d6499acaa36e
[2025-05-08T16:57:43.842Z] Start: Inspecting container
[2025-05-08T16:57:43.842Z] Start: Run: docker inspect --type container 7d0ecf221e567cbe147f07a7b34eeab9c66ac9e17171ca253542d6499acaa36e
[2025-05-08T16:57:43.902Z] Stop (60 ms): Run: docker inspect --type container 7d0ecf221e567cbe147f07a7b34eeab9c66ac9e17171ca253542d6499acaa36e
[2025-05-08T16:57:43.904Z] Stop (62 ms): Inspecting container
[2025-05-08T16:57:43.905Z] Start: Run in container: /bin/sh
[2025-05-08T16:57:43.941Z] Start: Run in container: uname -m
[2025-05-08T16:57:44.130Z] x86_64
[2025-05-08T16:57:44.130Z] 
[2025-05-08T16:57:44.130Z] Stop (189 ms): Run in container: uname -m
[2025-05-08T16:57:44.130Z] Start: Run in container: (cat /etc/os-release || cat /usr/lib/os-release) 2>/dev/null
[2025-05-08T16:57:44.148Z] PRETTY_NAME="Debian GNU/Linux 12 (bookworm)"
NAME="Debian GNU/Linux"
VERSION_ID="12"
VERSION="12 (bookworm)"
VERSION_CODENAME=bookworm
ID=debian
HOME_URL="https://www.debian.org/"
SUPPORT_URL="https://www.debian.org/support"
BUG_REPORT_URL="https://bugs.debian.org/"
[2025-05-08T16:57:44.148Z] 
[2025-05-08T16:57:44.148Z] Stop (18 ms): Run in container: (cat /etc/os-release || cat /usr/lib/os-release) 2>/dev/null
[2025-05-08T16:57:44.149Z] Start: Run in container:  (command -v getent >/dev/null 2>&1 && getent passwd 'python' || grep -E '^python|^[^:]*:[^:]*:python:' /etc/passwd || true)
[2025-05-08T16:57:44.167Z] Stop (18 ms): Run in container:  (command -v getent >/dev/null 2>&1 && getent passwd 'python' || grep -E '^python|^[^:]*:[^:]*:python:' /etc/passwd || true)
[2025-05-08T16:57:44.167Z] userEnvProbe: loginInteractiveShell (default)
[2025-05-08T16:57:44.168Z] Start: Run in container: test -f '/tmp/devcontainers-d9e79398-c1b2-4fb9-aff1-f2fdee0bf4ff1746723455837/env-loginInteractiveShell.json'
[2025-05-08T16:57:44.175Z] 
[2025-05-08T16:57:44.176Z] 
[2025-05-08T16:57:44.176Z] Exit code 1
[2025-05-08T16:57:44.176Z] Stop (8 ms): Run in container: test -f '/tmp/devcontainers-d9e79398-c1b2-4fb9-aff1-f2fdee0bf4ff1746723455837/env-loginInteractiveShell.json'
[2025-05-08T16:57:44.178Z] Start: Run in container: mkdir -p '/home/python/.devcontainer' && CONTENT="$(cat '/home/python/.devcontainer/.onCreateCommandMarker' 2>/dev/null || echo ENOENT)" && [ "${CONTENT:-2025-05-01T04:37:55.552213656Z}" != '2025-05-01T04:37:55.552213656Z' ] && echo '2025-05-01T04:37:55.552213656Z' > '/home/python/.devcontainer/.onCreateCommandMarker'
[2025-05-08T16:57:44.179Z] userEnvProbe: not found in cache
[2025-05-08T16:57:44.181Z] userEnvProbe shell: /bin/bash
[2025-05-08T16:57:44.182Z] Start: Run in container: /bin/bash -lic echo -n 6a74900c-8d38-41e8-ab6f-a3e2a6e0b6f4; cat /proc/self/environ; echo -n 6a74900c-8d38-41e8-ab6f-a3e2a6e0b6f4
[2025-05-08T16:57:44.209Z] 
[2025-05-08T16:57:44.209Z] 
[2025-05-08T16:57:44.209Z] Exit code 1
[2025-05-08T16:57:44.209Z] Stop (31 ms): Run in container: mkdir -p '/home/python/.devcontainer' && CONTENT="$(cat '/home/python/.devcontainer/.onCreateCommandMarker' 2>/dev/null || echo ENOENT)" && [ "${CONTENT:-2025-05-01T04:37:55.552213656Z}" != '2025-05-01T04:37:55.552213656Z' ] && echo '2025-05-01T04:37:55.552213656Z' > '/home/python/.devcontainer/.onCreateCommandMarker'
[2025-05-08T16:57:44.211Z] Start: Run in container: mkdir -p '/home/python/.devcontainer' && CONTENT="$(cat '/home/python/.devcontainer/.updateContentCommandMarker' 2>/dev/null || echo ENOENT)" && [ "${CONTENT:-2025-05-01T04:37:55.552213656Z}" != '2025-05-01T04:37:55.552213656Z' ] && echo '2025-05-01T04:37:55.552213656Z' > '/home/python/.devcontainer/.updateContentCommandMarker'
[2025-05-08T16:57:44.225Z] Start: Run in container: for pid in `cd /proc && ls -d [0-9]*`; do { echo $pid ; readlink /proc/$pid/cwd || echo ; readlink /proc/$pid/ns/mnt || echo ; cat /proc/$pid/stat | tr "
[2025-05-08T16:57:44.224Z] 
[2025-05-08T16:57:44.224Z] 
[2025-05-08T16:57:44.224Z] Exit code 1
[2025-05-08T16:57:44.224Z] Stop (13 ms): Run in container: mkdir -p '/home/python/.devcontainer' && CONTENT="$(cat '/home/python/.devcontainer/.updateContentCommandMarker' 2>/dev/null || echo ENOENT)" && [ "${CONTENT:-2025-05-01T04:37:55.552213656Z}" != '2025-05-01T04:37:55.552213656Z' ] && echo '2025-05-01T04:37:55.552213656Z' > '/home/python/.devcontainer/.updateContentCommandMarker'
[2025-05-08T16:57:44.330Z] Stop (1446 ms): Run: /opt/visual-studio-code/code /home/hiansdt/.vscode/extensions/ms-vscode-remote.remote-containers-0.409.0/dist/spec-node/devContainersSpecCLI.js run-user-commands --user-data-folder /home/hiansdt/.config/Code/User/globalStorage/ms-vscode-remote.remote-containers/data --container-session-data-folder /tmp/devcontainers-d9e79398-c1b2-4fb9-aff1-f2fdee0bf4ff1746723455837 --workspace-folder /home/hiansdt/Documents/Projects/c3labs/vparking/VirtualTruck-backend --id-label devcontainer.local_folder=/home/hiansdt/Documents/Projects/c3labs/vparking/VirtualTruck-backend --id-label devcontainer.config_file=/home/hiansdt/Documents/Projects/c3labs/vparking/VirtualTruck-backend/.devcontainer/devcontainer.json --container-id 7d0ecf221e567cbe147f07a7b34eeab9c66ac9e17171ca253542d6499acaa36e --log-level debug --log-format json --config /home/hiansdt/Documents/Projects/c3labs/vparking/VirtualTruck-backend/.devcontainer/devcontainer.json --default-user-env-probe loginInteractiveShell --skip-non-blocking-commands true --prebuild false --stop-for-personalization true --remote-env REMOTE_CONTAINERS_IPC=/tmp/vscode-remote-containers-ipc-c959b83e-f8a9-4510-b982-907fdd92f6bf.sock --remote-env DISPLAY=:7 --remote-env REMOTE_CONTAINERS_DISPLAY_SOCK=/tmp/.X11-unix/X7 --remote-env REMOTE_CONTAINERS=true --mount-workspace-git-root --dotfiles-target-path ~/dotfiles
[2025-05-08T16:57:44.736Z] Stop (511 ms): Run in container: for pid in `cd /proc && ls -d [0-9]*`; do { echo $pid ; readlink /proc/$pid/cwd || echo ; readlink /proc/$pid/ns/mnt || echo ; cat /proc/$pid/stat | tr "
[2025-05-08T16:57:44.738Z] Start: Run in container: # Test for /home/python/.gitconfig and git
[2025-05-08T16:57:44.740Z] userEnvProbe is taking longer than 2 seconds. Process tree:
  240: /bin/bash -lic echo -n bad60c3e-56c0-40d4-8db3-35fe4fc2be8d; cat /proc/self/environ; echo -n bad60c3e-56c0-40d4-8db3-35fe4fc2be8d 
    245: /usr/local/bin/python3.12 /usr/local/bin/pdm --pep582 
[2025-05-08T16:57:44.759Z] [credential "https://github.com"]
[credential "https://gist.github.com"]
[credential]
[user]
/home/python/.gitconfig exists
[2025-05-08T16:57:44.760Z] 
[2025-05-08T16:57:44.760Z] Exit code 1
[2025-05-08T16:57:44.760Z] Stop (22 ms): Run in container: # Test for /home/python/.gitconfig and git
[2025-05-08T16:57:44.782Z] Start: Run in container: command -v git >/dev/null 2>&1 && git config --global --replace-all credential.helper '!f() { /home/python/.vscode-server/bin/17baf841131aa23349f217ca7c570c76ee87b957/node /tmp/vscode-remote-containers-c959b83e-f8a9-4510-b982-907fdd92f6bf.js git-credential-helper $*; }; f' || true
[2025-05-08T16:57:44.791Z] 
[2025-05-08T16:57:44.791Z] 
[2025-05-08T16:57:44.792Z] Stop (10 ms): Run in container: command -v git >/dev/null 2>&1 && git config --global --replace-all credential.helper '!f() { /home/python/.vscode-server/bin/17baf841131aa23349f217ca7c570c76ee87b957/node /tmp/vscode-remote-containers-c959b83e-f8a9-4510-b982-907fdd92f6bf.js git-credential-helper $*; }; f' || true
[2025-05-08T16:57:44.923Z] userEnvProbe PATHs:
Probe:     '/usr/local/bin:/usr/local/bin:/usr/local/sbin:/usr/local/bin:/usr/sbin:/usr/bin:/sbin:/bin:/home/python/app/__pypackages__/3.12/bin:/home/python/.local/bin:/home/python/app/__pypackages__/3.12/bin'
Container: '/usr/local/bin:/usr/local/sbin:/usr/local/bin:/usr/sbin:/usr/bin:/sbin:/bin:/home/python/app/__pypackages__/3.12/bin'
[2025-05-08T16:57:44.923Z] Start: Run in container: mkdir -p '/tmp/devcontainers-d9e79398-c1b2-4fb9-aff1-f2fdee0bf4ff1746723455837' && cat > '/tmp/devcontainers-d9e79398-c1b2-4fb9-aff1-f2fdee0bf4ff1746723455837/env-loginInteractiveShell.json' << 'envJSON'
[2025-05-08T16:57:44.937Z] 
[2025-05-08T16:57:44.937Z] 
[2025-05-08T16:57:44.937Z] Stop (14 ms): Run in container: mkdir -p '/tmp/devcontainers-d9e79398-c1b2-4fb9-aff1-f2fdee0bf4ff1746723455837' && cat > '/tmp/devcontainers-d9e79398-c1b2-4fb9-aff1-f2fdee0bf4ff1746723455837/env-loginInteractiveShell.json' << 'envJSON'
[2025-05-08T16:57:44.974Z] Stop (7363 ms): Resolving Remote
[2025-05-08T16:57:44.987Z] Initializing configuration support...
[2025-05-08T16:57:44.988Z] Internal initialization of dev container support package...
[2025-05-08T16:57:45.137Z] Port forwarding connection from 54658 > 41219 > 41219 in the container.
[2025-05-08T16:57:45.143Z] Start: Run in container: /home/python/.vscode-server/bin/17baf841131aa23349f217ca7c570c76ee87b957/node -e 
[2025-05-08T16:57:45.490Z] Port forwarding 54658 > 41219 > 41219 stderr: Connection established
[2025-05-08T16:57:45.685Z] Port forwarding connection from 54676 > 41219 > 41219 in the container.
[2025-05-08T16:57:45.686Z] Start: Run in container: /home/python/.vscode-server/bin/17baf841131aa23349f217ca7c570c76ee87b957/node -e 
[2025-05-08T16:57:45.734Z] [16:57:45] [127.0.0.1][3139d7d1][ManagementConnection] New connection established.
[2025-05-08T16:57:45.777Z] [16:57:45] Log level changed to info
[2025-05-08T16:57:46.020Z] Port forwarding 54676 > 41219 > 41219 stderr: Connection established
[2025-05-08T16:57:46.619Z] [16:57:46] [127.0.0.1][65e955f2][ExtensionHostConnection] New connection established.
[2025-05-08T16:57:46.640Z] [16:57:46] [127.0.0.1][65e955f2][ExtensionHostConnection] <468> Launched Extension Host Process.
[2025-05-08T16:58:07.285Z] Start: Run in container: cat /proc/582/environ
[2025-05-08T16:58:07.306Z] Stop (21 ms): Run in container: cat /proc/582/environ
[2025-05-08T16:58:07.307Z] Start: Run in container: cat /proc/585/environ
[2025-05-08T16:58:07.318Z] Stop (11 ms): Run in container: cat /proc/585/environ
[2025-05-08T17:03:34.319Z] Start: Run in container: cat /proc/1445/environ
[2025-05-08T17:03:34.325Z] Stop (6 ms): Run in container: cat /proc/1445/environ
[2025-05-08T21:07:37.970Z] Port forwarding 54676 > 41219 > 41219: Local close
[2025-05-08T21:07:37.975Z] Port forwarding 54658 > 41219 > 41219: Local close
[2025-05-08T21:07:38.036Z] Port forwarding 54658 > 41219 > 41219 stderr: Remote stdin close
[2025-05-08T21:07:38.047Z] Port forwarding 54676 > 41219 > 41219 stderr: Remote stdin close
[2025-05-08T21:07:38.071Z] Start: Reconnection attempt 1
[2025-05-08T21:07:38.071Z] CLIHost does not need reconnection.
[2025-05-08T21:07:38.074Z] Start: Run: docker inspect --type container 7d0ecf221e567cbe147f07a7b34eeab9c66ac9e17171ca253542d6499acaa36e
[2025-05-08T21:07:38.113Z] Stop (14992970 ms): Run in container: /home/python/.vscode-server/bin/17baf841131aa23349f217ca7c570c76ee87b957/node -e 
[2025-05-08T21:07:38.114Z] Port forwarding 54658 > 41219 > 41219 terminated by extension (closed) with code 0 and signal null.
[2025-05-08T21:07:38.114Z] Stop (14992428 ms): Run in container: /home/python/.vscode-server/bin/17baf841131aa23349f217ca7c570c76ee87b957/node -e 
[2025-05-08T21:07:38.121Z] Port forwarding 54676 > 41219 > 41219 terminated by extension (closed) with code 0 and signal null.
[2025-05-08T21:07:38.145Z] Stop (71 ms): Run: docker inspect --type container 7d0ecf221e567cbe147f07a7b34eeab9c66ac9e17171ca253542d6499acaa36e
[2025-05-08T21:07:38.146Z] Stop (75 ms): Reconnection attempt 1
[2025-05-08T21:07:38.187Z] Port forwarding connection from 37156 > 41219 > 41219 in the container.
[2025-05-08T21:07:38.189Z] Start: Run in container: /home/python/.vscode-server/bin/17baf841131aa23349f217ca7c570c76ee87b957/node -e 
[2025-05-08T21:22:20.856Z] Port forwarding 37156 > 41219 > 41219 stderr: Connection established
[2025-05-08T21:22:21.080Z] Port forwarding connection from 37176 > 41219 > 41219 in the container.
[2025-05-08T21:22:21.099Z] Start: Run in container: /home/python/.vscode-server/bin/17baf841131aa23349f217ca7c570c76ee87b957/node -e 
[2025-05-08T21:22:21.410Z] [21:22:21] [127.0.0.1][3139d7d1][ManagementConnection] The client has reconnected.
[2025-05-08T21:22:21.450Z] Port forwarding 37176 > 41219 > 41219 stderr: Connection established
[2025-05-08T21:22:21.497Z] [21:22:21] [127.0.0.1][65e955f2][ExtensionHostConnection] The client has reconnected.
[2025-05-08T22:01:08.291Z] Port forwarding 37176 > 41219 > 41219: Local close
[2025-05-08T22:01:08.301Z] Port forwarding 37156 > 41219 > 41219: Local close
[2025-05-08T22:01:08.321Z] Port forwarding 37156 > 41219 > 41219 stderr: Remote stdin close
[2025-05-08T22:01:08.335Z] Port forwarding 37176 > 41219 > 41219 stderr: Remote stdin close
[2025-05-08T22:01:08.350Z] Start: Reconnection attempt 2
[2025-05-08T22:01:08.354Z] CLIHost does not need reconnection.
[2025-05-08T22:01:08.357Z] Start: Run: docker inspect --type container 7d0ecf221e567cbe147f07a7b34eeab9c66ac9e17171ca253542d6499acaa36e
[2025-05-08T22:01:08.385Z] Stop (2327286 ms): Run in container: /home/python/.vscode-server/bin/17baf841131aa23349f217ca7c570c76ee87b957/node -e 
[2025-05-08T22:01:08.386Z] Port forwarding 37176 > 41219 > 41219 terminated by extension (closed) with code 0 and signal null.
[2025-05-08T22:01:08.391Z] Stop (3210202 ms): Run in container: /home/python/.vscode-server/bin/17baf841131aa23349f217ca7c570c76ee87b957/node -e 
[2025-05-08T22:01:08.394Z] Port forwarding 37156 > 41219 > 41219 terminated by extension (closed) with code 0 and signal null.
[2025-05-08T22:01:08.446Z] Stop (89 ms): Run: docker inspect --type container 7d0ecf221e567cbe147f07a7b34eeab9c66ac9e17171ca253542d6499acaa36e
[2025-05-08T22:01:08.447Z] Stop (97 ms): Reconnection attempt 2
[2025-05-08T22:01:08.470Z] Port forwarding connection from 46216 > 41219 > 41219 in the container.
[2025-05-08T22:01:08.471Z] Start: Run in container: /home/python/.vscode-server/bin/17baf841131aa23349f217ca7c570c76ee87b957/node -e 
[2025-05-09T00:20:10.967Z] [00:20:10] No ptyHost heartbeat after 6 seconds
[2025-05-09T00:20:10.969Z] Port forwarding 46216 > 41219 > 41219 stderr: Connection established
[2025-05-09T00:20:11.035Z] Port forwarding connection from 59502 > 41219 > 41219 in the container.
[2025-05-09T00:20:11.045Z] Start: Run in container: /home/python/.vscode-server/bin/17baf841131aa23349f217ca7c570c76ee87b957/node -e 
[2025-05-09T00:20:11.372Z] [00:20:11] [127.0.0.1][3139d7d1][ManagementConnection] The client has reconnected.
[2025-05-09T00:20:11.538Z] Port forwarding 59502 > 41219 > 41219 stderr: Connection established
[2025-05-09T00:20:11.573Z] [00:20:11] [127.0.0.1][65e955f2][ExtensionHostConnection] The client has reconnected.
[2025-05-09T01:38:18.149Z] Port forwarding 59502 > 41219 > 41219: Local close
[2025-05-09T01:38:18.151Z] Port forwarding 46216 > 41219 > 41219: Local close
[2025-05-09T01:38:18.176Z] Port forwarding 59502 > 41219 > 41219 stderr: Remote stdin close
[2025-05-09T01:38:18.186Z] Start: Reconnection attempt 3
[2025-05-09T01:38:18.187Z] CLIHost does not need reconnection.
[2025-05-09T01:38:18.193Z] Start: Run: docker inspect --type container 7d0ecf221e567cbe147f07a7b34eeab9c66ac9e17171ca253542d6499acaa36e
[2025-05-09T01:38:18.236Z] Port forwarding 46216 > 41219 > 41219 stderr: Remote stdin close
[2025-05-09T01:38:18.236Z] Port forwarding connection from 53670 > 41219 > 41219 in the container.
[2025-05-09T01:38:18.237Z] Start: Run in container: /home/python/.vscode-server/bin/17baf841131aa23349f217ca7c570c76ee87b957/node -e 
[2025-05-09T01:38:18.299Z] Stop (4687254 ms): Run in container: /home/python/.vscode-server/bin/17baf841131aa23349f217ca7c570c76ee87b957/node -e 
[2025-05-09T01:38:18.299Z] Port forwarding 59502 > 41219 > 41219 terminated by extension (closed) with code 0 and signal null.
[2025-05-09T01:38:18.314Z] Stop (13029843 ms): Run in container: /home/python/.vscode-server/bin/17baf841131aa23349f217ca7c570c76ee87b957/node -e 
[2025-05-09T01:38:18.315Z] Port forwarding 46216 > 41219 > 41219 terminated by extension (closed) with code 0 and signal null.
[2025-05-09T01:38:18.343Z] Stop (150 ms): Run: docker inspect --type container 7d0ecf221e567cbe147f07a7b34eeab9c66ac9e17171ca253542d6499acaa36e
[2025-05-09T01:38:18.343Z] Destroying 1 leftover connections to forwarded port 41219.
[2025-05-09T01:38:18.344Z] Stop (158 ms): Reconnection attempt 3
[2025-05-09T01:38:18.351Z] Port forwarding 53670 > 41219 > 41219: Local close
[2025-05-09T01:38:18.391Z] Port forwarding connection from 53682 > 41219 > 41219 in the container.
[2025-05-09T01:38:18.391Z] Start: Run in container: /home/python/.vscode-server/bin/17baf841131aa23349f217ca7c570c76ee87b957/node -e 
[2025-05-09T01:38:18.584Z] Port forwarding 53670 > 41219 > 41219 stderr: Connection established
[2025-05-09T10:52:04.929Z] Port forwarding 53670 > 41219 > 41219 stderr: Remote stdin close
[2025-05-09T10:52:04.994Z] Port forwarding 53682 > 41219 > 41219 stderr: Connection established
[2025-05-09T10:52:05.029Z] Stop (33226792 ms): Run in container: /home/python/.vscode-server/bin/17baf841131aa23349f217ca7c570c76ee87b957/node -e 
[2025-05-09T10:52:05.029Z] Port forwarding 53670 > 41219 > 41219 terminated by extension (closed) with code 0 and signal null.
[2025-05-09T10:52:05.394Z] [10:52:05] [127.0.0.1][3139d7d1][ManagementConnection] The client has reconnected.
[2025-05-09T10:52:08.203Z] Port forwarding connection from 46528 > 41219 > 41219 in the container.
[2025-05-09T10:52:08.205Z] Start: Run in container: /home/python/.vscode-server/bin/17baf841131aa23349f217ca7c570c76ee87b957/node -e 
[2025-05-09T10:52:08.385Z] Port forwarding 46528 > 41219 > 41219 stderr: Connection established
[2025-05-09T10:52:08.397Z] [10:52:08] [127.0.0.1][65e955f2][ExtensionHostConnection] The client has reconnected.
[2025-05-09T15:16:31.353Z] Port forwarding 53682 > 41219 > 41219: Local close
[2025-05-09T15:16:31.354Z] Port forwarding 46528 > 41219 > 41219: Local close
[2025-05-09T15:16:31.368Z] Port forwarding 46528 > 41219 > 41219 stderr: Remote stdin close
[2025-05-09T15:16:31.368Z] Port forwarding 53682 > 41219 > 41219 stderr: Remote stdin close
[2025-05-09T15:16:31.384Z] Stop (15863179 ms): Run in container: /home/python/.vscode-server/bin/17baf841131aa23349f217ca7c570c76ee87b957/node -e 
[2025-05-09T15:16:31.385Z] Port forwarding 46528 > 41219 > 41219 terminated by extension (closed) with code 0 and signal null.
[2025-05-09T15:16:31.398Z] Start: Reconnection attempt 4
[2025-05-09T15:16:31.399Z] CLIHost does not need reconnection.
[2025-05-09T15:16:31.407Z] Start: Run: docker inspect --type container 7d0ecf221e567cbe147f07a7b34eeab9c66ac9e17171ca253542d6499acaa36e
[2025-05-09T15:16:31.424Z] Stop (49093033 ms): Run in container: /home/python/.vscode-server/bin/17baf841131aa23349f217ca7c570c76ee87b957/node -e 
[2025-05-09T15:16:31.425Z] Port forwarding 53682 > 41219 > 41219 terminated by extension (closed) with code 0 and signal null.
[2025-05-09T15:16:31.431Z] Port forwarding connection from 52028 > 41219 > 41219 in the container.
[2025-05-09T15:16:31.431Z] Start: Run in container: /home/python/.vscode-server/bin/17baf841131aa23349f217ca7c570c76ee87b957/node -e 
[2025-05-09T15:16:31.477Z] Stop (70 ms): Run: docker inspect --type container 7d0ecf221e567cbe147f07a7b34eeab9c66ac9e17171ca253542d6499acaa36e
[2025-05-09T15:16:31.478Z] Destroying 1 leftover connections to forwarded port 41219.
[2025-05-09T15:16:31.478Z] Stop (80 ms): Reconnection attempt 4
[2025-05-09T15:16:31.483Z] Port forwarding 52028 > 41219 > 41219: Local close
[2025-05-09T15:16:31.508Z] Port forwarding connection from 52032 > 41219 > 41219 in the container.
[2025-05-09T15:16:31.509Z] Start: Run in container: /home/python/.vscode-server/bin/17baf841131aa23349f217ca7c570c76ee87b957/node -e 
[2025-05-09T19:10:27.762Z] [19:10:27] No ptyHost heartbeat after 6 seconds
[2025-05-09T19:10:27.776Z] Port forwarding 52028 > 41219 > 41219 stderr: Connection established
Remote stdin close
[2025-05-09T19:10:27.856Z] Stop (14036425 ms): Run in container: /home/python/.vscode-server/bin/17baf841131aa23349f217ca7c570c76ee87b957/node -e 
[2025-05-09T19:10:27.857Z] Port forwarding 52028 > 41219 > 41219 terminated by extension (closed) with code 0 and signal null.
[2025-05-09T19:10:28.093Z] Port forwarding 52032 > 41219 > 41219 stderr: Connection established
[2025-05-09T19:10:28.238Z] [19:10:28] [127.0.0.1][3139d7d1][ManagementConnection] The client has reconnected.
[2025-05-09T19:10:30.319Z] Port forwarding connection from 60588 > 41219 > 41219 in the container.
[2025-05-09T19:10:30.322Z] Start: Run in container: /home/python/.vscode-server/bin/17baf841131aa23349f217ca7c570c76ee87b957/node -e 
[2025-05-09T19:10:30.515Z] Port forwarding 60588 > 41219 > 41219 stderr: Connection established
[2025-05-09T19:10:30.533Z] [19:10:30] [127.0.0.1][65e955f2][ExtensionHostConnection] The client has reconnected.
