[2025-05-08T16:56:26.229Z] Initializing configuration support...
[2025-05-08T16:56:26.235Z] Internal initialization of dev container support package...
[2025-05-08T16:56:26.229Z] Dev Containers 0.409.0 in VS Code 1.99.3 (17baf841131aa23349f217ca7c570c76ee87b957).
[2025-05-08T16:57:32.991Z] Start: Run: docker version --format {{json .}}
[2025-05-08T16:57:33.032Z] {"Client":{"Version":"28.0.4","ApiVersion":"1.48","DefaultAPIVersion":"1.48","GitCommit":"b8034c0ed7","GoVersion":"go1.24.1","Os":"linux","Arch":"amd64","BuildTime":"Thu Apr  3 10:43:40 2025","Context":"default"},"Server":{"Platform":{"Name":""},"Components":[{"Name":"Engine","Version":"28.0.4","Details":{"ApiVersion":"1.48","Arch":"amd64","BuildTime":"Thu Apr  3 10:43:40 2025","Experimental":"false","GitCommit":"6430e49a55","GoVersion":"go1.24.1","KernelVersion":"6.12.21-4-MANJARO","MinAPIVersion":"1.24","Os":"linux"}},{"Name":"containerd","Version":"v2.0.4","Details":{"GitCommit":"1a43cb6a1035441f9aca8f5666a9b3ef9e70ab20.m"}},{"Name":"runc","Version":"1.2.6","Details":{"GitCommit":""}},{"Name":"docker-init","Version":"0.19.0","Details":{"GitCommit":"de40ad0"}}],"Version":"28.0.4","ApiVersion":"1.48","MinAPIVersion":"1.24","GitCommit":"6430e49a55","GoVersion":"go1.24.1","Os":"linux","Arch":"amd64","KernelVersion":"6.12.21-4-MANJARO","BuildTime":"2025-04-03T10:43:40.000000000+00:00"}}
[2025-05-08T16:57:33.034Z] Stop (43 ms): Run: docker version --format {{json .}}
[2025-05-08T16:57:33.060Z] Running Dev Containers CLI:   read-configuration --workspace-folder /home/hiansdt/Documents/Projects/c3labs/vparking/VirtualTruck-backend --log-level debug --log-format json --config /home/hiansdt/Documents/Projects/c3labs/vparking/VirtualTruck-backend/.devcontainer/devcontainer.json --include-merged-configuration --mount-workspace-git-root
[2025-05-08T16:57:33.062Z] Start: Run: /opt/visual-studio-code/code /home/hiansdt/.vscode/extensions/ms-vscode-remote.remote-containers-0.409.0/dist/spec-node/devContainersSpecCLI.js read-configuration --workspace-folder /home/hiansdt/Documents/Projects/c3labs/vparking/VirtualTruck-backend --log-level debug --log-format json --config /home/hiansdt/Documents/Projects/c3labs/vparking/VirtualTruck-backend/.devcontainer/devcontainer.json --include-merged-configuration --mount-workspace-git-root
[2025-05-08T16:57:33.610Z] @devcontainers/cli 0.75.0. Node.js v20.18.3. linux 6.12.21-4-MANJARO x64.
[2025-05-08T16:57:33.610Z] Start: Run: docker ps -q -a --filter label=devcontainer.local_folder=/home/hiansdt/Documents/Projects/c3labs/vparking/VirtualTruck-backend --filter label=devcontainer.config_file=/home/hiansdt/Documents/Projects/c3labs/vparking/VirtualTruck-backend/.devcontainer/devcontainer.json
[2025-05-08T16:57:33.683Z] Stop (73 ms): Run: docker ps -q -a --filter label=devcontainer.local_folder=/home/hiansdt/Documents/Projects/c3labs/vparking/VirtualTruck-backend --filter label=devcontainer.config_file=/home/hiansdt/Documents/Projects/c3labs/vparking/VirtualTruck-backend/.devcontainer/devcontainer.json
[2025-05-08T16:57:33.684Z] Start: Run: docker inspect --type container 7d0ecf221e56
[2025-05-08T16:57:33.727Z] Stop (43 ms): Run: docker inspect --type container 7d0ecf221e56
[2025-05-08T16:57:33.763Z] Stop (701 ms): Run: /opt/visual-studio-code/code /home/hiansdt/.vscode/extensions/ms-vscode-remote.remote-containers-0.409.0/dist/spec-node/devContainersSpecCLI.js read-configuration --workspace-folder /home/hiansdt/Documents/Projects/c3labs/vparking/VirtualTruck-backend --log-level debug --log-format json --config /home/hiansdt/Documents/Projects/c3labs/vparking/VirtualTruck-backend/.devcontainer/devcontainer.json --include-merged-configuration --mount-workspace-git-root
[2025-05-08T16:57:33.917Z] Start: Run: docker compose version --short
[2025-05-08T16:57:34.409Z] Stop (492 ms): Run: docker compose version --short
[2025-05-08T16:57:34.410Z] Docker Compose version: 2.34.0
[2025-05-08T16:57:34.410Z] Start: Run: docker compose version --short
[2025-05-08T16:57:34.598Z] Stop (188 ms): Run: docker compose version --short
[2025-05-08T16:57:34.598Z] 2.34.0
[2025-05-08T16:57:34.599Z] 
[2025-05-08T16:57:34.601Z] Start: Run: docker ps -q -a --filter label=devcontainer.local_folder=/home/hiansdt/Documents/Projects/c3labs/vparking/VirtualTruck-backend --filter label=devcontainer.config_file=/home/hiansdt/Documents/Projects/c3labs/vparking/VirtualTruck-backend/.devcontainer/devcontainer.json
[2025-05-08T16:57:34.648Z] Stop (47 ms): Run: docker ps -q -a --filter label=devcontainer.local_folder=/home/hiansdt/Documents/Projects/c3labs/vparking/VirtualTruck-backend --filter label=devcontainer.config_file=/home/hiansdt/Documents/Projects/c3labs/vparking/VirtualTruck-backend/.devcontainer/devcontainer.json
[2025-05-08T16:57:34.649Z] Start: Run: docker inspect --type container 7d0ecf221e56
[2025-05-08T16:57:34.685Z] Stop (36 ms): Run: docker inspect --type container 7d0ecf221e56
