2025-06-05 15:07:42.019 [info] ComputeTargetPlatform: linux-x64
2025-06-05 15:07:44.280 [info] ComputeTargetPlatform: linux-x64
2025-06-05 15:09:12.653 [info] [SharedProcessTunnelService] Created tunnel 1: 127.0.0.1:8000 (local) to 127.0.0.1:8000 (remote).
2025-06-05 15:11:50.198 [info] Creating a socket (renderer-Tunnel-03657082-d257-414e-a30b-0d6f6d23f8f3)...
2025-06-05 15:11:50.278 [info] Creating a socket (renderer-Tunnel-03657082-d257-414e-a30b-0d6f6d23f8f3) was successful after 81 ms.
2025-06-05 15:11:50.844 [info] Creating a socket (renderer-Tunnel-6e270ac8-b848-471a-a2fc-2a7c27aa6443)...
2025-06-05 15:11:50.844 [info] Creating a socket (renderer-Tunnel-255403a0-5473-48bc-addf-b177fbbc7192)...
2025-06-05 15:11:50.845 [info] Creating a socket (renderer-Tunnel-200510ec-ba63-4bd6-a9f6-b62b99072f66)...
2025-06-05 15:11:50.927 [info] Creating a socket (renderer-Tunnel-6e270ac8-b848-471a-a2fc-2a7c27aa6443) was successful after 83 ms.
2025-06-05 15:11:50.932 [info] Creating a socket (renderer-Tunnel-200510ec-ba63-4bd6-a9f6-b62b99072f66) was successful after 88 ms.
2025-06-05 15:11:50.939 [info] Creating a socket (renderer-Tunnel-255403a0-5473-48bc-addf-b177fbbc7192) was successful after 94 ms.
2025-06-05 15:12:08.995 [info] Creating a socket (renderer-Tunnel-e94a9a1f-c183-40a3-9d60-db7cdc287481)...
2025-06-05 15:12:09.080 [info] Creating a socket (renderer-Tunnel-e94a9a1f-c183-40a3-9d60-db7cdc287481) was successful after 84 ms.
2025-06-05 15:12:09.262 [info] Creating a socket (renderer-Tunnel-0235cf5b-16aa-4acc-bd7f-bedc5308d789)...
2025-06-05 15:12:09.304 [info] Creating a socket (renderer-Tunnel-78cec95d-dbcd-42af-a83c-c9a2882175bc)...
2025-06-05 15:12:09.337 [info] Creating a socket (renderer-Tunnel-0235cf5b-16aa-4acc-bd7f-bedc5308d789) was successful after 76 ms.
2025-06-05 15:12:09.381 [info] Creating a socket (renderer-Tunnel-78cec95d-dbcd-42af-a83c-c9a2882175bc) was successful after 77 ms.
2025-06-05 15:12:11.083 [info] Creating a socket (renderer-Tunnel-036d64f2-516f-4ee0-8fe5-62e0b31eed8e)...
2025-06-05 15:12:11.175 [info] Creating a socket (renderer-Tunnel-036d64f2-516f-4ee0-8fe5-62e0b31eed8e) was successful after 93 ms.
2025-06-05 15:12:11.924 [info] Creating a socket (renderer-Tunnel-45ad71da-ce22-4904-9267-6a254a1d521b)...
2025-06-05 15:12:11.925 [info] Creating a socket (renderer-Tunnel-f3b8ed7d-b55f-4c88-be11-79d1caa93f8f)...
2025-06-05 15:12:11.946 [info] Creating a socket (renderer-Tunnel-a2692370-45d9-4f36-9f06-531e7bcd9e28)...
2025-06-05 15:12:12.015 [info] Creating a socket (renderer-Tunnel-45ad71da-ce22-4904-9267-6a254a1d521b) was successful after 91 ms.
2025-06-05 15:12:12.018 [info] Creating a socket (renderer-Tunnel-f3b8ed7d-b55f-4c88-be11-79d1caa93f8f) was successful after 94 ms.
2025-06-05 15:12:12.031 [info] Creating a socket (renderer-Tunnel-a2692370-45d9-4f36-9f06-531e7bcd9e28) was successful after 84 ms.
2025-06-05 15:12:12.506 [info] Creating a socket (renderer-Tunnel-c4d6c266-4f0e-4035-b636-9b5b2d8e8347)...
2025-06-05 15:12:12.610 [info] Creating a socket (renderer-Tunnel-c4d6c266-4f0e-4035-b636-9b5b2d8e8347) was successful after 104 ms.
2025-06-05 15:12:15.627 [info] Creating a socket (renderer-Tunnel-7aff554d-992b-41b7-b16b-e9f46a118f86)...
2025-06-05 15:12:15.707 [info] Creating a socket (renderer-Tunnel-7aff554d-992b-41b7-b16b-e9f46a118f86) was successful after 81 ms.
2025-06-05 15:13:36.684 [info] [SharedProcessTunnelService] Disposing tunnel 1.
