2025-05-23 10:55:48.561 [info] Extension host with pid 2417 started
2025-05-23 10:55:48.561 [info] Skipping acquiring lock for /home/hiansdt/.config/Code/User/workspaceStorage/856fed633f63c3bc7a57126130423c5f.
2025-05-23 10:55:48.635 [info] ExtensionService#_doActivateExtension vscode.github-authentication, startup: false, activationEvent: 'onAuthenticationRequest:github'
2025-05-23 10:55:48.691 [info] ExtensionService#_doActivateExtension vscode.git-base, startup: true, activationEvent: '*', root cause: vscode.git
2025-05-23 10:55:48.695 [info] ExtensionService#_doActivateExtension ms-vscode-remote.remote-containers, startup: true, activationEvent: 'workspaceContains:.devcontainer/devcontainer.json'
2025-05-23 10:55:48.837 [info] ExtensionService#_doActivateExtension vscode.git, startup: true, activationEvent: '*'
2025-05-23 10:55:48.871 [info] ExtensionService#_doActivateExtension vscode.github, startup: true, activationEvent: '*'
2025-05-23 10:55:48.948 [info] Eager extensions activated
2025-05-23 10:55:48.968 [info] ExtensionService#_doActivateExtension vscode.debug-auto-launch, startup: false, activationEvent: 'onStartupFinished'
2025-05-23 10:55:48.971 [info] ExtensionService#_doActivateExtension vscode.merge-conflict, startup: false, activationEvent: 'onStartupFinished'
2025-05-23 10:55:49.120 [info] ExtensionService#_doActivateExtension vscode.emmet, startup: false, activationEvent: 'onLanguage'
2025-05-23 10:55:49.205 [info] ExtensionService#_doActivateExtension vscode.configuration-editing, startup: false, activationEvent: 'onLanguage:jsonc'
2025-05-23 10:55:49.214 [info] ExtensionService#_doActivateExtension vscode.json-language-features, startup: false, activationEvent: 'onLanguage:jsonc'
2025-05-23 10:55:49.260 [info] ExtensionService#_doActivateExtension vscode.typescript-language-features, startup: false, activationEvent: 'onLanguage:jsonc'
2025-05-23 10:56:27.699 [info] Extension host terminating: renderer closed the MessagePort
2025-05-23 10:56:27.716 [info] Extension host with pid 2417 exiting with code 0
2025-05-23 10:56:28.470 [info] Extension host with pid 3888 started
2025-05-23 10:56:28.470 [info] Skipping acquiring lock for /home/hiansdt/.config/Code/User/workspaceStorage/710a4a868fb80b152c9d674105921fe7.
2025-05-23 10:56:28.470 [info] $getCanonicalURI invoked for authority (dev-container)
2025-05-23 10:56:28.476 [info] ExtensionService#_doActivateExtension ms-vscode-remote.remote-containers, startup: false, activationEvent: 'onResolveRemoteAuthority:dev-container'
2025-05-23 10:56:28.613 [info] [resolveAuthority(dev-container,1)][0ms] activating remote resolvers dev-container+7b22686f737450617468223a222f686f6d652f6869616e7364742f70726f6a656374732f63336c6162732f766974612f656e636869726964696f6e2d6261636b656e64222c226c6f63616c446f636b6572223a66616c73652c22636f6e66696746696c65223a7b22246d6964223a312c22667350617468223a222f686f6d652f6869616e7364742f70726f6a656374732f63336c6162732f766974612f656e636869726964696f6e2d6261636b656e642f2e646576636f6e7461696e65722f646576636f6e7461696e65722e6a736f6e222c2265787465726e616c223a2266696c653a2f2f2f686f6d652f6869616e7364742f70726f6a656374732f63336c6162732f766974612f656e636869726964696f6e2d6261636b656e642f2e646576636f6e7461696e65722f646576636f6e7461696e65722e6a736f6e222c2270617468223a222f686f6d652f6869616e7364742f70726f6a656374732f63336c6162732f766974612f656e636869726964696f6e2d6261636b656e642f2e646576636f6e7461696e65722f646576636f6e7461696e65722e6a736f6e222c22736368656d65223a2266696c65227d7d
2025-05-23 10:56:28.613 [info] [resolveAuthority(dev-container,1)][0ms] activating resolver for dev-container+7b22686f737450617468223a222f686f6d652f6869616e7364742f70726f6a656374732f63336c6162732f766974612f656e636869726964696f6e2d6261636b656e64222c226c6f63616c446f636b6572223a66616c73652c22636f6e66696746696c65223a7b22246d6964223a312c22667350617468223a222f686f6d652f6869616e7364742f70726f6a656374732f63336c6162732f766974612f656e636869726964696f6e2d6261636b656e642f2e646576636f6e7461696e65722f646576636f6e7461696e65722e6a736f6e222c2265787465726e616c223a2266696c653a2f2f2f686f6d652f6869616e7364742f70726f6a656374732f63336c6162732f766974612f656e636869726964696f6e2d6261636b656e642f2e646576636f6e7461696e65722f646576636f6e7461696e65722e6a736f6e222c2270617468223a222f686f6d652f6869616e7364742f70726f6a656374732f63336c6162732f766974612f656e636869726964696f6e2d6261636b656e642f2e646576636f6e7461696e65722f646576636f6e7461696e65722e6a736f6e222c22736368656d65223a2266696c65227d7d...
2025-05-23 10:56:28.614 [info] [resolveAuthority(dev-container,1)][1ms] invoking final resolve()...
2025-05-23 10:56:29.614 [info] [resolveAuthority(dev-container,1)][1001ms] waiting...
2025-05-23 10:56:30.615 [info] [resolveAuthority(dev-container,1)][2002ms] waiting...
2025-05-23 10:56:31.616 [info] [resolveAuthority(dev-container,1)][3003ms] waiting...
2025-05-23 10:56:32.616 [info] [resolveAuthority(dev-container,1)][4003ms] waiting...
2025-05-23 10:56:33.616 [info] [resolveAuthority(dev-container,1)][5003ms] waiting...
2025-05-23 10:56:34.617 [info] [resolveAuthority(dev-container,1)][6003ms] waiting...
2025-05-23 10:56:35.616 [info] [resolveAuthority(dev-container,1)][7003ms] waiting...
2025-05-23 10:56:36.616 [info] [resolveAuthority(dev-container,1)][8003ms] waiting...
2025-05-23 10:56:37.616 [info] [resolveAuthority(dev-container,1)][9003ms] waiting...
2025-05-23 10:56:38.616 [info] [resolveAuthority(dev-container,1)][10003ms] waiting...
2025-05-23 10:56:39.616 [info] [resolveAuthority(dev-container,1)][11003ms] waiting...
2025-05-23 10:56:40.617 [info] [resolveAuthority(dev-container,1)][12004ms] waiting...
2025-05-23 10:56:41.617 [info] [resolveAuthority(dev-container,1)][13004ms] waiting...
2025-05-23 10:56:42.617 [info] [resolveAuthority(dev-container,1)][14004ms] waiting...
2025-05-23 10:56:43.617 [info] [resolveAuthority(dev-container,1)][15004ms] waiting...
2025-05-23 10:56:44.618 [info] [resolveAuthority(dev-container,1)][16005ms] waiting...
2025-05-23 10:56:45.619 [info] [resolveAuthority(dev-container,1)][17006ms] waiting...
2025-05-23 10:56:46.620 [info] [resolveAuthority(dev-container,1)][18007ms] waiting...
2025-05-23 10:56:47.620 [info] [resolveAuthority(dev-container,1)][19007ms] waiting...
2025-05-23 10:56:48.621 [info] [resolveAuthority(dev-container,1)][20008ms] waiting...
2025-05-23 10:56:49.621 [info] [resolveAuthority(dev-container,1)][21008ms] waiting...
2025-05-23 10:56:50.621 [info] [resolveAuthority(dev-container,1)][22008ms] waiting...
2025-05-23 10:56:51.622 [info] [resolveAuthority(dev-container,1)][23009ms] waiting...
2025-05-23 10:56:52.622 [info] [resolveAuthority(dev-container,1)][24009ms] waiting...
2025-05-23 10:56:53.622 [info] [resolveAuthority(dev-container,1)][25009ms] waiting...
2025-05-23 10:56:54.622 [info] [resolveAuthority(dev-container,1)][26009ms] waiting...
2025-05-23 10:56:55.623 [info] [resolveAuthority(dev-container,1)][27010ms] waiting...
2025-05-23 10:56:56.623 [info] [resolveAuthority(dev-container,1)][28010ms] waiting...
2025-05-23 10:56:57.624 [info] [resolveAuthority(dev-container,1)][29011ms] waiting...
2025-05-23 10:56:58.624 [info] [resolveAuthority(dev-container,1)][30011ms] waiting...
2025-05-23 10:56:59.624 [info] [resolveAuthority(dev-container,1)][31011ms] waiting...
2025-05-23 10:57:00.624 [info] [resolveAuthority(dev-container,1)][32011ms] waiting...
2025-05-23 10:57:01.624 [info] [resolveAuthority(dev-container,1)][33011ms] waiting...
2025-05-23 10:57:02.624 [info] [resolveAuthority(dev-container,1)][34011ms] waiting...
2025-05-23 10:57:03.624 [info] [resolveAuthority(dev-container,1)][35011ms] waiting...
2025-05-23 10:57:04.625 [info] [resolveAuthority(dev-container,1)][36012ms] waiting...
2025-05-23 10:57:05.626 [info] [resolveAuthority(dev-container,1)][37012ms] waiting...
2025-05-23 10:57:06.626 [info] [resolveAuthority(dev-container,1)][38013ms] waiting...
2025-05-23 10:57:07.627 [info] [resolveAuthority(dev-container,1)][39014ms] waiting...
2025-05-23 10:57:08.627 [info] [resolveAuthority(dev-container,1)][40014ms] waiting...
2025-05-23 10:57:09.627 [info] [resolveAuthority(dev-container,1)][41014ms] waiting...
2025-05-23 10:57:10.628 [info] [resolveAuthority(dev-container,1)][42014ms] waiting...
2025-05-23 10:57:11.628 [info] [resolveAuthority(dev-container,1)][43015ms] waiting...
2025-05-23 10:57:12.629 [info] [resolveAuthority(dev-container,1)][44016ms] waiting...
2025-05-23 10:57:13.630 [info] [resolveAuthority(dev-container,1)][45017ms] waiting...
2025-05-23 10:57:14.631 [info] [resolveAuthority(dev-container,1)][46017ms] waiting...
2025-05-23 10:57:15.631 [info] [resolveAuthority(dev-container,1)][47018ms] waiting...
2025-05-23 10:57:16.632 [info] [resolveAuthority(dev-container,1)][48019ms] waiting...
2025-05-23 10:57:17.632 [info] [resolveAuthority(dev-container,1)][49019ms] waiting...
2025-05-23 10:57:18.632 [info] [resolveAuthority(dev-container,1)][50019ms] waiting...
2025-05-23 10:57:19.632 [info] [resolveAuthority(dev-container,1)][51019ms] waiting...
2025-05-23 10:57:20.633 [info] [resolveAuthority(dev-container,1)][52020ms] waiting...
2025-05-23 10:57:21.634 [info] [resolveAuthority(dev-container,1)][53021ms] waiting...
2025-05-23 10:57:22.634 [info] [resolveAuthority(dev-container,1)][54021ms] waiting...
2025-05-23 10:57:23.634 [info] [resolveAuthority(dev-container,1)][55021ms] waiting...
2025-05-23 10:57:24.635 [info] [resolveAuthority(dev-container,1)][56021ms] waiting...
2025-05-23 10:57:25.635 [info] [resolveAuthority(dev-container,1)][57022ms] waiting...
2025-05-23 10:57:26.635 [info] [resolveAuthority(dev-container,1)][58022ms] waiting...
2025-05-23 10:57:27.635 [info] [resolveAuthority(dev-container,1)][59022ms] waiting...
2025-05-23 10:57:28.636 [info] [resolveAuthority(dev-container,1)][60023ms] waiting...
2025-05-23 10:57:29.637 [info] [resolveAuthority(dev-container,1)][61024ms] waiting...
2025-05-23 10:57:30.637 [info] [resolveAuthority(dev-container,1)][62024ms] waiting...
2025-05-23 10:57:31.637 [info] [resolveAuthority(dev-container,1)][63024ms] waiting...
2025-05-23 10:57:32.637 [info] [resolveAuthority(dev-container,1)][64024ms] waiting...
2025-05-23 10:57:33.638 [info] [resolveAuthority(dev-container,1)][65024ms] waiting...
2025-05-23 10:57:34.638 [info] [resolveAuthority(dev-container,1)][66025ms] waiting...
2025-05-23 10:57:35.638 [info] [resolveAuthority(dev-container,1)][67025ms] waiting...
2025-05-23 10:57:36.638 [info] [resolveAuthority(dev-container,1)][68025ms] waiting...
2025-05-23 10:57:37.638 [info] [resolveAuthority(dev-container,1)][69025ms] waiting...
2025-05-23 10:57:38.638 [info] [resolveAuthority(dev-container,1)][70025ms] waiting...
2025-05-23 10:57:39.638 [info] [resolveAuthority(dev-container,1)][71025ms] waiting...
2025-05-23 10:57:40.639 [info] [resolveAuthority(dev-container,1)][72026ms] waiting...
2025-05-23 10:57:41.639 [info] [resolveAuthority(dev-container,1)][73026ms] waiting...
2025-05-23 10:57:42.639 [info] [resolveAuthority(dev-container,1)][74026ms] waiting...
2025-05-23 10:57:43.639 [info] [resolveAuthority(dev-container,1)][75026ms] waiting...
2025-05-23 10:57:44.640 [info] [resolveAuthority(dev-container,1)][76026ms] waiting...
2025-05-23 10:57:45.639 [info] [resolveAuthority(dev-container,1)][77026ms] waiting...
2025-05-23 10:57:46.639 [info] [resolveAuthority(dev-container,1)][78026ms] waiting...
2025-05-23 10:57:47.639 [info] [resolveAuthority(dev-container,1)][79026ms] waiting...
2025-05-23 10:57:48.639 [info] [resolveAuthority(dev-container,1)][80026ms] waiting...
2025-05-23 10:57:49.639 [info] [resolveAuthority(dev-container,1)][81026ms] waiting...
2025-05-23 10:57:50.639 [info] [resolveAuthority(dev-container,1)][82026ms] waiting...
2025-05-23 10:57:51.639 [info] [resolveAuthority(dev-container,1)][83026ms] waiting...
2025-05-23 10:57:52.640 [info] [resolveAuthority(dev-container,1)][84027ms] waiting...
2025-05-23 10:57:53.641 [info] [resolveAuthority(dev-container,1)][85028ms] waiting...
2025-05-23 10:57:54.641 [info] [resolveAuthority(dev-container,1)][86028ms] waiting...
2025-05-23 10:57:55.641 [info] [resolveAuthority(dev-container,1)][87028ms] waiting...
2025-05-23 10:57:56.642 [info] [resolveAuthority(dev-container,1)][88029ms] waiting...
2025-05-23 10:57:57.642 [info] [resolveAuthority(dev-container,1)][89029ms] waiting...
2025-05-23 10:57:58.642 [info] [resolveAuthority(dev-container,1)][90029ms] waiting...
2025-05-23 10:57:59.642 [info] [resolveAuthority(dev-container,1)][91029ms] waiting...
2025-05-23 10:58:00.643 [info] [resolveAuthority(dev-container,1)][92030ms] waiting...
2025-05-23 10:58:01.643 [info] [resolveAuthority(dev-container,1)][93030ms] waiting...
2025-05-23 10:58:02.644 [info] [resolveAuthority(dev-container,1)][94031ms] waiting...
2025-05-23 10:58:03.644 [info] [resolveAuthority(dev-container,1)][95031ms] waiting...
2025-05-23 10:58:04.644 [info] [resolveAuthority(dev-container,1)][96031ms] waiting...
2025-05-23 10:58:05.645 [info] [resolveAuthority(dev-container,1)][97032ms] waiting...
2025-05-23 10:58:06.646 [info] [resolveAuthority(dev-container,1)][98033ms] waiting...
2025-05-23 10:58:07.646 [info] [resolveAuthority(dev-container,1)][99033ms] waiting...
2025-05-23 10:58:08.647 [info] [resolveAuthority(dev-container,1)][100034ms] waiting...
2025-05-23 10:58:09.647 [info] [resolveAuthority(dev-container,1)][101034ms] waiting...
2025-05-23 10:58:10.647 [info] [resolveAuthority(dev-container,1)][102034ms] waiting...
2025-05-23 10:58:11.648 [info] [resolveAuthority(dev-container,1)][103035ms] waiting...
2025-05-23 10:58:12.648 [info] [resolveAuthority(dev-container,1)][104035ms] waiting...
2025-05-23 10:58:13.648 [info] [resolveAuthority(dev-container,1)][105035ms] waiting...
2025-05-23 10:58:14.648 [info] [resolveAuthority(dev-container,1)][106035ms] waiting...
2025-05-23 10:58:15.648 [info] [resolveAuthority(dev-container,1)][107035ms] waiting...
2025-05-23 10:58:16.649 [info] [resolveAuthority(dev-container,1)][108036ms] waiting...
2025-05-23 10:58:17.649 [info] [resolveAuthority(dev-container,1)][109036ms] waiting...
2025-05-23 10:58:18.650 [info] [resolveAuthority(dev-container,1)][110037ms] waiting...
2025-05-23 10:58:19.651 [info] [resolveAuthority(dev-container,1)][111038ms] waiting...
2025-05-23 10:58:20.651 [info] [resolveAuthority(dev-container,1)][112038ms] waiting...
2025-05-23 10:58:21.651 [info] [resolveAuthority(dev-container,1)][113038ms] waiting...
2025-05-23 10:58:22.652 [info] [resolveAuthority(dev-container,1)][114039ms] waiting...
2025-05-23 10:58:23.652 [info] [resolveAuthority(dev-container,1)][115039ms] waiting...
2025-05-23 10:58:24.652 [info] [resolveAuthority(dev-container,1)][116039ms] waiting...
2025-05-23 10:58:25.652 [info] [resolveAuthority(dev-container,1)][117039ms] waiting...
2025-05-23 10:58:26.652 [info] [resolveAuthority(dev-container,1)][118039ms] waiting...
2025-05-23 10:58:27.653 [info] [resolveAuthority(dev-container,1)][119040ms] waiting...
2025-05-23 10:58:28.654 [info] [resolveAuthority(dev-container,1)][120041ms] waiting...
2025-05-23 10:58:29.654 [info] [resolveAuthority(dev-container,1)][121041ms] waiting...
2025-05-23 10:58:30.655 [info] [resolveAuthority(dev-container,1)][122042ms] waiting...
2025-05-23 10:58:31.656 [info] [resolveAuthority(dev-container,1)][123043ms] waiting...
2025-05-23 10:58:32.657 [info] [resolveAuthority(dev-container,1)][124044ms] waiting...
2025-05-23 10:58:33.657 [info] [resolveAuthority(dev-container,1)][125044ms] waiting...
2025-05-23 10:58:34.657 [info] [resolveAuthority(dev-container,1)][126044ms] waiting...
2025-05-23 10:58:35.657 [info] [resolveAuthority(dev-container,1)][127044ms] waiting...
2025-05-23 10:58:36.657 [info] [resolveAuthority(dev-container,1)][128044ms] waiting...
2025-05-23 10:58:37.658 [info] [resolveAuthority(dev-container,1)][129045ms] waiting...
2025-05-23 10:58:38.658 [info] [resolveAuthority(dev-container,1)][130045ms] waiting...
2025-05-23 10:58:39.658 [info] [resolveAuthority(dev-container,1)][131045ms] waiting...
2025-05-23 10:58:40.658 [info] [resolveAuthority(dev-container,1)][132045ms] waiting...
2025-05-23 10:58:41.658 [info] [resolveAuthority(dev-container,1)][133045ms] waiting...
2025-05-23 10:58:42.659 [info] [resolveAuthority(dev-container,1)][134046ms] waiting...
2025-05-23 10:58:43.659 [info] [resolveAuthority(dev-container,1)][135046ms] waiting...
2025-05-23 10:58:44.660 [info] [resolveAuthority(dev-container,1)][136047ms] waiting...
2025-05-23 10:58:45.661 [info] [resolveAuthority(dev-container,1)][137048ms] waiting...
2025-05-23 10:58:46.661 [info] [resolveAuthority(dev-container,1)][138048ms] waiting...
2025-05-23 10:58:47.661 [info] [resolveAuthority(dev-container,1)][139048ms] waiting...
2025-05-23 10:58:48.661 [info] [resolveAuthority(dev-container,1)][140048ms] waiting...
2025-05-23 10:58:49.660 [info] [resolveAuthority(dev-container,1)][141047ms] waiting...
2025-05-23 10:58:50.661 [info] [resolveAuthority(dev-container,1)][142048ms] waiting...
2025-05-23 10:58:51.661 [info] [resolveAuthority(dev-container,1)][143048ms] waiting...
2025-05-23 10:58:52.662 [info] [resolveAuthority(dev-container,1)][144049ms] waiting...
2025-05-23 10:58:53.662 [info] [resolveAuthority(dev-container,1)][145049ms] waiting...
2025-05-23 10:58:54.644 [info] [resolveAuthority(dev-container,1)][146031ms] setting tunnel factory...
2025-05-23 10:58:54.645 [info] [resolveAuthority(dev-container,1)][146032ms] returned 127.0.0.1:41365
2025-05-23 10:58:55.067 [info] Eager extensions activated
2025-05-23 10:58:55.161 [info] ExtensionService#_doActivateExtension vscode.github-authentication, startup: false, activationEvent: 'onAuthenticationRequest:github'
2025-05-23 10:58:55.425 [info] ExtensionService#_doActivateExtension asvetliakov.vscode-neovim, startup: false, activationEvent: 'onStartupFinished'
2025-05-23 13:01:47.545 [info] ExtensionService#_doActivateExtension vscode-icons-team.vscode-icons, startup: false, activationEvent: 'onStartupFinished'
2025-05-23 13:02:22.321 [info] ExtensionService#_doActivateExtension vira.vsc-vira-theme, startup: false, activationEvent: 'onStartupFinished'
2025-05-23 13:05:53.687 [info] ExtensionService#_doActivateExtension Catppuccin.catppuccin-vsc-icons, startup: false, activationEvent: 'onStartupFinished'
2025-05-23 13:10:55.273 [info] ExtensionService#_doActivateExtension Catppuccin.catppuccin-vsc, startup: false, activationEvent: 'onStartupFinished'
2025-05-23 13:13:31.451 [info] Extension host terminating: renderer closed the MessagePort
2025-05-23 13:13:31.465 [error] Canceled: Canceled
	at new XN (file:///opt/visual-studio-code/resources/app/out/vs/workbench/api/node/extensionHostProcess.js:29:111538)
	at f5.U (file:///opt/visual-studio-code/resources/app/out/vs/workbench/api/node/extensionHostProcess.js:29:116148)
	at s.<computed>.n.charCodeAt.s.<computed> (file:///opt/visual-studio-code/resources/app/out/vs/workbench/api/node/extensionHostProcess.js:29:113642)
	at Wb.g (file:///opt/visual-studio-code/resources/app/out/vs/workbench/api/node/extensionHostProcess.js:119:41004)
	at Wb.executeCommand (file:///opt/visual-studio-code/resources/app/out/vs/workbench/api/node/extensionHostProcess.js:119:40508)
	at i.registerCommand.description (file:///opt/visual-studio-code/resources/app/out/vs/workbench/api/node/extensionHostProcess.js:119:39838)
	at Wb.h (file:///opt/visual-studio-code/resources/app/out/vs/workbench/api/node/extensionHostProcess.js:119:41524)
	at Wb.g (file:///opt/visual-studio-code/resources/app/out/vs/workbench/api/node/extensionHostProcess.js:119:40601)
	at Wb.executeCommand (file:///opt/visual-studio-code/resources/app/out/vs/workbench/api/node/extensionHostProcess.js:119:40508)
	at Object.executeCommand (file:///opt/visual-studio-code/resources/app/out/vs/workbench/api/node/extensionHostProcess.js:170:31026)
	at a0nU (/home/hiansdt/.vscode/extensions/vira.vsc-vira-theme-1.4.3/build/index.js:1:39842)
	at Object.a0BN (/home/hiansdt/.vscode/extensions/vira.vsc-vira-theme-1.4.3/build/index.js:1:78559)
	at PJ.eb (file:///opt/visual-studio-code/resources/app/out/vs/workbench/api/node/extensionHostProcess.js:123:11724)
	at file:///opt/visual-studio-code/resources/app/out/vs/workbench/api/node/extensionHostProcess.js:123:9874
	at Array.map (<anonymous>)
	at PJ.$ (file:///opt/visual-studio-code/resources/app/out/vs/workbench/api/node/extensionHostProcess.js:123:9862)
	at PJ.terminate (file:///opt/visual-studio-code/resources/app/out/vs/workbench/api/node/extensionHostProcess.js:123:10105)
	at v2.terminate (file:///opt/visual-studio-code/resources/app/out/vs/workbench/api/node/extensionHostProcess.js:124:1434)
	at us (file:///opt/visual-studio-code/resources/app/out/vs/workbench/api/node/extensionHostProcess.js:225:5702)
	at MessagePortMain.<anonymous> (file:///opt/visual-studio-code/resources/app/out/vs/workbench/api/node/extensionHostProcess.js:225:2249)
	at MessagePortMain.emit (node:events:524:28)
	at MessagePortMain._internalPort.emit (node:electron/js2c/utility_init:2:2949)
2025-05-23 13:13:31.465 [info] Extension host with pid 3888 exiting with code 0
2025-05-23 13:13:32.211 [info] Extension host with pid 145329 started
2025-05-23 13:13:32.211 [info] Skipping acquiring lock for /home/hiansdt/.config/Code/User/workspaceStorage/710a4a868fb80b152c9d674105921fe7.
2025-05-23 13:13:32.211 [info] $getCanonicalURI invoked for authority (dev-container)
2025-05-23 13:13:32.216 [info] ExtensionService#_doActivateExtension ms-vscode-remote.remote-containers, startup: false, activationEvent: 'onResolveRemoteAuthority:dev-container'
2025-05-23 13:13:32.346 [info] [resolveAuthority(dev-container,1)][0ms] activating remote resolvers dev-container+7b22686f737450617468223a222f686f6d652f6869616e7364742f70726f6a656374732f63336c6162732f766974612f656e636869726964696f6e2d6261636b656e64222c226c6f63616c446f636b6572223a66616c73652c22636f6e66696746696c65223a7b22246d6964223a312c22667350617468223a222f686f6d652f6869616e7364742f70726f6a656374732f63336c6162732f766974612f656e636869726964696f6e2d6261636b656e642f2e646576636f6e7461696e65722f646576636f6e7461696e65722e6a736f6e222c2265787465726e616c223a2266696c653a2f2f2f686f6d652f6869616e7364742f70726f6a656374732f63336c6162732f766974612f656e636869726964696f6e2d6261636b656e642f2e646576636f6e7461696e65722f646576636f6e7461696e65722e6a736f6e222c2270617468223a222f686f6d652f6869616e7364742f70726f6a656374732f63336c6162732f766974612f656e636869726964696f6e2d6261636b656e642f2e646576636f6e7461696e65722f646576636f6e7461696e65722e6a736f6e222c22736368656d65223a2266696c65227d7d
2025-05-23 13:13:32.346 [info] [resolveAuthority(dev-container,1)][0ms] activating resolver for dev-container+7b22686f737450617468223a222f686f6d652f6869616e7364742f70726f6a656374732f63336c6162732f766974612f656e636869726964696f6e2d6261636b656e64222c226c6f63616c446f636b6572223a66616c73652c22636f6e66696746696c65223a7b22246d6964223a312c22667350617468223a222f686f6d652f6869616e7364742f70726f6a656374732f63336c6162732f766974612f656e636869726964696f6e2d6261636b656e642f2e646576636f6e7461696e65722f646576636f6e7461696e65722e6a736f6e222c2265787465726e616c223a2266696c653a2f2f2f686f6d652f6869616e7364742f70726f6a656374732f63336c6162732f766974612f656e636869726964696f6e2d6261636b656e642f2e646576636f6e7461696e65722f646576636f6e7461696e65722e6a736f6e222c2270617468223a222f686f6d652f6869616e7364742f70726f6a656374732f63336c6162732f766974612f656e636869726964696f6e2d6261636b656e642f2e646576636f6e7461696e65722f646576636f6e7461696e65722e6a736f6e222c22736368656d65223a2266696c65227d7d...
2025-05-23 13:13:32.346 [info] [resolveAuthority(dev-container,1)][0ms] invoking final resolve()...
2025-05-23 13:13:33.347 [info] [resolveAuthority(dev-container,1)][1001ms] waiting...
2025-05-23 13:13:34.076 [info] [resolveAuthority(dev-container,1)][1730ms] setting tunnel factory...
2025-05-23 13:13:34.076 [info] [resolveAuthority(dev-container,1)][1730ms] returned 127.0.0.1:41365
2025-05-23 13:13:34.667 [info] Eager extensions activated
2025-05-23 13:13:34.777 [info] ExtensionService#_doActivateExtension Catppuccin.catppuccin-vsc, startup: false, activationEvent: 'onStartupFinished'
2025-05-23 13:13:34.783 [info] ExtensionService#_doActivateExtension Catppuccin.catppuccin-vsc-icons, startup: false, activationEvent: 'onStartupFinished'
2025-05-23 13:13:34.855 [info] ExtensionService#_doActivateExtension vscode-icons-team.vscode-icons, startup: false, activationEvent: 'onStartupFinished'
2025-05-23 13:13:34.885 [info] ExtensionService#_doActivateExtension vscode.github-authentication, startup: false, activationEvent: 'onAuthenticationRequest:github'
2025-05-23 14:07:08.084 [info] [resolveAuthority(dev-container,2)][0ms] activating remote resolvers dev-container+7b22686f737450617468223a222f686f6d652f6869616e7364742f70726f6a656374732f63336c6162732f766974612f656e636869726964696f6e2d6261636b656e64222c226c6f63616c446f636b6572223a66616c73652c22636f6e66696746696c65223a7b22246d6964223a312c22667350617468223a222f686f6d652f6869616e7364742f70726f6a656374732f63336c6162732f766974612f656e636869726964696f6e2d6261636b656e642f2e646576636f6e7461696e65722f646576636f6e7461696e65722e6a736f6e222c2265787465726e616c223a2266696c653a2f2f2f686f6d652f6869616e7364742f70726f6a656374732f63336c6162732f766974612f656e636869726964696f6e2d6261636b656e642f2e646576636f6e7461696e65722f646576636f6e7461696e65722e6a736f6e222c2270617468223a222f686f6d652f6869616e7364742f70726f6a656374732f63336c6162732f766974612f656e636869726964696f6e2d6261636b656e642f2e646576636f6e7461696e65722f646576636f6e7461696e65722e6a736f6e222c22736368656d65223a2266696c65227d7d
2025-05-23 14:07:08.084 [info] [resolveAuthority(dev-container,2)][0ms] activating resolver for dev-container+7b22686f737450617468223a222f686f6d652f6869616e7364742f70726f6a656374732f63336c6162732f766974612f656e636869726964696f6e2d6261636b656e64222c226c6f63616c446f636b6572223a66616c73652c22636f6e66696746696c65223a7b22246d6964223a312c22667350617468223a222f686f6d652f6869616e7364742f70726f6a656374732f63336c6162732f766974612f656e636869726964696f6e2d6261636b656e642f2e646576636f6e7461696e65722f646576636f6e7461696e65722e6a736f6e222c2265787465726e616c223a2266696c653a2f2f2f686f6d652f6869616e7364742f70726f6a656374732f63336c6162732f766974612f656e636869726964696f6e2d6261636b656e642f2e646576636f6e7461696e65722f646576636f6e7461696e65722e6a736f6e222c2270617468223a222f686f6d652f6869616e7364742f70726f6a656374732f63336c6162732f766974612f656e636869726964696f6e2d6261636b656e642f2e646576636f6e7461696e65722f646576636f6e7461696e65722e6a736f6e222c22736368656d65223a2266696c65227d7d...
2025-05-23 14:07:08.085 [info] [resolveAuthority(dev-container,2)][1ms] invoking final resolve()...
2025-05-23 14:07:08.116 [info] [resolveAuthority(dev-container,2)][32ms] setting tunnel factory...
2025-05-23 14:07:08.117 [info] [resolveAuthority(dev-container,2)][32ms] returned 127.0.0.1:41365
2025-05-23 16:32:25.954 [info] [resolveAuthority(dev-container,3)][0ms] activating remote resolvers dev-container+7b22686f737450617468223a222f686f6d652f6869616e7364742f70726f6a656374732f63336c6162732f766974612f656e636869726964696f6e2d6261636b656e64222c226c6f63616c446f636b6572223a66616c73652c22636f6e66696746696c65223a7b22246d6964223a312c22667350617468223a222f686f6d652f6869616e7364742f70726f6a656374732f63336c6162732f766974612f656e636869726964696f6e2d6261636b656e642f2e646576636f6e7461696e65722f646576636f6e7461696e65722e6a736f6e222c2265787465726e616c223a2266696c653a2f2f2f686f6d652f6869616e7364742f70726f6a656374732f63336c6162732f766974612f656e636869726964696f6e2d6261636b656e642f2e646576636f6e7461696e65722f646576636f6e7461696e65722e6a736f6e222c2270617468223a222f686f6d652f6869616e7364742f70726f6a656374732f63336c6162732f766974612f656e636869726964696f6e2d6261636b656e642f2e646576636f6e7461696e65722f646576636f6e7461696e65722e6a736f6e222c22736368656d65223a2266696c65227d7d
2025-05-23 16:32:25.954 [info] [resolveAuthority(dev-container,3)][0ms] activating resolver for dev-container+7b22686f737450617468223a222f686f6d652f6869616e7364742f70726f6a656374732f63336c6162732f766974612f656e636869726964696f6e2d6261636b656e64222c226c6f63616c446f636b6572223a66616c73652c22636f6e66696746696c65223a7b22246d6964223a312c22667350617468223a222f686f6d652f6869616e7364742f70726f6a656374732f63336c6162732f766974612f656e636869726964696f6e2d6261636b656e642f2e646576636f6e7461696e65722f646576636f6e7461696e65722e6a736f6e222c2265787465726e616c223a2266696c653a2f2f2f686f6d652f6869616e7364742f70726f6a656374732f63336c6162732f766974612f656e636869726964696f6e2d6261636b656e642f2e646576636f6e7461696e65722f646576636f6e7461696e65722e6a736f6e222c2270617468223a222f686f6d652f6869616e7364742f70726f6a656374732f63336c6162732f766974612f656e636869726964696f6e2d6261636b656e642f2e646576636f6e7461696e65722f646576636f6e7461696e65722e6a736f6e222c22736368656d65223a2266696c65227d7d...
2025-05-23 16:32:25.954 [info] [resolveAuthority(dev-container,3)][0ms] invoking final resolve()...
2025-05-23 16:32:25.981 [info] [resolveAuthority(dev-container,3)][27ms] setting tunnel factory...
2025-05-23 16:32:25.981 [info] [resolveAuthority(dev-container,3)][27ms] returned 127.0.0.1:41365
2025-05-23 16:33:13.783 [info] [resolveAuthority(dev-container,4)][0ms] activating remote resolvers dev-container+7b22686f737450617468223a222f686f6d652f6869616e7364742f70726f6a656374732f63336c6162732f766974612f656e636869726964696f6e2d6261636b656e64222c226c6f63616c446f636b6572223a66616c73652c22636f6e66696746696c65223a7b22246d6964223a312c22667350617468223a222f686f6d652f6869616e7364742f70726f6a656374732f63336c6162732f766974612f656e636869726964696f6e2d6261636b656e642f2e646576636f6e7461696e65722f646576636f6e7461696e65722e6a736f6e222c2265787465726e616c223a2266696c653a2f2f2f686f6d652f6869616e7364742f70726f6a656374732f63336c6162732f766974612f656e636869726964696f6e2d6261636b656e642f2e646576636f6e7461696e65722f646576636f6e7461696e65722e6a736f6e222c2270617468223a222f686f6d652f6869616e7364742f70726f6a656374732f63336c6162732f766974612f656e636869726964696f6e2d6261636b656e642f2e646576636f6e7461696e65722f646576636f6e7461696e65722e6a736f6e222c22736368656d65223a2266696c65227d7d
2025-05-23 16:33:13.783 [info] [resolveAuthority(dev-container,4)][0ms] activating resolver for dev-container+7b22686f737450617468223a222f686f6d652f6869616e7364742f70726f6a656374732f63336c6162732f766974612f656e636869726964696f6e2d6261636b656e64222c226c6f63616c446f636b6572223a66616c73652c22636f6e66696746696c65223a7b22246d6964223a312c22667350617468223a222f686f6d652f6869616e7364742f70726f6a656374732f63336c6162732f766974612f656e636869726964696f6e2d6261636b656e642f2e646576636f6e7461696e65722f646576636f6e7461696e65722e6a736f6e222c2265787465726e616c223a2266696c653a2f2f2f686f6d652f6869616e7364742f70726f6a656374732f63336c6162732f766974612f656e636869726964696f6e2d6261636b656e642f2e646576636f6e7461696e65722f646576636f6e7461696e65722e6a736f6e222c2270617468223a222f686f6d652f6869616e7364742f70726f6a656374732f63336c6162732f766974612f656e636869726964696f6e2d6261636b656e642f2e646576636f6e7461696e65722f646576636f6e7461696e65722e6a736f6e222c22736368656d65223a2266696c65227d7d...
2025-05-23 16:33:13.784 [info] [resolveAuthority(dev-container,4)][1ms] invoking final resolve()...
2025-05-23 16:33:13.824 [info] [resolveAuthority(dev-container,4)][41ms] setting tunnel factory...
2025-05-23 16:33:13.824 [info] [resolveAuthority(dev-container,4)][41ms] returned 127.0.0.1:41365
2025-05-23 16:37:34.730 [info] [resolveAuthority(dev-container,5)][0ms] activating remote resolvers dev-container+7b22686f737450617468223a222f686f6d652f6869616e7364742f70726f6a656374732f63336c6162732f766974612f656e636869726964696f6e2d6261636b656e64222c226c6f63616c446f636b6572223a66616c73652c22636f6e66696746696c65223a7b22246d6964223a312c22667350617468223a222f686f6d652f6869616e7364742f70726f6a656374732f63336c6162732f766974612f656e636869726964696f6e2d6261636b656e642f2e646576636f6e7461696e65722f646576636f6e7461696e65722e6a736f6e222c2265787465726e616c223a2266696c653a2f2f2f686f6d652f6869616e7364742f70726f6a656374732f63336c6162732f766974612f656e636869726964696f6e2d6261636b656e642f2e646576636f6e7461696e65722f646576636f6e7461696e65722e6a736f6e222c2270617468223a222f686f6d652f6869616e7364742f70726f6a656374732f63336c6162732f766974612f656e636869726964696f6e2d6261636b656e642f2e646576636f6e7461696e65722f646576636f6e7461696e65722e6a736f6e222c22736368656d65223a2266696c65227d7d
2025-05-23 16:37:34.730 [info] [resolveAuthority(dev-container,5)][0ms] activating resolver for dev-container+7b22686f737450617468223a222f686f6d652f6869616e7364742f70726f6a656374732f63336c6162732f766974612f656e636869726964696f6e2d6261636b656e64222c226c6f63616c446f636b6572223a66616c73652c22636f6e66696746696c65223a7b22246d6964223a312c22667350617468223a222f686f6d652f6869616e7364742f70726f6a656374732f63336c6162732f766974612f656e636869726964696f6e2d6261636b656e642f2e646576636f6e7461696e65722f646576636f6e7461696e65722e6a736f6e222c2265787465726e616c223a2266696c653a2f2f2f686f6d652f6869616e7364742f70726f6a656374732f63336c6162732f766974612f656e636869726964696f6e2d6261636b656e642f2e646576636f6e7461696e65722f646576636f6e7461696e65722e6a736f6e222c2270617468223a222f686f6d652f6869616e7364742f70726f6a656374732f63336c6162732f766974612f656e636869726964696f6e2d6261636b656e642f2e646576636f6e7461696e65722f646576636f6e7461696e65722e6a736f6e222c22736368656d65223a2266696c65227d7d...
2025-05-23 16:37:34.730 [info] [resolveAuthority(dev-container,5)][0ms] invoking final resolve()...
2025-05-23 16:37:34.761 [info] [resolveAuthority(dev-container,5)][31ms] setting tunnel factory...
2025-05-23 16:37:34.761 [info] [resolveAuthority(dev-container,5)][31ms] returned 127.0.0.1:41365
2025-05-23 17:09:34.596 [info] Extension host terminating: renderer closed the MessagePort
2025-05-23 17:09:34.606 [info] Extension host with pid 145329 exiting with code 0
