2025-06-06 11:09:14.163 [info] [main] Log level: Info
2025-06-06 11:09:14.163 [info] [main] Validating found git in: "git"
2025-06-06 11:09:14.163 [info] [main] Using git "2.49.0" from "git"
2025-06-06 11:09:14.163 [info] [Model][doInitialScan] Initial repository scan started
2025-06-06 11:09:14.163 [info] > git rev-parse --show-toplevel [4ms]
2025-06-06 11:09:14.163 [info] > git rev-parse --git-dir --git-common-dir [30ms]
2025-06-06 11:09:14.163 [info] [Model][openRepository] Opened repository (path): /home/hiansdt/projects/c3labs/vita/enchiridion-backend
2025-06-06 11:09:14.163 [info] [Model][openRepository] Opened repository (real path): /home/hiansdt/projects/c3labs/vita/enchiridion-backend
2025-06-06 11:09:14.234 [info] > git config --get commit.template [66ms]
2025-06-06 11:09:14.260 [info] > git rev-parse --show-toplevel [10ms]
2025-06-06 11:09:14.305 [info] > git for-each-ref --format=%(refname)%00%(upstream:short)%00%(objectname)%00%(upstream:track)%00%(upstream:remotename)%00%(upstream:remoteref) refs/heads/main refs/remotes/main [47ms]
2025-06-06 11:09:14.314 [info] > git rev-parse --show-toplevel [21ms]
2025-06-06 11:09:14.324 [info] > git rev-parse --show-toplevel [4ms]
2025-06-06 11:09:14.345 [info] > git status -z -uall [13ms]
2025-06-06 11:09:14.345 [info] > git for-each-ref --sort -committerdate --format %(refname)%00%(objectname)%00%(*objectname) [6ms]
2025-06-06 11:09:14.425 [info] > git for-each-ref --format=%(refname)%00%(upstream:short)%00%(objectname)%00%(upstream:track)%00%(upstream:remotename)%00%(upstream:remoteref) refs/heads/main refs/remotes/main [71ms]
2025-06-06 11:09:14.430 [info] > git rev-parse --show-toplevel [86ms]
2025-06-06 11:09:14.438 [info] > git config --get --local branch.main.vscode-merge-base [8ms]
2025-06-06 11:09:14.443 [info] > git config --get commit.template [20ms]
2025-06-06 11:09:14.445 [info] > git for-each-ref --format=%(refname)%00%(upstream:short)%00%(objectname)%00%(upstream:track)%00%(upstream:remotename)%00%(upstream:remoteref) refs/heads/origin/main refs/remotes/origin/main [2ms]
2025-06-06 11:09:14.451 [info] > git rev-parse --show-toplevel [14ms]
2025-06-06 11:09:14.470 [info] > git merge-base refs/heads/main refs/remotes/origin/main [19ms]
2025-06-06 11:09:14.504 [info] > git rev-parse --show-toplevel [39ms]
2025-06-06 11:09:14.504 [info] > git for-each-ref --format=%(refname)%00%(upstream:short)%00%(objectname)%00%(upstream:track)%00%(upstream:remotename)%00%(upstream:remoteref) refs/heads/main refs/remotes/main [45ms]
2025-06-06 11:09:14.524 [info] > git diff --name-status -z --diff-filter=ADMR 86e83472bb1a524037b632fb7c4359c2ee489f97...refs/remotes/origin/main [47ms]
2025-06-06 11:09:14.525 [info] > git rev-parse --show-toplevel [4ms]
2025-06-06 11:09:14.526 [info] [Model][doInitialScan] Initial repository scan completed - repositories (1), closed repositories (0), parent repositories (0), unsafe repositories (0)
2025-06-06 11:09:14.540 [info] > git for-each-ref --sort -committerdate --format %(refname)%00%(objectname)%00%(*objectname) [1ms]
2025-06-06 11:09:14.542 [info] > git status -z -uall [7ms]
2025-06-06 11:09:14.703 [info] > git check-ignore -v -z --stdin [1ms]
