2025-06-06 11:09:13.646 [info] Reading sessions from keychain...
2025-06-06 11:09:13.646 [info] Getting sessions for all scopes...
2025-06-06 11:09:13.646 [info] Getting sessions for all scopes...
2025-06-06 11:09:13.646 [info] Getting sessions for all scopes...
2025-06-06 11:09:13.646 [info] Got 0 sessions for ...
2025-06-06 11:09:13.646 [info] Got 0 sessions for ...
2025-06-06 11:09:13.646 [info] Got 0 sessions for ...
2025-06-06 11:09:13.647 [info] Getting sessions for all scopes...
2025-06-06 11:09:13.647 [info] Got 0 sessions for ...
2025-06-06 11:09:13.647 [info] Getting sessions for all scopes...
2025-06-06 11:09:13.647 [info] Got 0 sessions for ...
2025-06-06 11:09:13.647 [info] Getting sessions for all scopes...
2025-06-06 11:09:13.647 [info] Got 0 sessions for ...
2025-06-06 11:09:13.647 [info] Getting sessions for all scopes...
2025-06-06 11:09:13.647 [info] Got 0 sessions for ...
2025-06-06 11:09:13.647 [info] Getting sessions for all scopes...
2025-06-06 11:09:13.647 [info] Got 0 sessions for ...
2025-06-06 11:09:13.647 [info] Getting sessions for all scopes...
2025-06-06 11:09:13.647 [info] Got 0 sessions for ...
2025-06-06 11:09:13.647 [info] Getting sessions for all scopes...
2025-06-06 11:09:13.647 [info] Got 0 sessions for ...
2025-06-06 11:09:13.647 [info] Getting sessions for all scopes...
2025-06-06 11:09:13.647 [info] Got 0 sessions for ...
2025-06-06 11:09:13.647 [info] Getting sessions for all scopes...
2025-06-06 11:09:13.647 [info] Got 0 sessions for ...
2025-06-06 11:09:13.647 [info] Getting sessions for all scopes...
2025-06-06 11:09:13.647 [info] Got 0 sessions for ...
2025-06-06 11:09:13.647 [info] Getting sessions for all scopes...
2025-06-06 11:09:13.647 [info] Got 0 sessions for ...
2025-06-06 11:09:13.779 [info] Getting sessions for all scopes...
2025-06-06 11:09:13.779 [info] Got 0 sessions for ...
2025-06-06 11:09:14.505 [info] Getting sessions for read:user,repo,user:email,workflow...
2025-06-06 11:09:14.505 [info] Got 0 sessions for read:user,repo,user:email,workflow...
2025-06-06 11:09:15.294 [info] Getting sessions for all scopes...
2025-06-06 11:09:15.294 [info] Got 0 sessions for ...
