2025-05-23 10:56:50.114 [info] [main] Log level: Info
2025-05-23 10:56:50.114 [info] [main] Validating found git in: "git"
2025-05-23 10:56:50.114 [info] [main] Using git "2.49.0" from "git"
2025-05-23 10:56:50.114 [info] [Model][doInitialScan] Initial repository scan started
2025-05-23 10:56:50.114 [info] > git rev-parse --show-toplevel [6ms]
2025-05-23 10:56:50.114 [info] > git rev-parse --git-dir --git-common-dir [12ms]
2025-05-23 10:56:50.114 [info] [Model][openRepository] Opened repository (path): /home/hiansdt/projects/c3labs/vita/enchiridion-frontend
2025-05-23 10:56:50.114 [info] [Model][openRepository] Opened repository (real path): /home/hiansdt/projects/c3labs/vita/enchiridion-frontend
2025-05-23 10:56:50.119 [info] > git rev-parse --show-toplevel [31ms]
2025-05-23 10:56:50.119 [info] > git config --get commit.template [36ms]
2025-05-23 10:56:50.199 [info] > git rev-parse --show-toplevel [60ms]
2025-05-23 10:56:50.215 [info] > git for-each-ref --format=%(refname)%00%(upstream:short)%00%(objectname)%00%(upstream:track)%00%(upstream:remotename)%00%(upstream:remoteref) refs/heads/dev refs/remotes/dev [18ms]
2025-05-23 10:56:50.221 [warning] [Git][revParse] Unable to read file: ENOENT: no such file or directory, open '/home/hiansdt/projects/c3labs/vita/enchiridion-frontend/.git/refs/remotes/origin/dev'
2025-05-23 10:56:50.221 [info] > git rev-parse --show-toplevel [9ms]
2025-05-23 10:56:50.226 [info] > git rev-parse refs/remotes/origin/dev [5ms]
2025-05-23 10:56:50.240 [info] > git status -z -uall [9ms]
2025-05-23 10:56:50.240 [info] > git rev-parse --show-toplevel [14ms]
2025-05-23 10:56:50.241 [info] [Model][doInitialScan] Initial repository scan completed - repositories (1), closed repositories (0), parent repositories (0), unsafe repositories (0)
2025-05-23 10:56:50.245 [info] > git for-each-ref --sort -committerdate --format %(refname)%00%(objectname)%00%(*objectname) [10ms]
2025-05-23 10:56:50.267 [info] > git for-each-ref --format=%(refname)%00%(upstream:short)%00%(objectname)%00%(upstream:track)%00%(upstream:remotename)%00%(upstream:remoteref) refs/heads/dev refs/remotes/dev [9ms]
2025-05-23 10:56:50.359 [info] > git config --get --local branch.dev.vscode-merge-base [86ms]
2025-05-23 10:56:50.359 [warning] [Git][config] git config failed: Failed to execute git
2025-05-23 10:56:50.363 [info] > git config --get commit.template [97ms]
2025-05-23 10:56:50.404 [info] > git reflog dev --grep-reflog=branch: Created from *. [41ms]
2025-05-23 10:56:50.416 [info] > git for-each-ref --format=%(refname)%00%(upstream:short)%00%(objectname)%00%(upstream:track)%00%(upstream:remotename)%00%(upstream:remoteref) refs/remotes/origin/dev [7ms]
2025-05-23 10:56:50.437 [info] > git for-each-ref --format=%(refname)%00%(upstream:short)%00%(objectname)%00%(upstream:track)%00%(upstream:remotename)%00%(upstream:remoteref) refs/heads/dev refs/remotes/dev [23ms]
2025-05-23 10:56:50.450 [warning] [Git][revParse] Unable to read file: ENOENT: no such file or directory, open '/home/hiansdt/projects/c3labs/vita/enchiridion-frontend/.git/refs/remotes/origin/dev'
2025-05-23 10:56:50.451 [info] > git config --add --local branch.dev.vscode-merge-base origin/dev [29ms]
2025-05-23 10:56:50.457 [info] > git rev-parse refs/remotes/origin/dev [7ms]
2025-05-23 10:56:50.466 [info] > git for-each-ref --format=%(refname)%00%(upstream:short)%00%(objectname)%00%(upstream:track)%00%(upstream:remotename)%00%(upstream:remoteref) refs/heads/dev refs/remotes/dev [2ms]
2025-05-23 10:56:50.472 [info] > git config --get commit.template [16ms]
2025-05-23 10:56:50.478 [info] > git config --get --local branch.dev.vscode-merge-base [6ms]
2025-05-23 10:56:50.483 [info] > git for-each-ref --format=%(refname)%00%(upstream:short)%00%(objectname)%00%(upstream:track)%00%(upstream:remotename)%00%(upstream:remoteref) refs/heads/dev refs/remotes/dev [6ms]
2025-05-23 10:56:50.488 [warning] [Git][revParse] Unable to read file: ENOENT: no such file or directory, open '/home/hiansdt/projects/c3labs/vita/enchiridion-frontend/.git/refs/remotes/origin/dev'
2025-05-23 10:56:50.489 [info] > git for-each-ref --format=%(refname)%00%(upstream:short)%00%(objectname)%00%(upstream:track)%00%(upstream:remotename)%00%(upstream:remoteref) refs/heads/origin/dev refs/remotes/origin/dev [7ms]
2025-05-23 10:56:50.494 [info] > git rev-parse refs/remotes/origin/dev [6ms]
2025-05-23 10:56:50.514 [info] > git status -z -uall [16ms]
2025-05-23 10:56:50.515 [info] > git merge-base refs/heads/dev refs/remotes/origin/dev [21ms]
2025-05-23 10:56:50.522 [info] > git for-each-ref --sort -committerdate --format %(refname)%00%(objectname)%00%(*objectname) [18ms]
2025-05-23 10:56:50.536 [info] > git merge-base refs/heads/dev refs/remotes/origin/dev [6ms]
2025-05-23 10:56:50.541 [info] > git diff --name-status -z --diff-filter=ADMR 0d6d31c6201fcb1285660cf0d4e8a74b3362ab0c...refs/remotes/origin/dev [20ms]
2025-05-23 10:56:50.543 [info] > git diff --name-status -z --diff-filter=ADMR 0d6d31c6201fcb1285660cf0d4e8a74b3362ab0c...refs/remotes/origin/dev [2ms]
2025-05-23 10:56:50.543 [info] > git merge-base refs/heads/dev refs/remotes/origin/dev [7ms]
2025-05-23 10:56:50.550 [info] > git diff --name-status -z --diff-filter=ADMR 0d6d31c6201fcb1285660cf0d4e8a74b3362ab0c...refs/remotes/origin/dev [2ms]
2025-05-23 10:56:50.628 [info] > git check-ignore -v -z --stdin [1ms]
2025-05-23 10:57:01.180 [info] > git config --get commit.template [4ms]
2025-05-23 10:57:01.181 [info] > git for-each-ref --format=%(refname)%00%(upstream:short)%00%(objectname)%00%(upstream:track)%00%(upstream:remotename)%00%(upstream:remoteref) refs/heads/dev refs/remotes/dev [2ms]
2025-05-23 10:57:01.184 [warning] [Git][revParse] Unable to read file: ENOENT: no such file or directory, open '/home/hiansdt/projects/c3labs/vita/enchiridion-frontend/.git/refs/remotes/origin/dev'
2025-05-23 10:57:01.185 [info] > git rev-parse refs/remotes/origin/dev [1ms]
2025-05-23 10:57:01.192 [info] > git for-each-ref --sort -committerdate --format %(refname)%00%(objectname)%00%(*objectname) [1ms]
2025-05-23 10:57:01.193 [info] > git status -z -uall [5ms]
2025-05-23 10:57:06.206 [info] > git config --get commit.template [6ms]
2025-05-23 10:57:06.207 [info] > git for-each-ref --format=%(refname)%00%(upstream:short)%00%(objectname)%00%(upstream:track)%00%(upstream:remotename)%00%(upstream:remoteref) refs/heads/dev refs/remotes/dev [1ms]
2025-05-23 10:57:06.213 [warning] [Git][revParse] Unable to read file: ENOENT: no such file or directory, open '/home/hiansdt/projects/c3labs/vita/enchiridion-frontend/.git/refs/remotes/origin/dev'
2025-05-23 10:57:06.214 [info] > git rev-parse refs/remotes/origin/dev [1ms]
2025-05-23 10:57:06.234 [info] > git status -z -uall [13ms]
2025-05-23 10:57:06.234 [info] > git for-each-ref --sort -committerdate --format %(refname)%00%(objectname)%00%(*objectname) [6ms]
2025-05-23 10:58:52.534 [info] [main] Log level: Info
2025-05-23 10:58:52.534 [info] [main] Validating found git in: "git"
2025-05-23 10:58:52.534 [info] [main] Using git "2.49.0" from "git"
2025-05-23 10:58:52.534 [info] [Model][doInitialScan] Initial repository scan started
2025-05-23 10:58:52.534 [info] > git rev-parse --show-toplevel [3ms]
2025-05-23 10:58:52.570 [info] > git rev-parse --git-dir --git-common-dir [33ms]
2025-05-23 10:58:52.582 [info] [Model][openRepository] Opened repository (path): /home/hiansdt/projects/c3labs/vita/enchiridion-frontend
2025-05-23 10:58:52.582 [info] [Model][openRepository] Opened repository (real path): /home/hiansdt/projects/c3labs/vita/enchiridion-frontend
2025-05-23 10:58:52.707 [info] > git rev-parse --show-toplevel [68ms]
2025-05-23 10:58:52.707 [info] > git config --get commit.template [72ms]
2025-05-23 10:58:52.731 [info] > git rev-parse --show-toplevel [8ms]
2025-05-23 10:58:52.740 [info] > git for-each-ref --format=%(refname)%00%(upstream:short)%00%(objectname)%00%(upstream:track)%00%(upstream:remotename)%00%(upstream:remoteref) refs/heads/dev refs/remotes/dev [11ms]
2025-05-23 10:58:52.748 [warning] [Git][revParse] Unable to read file: ENOENT: no such file or directory, open '/home/hiansdt/projects/c3labs/vita/enchiridion-frontend/.git/refs/remotes/origin/dev'
2025-05-23 10:58:52.754 [info] > git rev-parse --show-toplevel [19ms]
2025-05-23 10:58:52.760 [info] > git rev-parse refs/remotes/origin/dev [12ms]
2025-05-23 10:58:52.790 [info] > git status -z -uall [25ms]
2025-05-23 10:58:52.791 [info] > git for-each-ref --sort -committerdate --format %(refname)%00%(objectname)%00%(*objectname) [22ms]
2025-05-23 10:58:52.809 [info] > git rev-parse --show-toplevel [51ms]
2025-05-23 10:58:52.811 [info] [Model][doInitialScan] Initial repository scan completed - repositories (1), closed repositories (0), parent repositories (0), unsafe repositories (0)
2025-05-23 10:58:52.818 [info] > git for-each-ref --format=%(refname)%00%(upstream:short)%00%(objectname)%00%(upstream:track)%00%(upstream:remotename)%00%(upstream:remoteref) refs/heads/dev refs/remotes/dev [11ms]
2025-05-23 10:58:52.825 [info] > git config --get --local branch.dev.vscode-merge-base [3ms]
2025-05-23 10:58:52.830 [info] > git config --get commit.template [14ms]
2025-05-23 10:58:52.850 [info] > git for-each-ref --format=%(refname)%00%(upstream:short)%00%(objectname)%00%(upstream:track)%00%(upstream:remotename)%00%(upstream:remoteref) refs/heads/origin/dev refs/remotes/origin/dev [21ms]
2025-05-23 10:58:52.869 [info] > git merge-base refs/heads/dev refs/remotes/origin/dev [14ms]
2025-05-23 10:58:52.882 [info] > git diff --name-status -z --diff-filter=ADMR 0d6d31c6201fcb1285660cf0d4e8a74b3362ab0c...refs/remotes/origin/dev [5ms]
2025-05-23 10:58:52.883 [info] > git for-each-ref --format=%(refname)%00%(upstream:short)%00%(objectname)%00%(upstream:track)%00%(upstream:remotename)%00%(upstream:remoteref) refs/heads/dev refs/remotes/dev [16ms]
2025-05-23 10:58:52.890 [warning] [Git][revParse] Unable to read file: ENOENT: no such file or directory, open '/home/hiansdt/projects/c3labs/vita/enchiridion-frontend/.git/refs/remotes/origin/dev'
2025-05-23 10:58:52.891 [info] > git rev-parse refs/remotes/origin/dev [1ms]
2025-05-23 10:58:52.905 [info] > git status -z -uall [8ms]
2025-05-23 10:58:52.905 [info] > git for-each-ref --sort -committerdate --format %(refname)%00%(objectname)%00%(*objectname) [3ms]
2025-05-23 10:58:53.165 [info] > git check-ignore -v -z --stdin [1ms]
2025-05-23 11:01:50.835 [info] > git check-ignore -v -z --stdin [4ms]
2025-05-23 11:01:51.541 [info] > git check-ignore -v -z --stdin [1ms]
2025-05-23 11:02:12.266 [info] > git show --textconv :src/clinic/infra/pages/services/index.vue [9ms]
2025-05-23 11:02:12.268 [info] > git ls-files --stage -- src/clinic/infra/pages/services/index.vue [3ms]
2025-05-23 11:02:12.276 [info] > git cat-file -s e82306f25d09d99990ff117a87496b4da945af75 [2ms]
2025-05-23 11:02:12.647 [info] > git check-ignore -v -z --stdin [4ms]
2025-05-23 11:02:23.979 [info] > git show --textconv :src/clinic/infra/pages/services/index.vue [10ms]
2025-05-23 11:02:23.979 [info] > git ls-files --stage -- src/clinic/infra/pages/services/index.vue [2ms]
2025-05-23 11:02:23.990 [info] > git cat-file -s e82306f25d09d99990ff117a87496b4da945af75 [3ms]
2025-05-23 11:02:26.046 [info] > git blame --root --incremental 0d6d31c6201fcb1285660cf0d4e8a74b3362ab0c -- src/clinic/infra/pages/services/index.vue [10ms]
2025-05-23 11:03:15.914 [info] > git show --textconv :src/clinic/infra/components/services/services/EditService.vue [8ms]
2025-05-23 11:03:15.914 [info] > git ls-files --stage -- src/clinic/infra/components/services/services/EditService.vue [1ms]
2025-05-23 11:03:15.921 [info] > git cat-file -s ae0ee093a17d3a959f28521532ccc5f1086ebe76 [0ms]
2025-05-23 11:03:16.175 [info] > git check-ignore -v -z --stdin [4ms]
2025-05-23 11:03:17.872 [info] > git blame --root --incremental 0d6d31c6201fcb1285660cf0d4e8a74b3362ab0c -- src/clinic/infra/components/services/services/EditService.vue [16ms]
2025-05-23 11:04:24.623 [info] > git config --get commit.template [2ms]
2025-05-23 11:04:24.634 [info] > git for-each-ref --format=%(refname)%00%(upstream:short)%00%(objectname)%00%(upstream:track)%00%(upstream:remotename)%00%(upstream:remoteref) refs/heads/dev refs/remotes/dev [2ms]
2025-05-23 11:04:24.643 [warning] [Git][revParse] Unable to read file: ENOENT: no such file or directory, open '/home/hiansdt/projects/c3labs/vita/enchiridion-frontend/.git/refs/remotes/origin/dev'
2025-05-23 11:04:24.652 [info] > git rev-parse refs/remotes/origin/dev [9ms]
2025-05-23 11:04:24.669 [info] > git status -z -uall [9ms]
2025-05-23 11:04:24.669 [info] > git for-each-ref --sort -committerdate --format %(refname)%00%(objectname)%00%(*objectname) [1ms]
2025-05-23 11:04:54.578 [info] > git show --textconv :src/clinic/infra/components/services/services/EditService.vue [10ms]
2025-05-23 11:04:54.579 [info] > git ls-files --stage -- src/clinic/infra/components/services/services/EditService.vue [2ms]
2025-05-23 11:04:54.593 [info] > git cat-file -s ae0ee093a17d3a959f28521532ccc5f1086ebe76 [2ms]
2025-05-23 11:08:39.355 [info] > git check-ignore -v -z --stdin [2ms]
2025-05-23 11:10:47.091 [info] > git config --get commit.template [17ms]
2025-05-23 11:10:47.092 [info] > git for-each-ref --format=%(refname)%00%(upstream:short)%00%(objectname)%00%(upstream:track)%00%(upstream:remotename)%00%(upstream:remoteref) refs/heads/dev refs/remotes/dev [2ms]
2025-05-23 11:10:47.102 [warning] [Git][revParse] Unable to read file: ENOENT: no such file or directory, open '/home/hiansdt/projects/c3labs/vita/enchiridion-frontend/.git/refs/remotes/origin/dev'
2025-05-23 11:10:47.104 [info] > git rev-parse refs/remotes/origin/dev [2ms]
2025-05-23 11:10:47.122 [info] > git status -z -uall [9ms]
2025-05-23 11:10:47.122 [info] > git for-each-ref --sort -committerdate --format %(refname)%00%(objectname)%00%(*objectname) [1ms]
2025-05-23 11:12:09.088 [info] > git show --textconv :src/clinic/infra/components/services/services/EditService.vue [9ms]
2025-05-23 11:12:09.089 [info] > git ls-files --stage -- src/clinic/infra/components/services/services/EditService.vue [0ms]
2025-05-23 11:12:09.096 [info] > git cat-file -s ae0ee093a17d3a959f28521532ccc5f1086ebe76 [1ms]
2025-05-23 11:12:19.229 [info] [main] Log level: Info
2025-05-23 11:12:19.229 [info] [main] Validating found git in: "git"
2025-05-23 11:12:19.229 [info] [main] Using git "2.49.0" from "git"
2025-05-23 11:12:19.229 [info] [Model][doInitialScan] Initial repository scan started
2025-05-23 11:12:19.229 [info] > git rev-parse --show-toplevel [100ms]
2025-05-23 11:12:19.250 [info] > git rev-parse --git-dir --git-common-dir [13ms]
2025-05-23 11:12:19.263 [info] [Model][openRepository] Opened repository (path): /home/hiansdt/projects/c3labs/vita/enchiridion-frontend
2025-05-23 11:12:19.263 [info] [Model][openRepository] Opened repository (real path): /home/hiansdt/projects/c3labs/vita/enchiridion-frontend
2025-05-23 11:12:19.285 [info] > git rev-parse --show-toplevel [6ms]
2025-05-23 11:12:19.286 [info] > git config --get commit.template [15ms]
2025-05-23 11:12:19.309 [info] > git rev-parse --show-toplevel [13ms]
2025-05-23 11:12:19.319 [info] > git for-each-ref --format=%(refname)%00%(upstream:short)%00%(objectname)%00%(upstream:track)%00%(upstream:remotename)%00%(upstream:remoteref) refs/heads/dev refs/remotes/dev [12ms]
2025-05-23 11:12:19.330 [warning] [Git][revParse] Unable to read file: ENOENT: no such file or directory, open '/home/hiansdt/projects/c3labs/vita/enchiridion-frontend/.git/refs/remotes/origin/dev'
2025-05-23 11:12:19.331 [info] > git rev-parse --show-toplevel [13ms]
2025-05-23 11:12:19.340 [info] > git rev-parse refs/remotes/origin/dev [10ms]
2025-05-23 11:12:19.355 [info] > git status -z -uall [10ms]
2025-05-23 11:12:19.356 [info] > git rev-parse --show-toplevel [16ms]
2025-05-23 11:12:19.364 [info] > git for-each-ref --sort -committerdate --format %(refname)%00%(objectname)%00%(*objectname) [11ms]
2025-05-23 11:12:19.403 [info] > git for-each-ref --format=%(refname)%00%(upstream:short)%00%(objectname)%00%(upstream:track)%00%(upstream:remotename)%00%(upstream:remoteref) refs/heads/dev refs/remotes/dev [23ms]
2025-05-23 11:12:19.410 [info] > git rev-parse --show-toplevel [48ms]
2025-05-23 11:12:19.412 [info] [Model][doInitialScan] Initial repository scan completed - repositories (1), closed repositories (0), parent repositories (0), unsafe repositories (0)
2025-05-23 11:12:19.415 [info] > git config --get --local branch.dev.vscode-merge-base [5ms]
2025-05-23 11:12:19.423 [info] > git config --get commit.template [32ms]
2025-05-23 11:12:19.429 [info] > git for-each-ref --format=%(refname)%00%(upstream:short)%00%(objectname)%00%(upstream:track)%00%(upstream:remotename)%00%(upstream:remoteref) refs/heads/origin/dev refs/remotes/origin/dev [5ms]
2025-05-23 11:12:19.448 [info] > git merge-base refs/heads/dev refs/remotes/origin/dev [10ms]
2025-05-23 11:12:19.456 [info] > git for-each-ref --format=%(refname)%00%(upstream:short)%00%(objectname)%00%(upstream:track)%00%(upstream:remotename)%00%(upstream:remoteref) refs/heads/dev refs/remotes/dev [10ms]
2025-05-23 11:12:19.463 [warning] [Git][revParse] Unable to read file: ENOENT: no such file or directory, open '/home/hiansdt/projects/c3labs/vita/enchiridion-frontend/.git/refs/remotes/origin/dev'
2025-05-23 11:12:19.464 [info] > git diff --name-status -z --diff-filter=ADMR 0d6d31c6201fcb1285660cf0d4e8a74b3362ab0c...refs/remotes/origin/dev [9ms]
2025-05-23 11:12:19.465 [info] > git rev-parse refs/remotes/origin/dev [3ms]
2025-05-23 11:12:19.492 [info] > git status -z -uall [21ms]
2025-05-23 11:12:19.492 [info] > git for-each-ref --sort -committerdate --format %(refname)%00%(objectname)%00%(*objectname) [13ms]
2025-05-23 11:12:19.763 [info] > git show --textconv :src/clinic/infra/components/services/services/EditService.vue [7ms]
2025-05-23 11:12:19.764 [info] > git ls-files --stage -- src/clinic/infra/components/services/services/EditService.vue [2ms]
2025-05-23 11:12:19.772 [info] > git cat-file -s ae0ee093a17d3a959f28521532ccc5f1086ebe76 [1ms]
2025-05-23 11:12:19.813 [info] > git check-ignore -v -z --stdin [8ms]
2025-05-23 11:12:19.814 [info] > git blame --root --incremental 0d6d31c6201fcb1285660cf0d4e8a74b3362ab0c -- src/clinic/infra/components/services/services/EditService.vue [2ms]
2025-05-23 11:12:30.552 [info] > git show --textconv :src/@core/components/generic/GenericFormFlat.vue [10ms]
2025-05-23 11:12:30.553 [info] > git ls-files --stage -- src/@core/components/generic/GenericFormFlat.vue [2ms]
2025-05-23 11:12:30.560 [info] > git cat-file -s 757c9ec1ca20a1ab7ca85be3fe266b48fa892715 [1ms]
2025-05-23 11:12:30.825 [info] > git check-ignore -v -z --stdin [2ms]
2025-05-23 11:12:34.703 [info] > git show --textconv :src/@core/components/generic/GenericForm.vue [12ms]
2025-05-23 11:12:34.704 [info] > git ls-files --stage -- src/@core/components/generic/GenericForm.vue [2ms]
2025-05-23 11:12:34.712 [info] > git cat-file -s 0e60f60d56013520a5861e6f10450e48317a9fb4 [1ms]
2025-05-23 11:12:34.981 [info] > git check-ignore -v -z --stdin [4ms]
2025-05-23 11:12:37.226 [info] > git blame --root --incremental 0d6d31c6201fcb1285660cf0d4e8a74b3362ab0c -- src/@core/components/generic/GenericForm.vue [2ms]
2025-05-23 11:13:36.113 [info] > git show --textconv :src/@core/components/generic/GenericFormFlat.vue [17ms]
2025-05-23 11:13:36.116 [info] > git ls-files --stage -- src/@core/components/generic/GenericFormFlat.vue [5ms]
2025-05-23 11:13:36.124 [info] > git cat-file -s 757c9ec1ca20a1ab7ca85be3fe266b48fa892715 [1ms]
2025-05-23 11:13:38.887 [info] > git show --textconv :src/clinic/infra/components/services/services/EditService.vue [12ms]
2025-05-23 11:13:38.888 [info] > git ls-files --stage -- src/clinic/infra/components/services/services/EditService.vue [2ms]
2025-05-23 11:13:38.895 [info] > git cat-file -s ae0ee093a17d3a959f28521532ccc5f1086ebe76 [1ms]
2025-05-23 11:14:06.264 [info] > git show --textconv :src/clinic/infra/components/services/services/EditService.vue [8ms]
2025-05-23 11:14:06.265 [info] > git ls-files --stage -- src/clinic/infra/components/services/services/EditService.vue [1ms]
2025-05-23 11:14:06.273 [info] > git cat-file -s ae0ee093a17d3a959f28521532ccc5f1086ebe76 [2ms]
2025-05-23 11:14:08.356 [info] > git config --get commit.template [9ms]
2025-05-23 11:14:08.365 [info] > git for-each-ref --format=%(refname)%00%(upstream:short)%00%(objectname)%00%(upstream:track)%00%(upstream:remotename)%00%(upstream:remoteref) refs/heads/dev refs/remotes/dev [10ms]
2025-05-23 11:14:08.373 [warning] [Git][revParse] Unable to read file: ENOENT: no such file or directory, open '/home/hiansdt/projects/c3labs/vita/enchiridion-frontend/.git/refs/remotes/origin/dev'
2025-05-23 11:14:08.375 [info] > git rev-parse refs/remotes/origin/dev [2ms]
2025-05-23 11:14:08.391 [info] > git status -z -uall [8ms]
2025-05-23 11:14:08.391 [info] > git for-each-ref --sort -committerdate --format %(refname)%00%(objectname)%00%(*objectname) [2ms]
2025-05-23 11:14:14.927 [info] > git check-ignore -v -z --stdin [6ms]
2025-05-23 11:14:16.364 [info] > git config --get commit.template [10ms]
2025-05-23 11:14:16.365 [info] > git for-each-ref --format=%(refname)%00%(upstream:short)%00%(objectname)%00%(upstream:track)%00%(upstream:remotename)%00%(upstream:remoteref) refs/heads/dev refs/remotes/dev [2ms]
2025-05-23 11:14:16.372 [warning] [Git][revParse] Unable to read file: ENOENT: no such file or directory, open '/home/hiansdt/projects/c3labs/vita/enchiridion-frontend/.git/refs/remotes/origin/dev'
2025-05-23 11:14:16.373 [info] > git rev-parse refs/remotes/origin/dev [1ms]
2025-05-23 11:14:16.388 [info] > git status -z -uall [8ms]
2025-05-23 11:14:16.389 [info] > git for-each-ref --sort -committerdate --format %(refname)%00%(objectname)%00%(*objectname) [2ms]
2025-05-23 11:14:35.477 [info] > git check-ignore -v -z --stdin [2ms]
2025-05-23 11:15:13.469 [info] > git show --textconv :src/clinic/infra/pages/services/index.vue [8ms]
2025-05-23 11:15:13.471 [info] > git ls-files --stage -- src/clinic/infra/pages/services/index.vue [3ms]
2025-05-23 11:15:13.479 [info] > git cat-file -s e82306f25d09d99990ff117a87496b4da945af75 [1ms]
2025-05-23 11:15:13.491 [info] > git blame --root --incremental 0d6d31c6201fcb1285660cf0d4e8a74b3362ab0c -- src/clinic/infra/pages/services/index.vue [3ms]
2025-05-23 11:15:16.899 [info] > git show --textconv :src/clinic/infra/components/services/services/EditService.vue [12ms]
2025-05-23 11:15:16.899 [info] > git ls-files --stage -- src/clinic/infra/components/services/services/EditService.vue [1ms]
2025-05-23 11:15:16.907 [info] > git cat-file -s ae0ee093a17d3a959f28521532ccc5f1086ebe76 [1ms]
2025-05-23 11:15:37.367 [info] > git show --textconv :src/@core/components/generic/GenericForm.vue [12ms]
2025-05-23 11:15:37.369 [info] > git ls-files --stage -- src/@core/components/generic/GenericForm.vue [3ms]
2025-05-23 11:15:37.379 [info] > git cat-file -s 0e60f60d56013520a5861e6f10450e48317a9fb4 [1ms]
2025-05-23 11:15:37.804 [info] > git check-ignore -v -z --stdin [5ms]
2025-05-23 11:16:00.010 [info] > git show --textconv :src/clinic/infra/components/services/services/EditService.vue [11ms]
2025-05-23 11:16:00.012 [info] > git ls-files --stage -- src/clinic/infra/components/services/services/EditService.vue [2ms]
2025-05-23 11:16:00.022 [info] > git cat-file -s ae0ee093a17d3a959f28521532ccc5f1086ebe76 [1ms]
2025-05-23 11:16:16.267 [info] > git show --textconv :src/@core/components/generic/GenericFormFlat.vue [15ms]
2025-05-23 11:16:16.269 [info] > git ls-files --stage -- src/@core/components/generic/GenericFormFlat.vue [4ms]
2025-05-23 11:16:16.278 [info] > git cat-file -s 757c9ec1ca20a1ab7ca85be3fe266b48fa892715 [1ms]
2025-05-23 11:16:26.759 [info] > git show --textconv :src/@core/components/generic/GenericForm.vue [12ms]
2025-05-23 11:16:26.761 [info] > git ls-files --stage -- src/@core/components/generic/GenericForm.vue [4ms]
2025-05-23 11:16:26.771 [info] > git cat-file -s 0e60f60d56013520a5861e6f10450e48317a9fb4 [1ms]
2025-05-23 11:16:40.724 [info] > git show --textconv :src/clinic/infra/pages/services/index.vue [14ms]
2025-05-23 11:16:40.725 [info] > git ls-files --stage -- src/clinic/infra/pages/services/index.vue [1ms]
2025-05-23 11:16:40.733 [info] > git cat-file -s e82306f25d09d99990ff117a87496b4da945af75 [2ms]
2025-05-23 11:16:41.517 [info] > git show --textconv :src/clinic/infra/components/services/services/EditService.vue [6ms]
2025-05-23 11:16:41.518 [info] > git ls-files --stage -- src/clinic/infra/components/services/services/EditService.vue [0ms]
2025-05-23 11:16:41.525 [info] > git cat-file -s ae0ee093a17d3a959f28521532ccc5f1086ebe76 [1ms]
2025-05-23 11:16:48.903 [info] > git config --get commit.template [9ms]
2025-05-23 11:16:48.905 [info] > git for-each-ref --format=%(refname)%00%(upstream:short)%00%(objectname)%00%(upstream:track)%00%(upstream:remotename)%00%(upstream:remoteref) refs/heads/dev refs/remotes/dev [1ms]
2025-05-23 11:16:48.913 [warning] [Git][revParse] Unable to read file: ENOENT: no such file or directory, open '/home/hiansdt/projects/c3labs/vita/enchiridion-frontend/.git/refs/remotes/origin/dev'
2025-05-23 11:16:48.914 [info] > git rev-parse refs/remotes/origin/dev [2ms]
2025-05-23 11:16:48.928 [info] > git status -z -uall [6ms]
2025-05-23 11:16:48.929 [info] > git for-each-ref --sort -committerdate --format %(refname)%00%(objectname)%00%(*objectname) [1ms]
2025-05-23 11:17:02.315 [info] > git show --textconv :src/@core/components/generic/GenericForm.vue [12ms]
2025-05-23 11:17:02.315 [info] > git ls-files --stage -- src/@core/components/generic/GenericForm.vue [1ms]
2025-05-23 11:17:02.324 [info] > git cat-file -s 0e60f60d56013520a5861e6f10450e48317a9fb4 [1ms]
2025-05-23 11:17:07.188 [info] > git show --textconv :src/clinic/infra/components/services/services/EditService.vue [11ms]
2025-05-23 11:17:07.189 [info] > git ls-files --stage -- src/clinic/infra/components/services/services/EditService.vue [2ms]
2025-05-23 11:17:07.198 [info] > git cat-file -s ae0ee093a17d3a959f28521532ccc5f1086ebe76 [1ms]
2025-05-23 11:17:13.353 [info] > git config --get commit.template [9ms]
2025-05-23 11:17:13.355 [info] > git for-each-ref --format=%(refname)%00%(upstream:short)%00%(objectname)%00%(upstream:track)%00%(upstream:remotename)%00%(upstream:remoteref) refs/heads/dev refs/remotes/dev [3ms]
2025-05-23 11:17:13.361 [warning] [Git][revParse] Unable to read file: ENOENT: no such file or directory, open '/home/hiansdt/projects/c3labs/vita/enchiridion-frontend/.git/refs/remotes/origin/dev'
2025-05-23 11:17:13.362 [info] > git rev-parse refs/remotes/origin/dev [1ms]
2025-05-23 11:17:13.374 [info] > git for-each-ref --sort -committerdate --format %(refname)%00%(objectname)%00%(*objectname) [2ms]
2025-05-23 11:17:13.375 [info] > git status -z -uall [8ms]
2025-05-23 11:17:13.606 [info] > git show --textconv :src/@core/components/generic/GenericForm.vue [7ms]
2025-05-23 11:17:13.607 [info] > git ls-files --stage -- src/@core/components/generic/GenericForm.vue [2ms]
2025-05-23 11:17:13.614 [info] > git cat-file -s 0e60f60d56013520a5861e6f10450e48317a9fb4 [1ms]
2025-05-23 11:17:16.327 [info] > git show --textconv :src/clinic/infra/components/services/services/EditService.vue [14ms]
2025-05-23 11:17:16.329 [info] > git ls-files --stage -- src/clinic/infra/components/services/services/EditService.vue [3ms]
2025-05-23 11:17:16.340 [info] > git cat-file -s ae0ee093a17d3a959f28521532ccc5f1086ebe76 [3ms]
2025-05-23 11:17:17.510 [info] > git show --textconv :src/@core/components/generic/GenericForm.vue [10ms]
2025-05-23 11:17:17.512 [info] > git ls-files --stage -- src/@core/components/generic/GenericForm.vue [2ms]
2025-05-23 11:17:17.565 [info] > git cat-file -s 0e60f60d56013520a5861e6f10450e48317a9fb4 [5ms]
2025-05-23 11:17:22.469 [info] > git show --textconv :src/clinic/infra/components/services/services/EditService.vue [8ms]
2025-05-23 11:17:22.470 [info] > git ls-files --stage -- src/clinic/infra/components/services/services/EditService.vue [1ms]
2025-05-23 11:17:22.477 [info] > git cat-file -s ae0ee093a17d3a959f28521532ccc5f1086ebe76 [1ms]
2025-05-23 11:17:40.599 [info] > git config --get commit.template [5ms]
2025-05-23 11:17:40.599 [info] > git for-each-ref --format=%(refname)%00%(upstream:short)%00%(objectname)%00%(upstream:track)%00%(upstream:remotename)%00%(upstream:remoteref) refs/heads/dev refs/remotes/dev [1ms]
2025-05-23 11:17:40.604 [warning] [Git][revParse] Unable to read file: ENOENT: no such file or directory, open '/home/hiansdt/projects/c3labs/vita/enchiridion-frontend/.git/refs/remotes/origin/dev'
2025-05-23 11:17:40.605 [info] > git rev-parse refs/remotes/origin/dev [1ms]
2025-05-23 11:17:40.616 [info] > git status -z -uall [6ms]
2025-05-23 11:17:40.617 [info] > git for-each-ref --sort -committerdate --format %(refname)%00%(objectname)%00%(*objectname) [2ms]
2025-05-23 11:17:45.141 [info] > git show --textconv :src/clinic/infra/pages/services/index.vue [9ms]
2025-05-23 11:17:45.142 [info] > git ls-files --stage -- src/clinic/infra/pages/services/index.vue [2ms]
2025-05-23 11:17:45.156 [info] > git cat-file -s e82306f25d09d99990ff117a87496b4da945af75 [4ms]
2025-05-23 11:17:46.046 [info] > git show --textconv :src/clinic/infra/components/services/services/EditService.vue [12ms]
2025-05-23 11:17:46.047 [info] > git ls-files --stage -- src/clinic/infra/components/services/services/EditService.vue [2ms]
2025-05-23 11:17:46.057 [info] > git cat-file -s ae0ee093a17d3a959f28521532ccc5f1086ebe76 [3ms]
2025-05-23 11:17:51.370 [info] > git show --textconv :src/@core/components/generic/GenericForm.vue [12ms]
2025-05-23 11:17:51.370 [info] > git ls-files --stage -- src/@core/components/generic/GenericForm.vue [1ms]
2025-05-23 11:17:51.379 [info] > git cat-file -s 0e60f60d56013520a5861e6f10450e48317a9fb4 [2ms]
2025-05-23 11:18:01.136 [info] > git show --textconv :src/clinic/infra/components/services/services/EditService.vue [8ms]
2025-05-23 11:18:01.137 [info] > git ls-files --stage -- src/clinic/infra/components/services/services/EditService.vue [2ms]
2025-05-23 11:18:01.144 [info] > git cat-file -s ae0ee093a17d3a959f28521532ccc5f1086ebe76 [1ms]
2025-05-23 11:18:04.966 [info] > git show --textconv :src/clinic/infra/pages/services/index.vue [12ms]
2025-05-23 11:18:04.967 [info] > git ls-files --stage -- src/clinic/infra/pages/services/index.vue [2ms]
2025-05-23 11:18:04.978 [info] > git cat-file -s e82306f25d09d99990ff117a87496b4da945af75 [3ms]
2025-05-23 11:18:11.203 [info] > git show --textconv :src/clinic/infra/components/services/services/ListServices.vue [8ms]
2025-05-23 11:18:11.204 [info] > git ls-files --stage -- src/clinic/infra/components/services/services/ListServices.vue [2ms]
2025-05-23 11:18:11.211 [info] > git cat-file -s e8b58c380e4fb34e75d966f00e1746546d5c63ab [1ms]
2025-05-23 11:18:15.951 [info] > git blame --root --incremental 0d6d31c6201fcb1285660cf0d4e8a74b3362ab0c -- src/clinic/infra/components/services/services/ListServices.vue [2ms]
2025-05-23 11:18:17.705 [info] > git show --textconv :src/clinic/infra/components/services/services/EditService.vue [13ms]
2025-05-23 11:18:17.707 [info] > git ls-files --stage -- src/clinic/infra/components/services/services/EditService.vue [2ms]
2025-05-23 11:18:17.715 [info] > git cat-file -s ae0ee093a17d3a959f28521532ccc5f1086ebe76 [1ms]
2025-05-23 11:18:21.431 [info] > git show --textconv :src/clinic/infra/components/services/services/ListServices.vue [11ms]
2025-05-23 11:18:21.432 [info] > git ls-files --stage -- src/clinic/infra/components/services/services/ListServices.vue [2ms]
2025-05-23 11:18:21.440 [info] > git cat-file -s e8b58c380e4fb34e75d966f00e1746546d5c63ab [1ms]
2025-05-23 11:18:25.328 [info] > git show --textconv :src/clinic/infra/components/services/services/EditService.vue [9ms]
2025-05-23 11:18:25.329 [info] > git ls-files --stage -- src/clinic/infra/components/services/services/EditService.vue [2ms]
2025-05-23 11:18:25.339 [info] > git cat-file -s ae0ee093a17d3a959f28521532ccc5f1086ebe76 [2ms]
2025-05-23 11:18:38.775 [info] > git show --textconv :src/@core/components/generic/GenericForm.vue [9ms]
2025-05-23 11:18:38.775 [info] > git ls-files --stage -- src/@core/components/generic/GenericForm.vue [1ms]
2025-05-23 11:18:38.782 [info] > git cat-file -s 0e60f60d56013520a5861e6f10450e48317a9fb4 [1ms]
2025-05-23 11:18:41.995 [info] > git show --textconv :src/clinic/infra/components/services/services/EditService.vue [14ms]
2025-05-23 11:18:41.997 [info] > git ls-files --stage -- src/clinic/infra/components/services/services/EditService.vue [3ms]
2025-05-23 11:18:42.005 [info] > git cat-file -s ae0ee093a17d3a959f28521532ccc5f1086ebe76 [1ms]
2025-05-23 11:19:00.486 [info] > git config --get commit.template [7ms]
2025-05-23 11:19:00.487 [info] > git for-each-ref --format=%(refname)%00%(upstream:short)%00%(objectname)%00%(upstream:track)%00%(upstream:remotename)%00%(upstream:remoteref) refs/heads/dev refs/remotes/dev [2ms]
2025-05-23 11:19:00.495 [warning] [Git][revParse] Unable to read file: ENOENT: no such file or directory, open '/home/hiansdt/projects/c3labs/vita/enchiridion-frontend/.git/refs/remotes/origin/dev'
2025-05-23 11:19:00.496 [info] > git rev-parse refs/remotes/origin/dev [1ms]
2025-05-23 11:19:00.513 [info] > git for-each-ref --sort -committerdate --format %(refname)%00%(objectname)%00%(*objectname) [2ms]
2025-05-23 11:19:00.513 [info] > git status -z -uall [9ms]
2025-05-23 11:19:06.176 [info] > git config --get commit.template [7ms]
2025-05-23 11:19:06.177 [info] > git for-each-ref --format=%(refname)%00%(upstream:short)%00%(objectname)%00%(upstream:track)%00%(upstream:remotename)%00%(upstream:remoteref) refs/heads/dev refs/remotes/dev [2ms]
2025-05-23 11:19:06.184 [warning] [Git][revParse] Unable to read file: ENOENT: no such file or directory, open '/home/hiansdt/projects/c3labs/vita/enchiridion-frontend/.git/refs/remotes/origin/dev'
2025-05-23 11:19:06.185 [info] > git rev-parse refs/remotes/origin/dev [1ms]
2025-05-23 11:19:06.202 [info] > git for-each-ref --sort -committerdate --format %(refname)%00%(objectname)%00%(*objectname) [2ms]
2025-05-23 11:19:06.205 [info] > git status -z -uall [13ms]
2025-05-23 11:19:18.660 [info] > git config --get commit.template [5ms]
2025-05-23 11:19:18.661 [info] > git for-each-ref --format=%(refname)%00%(upstream:short)%00%(objectname)%00%(upstream:track)%00%(upstream:remotename)%00%(upstream:remoteref) refs/heads/dev refs/remotes/dev [1ms]
2025-05-23 11:19:18.666 [warning] [Git][revParse] Unable to read file: ENOENT: no such file or directory, open '/home/hiansdt/projects/c3labs/vita/enchiridion-frontend/.git/refs/remotes/origin/dev'
2025-05-23 11:19:18.667 [info] > git rev-parse refs/remotes/origin/dev [1ms]
2025-05-23 11:19:18.683 [info] > git status -z -uall [9ms]
2025-05-23 11:19:18.684 [info] > git for-each-ref --sort -committerdate --format %(refname)%00%(objectname)%00%(*objectname) [1ms]
2025-05-23 11:19:25.851 [info] > git config --get commit.template [12ms]
2025-05-23 11:19:25.853 [info] > git for-each-ref --format=%(refname)%00%(upstream:short)%00%(objectname)%00%(upstream:track)%00%(upstream:remotename)%00%(upstream:remoteref) refs/heads/dev refs/remotes/dev [3ms]
2025-05-23 11:19:25.862 [warning] [Git][revParse] Unable to read file: ENOENT: no such file or directory, open '/home/hiansdt/projects/c3labs/vita/enchiridion-frontend/.git/refs/remotes/origin/dev'
2025-05-23 11:19:25.863 [info] > git rev-parse refs/remotes/origin/dev [1ms]
2025-05-23 11:19:25.879 [info] > git status -z -uall [8ms]
2025-05-23 11:19:25.880 [info] > git for-each-ref --sort -committerdate --format %(refname)%00%(objectname)%00%(*objectname) [2ms]
2025-05-23 13:00:16.888 [info] > git config --get commit.template [10ms]
2025-05-23 13:00:16.888 [info] > git ls-files --stage -- src/clinic/infra/components/services/services/EditService.vue [1ms]
2025-05-23 13:00:16.903 [info] > git cat-file -s ae0ee093a17d3a959f28521532ccc5f1086ebe76 [9ms]
2025-05-23 13:00:16.904 [info] > git for-each-ref --format=%(refname)%00%(upstream:short)%00%(objectname)%00%(upstream:track)%00%(upstream:remotename)%00%(upstream:remoteref) refs/heads/dev refs/remotes/dev [2ms]
2025-05-23 13:00:16.909 [warning] [Git][revParse] Unable to read file: ENOENT: no such file or directory, open '/home/hiansdt/projects/c3labs/vita/enchiridion-frontend/.git/refs/remotes/origin/dev'
2025-05-23 13:00:16.915 [info] > git rev-parse refs/remotes/origin/dev [6ms]
2025-05-23 13:00:16.933 [info] > git show --textconv :src/clinic/infra/components/services/services/EditService.vue [19ms]
2025-05-23 13:00:16.933 [info] > git status -z -uall [12ms]
2025-05-23 13:00:16.933 [info] > git for-each-ref --sort -committerdate --format %(refname)%00%(objectname)%00%(*objectname) [6ms]
2025-05-23 13:00:44.069 [info] > git show --textconv :src/clinic/infra/components/services/services/EditService.vue [8ms]
2025-05-23 13:00:44.070 [info] > git ls-files --stage -- src/clinic/infra/components/services/services/EditService.vue [2ms]
2025-05-23 13:00:44.079 [info] > git cat-file -s ae0ee093a17d3a959f28521532ccc5f1086ebe76 [2ms]
2025-05-23 13:01:28.340 [info] > git show --textconv :src/clinic/infra/components/services/services/EditService.vue [16ms]
2025-05-23 13:01:28.341 [info] > git ls-files --stage -- src/clinic/infra/components/services/services/EditService.vue [3ms]
2025-05-23 13:01:28.354 [info] > git cat-file -s ae0ee093a17d3a959f28521532ccc5f1086ebe76 [1ms]
2025-05-23 13:03:20.618 [info] > git show --textconv :src/clinic/infra/components/services/services/EditService.vue [12ms]
2025-05-23 13:03:20.620 [info] > git ls-files --stage -- src/clinic/infra/components/services/services/EditService.vue [2ms]
2025-05-23 13:03:20.631 [info] > git cat-file -s ae0ee093a17d3a959f28521532ccc5f1086ebe76 [2ms]
2025-05-23 13:05:56.156 [info] > git show --textconv :src/clinic/infra/components/services/services/EditService.vue [14ms]
2025-05-23 13:05:56.157 [info] > git ls-files --stage -- src/clinic/infra/components/services/services/EditService.vue [2ms]
2025-05-23 13:05:56.165 [info] > git cat-file -s ae0ee093a17d3a959f28521532ccc5f1086ebe76 [1ms]
2025-05-23 13:11:00.471 [info] > git show --textconv :src/clinic/infra/components/services/services/EditService.vue [12ms]
2025-05-23 13:11:00.472 [info] > git ls-files --stage -- src/clinic/infra/components/services/services/EditService.vue [2ms]
2025-05-23 13:11:00.483 [info] > git cat-file -s ae0ee093a17d3a959f28521532ccc5f1086ebe76 [2ms]
2025-05-23 13:11:10.908 [info] > git show --textconv :src/clinic/infra/components/services/services/EditService.vue [8ms]
2025-05-23 13:11:10.909 [info] > git ls-files --stage -- src/clinic/infra/components/services/services/EditService.vue [2ms]
2025-05-23 13:11:10.921 [info] > git cat-file -s ae0ee093a17d3a959f28521532ccc5f1086ebe76 [2ms]
2025-05-23 13:12:14.760 [info] > git check-ignore -v -z --stdin [2ms]
2025-05-23 13:12:24.109 [info] > git check-ignore -v -z --stdin [3ms]
2025-05-23 13:12:25.853 [info] > git check-ignore -v -z --stdin [4ms]
2025-05-23 13:13:44.510 [info] > git config --get commit.template [8ms]
2025-05-23 13:13:44.510 [info] > git for-each-ref --format=%(refname)%00%(upstream:short)%00%(objectname)%00%(upstream:track)%00%(upstream:remotename)%00%(upstream:remoteref) refs/heads/dev refs/remotes/dev [1ms]
2025-05-23 13:13:44.516 [warning] [Git][revParse] Unable to read file: ENOENT: no such file or directory, open '/home/hiansdt/projects/c3labs/vita/enchiridion-frontend/.git/refs/remotes/origin/dev'
2025-05-23 13:13:44.517 [info] > git rev-parse refs/remotes/origin/dev [1ms]
2025-05-23 13:13:44.535 [info] > git status -z -uall [11ms]
2025-05-23 13:13:44.536 [info] > git for-each-ref --sort -committerdate --format %(refname)%00%(objectname)%00%(*objectname) [2ms]
2025-05-23 13:14:34.113 [info] > git check-ignore -v -z --stdin [3ms]
2025-05-23 17:05:05.938 [info] > git config --get commit.template [17ms]
2025-05-23 17:05:05.954 [info] > git for-each-ref --format=%(refname)%00%(upstream:short)%00%(objectname)%00%(upstream:track)%00%(upstream:remotename)%00%(upstream:remoteref) refs/heads/dev refs/remotes/dev [17ms]
2025-05-23 17:05:05.968 [warning] [Git][revParse] Unable to read file: ENOENT: no such file or directory, open '/home/hiansdt/projects/c3labs/vita/enchiridion-frontend/.git/refs/remotes/origin/dev'
2025-05-23 17:05:05.970 [info] > git rev-parse refs/remotes/origin/dev [3ms]
2025-05-23 17:05:06.000 [info] > git status -z -uall [15ms]
2025-05-23 17:05:06.001 [info] > git for-each-ref --sort -committerdate --format %(refname)%00%(objectname)%00%(*objectname) [2ms]
2025-05-23 17:07:44.421 [info] > git config --get commit.template [13ms]
2025-05-23 17:07:44.423 [info] > git for-each-ref --format=%(refname)%00%(upstream:short)%00%(objectname)%00%(upstream:track)%00%(upstream:remotename)%00%(upstream:remoteref) refs/heads/dev refs/remotes/dev [3ms]
2025-05-23 17:07:44.437 [warning] [Git][revParse] Unable to read file: ENOENT: no such file or directory, open '/home/hiansdt/projects/c3labs/vita/enchiridion-frontend/.git/refs/remotes/origin/dev'
2025-05-23 17:07:44.440 [info] > git rev-parse refs/remotes/origin/dev [3ms]
2025-05-23 17:07:44.469 [info] > git status -z -uall [15ms]
2025-05-23 17:07:44.472 [info] > git for-each-ref --sort -committerdate --format %(refname)%00%(objectname)%00%(*objectname) [4ms]
