2025-05-30 17:14:55.596 [info] Started local extension host with pid 519173.
2025-05-30 17:14:55.635 [info] ComputeTargetPlatform: linux-x64
2025-05-30 17:14:56.628 [info] Settings Sync: Account status changed from uninitialized to unavailable
2025-05-30 17:15:01.583 [info] [perf] Render performance baseline is 19ms
2025-05-30 17:15:36.666 [warning] [backup tracker] suspended, ignoring unregister event file:///home/hiansdt/projects/c3labs/vita/enchiridion-backend/.devcontainer/devcontainer.json 
2025-05-30 17:15:37.054 [info] Started local extension host with pid 520113.
2025-05-30 17:15:37.082 [info] ComputeTargetPlatform: linux-x64
2025-05-30 17:15:37.538 [info] Invoking resolveAuthority(dev-container)...
2025-05-30 17:15:37.538 [info] [LocalProcess0][resolveAuthority(dev-container,1)][0ms] obtaining proxy...
2025-05-30 17:15:37.538 [info] [LocalProcess0][resolveAuthority(dev-container,1)][0ms] invoking...
2025-05-30 17:15:38.539 [info] [LocalProcess0][resolveAuthority(dev-container,1)][1000ms] waiting...
2025-05-30 17:15:39.539 [info] [LocalProcess0][resolveAuthority(dev-container,1)][2000ms] waiting...
2025-05-30 17:15:40.539 [info] [LocalProcess0][resolveAuthority(dev-container,1)][3000ms] waiting...
2025-05-30 17:15:41.564 [info] [LocalProcess0][resolveAuthority(dev-container,1)][4025ms] waiting...
2025-05-30 17:15:42.539 [info] [LocalProcess0][resolveAuthority(dev-container,1)][5000ms] waiting...
2025-05-30 17:15:43.539 [info] [LocalProcess0][resolveAuthority(dev-container,1)][6000ms] waiting...
2025-05-30 17:15:44.539 [info] [LocalProcess0][resolveAuthority(dev-container,1)][7000ms] waiting...
2025-05-30 17:15:45.539 [info] [LocalProcess0][resolveAuthority(dev-container,1)][8000ms] waiting...
2025-05-30 17:15:46.539 [info] [LocalProcess0][resolveAuthority(dev-container,1)][9000ms] waiting...
2025-05-30 17:15:47.539 [info] [LocalProcess0][resolveAuthority(dev-container,1)][10000ms] waiting...
2025-05-30 17:15:48.539 [info] [LocalProcess0][resolveAuthority(dev-container,1)][11000ms] waiting...
2025-05-30 17:15:49.539 [info] [LocalProcess0][resolveAuthority(dev-container,1)][12000ms] waiting...
2025-05-30 17:15:50.539 [info] [LocalProcess0][resolveAuthority(dev-container,1)][13000ms] waiting...
2025-05-30 17:15:51.539 [info] [LocalProcess0][resolveAuthority(dev-container,1)][14000ms] waiting...
2025-05-30 17:15:52.539 [info] [LocalProcess0][resolveAuthority(dev-container,1)][15000ms] waiting...
2025-05-30 17:15:53.539 [info] [LocalProcess0][resolveAuthority(dev-container,1)][16000ms] waiting...
2025-05-30 17:15:54.539 [info] [LocalProcess0][resolveAuthority(dev-container,1)][17000ms] waiting...
2025-05-30 17:15:55.539 [info] [LocalProcess0][resolveAuthority(dev-container,1)][18000ms] waiting...
2025-05-30 17:15:56.539 [info] [LocalProcess0][resolveAuthority(dev-container,1)][19000ms] waiting...
2025-05-30 17:15:57.539 [info] [LocalProcess0][resolveAuthority(dev-container,1)][20000ms] waiting...
2025-05-30 17:15:58.539 [info] [LocalProcess0][resolveAuthority(dev-container,1)][21000ms] waiting...
2025-05-30 17:15:59.539 [info] [LocalProcess0][resolveAuthority(dev-container,1)][22000ms] waiting...
2025-05-30 17:16:00.540 [info] [LocalProcess0][resolveAuthority(dev-container,1)][23000ms] waiting...
2025-05-30 17:16:01.539 [info] [LocalProcess0][resolveAuthority(dev-container,1)][24000ms] waiting...
2025-05-30 17:16:02.540 [info] [LocalProcess0][resolveAuthority(dev-container,1)][25000ms] waiting...
2025-05-30 17:16:03.539 [info] [LocalProcess0][resolveAuthority(dev-container,1)][26000ms] waiting...
2025-05-30 17:16:04.539 [info] [LocalProcess0][resolveAuthority(dev-container,1)][27000ms] waiting...
2025-05-30 17:16:05.539 [info] [LocalProcess0][resolveAuthority(dev-container,1)][28000ms] waiting...
2025-05-30 17:16:06.539 [info] [LocalProcess0][resolveAuthority(dev-container,1)][29000ms] waiting...
2025-05-30 17:16:07.556 [info] [LocalProcess0][resolveAuthority(dev-container,1)][30017ms] waiting...
2025-05-30 17:16:08.539 [info] [LocalProcess0][resolveAuthority(dev-container,1)][31000ms] waiting...
2025-05-30 17:16:09.539 [info] [LocalProcess0][resolveAuthority(dev-container,1)][32000ms] waiting...
2025-05-30 17:16:10.539 [info] [LocalProcess0][resolveAuthority(dev-container,1)][33000ms] waiting...
2025-05-30 17:16:11.539 [info] [LocalProcess0][resolveAuthority(dev-container,1)][34000ms] waiting...
2025-05-30 17:16:12.539 [info] [LocalProcess0][resolveAuthority(dev-container,1)][35000ms] waiting...
2025-05-30 17:16:13.539 [info] [LocalProcess0][resolveAuthority(dev-container,1)][36000ms] waiting...
2025-05-30 17:16:14.539 [info] [LocalProcess0][resolveAuthority(dev-container,1)][37000ms] waiting...
2025-05-30 17:16:15.539 [info] [LocalProcess0][resolveAuthority(dev-container,1)][38000ms] waiting...
2025-05-30 17:16:16.539 [info] [LocalProcess0][resolveAuthority(dev-container,1)][39000ms] waiting...
2025-05-30 17:16:17.539 [info] [LocalProcess0][resolveAuthority(dev-container,1)][40000ms] waiting...
2025-05-30 17:16:18.539 [info] [LocalProcess0][resolveAuthority(dev-container,1)][41000ms] waiting...
2025-05-30 17:16:19.539 [info] [LocalProcess0][resolveAuthority(dev-container,1)][42000ms] waiting...
2025-05-30 17:16:20.539 [info] [LocalProcess0][resolveAuthority(dev-container,1)][43000ms] waiting...
2025-05-30 17:16:21.539 [info] [LocalProcess0][resolveAuthority(dev-container,1)][44000ms] waiting...
2025-05-30 17:16:22.539 [info] [LocalProcess0][resolveAuthority(dev-container,1)][45000ms] waiting...
2025-05-30 17:16:23.539 [info] [LocalProcess0][resolveAuthority(dev-container,1)][46000ms] waiting...
2025-05-30 17:16:24.539 [info] [LocalProcess0][resolveAuthority(dev-container,1)][47000ms] waiting...
2025-05-30 17:16:25.539 [info] [LocalProcess0][resolveAuthority(dev-container,1)][48000ms] waiting...
2025-05-30 17:16:26.539 [info] [LocalProcess0][resolveAuthority(dev-container,1)][49000ms] waiting...
2025-05-30 17:16:27.539 [info] [LocalProcess0][resolveAuthority(dev-container,1)][50000ms] waiting...
2025-05-30 17:16:28.539 [info] [LocalProcess0][resolveAuthority(dev-container,1)][51000ms] waiting...
2025-05-30 17:16:29.538 [info] [LocalProcess0][resolveAuthority(dev-container,1)][52000ms] waiting...
2025-05-30 17:16:30.539 [info] [LocalProcess0][resolveAuthority(dev-container,1)][53000ms] waiting...
2025-05-30 17:16:31.539 [info] [LocalProcess0][resolveAuthority(dev-container,1)][54000ms] waiting...
2025-05-30 17:16:32.539 [info] [LocalProcess0][resolveAuthority(dev-container,1)][55000ms] waiting...
2025-05-30 17:16:33.538 [info] [LocalProcess0][resolveAuthority(dev-container,1)][56000ms] waiting...
2025-05-30 17:16:34.539 [info] [LocalProcess0][resolveAuthority(dev-container,1)][57000ms] waiting...
2025-05-30 17:16:35.539 [info] [LocalProcess0][resolveAuthority(dev-container,1)][58000ms] waiting...
2025-05-30 17:16:36.539 [info] [LocalProcess0][resolveAuthority(dev-container,1)][59000ms] waiting...
2025-05-30 17:16:37.539 [info] [LocalProcess0][resolveAuthority(dev-container,1)][60000ms] waiting...
2025-05-30 17:16:38.539 [info] [LocalProcess0][resolveAuthority(dev-container,1)][61000ms] waiting...
2025-05-30 17:16:39.539 [info] [LocalProcess0][resolveAuthority(dev-container,1)][62000ms] waiting...
2025-05-30 17:16:40.539 [info] [LocalProcess0][resolveAuthority(dev-container,1)][63000ms] waiting...
2025-05-30 17:16:41.539 [info] [LocalProcess0][resolveAuthority(dev-container,1)][64000ms] waiting...
2025-05-30 17:16:42.539 [info] [LocalProcess0][resolveAuthority(dev-container,1)][65000ms] waiting...
2025-05-30 17:16:43.539 [info] [LocalProcess0][resolveAuthority(dev-container,1)][66000ms] waiting...
2025-05-30 17:16:44.540 [info] [LocalProcess0][resolveAuthority(dev-container,1)][67000ms] waiting...
2025-05-30 17:16:45.539 [info] [LocalProcess0][resolveAuthority(dev-container,1)][68000ms] waiting...
2025-05-30 17:16:46.539 [info] [LocalProcess0][resolveAuthority(dev-container,1)][69000ms] waiting...
2025-05-30 17:16:47.540 [info] [LocalProcess0][resolveAuthority(dev-container,1)][70000ms] waiting...
2025-05-30 17:16:48.539 [info] [LocalProcess0][resolveAuthority(dev-container,1)][71000ms] waiting...
2025-05-30 17:16:49.539 [info] [LocalProcess0][resolveAuthority(dev-container,1)][72000ms] waiting...
2025-05-30 17:16:50.539 [info] [LocalProcess0][resolveAuthority(dev-container,1)][73000ms] waiting...
2025-05-30 17:16:51.539 [info] [LocalProcess0][resolveAuthority(dev-container,1)][74000ms] waiting...
2025-05-30 17:16:52.539 [info] [LocalProcess0][resolveAuthority(dev-container,1)][75000ms] waiting...
2025-05-30 17:16:53.539 [info] [LocalProcess0][resolveAuthority(dev-container,1)][76000ms] waiting...
2025-05-30 17:16:54.539 [info] [LocalProcess0][resolveAuthority(dev-container,1)][77000ms] waiting...
2025-05-30 17:16:55.540 [info] [LocalProcess0][resolveAuthority(dev-container,1)][78000ms] waiting...
2025-05-30 17:16:56.539 [info] [LocalProcess0][resolveAuthority(dev-container,1)][79000ms] waiting...
2025-05-30 17:16:57.540 [info] [LocalProcess0][resolveAuthority(dev-container,1)][80000ms] waiting...
2025-05-30 17:16:58.540 [info] [LocalProcess0][resolveAuthority(dev-container,1)][81001ms] waiting...
2025-05-30 17:16:59.539 [info] [LocalProcess0][resolveAuthority(dev-container,1)][82000ms] waiting...
2025-05-30 17:17:00.539 [info] [LocalProcess0][resolveAuthority(dev-container,1)][83000ms] waiting...
2025-05-30 17:17:01.539 [info] [LocalProcess0][resolveAuthority(dev-container,1)][84000ms] waiting...
2025-05-30 17:17:02.539 [info] [LocalProcess0][resolveAuthority(dev-container,1)][85000ms] waiting...
2025-05-30 17:17:03.539 [info] [LocalProcess0][resolveAuthority(dev-container,1)][86000ms] waiting...
2025-05-30 17:17:04.539 [info] [LocalProcess0][resolveAuthority(dev-container,1)][87000ms] waiting...
2025-05-30 17:17:05.539 [info] [LocalProcess0][resolveAuthority(dev-container,1)][88000ms] waiting...
2025-05-30 17:17:06.539 [info] [LocalProcess0][resolveAuthority(dev-container,1)][89000ms] waiting...
2025-05-30 17:17:07.539 [info] [LocalProcess0][resolveAuthority(dev-container,1)][90000ms] waiting...
2025-05-30 17:17:08.539 [info] [LocalProcess0][resolveAuthority(dev-container,1)][91000ms] waiting...
2025-05-30 17:17:09.539 [info] [LocalProcess0][resolveAuthority(dev-container,1)][92000ms] waiting...
2025-05-30 17:17:10.539 [info] [LocalProcess0][resolveAuthority(dev-container,1)][93000ms] waiting...
2025-05-30 17:17:11.539 [info] [LocalProcess0][resolveAuthority(dev-container,1)][94000ms] waiting...
2025-05-30 17:17:12.539 [info] [LocalProcess0][resolveAuthority(dev-container,1)][95000ms] waiting...
2025-05-30 17:17:13.539 [info] [LocalProcess0][resolveAuthority(dev-container,1)][96000ms] waiting...
2025-05-30 17:17:13.819 [info] [LocalProcess0][resolveAuthority(dev-container,1)][96280ms] returned WebSocket(127.0.0.1:36069)
2025-05-30 17:17:13.819 [info] resolveAuthority(dev-container) returned 'WebSocket(127.0.0.1:36069)' after 96281 ms
2025-05-30 17:17:13.821 [info] Creating a socket (renderer-Management-c16b5c89-04a2-42d9-86f0-2e379c6955cb)...
2025-05-30 17:17:13.855 [info] Creating a socket (renderer-ExtensionHost-f4142b0a-340c-4f5a-9b6e-2f375e8fd323)...
2025-05-30 17:17:13.941 [info] Creating a socket (renderer-Management-c16b5c89-04a2-42d9-86f0-2e379c6955cb) was successful after 119 ms.
2025-05-30 17:17:14.056 [info] Creating a socket (renderer-ExtensionHost-f4142b0a-340c-4f5a-9b6e-2f375e8fd323) was successful after 202 ms.
2025-05-30 17:17:14.622 [info] Settings Sync: Account status changed from uninitialized to unavailable
2025-05-30 17:17:14.825 [warning] No search provider registered for scheme: vscode-remote, waiting
2025-05-30 17:17:15.281 [info] [perf] Render performance baseline is 15ms
2025-05-30 17:17:15.714 [info] Installing '5' extensions relayed from server
2025-05-30 17:17:17.035 [info] Downloading the 'ms-python.python' extension locally and install
2025-05-30 17:17:17.035 [info] Downloading the 'ms-python.black-formatter' extension locally and install
2025-05-30 17:17:17.035 [info] Downloading the 'tamasfe.even-better-toml' extension locally and install
2025-05-30 17:17:17.035 [info] Downloading the 'ms-python.isort' extension locally and install
2025-05-30 17:17:17.035 [info] Downloading the 'ms-python.pylint' extension locally and install
2025-05-30 17:17:18.445 [info] Downloading the workspace dependencies and packed extensions of 'ms-python.python' locally and install
2025-05-30 17:17:18.910 [info] Downloaded extension: tamasfe.even-better-toml /home/hiansdt/.config/Code/CachedExtensionVSIXs/tamasfe.even-better-toml-0.21.2
2025-05-30 17:17:19.384 [info] Downloading the workspace dependencies and packed extensions of 'ms-python.pylint' locally and install
2025-05-30 17:17:19.616 [info] Downloading the workspace dependencies and packed extensions of 'ms-python.black-formatter' locally and install
2025-05-30 17:17:19.927 [info] Downloading the workspace dependencies and packed extensions of 'ms-python.isort' locally and install
2025-05-30 17:17:20.415 [info] Downloaded extension: ms-python.python /home/hiansdt/.config/Code/CachedExtensionVSIXs/ms-python.python-2025.6.1-linux-x64
2025-05-30 17:17:20.454 [info] Downloaded extension: ms-python.python /home/hiansdt/.config/Code/CachedExtensionVSIXs/ms-python.python-2025.6.1-linux-x64
2025-05-30 17:17:20.487 [info] Downloaded extension: ms-python.python /home/hiansdt/.config/Code/CachedExtensionVSIXs/ms-python.python-2025.6.1-linux-x64
2025-05-30 17:17:21.288 [info] Successfully installed 'tamasfe.even-better-toml' extension
2025-05-30 17:17:21.869 [info] Successfully installed 'ms-python.python' extension
2025-05-30 17:17:21.930 [error] Error: Unable to delete nonexistent file '/home/hiansdt/.config/Code/CachedExtensionVSIXs/ms-python.python-2025.6.1-linux-x64'
    at Apt.X (vscode-file://vscode-app/opt/visual-studio-code/resources/app/out/vs/workbench/workbench.desktop.main.js:3235:69691)
    at async Apt.del (vscode-file://vscode-app/opt/visual-studio-code/resources/app/out/vs/workbench/workbench.desktop.main.js:3235:69913)
    at async Gmt.mb (vscode-file://vscode-app/opt/visual-studio-code/resources/app/out/vs/workbench/workbench.desktop.main.js:3265:14072)
    at async Gmt.lb (vscode-file://vscode-app/opt/visual-studio-code/resources/app/out/vs/workbench/workbench.desktop.main.js:3265:13551)
    at async Gmt.installFromGallery (vscode-file://vscode-app/opt/visual-studio-code/resources/app/out/vs/workbench/workbench.desktop.main.js:3265:12465)
    at async Promise.allSettled (index 3)
    at async ovt.j (vscode-file://vscode-app/opt/visual-studio-code/resources/app/out/vs/workbench/workbench.desktop.main.js:3297:21198)
2025-05-30 17:17:21.971 [error] Cannot read properties of undefined (reading 'identifier'): TypeError: Cannot read properties of undefined (reading 'identifier')
    at get identifier (vscode-file://vscode-app/opt/visual-studio-code/resources/app/out/vs/workbench/workbench.desktop.main.js:2505:12546)
    at jI.setExtensionsControlManifest (vscode-file://vscode-app/opt/visual-studio-code/resources/app/out/vs/workbench/workbench.desktop.main.js:2509:1397)
    at iie.N (vscode-file://vscode-app/opt/visual-studio-code/resources/app/out/vs/workbench/workbench.desktop.main.js:2509:6437)
2025-05-30 17:17:21.982 [error] Error: Unable to delete nonexistent file '/home/hiansdt/.config/Code/CachedExtensionVSIXs/ms-python.python-2025.6.1-linux-x64'
    at Apt.X (vscode-file://vscode-app/opt/visual-studio-code/resources/app/out/vs/workbench/workbench.desktop.main.js:3235:69691)
    at async Apt.del (vscode-file://vscode-app/opt/visual-studio-code/resources/app/out/vs/workbench/workbench.desktop.main.js:3235:69913)
    at async Gmt.mb (vscode-file://vscode-app/opt/visual-studio-code/resources/app/out/vs/workbench/workbench.desktop.main.js:3265:14072)
    at async Gmt.lb (vscode-file://vscode-app/opt/visual-studio-code/resources/app/out/vs/workbench/workbench.desktop.main.js:3265:13551)
    at async Gmt.installFromGallery (vscode-file://vscode-app/opt/visual-studio-code/resources/app/out/vs/workbench/workbench.desktop.main.js:3265:12465)
    at async Promise.allSettled (index 1)
    at async ovt.j (vscode-file://vscode-app/opt/visual-studio-code/resources/app/out/vs/workbench/workbench.desktop.main.js:3297:21198)
2025-05-30 17:17:22.636 [info] Downloaded extension: ms-python.vscode-pylance /home/hiansdt/.config/Code/CachedExtensionVSIXs/ms-python.vscode-pylance-2025.5.1
2025-05-30 17:17:25.209 [info] Downloaded extension: ms-python.vscode-pylance /home/hiansdt/.config/Code/CachedExtensionVSIXs/ms-python.vscode-pylance-2025.5.1
2025-05-30 17:17:25.877 [info] Successfully installed 'ms-python.vscode-pylance' extension
2025-05-30 17:17:26.705 [info] Downloaded extension: ms-python.debugpy /home/hiansdt/.config/Code/CachedExtensionVSIXs/ms-python.debugpy-2025.8.0-linux-x64
2025-05-30 17:17:27.460 [info] Successfully installed 'ms-python.debugpy' extension
2025-05-30 17:17:28.155 [info] Successfully installed 'ms-python.vscode-pylance' extension
2025-05-30 17:17:28.157 [error] Error: Unable to delete nonexistent file '/home/hiansdt/.config/Code/CachedExtensionVSIXs/ms-python.vscode-pylance-2025.5.1'
    at Apt.X (vscode-file://vscode-app/opt/visual-studio-code/resources/app/out/vs/workbench/workbench.desktop.main.js:3235:69691)
    at async Apt.del (vscode-file://vscode-app/opt/visual-studio-code/resources/app/out/vs/workbench/workbench.desktop.main.js:3235:69913)
    at async Gmt.mb (vscode-file://vscode-app/opt/visual-studio-code/resources/app/out/vs/workbench/workbench.desktop.main.js:3265:14072)
    at async Gmt.lb (vscode-file://vscode-app/opt/visual-studio-code/resources/app/out/vs/workbench/workbench.desktop.main.js:3265:13551)
    at async Gmt.installFromGallery (vscode-file://vscode-app/opt/visual-studio-code/resources/app/out/vs/workbench/workbench.desktop.main.js:3265:12465)
    at async Promise.allSettled (index 0)
    at async ovt.j (vscode-file://vscode-app/opt/visual-studio-code/resources/app/out/vs/workbench/workbench.desktop.main.js:3297:21198)
2025-05-30 17:17:28.265 [info] Downloaded extension: ms-python.pylint /home/hiansdt/.config/Code/CachedExtensionVSIXs/ms-python.pylint-2025.2.0
2025-05-30 17:17:28.633 [info] Successfully installed 'ms-python.pylint' extension
2025-05-30 17:17:28.983 [info] Downloaded extension: ms-python.debugpy /home/hiansdt/.config/Code/CachedExtensionVSIXs/ms-python.debugpy-2025.8.0-linux-x64
2025-05-30 17:17:29.363 [info] Successfully installed 'ms-python.debugpy' extension
2025-05-30 17:17:30.209 [info] Downloaded extension: ms-python.python /home/hiansdt/.config/Code/CachedExtensionVSIXs/ms-python.python-2025.6.1-linux-x64
2025-05-30 17:17:31.164 [info] Successfully installed 'ms-python.python' extension
2025-05-30 17:20:48.597 [error] An unknown error occurred. Please consult the log for more details.
