2025-06-05 15:07:42.860 [info] [main] Log level: Info
2025-06-05 15:07:42.860 [info] [main] Validating found git in: "git"
2025-06-05 15:07:42.860 [info] [main] Using git "2.49.0" from "git"
2025-06-05 15:07:42.860 [info] [Model][doInitialScan] Initial repository scan started
2025-06-05 15:07:42.860 [info] > git rev-parse --show-toplevel [110ms]
2025-06-05 15:07:42.862 [info] > git rev-parse --git-dir --git-common-dir [35ms]
2025-06-05 15:07:42.868 [info] [Model][openRepository] Opened repository (path): /home/hiansdt/projects/c3labs/vita/enchiridion-backend
2025-06-05 15:07:42.868 [info] [Model][openRepository] Opened repository (real path): /home/hiansdt/projects/c3labs/vita/enchiridion-backend
2025-06-05 15:07:43.137 [info] > git config --get commit.template [256ms]
2025-06-05 15:07:43.255 [info] > git rev-parse --show-toplevel [29ms]
2025-06-05 15:07:43.262 [info] > git for-each-ref --format=%(refname)%00%(upstream:short)%00%(objectname)%00%(upstream:track)%00%(upstream:remotename)%00%(upstream:remoteref) refs/heads/main refs/remotes/main [10ms]
2025-06-05 15:07:43.270 [info] > git rev-parse --show-toplevel [8ms]
2025-06-05 15:07:43.286 [info] > git rev-parse --show-toplevel [2ms]
2025-06-05 15:07:43.305 [info] > git status -z -uall [12ms]
2025-06-05 15:07:43.305 [info] > git rev-parse --show-toplevel [2ms]
2025-06-05 15:07:43.315 [info] > git for-each-ref --sort -committerdate --format %(refname)%00%(objectname)%00%(*objectname) [17ms]
2025-06-05 15:07:43.336 [info] > git for-each-ref --format=%(refname)%00%(upstream:short)%00%(objectname)%00%(upstream:track)%00%(upstream:remotename)%00%(upstream:remoteref) refs/heads/main refs/remotes/main [6ms]
2025-06-05 15:07:43.340 [info] > git rev-parse --show-toplevel [28ms]
2025-06-05 15:07:43.350 [info] > git config --get --local branch.main.vscode-merge-base [10ms]
2025-06-05 15:07:43.355 [info] > git config --get commit.template [19ms]
2025-06-05 15:07:43.356 [info] > git rev-parse --show-toplevel [10ms]
2025-06-05 15:07:43.364 [info] > git for-each-ref --format=%(refname)%00%(upstream:short)%00%(objectname)%00%(upstream:track)%00%(upstream:remotename)%00%(upstream:remoteref) refs/heads/origin/main refs/remotes/origin/main [10ms]
2025-06-05 15:07:43.371 [info] > git merge-base refs/heads/main refs/remotes/origin/main [2ms]
2025-06-05 15:07:43.376 [info] > git rev-parse --show-toplevel [12ms]
2025-06-05 15:07:43.379 [info] [Model][doInitialScan] Initial repository scan completed - repositories (1), closed repositories (0), parent repositories (0), unsafe repositories (0)
2025-06-05 15:07:43.379 [info] > git for-each-ref --format=%(refname)%00%(upstream:short)%00%(objectname)%00%(upstream:track)%00%(upstream:remotename)%00%(upstream:remoteref) refs/heads/main refs/remotes/main [19ms]
2025-06-05 15:07:43.379 [info] > git diff --name-status -z --diff-filter=ADMR 86e83472bb1a524037b632fb7c4359c2ee489f97...refs/remotes/origin/main [3ms]
2025-06-05 15:07:43.390 [info] > git status -z -uall [6ms]
2025-06-05 15:07:43.391 [info] > git for-each-ref --sort -committerdate --format %(refname)%00%(objectname)%00%(*objectname) [2ms]
2025-06-05 15:07:43.646 [info] > git check-ignore -v -z --stdin [2ms]
