2025-05-30 17:14:55.745 [info] ComputeTargetPlatform: linux-x64
2025-05-30 17:14:57.973 [info] ComputeTargetPlatform: linux-x64
2025-05-30 17:17:15.120 [info] [SharedProcessTunnelService] Created tunnel 1: 127.0.0.1:8000 (local) to 127.0.0.1:8000 (remote).
2025-05-30 17:17:18.907 [info] Extension signature verification result for tamasfe.even-better-toml: Success. Internal Code: 0. Executed: true. Duration: 675ms.
2025-05-30 17:17:20.414 [info] Extension signature verification result for ms-python.python: Success. Internal Code: 0. Executed: true. Duration: 660ms.
2025-05-30 17:17:20.451 [info] Extension signature verification result for ms-python.python: Success. Internal Code: 0. Executed: true. Duration: 476ms.
2025-05-30 17:17:20.454 [error] EntryNotFound (FileSystemError): File to move/copy does not exist
    at Sw.create (file:///opt/visual-studio-code/resources/app/out/vs/code/electron-utility/sharedProcess/sharedProcessMain.js:32:54946)
    at Es (file:///opt/visual-studio-code/resources/app/out/vs/code/electron-utility/sharedProcess/sharedProcessMain.js:32:55053)
    at Jr.fb (file:///opt/visual-studio-code/resources/app/out/vs/code/electron-utility/sharedProcess/sharedProcessMain.js:75:21022)
    at async Jr.rename (file:///opt/visual-studio-code/resources/app/out/vs/code/electron-utility/sharedProcess/sharedProcessMain.js:75:20316)
    at async xh.O (file:///opt/visual-studio-code/resources/app/out/vs/code/electron-utility/sharedProcess/sharedProcessMain.js:74:89580)
    at async xh.move (file:///opt/visual-studio-code/resources/app/out/vs/code/electron-utility/sharedProcess/sharedProcessMain.js:74:88833)
    at async gh.delete (file:///opt/visual-studio-code/resources/app/out/vs/code/electron-utility/sharedProcess/sharedProcessMain.js:74:51662)
    at async gh.download (file:///opt/visual-studio-code/resources/app/out/vs/code/electron-utility/sharedProcess/sharedProcessMain.js:74:49815)
    at async yh.xb (file:///opt/visual-studio-code/resources/app/out/vs/code/electron-utility/sharedProcess/sharedProcessMain.js:74:63643)
    at async yh.download (file:///opt/visual-studio-code/resources/app/out/vs/code/electron-utility/sharedProcess/sharedProcessMain.js:74:62037)
2025-05-30 17:17:20.485 [info] Extension signature verification result for ms-python.python: Success. Internal Code: 0. Executed: true. Duration: 483ms.
2025-05-30 17:17:20.486 [error] EntryNotFound (FileSystemError): File to move/copy does not exist
    at Sw.create (file:///opt/visual-studio-code/resources/app/out/vs/code/electron-utility/sharedProcess/sharedProcessMain.js:32:54946)
    at Es (file:///opt/visual-studio-code/resources/app/out/vs/code/electron-utility/sharedProcess/sharedProcessMain.js:32:55053)
    at Jr.fb (file:///opt/visual-studio-code/resources/app/out/vs/code/electron-utility/sharedProcess/sharedProcessMain.js:75:21022)
    at async Jr.rename (file:///opt/visual-studio-code/resources/app/out/vs/code/electron-utility/sharedProcess/sharedProcessMain.js:75:20316)
    at async xh.O (file:///opt/visual-studio-code/resources/app/out/vs/code/electron-utility/sharedProcess/sharedProcessMain.js:74:89580)
    at async xh.move (file:///opt/visual-studio-code/resources/app/out/vs/code/electron-utility/sharedProcess/sharedProcessMain.js:74:88833)
    at async gh.delete (file:///opt/visual-studio-code/resources/app/out/vs/code/electron-utility/sharedProcess/sharedProcessMain.js:74:51662)
    at async gh.download (file:///opt/visual-studio-code/resources/app/out/vs/code/electron-utility/sharedProcess/sharedProcessMain.js:74:49815)
    at async yh.xb (file:///opt/visual-studio-code/resources/app/out/vs/code/electron-utility/sharedProcess/sharedProcessMain.js:74:63643)
    at async yh.download (file:///opt/visual-studio-code/resources/app/out/vs/code/electron-utility/sharedProcess/sharedProcessMain.js:74:62037)
2025-05-30 17:17:22.634 [info] Extension signature verification result for ms-python.vscode-pylance: Success. Internal Code: 0. Executed: true. Duration: 497ms.
2025-05-30 17:17:25.207 [info] Extension signature verification result for ms-python.vscode-pylance: Success. Internal Code: 0. Executed: true. Duration: 5724ms.
2025-05-30 17:17:25.208 [error] EntryNotFound (FileSystemError): File to move/copy does not exist
    at Sw.create (file:///opt/visual-studio-code/resources/app/out/vs/code/electron-utility/sharedProcess/sharedProcessMain.js:32:54946)
    at Es (file:///opt/visual-studio-code/resources/app/out/vs/code/electron-utility/sharedProcess/sharedProcessMain.js:32:55053)
    at Jr.fb (file:///opt/visual-studio-code/resources/app/out/vs/code/electron-utility/sharedProcess/sharedProcessMain.js:75:21022)
    at async Jr.rename (file:///opt/visual-studio-code/resources/app/out/vs/code/electron-utility/sharedProcess/sharedProcessMain.js:75:20316)
    at async xh.O (file:///opt/visual-studio-code/resources/app/out/vs/code/electron-utility/sharedProcess/sharedProcessMain.js:74:89580)
    at async xh.move (file:///opt/visual-studio-code/resources/app/out/vs/code/electron-utility/sharedProcess/sharedProcessMain.js:74:88833)
    at async gh.delete (file:///opt/visual-studio-code/resources/app/out/vs/code/electron-utility/sharedProcess/sharedProcessMain.js:74:51662)
    at async gh.download (file:///opt/visual-studio-code/resources/app/out/vs/code/electron-utility/sharedProcess/sharedProcessMain.js:74:49815)
    at async yh.xb (file:///opt/visual-studio-code/resources/app/out/vs/code/electron-utility/sharedProcess/sharedProcessMain.js:74:63643)
    at async yh.download (file:///opt/visual-studio-code/resources/app/out/vs/code/electron-utility/sharedProcess/sharedProcessMain.js:74:62037)
2025-05-30 17:17:26.704 [info] Extension signature verification result for ms-python.debugpy: Success. Internal Code: 0. Executed: true. Duration: 448ms.
2025-05-30 17:17:28.264 [info] Extension signature verification result for ms-python.pylint: Success. Internal Code: 0. Executed: true. Duration: 438ms.
2025-05-30 17:17:28.983 [info] Extension signature verification result for ms-python.debugpy: Success. Internal Code: 0. Executed: true. Duration: 456ms.
2025-05-30 17:17:30.208 [info] Extension signature verification result for ms-python.python: Success. Internal Code: 0. Executed: true. Duration: 439ms.
2025-05-30 17:20:46.113 [info] Getting Manifest... vscodevim.vim
2025-05-30 17:20:46.246 [info] Installing extension: vscodevim.vim {"isMachineScoped":false,"installPreReleaseVersion":false,"pinned":false,"profileLocation":{"$mid":1,"external":"vscode-userdata:/home/hiansdt/.vscode/extensions/extensions.json","path":"/home/hiansdt/.vscode/extensions/extensions.json","scheme":"vscode-userdata"},"isApplicationScoped":false,"productVersion":{"version":"1.100.2","date":"2025-05-14T21:47:40.416Z"}}
2025-05-30 17:20:47.286 [info] Extension signature verification result for vscodevim.vim: Success. Internal Code: 0. Executed: true. Duration: 459ms.
2025-05-30 17:20:47.319 [info] Extracted extension to file:///home/hiansdt/.vscode/extensions/vscodevim.vim-1.30.1: vscodevim.vim
2025-05-30 17:20:47.324 [info] Renamed to /home/hiansdt/.vscode/extensions/vscodevim.vim-1.30.1
2025-05-30 17:20:47.343 [info] Extension installed successfully: vscodevim.vim vscode-userdata:/home/hiansdt/.vscode/extensions/extensions.json
2025-05-30 17:24:31.492 [info] [SharedProcessTunnelService] Disposing tunnel 1.
