[2025-05-23T13:55:48.961Z] Initializing configuration support...
[2025-05-23T13:55:48.962Z] Internal initialization of dev container support package...
[2025-05-23T13:55:48.961Z] Dev Containers 0.413.0 in VS Code 1.100.2 (848b80aeb52026648a8ff9f7c45a9b0a80641e2e).
[2025-05-23T13:55:51.013Z] Start: Run: docker version --format {{json .}}
[2025-05-23T13:55:51.028Z] {"Client":{"Version":"28.1.1","ApiVersion":"1.49","DefaultAPIVersion":"1.49","GitCommit":"4eba377327","GoVersion":"go1.24.2","Os":"linux","Arch":"amd64","BuildTime":"Mon Apr 21 13:12:23 2025","Context":"default"},"Server":null}
[2025-05-23T13:55:51.029Z] Cannot connect to the Docker daemon at unix:///var/run/docker.sock. Is the docker daemon running?

[2025-05-23T13:55:51.029Z] Stop (16 ms): Run: docker version --format {{json .}}
[2025-05-23T13:55:51.029Z] Exit code 1
[2025-05-23T13:56:19.792Z] Start: Run: docker version --format {{json .}}
[2025-05-23T13:56:19.826Z] {"Client":{"Version":"28.1.1","ApiVersion":"1.49","DefaultAPIVersion":"1.49","GitCommit":"4eba377327","GoVersion":"go1.24.2","Os":"linux","Arch":"amd64","BuildTime":"Mon Apr 21 13:12:23 2025","Context":"default"},"Server":{"Platform":{"Name":""},"Components":[{"Name":"Engine","Version":"28.1.1","Details":{"ApiVersion":"1.49","Arch":"amd64","BuildTime":"Mon Apr 21 13:12:23 2025","Experimental":"false","GitCommit":"01f442b84d","GoVersion":"go1.24.2","KernelVersion":"6.14.6-zen1-1-zen","MinAPIVersion":"1.24","Os":"linux"}},{"Name":"containerd","Version":"v2.1.1","Details":{"GitCommit":"cb1076646aa3740577fafbf3d914198b7fe8e3f7.m"}},{"Name":"runc","Version":"1.3.0","Details":{"GitCommit":""}},{"Name":"docker-init","Version":"0.19.0","Details":{"GitCommit":"de40ad0"}}],"Version":"28.1.1","ApiVersion":"1.49","MinAPIVersion":"1.24","GitCommit":"01f442b84d","GoVersion":"go1.24.2","Os":"linux","Arch":"amd64","KernelVersion":"6.14.6-zen1-1-zen","BuildTime":"2025-04-21T13:12:23.000000000+00:00"}}
[2025-05-23T13:56:19.828Z] Stop (36 ms): Run: docker version --format {{json .}}
[2025-05-23T13:56:19.848Z] Running Dev Containers CLI:   read-configuration --workspace-folder /home/hiansdt/projects/c3labs/vita/enchiridion-backend --log-level debug --log-format json --config /home/hiansdt/projects/c3labs/vita/enchiridion-backend/.devcontainer/devcontainer.json --include-merged-configuration --mount-workspace-git-root
[2025-05-23T13:56:19.850Z] Start: Run: /opt/visual-studio-code/code /home/hiansdt/.vscode/extensions/ms-vscode-remote.remote-containers-0.413.0/dist/spec-node/devContainersSpecCLI.js read-configuration --workspace-folder /home/hiansdt/projects/c3labs/vita/enchiridion-backend --log-level debug --log-format json --config /home/hiansdt/projects/c3labs/vita/enchiridion-backend/.devcontainer/devcontainer.json --include-merged-configuration --mount-workspace-git-root
[2025-05-23T13:56:19.992Z] @devcontainers/cli 0.76.0. Node.js v20.19.0. linux 6.14.6-zen1-1-zen x64.
[2025-05-23T13:56:19.992Z] Start: Run: docker ps -q -a --filter label=devcontainer.local_folder=/home/hiansdt/projects/c3labs/vita/enchiridion-backend --filter label=devcontainer.config_file=/home/hiansdt/projects/c3labs/vita/enchiridion-backend/.devcontainer/devcontainer.json
[2025-05-23T13:56:20.004Z] Stop (12 ms): Run: docker ps -q -a --filter label=devcontainer.local_folder=/home/hiansdt/projects/c3labs/vita/enchiridion-backend --filter label=devcontainer.config_file=/home/hiansdt/projects/c3labs/vita/enchiridion-backend/.devcontainer/devcontainer.json
[2025-05-23T13:56:20.004Z] Start: Run: docker ps -q -a --filter label=devcontainer.local_folder=/home/hiansdt/projects/c3labs/vita/enchiridion-backend
[2025-05-23T13:56:20.016Z] Stop (12 ms): Run: docker ps -q -a --filter label=devcontainer.local_folder=/home/hiansdt/projects/c3labs/vita/enchiridion-backend
[2025-05-23T13:56:20.017Z] Resolving Feature dependencies for 'ghcr.io/devcontainers/features/common-utils:2'...
[2025-05-23T13:56:20.018Z] * Processing feature: ghcr.io/devcontainers/features/common-utils:2
[2025-05-23T13:56:20.019Z] Loading 144 extra certificates from /etc/ssl/certs/ca-certificates.crt.
[2025-05-23T13:56:20.322Z] Start: Run: docker-credential-secret get
[2025-05-23T13:56:20.327Z] Stop (5 ms): Run: docker-credential-secret get
[2025-05-23T13:56:20.331Z] Stop (9 ms): Run: docker-credential-secret get
[2025-05-23T13:56:20.823Z] Resolving Feature dependencies for 'ghcr.io/devcontainers-contrib/features/zsh-plugins:0'...
[2025-05-23T13:56:20.823Z] * Processing feature: ghcr.io/devcontainers-contrib/features/zsh-plugins:0
[2025-05-23T13:56:21.689Z] Files to omit: ''
[2025-05-23T13:56:21.715Z] * Processing feature: ghcr.io/devcontainers/features/common-utils
[2025-05-23T13:56:21.950Z] * Processing feature: ghcr.io/devcontainers/features/git
[2025-05-23T13:56:22.192Z] Resolving Feature dependencies for 'ghcr.io/stuartleeks/dev-container-features/shell-history:0'...
[2025-05-23T13:56:22.192Z] * Processing feature: ghcr.io/stuartleeks/dev-container-features/shell-history:0
[2025-05-23T13:56:22.423Z] * Processing feature: ghcr.io/devcontainers/features/common-utils
[2025-05-23T13:56:22.658Z] * Processing feature: ghcr.io/meaningful-ooo/devcontainer-features/fish
[2025-05-23T13:56:22.959Z] Soft-dependency 'ghcr.io/devcontainers/features/git' is not required.  Removing from installation order...
[2025-05-23T13:56:22.959Z] Soft-dependency 'ghcr.io/meaningful-ooo/devcontainer-features/fish' is not required.  Removing from installation order...
[2025-05-23T13:56:22.961Z] * Fetching feature: common-utils_0_oci
[2025-05-23T13:56:23.359Z] Files to omit: ''
[2025-05-23T13:56:23.370Z] * Fetched feature: common-utils_0_oci version 2.5.3
[2025-05-23T13:56:23.370Z] * Fetching feature: zsh-plugins_1_oci
[2025-05-23T13:56:23.641Z] Files to omit: ''
[2025-05-23T13:56:23.646Z] * Fetched feature: zsh-plugins_1_oci version 0.0.4
[2025-05-23T13:56:23.646Z] * Fetching feature: shell-history_2_oci
[2025-05-23T13:56:24.034Z] Files to omit: ''
[2025-05-23T13:56:24.038Z] * Fetched feature: shell-history_2_oci version 0.0.6
[2025-05-23T13:56:24.114Z] Start: Run: docker compose version --short
[2025-05-23T13:56:24.222Z] Stop (108 ms): Run: docker compose version --short
[2025-05-23T13:56:24.222Z] Docker Compose version: 2.36.1
[2025-05-23T13:56:24.222Z] Start: Run: docker compose -f /home/hiansdt/projects/c3labs/vita/enchiridion-backend/docker-compose.yml -f /home/hiansdt/projects/c3labs/vita/enchiridion-backend/.devcontainer/docker-compose.yml --profile * config
[2025-05-23T13:56:24.312Z] Stop (90 ms): Run: docker compose -f /home/hiansdt/projects/c3labs/vita/enchiridion-backend/docker-compose.yml -f /home/hiansdt/projects/c3labs/vita/enchiridion-backend/.devcontainer/docker-compose.yml --profile * config
[2025-05-23T13:56:24.312Z] name: enchiridion-backend
services:
  app:
    build:
      context: /home/hiansdt/projects/c3labs/vita/enchiridion-backend
      dockerfile: Dockerfile
    command:
      - /bin/sh
      - -c
      - while sleep 1000; do :; done
    container_name: django_app
    depends_on:
      redis:
        condition: service_started
        required: true
    environment:
      REDIS_HOST: redis
      REDIS_PORT: "6379"
    networks:
      internal-network: null
    ports:
      - mode: ingress
        target: 8001
        published: "8001"
        protocol: tcp
    volumes:
      - type: bind
        source: /home/hiansdt/projects/c3labs/vita/enchiridion-backend
        target: /app
        bind:
          create_host_path: true
      - type: bind
        source: /home/hiansdt/projects/c3labs/vita/enchiridion-backend
        target: /home/python/app
        bind:
          create_host_path: true
  db:
    container_name: enchiridion-db
    environment:
      POSTGRES_DB: enchiridion
      POSTGRES_PASSWORD: postgres
      POSTGRES_USER: postgres
    image: postgres:13
    networks:
      default: null
    ports:
      - mode: ingress
        target: 5432
        published: "15433"
        protocol: tcp
  redis:
    command:
      - redis-server
      - --appendonly
      - "yes"
    container_name: enchiridion-backend-redis
    image: redis:alpine
    networks:
      internal-network: null
    restart: always
    volumes:
      - type: volume
        source: redis_data
        target: /data
        volume: {}
networks:
  default:
    name: enchiridion-backend_default
  internal-network:
    name: enchiridion-backend_internal-network
    driver: bridge
volumes:
  redis_data:
    name: enchiridion-backend_redis_data
[2025-05-23T13:56:24.320Z] Start: Run: docker inspect --type image python:3.12.7-slim
[2025-05-23T13:56:24.346Z] Stop (26 ms): Run: docker inspect --type image python:3.12.7-slim
[2025-05-23T13:56:24.806Z] Start: Run: docker-credential-secret get
[2025-05-23T13:56:24.812Z] Stop (6 ms): Run: docker-credential-secret get
[2025-05-23T13:56:24.815Z] Stop (9 ms): Run: docker-credential-secret get
[2025-05-23T13:56:27.440Z] Stop (7590 ms): Run: /opt/visual-studio-code/code /home/hiansdt/.vscode/extensions/ms-vscode-remote.remote-containers-0.413.0/dist/spec-node/devContainersSpecCLI.js read-configuration --workspace-folder /home/hiansdt/projects/c3labs/vita/enchiridion-backend --log-level debug --log-format json --config /home/hiansdt/projects/c3labs/vita/enchiridion-backend/.devcontainer/devcontainer.json --include-merged-configuration --mount-workspace-git-root
[2025-05-23T13:56:27.523Z] Start: Run: docker compose version --short
[2025-05-23T13:56:27.587Z] Stop (64 ms): Run: docker compose version --short
[2025-05-23T13:56:27.587Z] Docker Compose version: 2.36.1
[2025-05-23T13:56:27.588Z] Start: Run: docker compose version --short
[2025-05-23T13:56:27.643Z] Stop (55 ms): Run: docker compose version --short
[2025-05-23T13:56:27.644Z] 2.36.1
[2025-05-23T13:56:27.644Z] 
[2025-05-23T13:56:27.644Z] Start: Run: docker ps -q -a --filter label=devcontainer.local_folder=/home/hiansdt/projects/c3labs/vita/enchiridion-backend --filter label=devcontainer.config_file=/home/hiansdt/projects/c3labs/vita/enchiridion-backend/.devcontainer/devcontainer.json
[2025-05-23T13:56:27.659Z] Stop (15 ms): Run: docker ps -q -a --filter label=devcontainer.local_folder=/home/hiansdt/projects/c3labs/vita/enchiridion-backend --filter label=devcontainer.config_file=/home/hiansdt/projects/c3labs/vita/enchiridion-backend/.devcontainer/devcontainer.json
