2025-05-22 23:16:11.171 [info] [main] Log level: Info
2025-05-22 23:16:11.171 [info] [main] Validating found git in: "git"
2025-05-22 23:16:11.171 [info] [main] Using git "2.49.0" from "git"
2025-05-22 23:16:11.171 [info] [Model][doInitialScan] Initial repository scan started
2025-05-22 23:16:11.171 [info] > git rev-parse --show-toplevel [5ms]
2025-05-22 23:16:11.171 [info] fatal: not a git repository (or any of the parent directories): .git
2025-05-22 23:16:11.171 [info] > git rev-parse --show-toplevel [1ms]
2025-05-22 23:16:11.171 [info] fatal: not a git repository (or any of the parent directories): .git
2025-05-22 23:16:11.175 [info] > git rev-parse --show-toplevel [1ms]
2025-05-22 23:16:11.175 [info] fatal: not a git repository (or any of the parent directories): .git
2025-05-22 23:16:11.178 [info] > git rev-parse --show-toplevel [0ms]
2025-05-22 23:16:11.178 [info] fatal: not a git repository (or any of the parent directories): .git
2025-05-22 23:16:11.182 [info] > git rev-parse --show-toplevel [1ms]
2025-05-22 23:16:11.182 [info] fatal: not a git repository (or any of the parent directories): .git
2025-05-22 23:16:11.190 [info] > git rev-parse --show-toplevel [5ms]
2025-05-22 23:16:11.190 [info] fatal: not a git repository (or any of the parent directories): .git
2025-05-22 23:16:11.195 [info] > git rev-parse --show-toplevel [1ms]
2025-05-22 23:16:11.195 [info] fatal: not a git repository (or any of the parent directories): .git
2025-05-22 23:16:11.199 [info] > git rev-parse --show-toplevel [1ms]
2025-05-22 23:16:11.199 [info] fatal: not a git repository (or any of the parent directories): .git
2025-05-22 23:16:11.204 [info] > git rev-parse --show-toplevel [1ms]
2025-05-22 23:16:11.204 [info] fatal: not a git repository (or any of the parent directories): .git
2025-05-22 23:16:11.207 [info] > git rev-parse --show-toplevel [1ms]
2025-05-22 23:16:11.212 [info] > git rev-parse --git-dir --git-common-dir [1ms]
2025-05-22 23:16:11.218 [info] [Model][openRepository] Opened repository (path): /home/hiansdt/.oh-my-zsh
2025-05-22 23:16:11.218 [info] [Model][openRepository] Opened repository (real path): /home/hiansdt/.oh-my-zsh
2025-05-22 23:16:11.224 [info] > git config --get commit.template [3ms]
2025-05-22 23:16:11.228 [info] > git rev-parse --show-toplevel [4ms]
2025-05-22 23:16:11.228 [info] fatal: not a git repository (or any of the parent directories): .git
2025-05-22 23:16:11.231 [info] > git for-each-ref --format=%(refname)%00%(upstream:short)%00%(objectname)%00%(upstream:track)%00%(upstream:remotename)%00%(upstream:remoteref) refs/heads/master refs/remotes/master [4ms]
2025-05-22 23:16:11.231 [info] > git rev-parse --show-toplevel [1ms]
2025-05-22 23:16:11.231 [info] fatal: not a git repository (or any of the parent directories): .git
2025-05-22 23:16:11.241 [info] > git rev-parse --show-toplevel [7ms]
2025-05-22 23:16:11.241 [info] fatal: not a git repository (or any of the parent directories): .git
2025-05-22 23:16:11.247 [info] > git for-each-ref --sort -committerdate --format %(refname)%00%(objectname)%00%(*objectname) [7ms]
2025-05-22 23:16:11.249 [info] > git rev-parse --show-toplevel [2ms]
2025-05-22 23:16:11.249 [info] fatal: not a git repository (or any of the parent directories): .git
2025-05-22 23:16:11.267 [info] > git status -z -uall [30ms]
