[2025-06-06T14:09:54.766Z] Dev Containers 0.413.0 in VS Code 1.100.2 (848b80aeb52026648a8ff9f7c45a9b0a80641e2e).
[2025-06-06T14:09:54.766Z] Start: Resolving Remote
[2025-06-06T14:09:54.775Z] Setting up container for folder or workspace: /home/hiansdt/projects/c3labs/vita/enchiridion-backend
[2025-06-06T14:09:54.801Z] Start: Check Docker is running
[2025-06-06T14:09:54.802Z] Start: Run: docker version
[2025-06-06T14:09:54.817Z] Client:
 Version:           28.1.1
 API version:       1.49
 Go version:        go1.24.2
 Git commit:        4eba377327
 Built:             Mon Apr 21 13:12:23 2025
 OS/Arch:           linux/amd64
 Context:           default

Server:
 Engine:
[2025-06-06T14:09:54.817Z]   Version:          28.1.1
  API version:      1.49 (minimum version 1.24)
  Go version:       go1.24.2
  Git commit:       01f442b84d
  Built:            Mon Apr 21 13:12:23 2025
  OS/Arch:          linux/amd64
  Experimental:     false
 containerd:
  Version:          v2.1.1
  GitCommit:        cb1076646aa3740577fafbf3d914198b7fe8e3f7.m
 runc:
  Version:          1.3.0
  GitCommit:        
 docker-init:
  Version:          0.19.0
  GitCommit:        de40ad0
[2025-06-06T14:09:54.819Z] Stop (17 ms): Run: docker version
[2025-06-06T14:09:54.819Z] Stop (18 ms): Check Docker is running
[2025-06-06T14:09:54.820Z] Start: Run: docker volume ls -q
[2025-06-06T14:09:54.833Z] Stop (13 ms): Run: docker volume ls -q
[2025-06-06T14:09:54.834Z] Start: Run: docker ps -q -a --filter label=vsch.local.folder=/home/hiansdt/projects/c3labs/vita/enchiridion-backend --filter label=vsch.quality=stable
[2025-06-06T14:09:54.847Z] Stop (13 ms): Run: docker ps -q -a --filter label=vsch.local.folder=/home/hiansdt/projects/c3labs/vita/enchiridion-backend --filter label=vsch.quality=stable
[2025-06-06T14:09:54.847Z] Start: Run: docker ps -q -a --filter label=devcontainer.local_folder=/home/hiansdt/projects/c3labs/vita/enchiridion-backend --filter label=devcontainer.config_file=/home/hiansdt/projects/c3labs/vita/enchiridion-backend/.devcontainer/devcontainer.json
[2025-06-06T14:09:54.868Z] Stop (21 ms): Run: docker ps -q -a --filter label=devcontainer.local_folder=/home/hiansdt/projects/c3labs/vita/enchiridion-backend --filter label=devcontainer.config_file=/home/hiansdt/projects/c3labs/vita/enchiridion-backend/.devcontainer/devcontainer.json
[2025-06-06T14:09:54.869Z] Start: Run: docker ps -q -a --filter label=devcontainer.local_folder=/home/hiansdt/projects/c3labs/vita/enchiridion-backend
[2025-06-06T14:09:54.886Z] Stop (17 ms): Run: docker ps -q -a --filter label=devcontainer.local_folder=/home/hiansdt/projects/c3labs/vita/enchiridion-backend
[2025-06-06T14:09:54.887Z] Start: Run: docker ps -q -a --filter label=devcontainer.local_folder=/home/hiansdt/projects/c3labs/vita/enchiridion-backend
[2025-06-06T14:09:54.901Z] Stop (14 ms): Run: docker ps -q -a --filter label=devcontainer.local_folder=/home/hiansdt/projects/c3labs/vita/enchiridion-backend
[2025-06-06T14:09:54.901Z] Running Dev Containers CLI:   up --user-data-folder /home/hiansdt/.config/Code/User/globalStorage/ms-vscode-remote.remote-containers/data --container-session-data-folder /tmp/devcontainers-5810e548-23fa-4381-943a-dda7984ca61e1749218994195 --workspace-folder /home/hiansdt/projects/c3labs/vita/enchiridion-backend --workspace-mount-consistency cached --gpu-availability detect --id-label devcontainer.local_folder=/home/hiansdt/projects/c3labs/vita/enchiridion-backend --id-label devcontainer.config_file=/home/hiansdt/projects/c3labs/vita/enchiridion-backend/.devcontainer/devcontainer.json --log-level debug --log-format json --config /home/hiansdt/projects/c3labs/vita/enchiridion-backend/.devcontainer/devcontainer.json --default-user-env-probe loginInteractiveShell --mount type=volume,source=vscode,target=/vscode,external=true --skip-post-create --update-remote-user-uid-default on --mount-workspace-git-root --include-configuration --include-merged-configuration
[2025-06-06T14:09:54.902Z] Start: Run: /opt/visual-studio-code/code /home/hiansdt/.vscode/extensions/ms-vscode-remote.remote-containers-0.413.0/dist/spec-node/devContainersSpecCLI.js up --user-data-folder /home/hiansdt/.config/Code/User/globalStorage/ms-vscode-remote.remote-containers/data --container-session-data-folder /tmp/devcontainers-5810e548-23fa-4381-943a-dda7984ca61e1749218994195 --workspace-folder /home/hiansdt/projects/c3labs/vita/enchiridion-backend --workspace-mount-consistency cached --gpu-availability detect --id-label devcontainer.local_folder=/home/hiansdt/projects/c3labs/vita/enchiridion-backend --id-label devcontainer.config_file=/home/hiansdt/projects/c3labs/vita/enchiridion-backend/.devcontainer/devcontainer.json --log-level debug --log-format json --config /home/hiansdt/projects/c3labs/vita/enchiridion-backend/.devcontainer/devcontainer.json --default-user-env-probe loginInteractiveShell --mount type=volume,source=vscode,target=/vscode,external=true --skip-post-create --update-remote-user-uid-default on --mount-workspace-git-root --include-configuration --include-merged-configuration
[2025-06-06T14:09:55.043Z] @devcontainers/cli 0.76.0. Node.js v20.19.0. linux 6.14.6-zen1-1-zen x64.
[2025-06-06T14:09:55.043Z] Start: Run: docker buildx version
[2025-06-06T14:09:55.056Z] Stop (13 ms): Run: docker buildx version
[2025-06-06T14:09:55.056Z] 
[2025-06-06T14:09:55.056Z] docker: unknown command: docker buildx

Run 'docker --help' for more information

[2025-06-06T14:09:55.056Z] Exit code 1
[2025-06-06T14:09:55.057Z] Start: Run: docker -v
[2025-06-06T14:09:55.069Z] Stop (12 ms): Run: docker -v
[2025-06-06T14:09:55.069Z] Start: Resolving Remote
[2025-06-06T14:09:55.073Z] Start: Run: docker compose version --short
[2025-06-06T14:09:55.115Z] Stop (42 ms): Run: docker compose version --short
[2025-06-06T14:09:55.115Z] Docker Compose version: 2.36.1
[2025-06-06T14:09:55.115Z] Start: Run: docker compose -f /home/hiansdt/projects/c3labs/vita/enchiridion-backend/docker-compose.yml -f /home/hiansdt/projects/c3labs/vita/enchiridion-backend/.devcontainer/docker-compose.yml --profile * config
[2025-06-06T14:09:55.178Z] Stop (63 ms): Run: docker compose -f /home/hiansdt/projects/c3labs/vita/enchiridion-backend/docker-compose.yml -f /home/hiansdt/projects/c3labs/vita/enchiridion-backend/.devcontainer/docker-compose.yml --profile * config
[2025-06-06T14:09:55.178Z] name: enchiridion-backend
services:
  app:
    build:
      context: /home/hiansdt/projects/c3labs/vita/enchiridion-backend
      dockerfile: Dockerfile
    command:
      - /bin/sh
      - -c
      - while sleep 1000; do :; done
    container_name: django_app
    depends_on:
      redis:
        condition: service_started
        required: true
    environment:
      REDIS_HOST: redis
      REDIS_PORT: "6379"
    networks:
      internal-network: null
    ports:
      - mode: ingress
        target: 8001
        published: "8001"
        protocol: tcp
    volumes:
      - type: bind
        source: /home/hiansdt/projects/c3labs/vita/enchiridion-backend
        target: /app
        bind:
          create_host_path: true
      - type: bind
        source: /home/hiansdt/projects/c3labs/vita/enchiridion-backend
        target: /home/python/app
        bind:
          create_host_path: true
  db:
    container_name: enchiridion-db
    environment:
      POSTGRES_DB: enchiridion
      POSTGRES_PASSWORD: postgres
      POSTGRES_USER: postgres
    image: postgres:13
    networks:
      default: null
    ports:
      - mode: ingress
        target: 5432
        published: "15433"
        protocol: tcp
  redis:
    command:
      - redis-server
      - --appendonly
      - "yes"
    container_name: enchiridion-backend-redis
    image: redis:alpine
    networks:
      internal-network: null
    restart: always
    volumes:
      - type: volume
        source: redis_data
        target: /data
        volume: {}
networks:
  default:
    name: enchiridion-backend_default
  internal-network:
    name: enchiridion-backend_internal-network
    driver: bridge
volumes:
  redis_data:
    name: enchiridion-backend_redis_data
[2025-06-06T14:09:55.181Z] Start: Run: docker ps -q -a --filter label=com.docker.compose.project=enchiridion-backend --filter label=com.docker.compose.service=app
[2025-06-06T14:09:55.194Z] Stop (13 ms): Run: docker ps -q -a --filter label=com.docker.compose.project=enchiridion-backend --filter label=com.docker.compose.service=app
[2025-06-06T14:09:55.194Z] Start: Run: docker inspect --type container 7cd6cd859c1a
[2025-06-06T14:09:55.213Z] Stop (19 ms): Run: docker inspect --type container 7cd6cd859c1a
[2025-06-06T14:09:55.214Z] Start: Run: docker events --format {{json .}} --filter event=start
[2025-06-06T14:09:55.218Z] PersistedPath=/home/hiansdt/.config/Code/User/globalStorage/ms-vscode-remote.remote-containers/data, ContainerHasLabels=true
[2025-06-06T14:09:55.218Z] Container was created with these config files: /home/hiansdt/projects/c3labs/vita/enchiridion-backend/docker-compose.yml
[2025-06-06T14:09:55.218Z] Expected to find a docker-compose file prefixed with docker-compose.devcontainer.build, but did not.
[2025-06-06T14:09:55.218Z] Expected to find a docker-compose file prefixed with docker-compose.devcontainer.containerFeatures, but did not.
[2025-06-06T14:09:55.219Z] Start: Run: docker compose -f /home/hiansdt/projects/c3labs/vita/enchiridion-backend/docker-compose.yml -f /home/hiansdt/projects/c3labs/vita/enchiridion-backend/.devcontainer/docker-compose.yml --profile * config
[2025-06-06T14:09:55.288Z] Stop (69 ms): Run: docker compose -f /home/hiansdt/projects/c3labs/vita/enchiridion-backend/docker-compose.yml -f /home/hiansdt/projects/c3labs/vita/enchiridion-backend/.devcontainer/docker-compose.yml --profile * config
[2025-06-06T14:09:55.288Z] name: enchiridion-backend
services:
  app:
    build:
      context: /home/hiansdt/projects/c3labs/vita/enchiridion-backend
      dockerfile: Dockerfile
    command:
      - /bin/sh
      - -c
      - while sleep 1000; do :; done
    container_name: django_app
    depends_on:
      redis:
        condition: service_started
        required: true
    environment:
      REDIS_HOST: redis
      REDIS_PORT: "6379"
    networks:
      internal-network: null
    ports:
      - mode: ingress
        target: 8001
        published: "8001"
        protocol: tcp
    volumes:
      - type: bind
        source: /home/hiansdt/projects/c3labs/vita/enchiridion-backend
        target: /app
        bind:
          create_host_path: true
      - type: bind
        source: /home/hiansdt/projects/c3labs/vita/enchiridion-backend
        target: /home/python/app
        bind:
          create_host_path: true
  db:
    container_name: enchiridion-db
    environment:
      POSTGRES_DB: enchiridion
      POSTGRES_PASSWORD: postgres
      POSTGRES_USER: postgres
    image: postgres:13
    networks:
      default: null
    ports:
      - mode: ingress
        target: 5432
        published: "15433"
        protocol: tcp
  redis:
    command:
      - redis-server
      - --appendonly
      - "yes"
    container_name: enchiridion-backend-redis
    image: redis:alpine
    networks:
      internal-network: null
    restart: always
    volumes:
      - type: volume
        source: redis_data
        target: /data
        volume: {}
networks:
  default:
    name: enchiridion-backend_default
  internal-network:
    name: enchiridion-backend_internal-network
    driver: bridge
volumes:
  redis_data:
    name: enchiridion-backend_redis_data
[2025-06-06T14:09:55.290Z] Start: Run: docker inspect --type image python:3.12.7-slim
[2025-06-06T14:09:55.305Z] Stop (15 ms): Run: docker inspect --type image python:3.12.7-slim
[2025-06-06T14:09:55.308Z] Loading 144 extra certificates from /etc/ssl/certs/ca-certificates.crt.
[2025-06-06T14:09:55.835Z] Start: Run: docker-credential-secret get
[2025-06-06T14:09:55.841Z] Stop (6 ms): Run: docker-credential-secret get
[2025-06-06T14:09:55.844Z] Stop (9 ms): Run: docker-credential-secret get
[2025-06-06T14:09:58.414Z] Resolving Feature dependencies for 'ghcr.io/devcontainers/features/common-utils:2'...
[2025-06-06T14:09:58.414Z] * Processing feature: ghcr.io/devcontainers/features/common-utils:2
[2025-06-06T14:09:58.640Z] Start: Run: docker-credential-secret get
[2025-06-06T14:09:58.648Z] Stop (8 ms): Run: docker-credential-secret get
[2025-06-06T14:09:58.652Z] Stop (12 ms): Run: docker-credential-secret get
[2025-06-06T14:09:59.182Z] Resolving Feature dependencies for 'ghcr.io/devcontainers-contrib/features/zsh-plugins:0'...
[2025-06-06T14:09:59.182Z] * Processing feature: ghcr.io/devcontainers-contrib/features/zsh-plugins:0
[2025-06-06T14:09:59.797Z] Files to omit: ''
[2025-06-06T14:09:59.811Z] * Processing feature: ghcr.io/devcontainers/features/common-utils
[2025-06-06T14:10:01.388Z] * Processing feature: ghcr.io/devcontainers/features/git
[2025-06-06T14:10:01.760Z] Resolving Feature dependencies for 'ghcr.io/stuartleeks/dev-container-features/shell-history:0'...
[2025-06-06T14:10:01.760Z] * Processing feature: ghcr.io/stuartleeks/dev-container-features/shell-history:0
[2025-06-06T14:10:02.011Z] * Processing feature: ghcr.io/devcontainers/features/common-utils
[2025-06-06T14:10:02.259Z] * Processing feature: ghcr.io/meaningful-ooo/devcontainer-features/fish
[2025-06-06T14:10:02.628Z] Soft-dependency 'ghcr.io/devcontainers/features/git' is not required.  Removing from installation order...
[2025-06-06T14:10:02.628Z] Soft-dependency 'ghcr.io/meaningful-ooo/devcontainer-features/fish' is not required.  Removing from installation order...
[2025-06-06T14:10:02.629Z] * Fetching feature: common-utils_0_oci
[2025-06-06T14:10:03.031Z] Files to omit: ''
[2025-06-06T14:10:03.039Z] * Fetched feature: common-utils_0_oci version 2.5.3
[2025-06-06T14:10:03.039Z] * Fetching feature: zsh-plugins_1_oci
[2025-06-06T14:10:03.835Z] Files to omit: ''
[2025-06-06T14:10:03.839Z] * Fetched feature: zsh-plugins_1_oci version 0.0.4
[2025-06-06T14:10:03.839Z] * Fetching feature: shell-history_2_oci
[2025-06-06T14:10:04.430Z] Files to omit: ''
[2025-06-06T14:10:04.434Z] * Fetched feature: shell-history_2_oci version 0.0.6
[2025-06-06T14:10:04.442Z] Start: Run: docker build -t dev_container_feature_content_temp -f /tmp/devcontainercli-hiansdt/container-features/0.76.0-1749218998409/Dockerfile.buildContent /tmp/devcontainercli-hiansdt/container-features/0.76.0-1749218998409
[2025-06-06T14:10:04.460Z] DEPRECATED: The legacy builder is deprecated and will be removed in a future release.
            Install the buildx component to build images with BuildKit:
            https://docs.docker.com/go/buildx/

[2025-06-06T14:10:04.462Z] Sending build context to Docker daemon  87.04kB
[2025-06-06T14:10:04.464Z] Step 1/2 : FROM scratch
[2025-06-06T14:10:04.464Z]  ---> 
[2025-06-06T14:10:04.465Z] Step 2/2 : COPY . /tmp/build-features/
[2025-06-06T14:10:04.475Z]  ---> Using cache
 ---> 0061bf1e00a5
[2025-06-06T14:10:04.476Z] Successfully built 0061bf1e00a5
[2025-06-06T14:10:04.516Z] Successfully tagged dev_container_feature_content_temp:latest
[2025-06-06T14:10:04.520Z] Stop (78 ms): Run: docker build -t dev_container_feature_content_temp -f /tmp/devcontainercli-hiansdt/container-features/0.76.0-1749218998409/Dockerfile.buildContent /tmp/devcontainercli-hiansdt/container-features/0.76.0-1749218998409
[2025-06-06T14:10:04.521Z] Docker Compose override file for building image:
version: '3'

services:
  app:
    build:
      dockerfile: /tmp/devcontainercli-hiansdt/container-features/0.76.0-1749218998409/Dockerfile-with-features
      args:
        - _DEV_CONTAINERS_BASE_IMAGE=dev_container_auto_added_stage_label
        - _DEV_CONTAINERS_IMAGE_USER=python
        - _DEV_CONTAINERS_FEATURE_CONTENT_SOURCE=dev_container_feature_content_temp

[2025-06-06T14:10:04.524Z] Start: Run: docker inspect --type image enchiridion-backend-app
[2025-06-06T14:10:04.549Z] Stop (25 ms): Run: docker inspect --type image enchiridion-backend-app
[2025-06-06T14:10:04.550Z] Docker Compose override file for creating container:
version: '3'

services:
  'app':
    entrypoint: ["/bin/sh", "-c", "echo Container started\n
trap \"exit 0\" 15\n
\n
exec \"$$@\"\n
while sleep 1 & wait $$!; do :; done", "-"]
    labels:
      - 'devcontainer.local_folder=/home/hiansdt/projects/c3labs/vita/enchiridion-backend'
      - 'devcontainer.config_file=/home/hiansdt/projects/c3labs/vita/enchiridion-backend/.devcontainer/devcontainer.json'
    volumes:
      - 11q9svuuc9qm163fmirub20lu219281b6kjb549n0ds8a0ma0ps3-shellhistory:/dc/shellhistory
      - vscode:/vscode
volumes:
  
  11q9svuuc9qm163fmirub20lu219281b6kjb549n0ds8a0ma0ps3-shellhistory:
  
  vscode:
    external: true
[2025-06-06T14:10:04.550Z] Writing docker-compose.devcontainer.containerFeatures-1749219004550-b42d212f-f160-4bae-ab35-a5e8da06995f.yml to /home/hiansdt/.config/Code/User/globalStorage/ms-vscode-remote.remote-containers/data/docker-compose
[2025-06-06T14:10:04.550Z] Start: Run: docker compose --project-name enchiridion-backend -f /home/hiansdt/projects/c3labs/vita/enchiridion-backend/docker-compose.yml -f /home/hiansdt/projects/c3labs/vita/enchiridion-backend/.devcontainer/docker-compose.yml -f /home/hiansdt/.config/Code/User/globalStorage/ms-vscode-remote.remote-containers/data/docker-compose/docker-compose.devcontainer.build-1749219004521.yml -f /home/hiansdt/.config/Code/User/globalStorage/ms-vscode-remote.remote-containers/data/docker-compose/docker-compose.devcontainer.containerFeatures-1749219004550-b42d212f-f160-4bae-ab35-a5e8da06995f.yml up -d --no-recreate
[2025-06-06T14:10:04.638Z] WARN[0000] /home/hiansdt/projects/c3labs/vita/enchiridion-backend/docker-compose.yml: the attribute `version` is obsolete, it will be ignored, please remove it to avoid potential confusion 
[2025-06-06T14:10:04.642Z] WARN[0000] /home/hiansdt/projects/c3labs/vita/enchiridion-backend/.devcontainer/docker-compose.yml: the attribute `version` is obsolete, it will be ignored, please remove it to avoid potential confusion 
[2025-06-06T14:10:04.645Z] WARN[0000] /home/hiansdt/.config/Code/User/globalStorage/ms-vscode-remote.remote-containers/data/docker-compose/docker-compose.devcontainer.build-1749219004521.yml: the attribute `version` is obsolete, it will be ignored, please remove it to avoid potential confusion 
[2025-06-06T14:10:04.648Z] WARN[0000] /home/hiansdt/.config/Code/User/globalStorage/ms-vscode-remote.remote-containers/data/docker-compose/docker-compose.devcontainer.containerFeatures-1749219004550-b42d212f-f160-4bae-ab35-a5e8da06995f.yml: the attribute `version` is obsolete, it will be ignored, please remove it to avoid potential confusion 
[2025-06-06T14:10:04.751Z] [+] Running 2/3
 ✔ Container enchiridion-backend-redis  Running                            0.0s 
 ✔ Container enchiridion-db             Runn...                            0.0s 
 ⠋ Container django_app                 Starting                           0.1s 
[2025-06-06T14:10:04.852Z] [+] Running 2/3
 ✔ Container enchiridion-backend-redis  Running                            0.0s 
 ✔ Container enchiridion-db             Runn...                            0.0s 
 ⠙ Container django_app                 Starting                           0.2s 
[2025-06-06T14:10:04.863Z] [+] Running 3/3
 ✔ Container enchiridion-backend-redis  Running                            0.0s 
 ✔ Container enchiridion-db             Runn...                            0.0s 
 ✔ Container django_app                 Started                            0.2s 
[2025-06-06T14:10:04.866Z] Stop (9652 ms): Run: docker events --format {{json .}} --filter event=start
[2025-06-06T14:10:04.868Z] Stop (318 ms): Run: docker compose --project-name enchiridion-backend -f /home/hiansdt/projects/c3labs/vita/enchiridion-backend/docker-compose.yml -f /home/hiansdt/projects/c3labs/vita/enchiridion-backend/.devcontainer/docker-compose.yml -f /home/hiansdt/.config/Code/User/globalStorage/ms-vscode-remote.remote-containers/data/docker-compose/docker-compose.devcontainer.build-1749219004521.yml -f /home/hiansdt/.config/Code/User/globalStorage/ms-vscode-remote.remote-containers/data/docker-compose/docker-compose.devcontainer.containerFeatures-1749219004550-b42d212f-f160-4bae-ab35-a5e8da06995f.yml up -d --no-recreate
[2025-06-06T14:10:04.868Z] Start: Run: docker ps -q -a --filter label=com.docker.compose.project=enchiridion-backend --filter label=com.docker.compose.service=app
[2025-06-06T14:10:04.883Z] Stop (15 ms): Run: docker ps -q -a --filter label=com.docker.compose.project=enchiridion-backend --filter label=com.docker.compose.service=app
[2025-06-06T14:10:04.883Z] Start: Run: docker inspect --type container 7cd6cd859c1a
[2025-06-06T14:10:04.971Z] Stop (88 ms): Run: docker inspect --type container 7cd6cd859c1a
[2025-06-06T14:10:04.972Z] Start: Inspecting container
[2025-06-06T14:10:04.972Z] Start: Run: docker inspect --type container 7cd6cd859c1a48f78de839d3fddabeb0d3f1be2f5450e43392260bffd04ae7c8
[2025-06-06T14:10:04.992Z] Stop (20 ms): Run: docker inspect --type container 7cd6cd859c1a48f78de839d3fddabeb0d3f1be2f5450e43392260bffd04ae7c8
[2025-06-06T14:10:04.992Z] Stop (20 ms): Inspecting container
[2025-06-06T14:10:04.993Z] Start: Run in container: /bin/sh
[2025-06-06T14:10:04.997Z] Start: Run in container: uname -m
[2025-06-06T14:10:05.009Z] Stop (16 ms): Run in container: /bin/sh
[2025-06-06T14:10:05.010Z] Shell server terminated (code: 1, signal: null)
[2025-06-06T14:10:05.011Z] Error response from daemon: container 7cd6cd859c1a48f78de839d3fddabeb0d3f1be2f5450e43392260bffd04ae7c8 is not running
[2025-06-06T14:10:05.010Z] Start: Run in container:  (command -v getent >/dev/null 2>&1 && getent passwd 'python' || grep -E '^python|^[^:]*:[^:]*:python:' /etc/passwd || true)
[2025-06-06T14:10:05.010Z] Stdin closed!
[2025-06-06T14:10:05.011Z] Error: An error occurred setting up the container.
[2025-06-06T14:10:05.011Z]     at u6 (/home/hiansdt/.vscode/extensions/ms-vscode-remote.remote-containers-0.413.0/dist/spec-node/devContainersSpecCLI.js:412:3947)
[2025-06-06T14:10:05.012Z]     at process.processTicksAndRejections (node:internal/process/task_queues:95:5)
[2025-06-06T14:10:05.012Z]     at async Y6 (/home/hiansdt/.vscode/extensions/ms-vscode-remote.remote-containers-0.413.0/dist/spec-node/devContainersSpecCLI.js:484:4015)
[2025-06-06T14:10:05.012Z]     at async BC (/home/hiansdt/.vscode/extensions/ms-vscode-remote.remote-containers-0.413.0/dist/spec-node/devContainersSpecCLI.js:484:4957)
[2025-06-06T14:10:05.012Z]     at async p7 (/home/hiansdt/.vscode/extensions/ms-vscode-remote.remote-containers-0.413.0/dist/spec-node/devContainersSpecCLI.js:665:202)
[2025-06-06T14:10:05.012Z]     at async d7 (/home/hiansdt/.vscode/extensions/ms-vscode-remote.remote-containers-0.413.0/dist/spec-node/devContainersSpecCLI.js:664:14804)
[2025-06-06T14:10:05.012Z]     at async /home/hiansdt/.vscode/extensions/ms-vscode-remote.remote-containers-0.413.0/dist/spec-node/devContainersSpecCLI.js:484:1188
[2025-06-06T14:10:05.018Z] Stop (10116 ms): Run: /opt/visual-studio-code/code /home/hiansdt/.vscode/extensions/ms-vscode-remote.remote-containers-0.413.0/dist/spec-node/devContainersSpecCLI.js up --user-data-folder /home/hiansdt/.config/Code/User/globalStorage/ms-vscode-remote.remote-containers/data --container-session-data-folder /tmp/devcontainers-5810e548-23fa-4381-943a-dda7984ca61e1749218994195 --workspace-folder /home/hiansdt/projects/c3labs/vita/enchiridion-backend --workspace-mount-consistency cached --gpu-availability detect --id-label devcontainer.local_folder=/home/hiansdt/projects/c3labs/vita/enchiridion-backend --id-label devcontainer.config_file=/home/hiansdt/projects/c3labs/vita/enchiridion-backend/.devcontainer/devcontainer.json --log-level debug --log-format json --config /home/hiansdt/projects/c3labs/vita/enchiridion-backend/.devcontainer/devcontainer.json --default-user-env-probe loginInteractiveShell --mount type=volume,source=vscode,target=/vscode,external=true --skip-post-create --update-remote-user-uid-default on --mount-workspace-git-root --include-configuration --include-merged-configuration
[2025-06-06T14:10:05.019Z] Exit code 1
[2025-06-06T14:10:05.027Z] Command failed: /opt/visual-studio-code/code /home/hiansdt/.vscode/extensions/ms-vscode-remote.remote-containers-0.413.0/dist/spec-node/devContainersSpecCLI.js up --user-data-folder /home/hiansdt/.config/Code/User/globalStorage/ms-vscode-remote.remote-containers/data --container-session-data-folder /tmp/devcontainers-5810e548-23fa-4381-943a-dda7984ca61e1749218994195 --workspace-folder /home/hiansdt/projects/c3labs/vita/enchiridion-backend --workspace-mount-consistency cached --gpu-availability detect --id-label devcontainer.local_folder=/home/hiansdt/projects/c3labs/vita/enchiridion-backend --id-label devcontainer.config_file=/home/hiansdt/projects/c3labs/vita/enchiridion-backend/.devcontainer/devcontainer.json --log-level debug --log-format json --config /home/hiansdt/projects/c3labs/vita/enchiridion-backend/.devcontainer/devcontainer.json --default-user-env-probe loginInteractiveShell --mount type=volume,source=vscode,target=/vscode,external=true --skip-post-create --update-remote-user-uid-default on --mount-workspace-git-root --include-configuration --include-merged-configuration
[2025-06-06T14:10:05.027Z] Exit code 1
[2025-06-06T14:10:52.771Z] Start: Run: docker stop -t 0 7cd6cd859c1a48f78de839d3fddabeb0d3f1be2f5450e43392260bffd04ae7c8
[2025-06-06T14:10:52.801Z] Stop (30 ms): Run: docker stop -t 0 7cd6cd859c1a48f78de839d3fddabeb0d3f1be2f5450e43392260bffd04ae7c8
