2025-05-08 13:56:57.012 [info] Reading sessions from keychain...
2025-05-08 13:56:57.012 [info] Getting sessions for all scopes...
2025-05-08 13:56:57.012 [info] Getting sessions for all scopes...
2025-05-08 13:56:57.051 [info] Getting sessions for all scopes...
2025-05-08 13:56:57.051 [info] Getting sessions for all scopes...
2025-05-08 13:56:57.052 [info] Getting sessions for all scopes...
2025-05-08 13:56:57.052 [info] Getting sessions for all scopes...
2025-05-08 13:56:57.052 [info] Getting sessions for all scopes...
2025-05-08 13:56:57.401 [info] Got 0 sessions for ...
2025-05-08 13:56:57.401 [info] Got 0 sessions for ...
2025-05-08 13:56:57.401 [info] Got 0 sessions for ...
2025-05-08 13:56:57.401 [info] Got 0 sessions for ...
2025-05-08 13:56:57.401 [info] Got 0 sessions for ...
2025-05-08 13:56:57.401 [info] Got 0 sessions for ...
2025-05-08 13:56:57.401 [info] Got 0 sessions for ...
2025-05-08 13:56:57.410 [info] Getting sessions for all scopes...
2025-05-08 13:56:57.410 [info] Got 0 sessions for ...
2025-05-08 13:56:59.631 [info] Getting sessions for all scopes...
2025-05-08 13:56:59.631 [info] Got 0 sessions for ...
2025-05-08 13:56:59.920 [info] Getting sessions for all scopes...
2025-05-08 13:56:59.920 [info] Got 0 sessions for ...
2025-05-08 13:57:00.059 [info] Getting sessions for read:user,repo,user:email...
2025-05-08 13:57:00.059 [info] Got 0 sessions for read:user,repo,user:email...
2025-05-08 13:57:00.369 [info] Getting sessions for read:user,repo,user:email...
2025-05-08 13:57:00.369 [info] Got 0 sessions for read:user,repo,user:email...
2025-05-08 13:57:01.013 [info] Getting sessions for read:user,repo,user:email,workflow...
2025-05-08 13:57:01.013 [info] Got 0 sessions for read:user,repo,user:email,workflow...
2025-05-08 13:58:06.243 [info] Reading sessions from keychain...
2025-05-08 13:58:06.243 [info] Getting sessions for all scopes...
2025-05-08 13:58:06.246 [info] Getting sessions for all scopes...
2025-05-08 13:58:06.246 [info] Getting sessions for all scopes...
2025-05-08 13:58:06.485 [info] Getting sessions for all scopes...
2025-05-08 13:58:06.536 [info] Got 0 sessions for ...
2025-05-08 13:58:06.536 [info] Got 0 sessions for ...
2025-05-08 13:58:06.536 [info] Got 0 sessions for ...
2025-05-08 13:58:06.536 [info] Got 0 sessions for ...
2025-05-08 13:58:07.660 [info] Getting sessions for all scopes...
2025-05-08 13:58:07.660 [info] Got 0 sessions for ...
2025-05-08 13:58:07.662 [info] Getting sessions for all scopes...
2025-05-08 13:58:07.662 [info] Got 0 sessions for ...
2025-05-08 13:58:07.670 [info] Getting sessions for all scopes...
2025-05-08 13:58:07.670 [info] Got 0 sessions for ...
2025-05-08 13:58:07.670 [info] Getting sessions for all scopes...
2025-05-08 13:58:07.670 [info] Got 0 sessions for ...
2025-05-08 13:58:07.671 [info] Getting sessions for all scopes...
2025-05-08 13:58:07.671 [info] Got 0 sessions for ...
2025-05-08 13:58:25.630 [info] Getting sessions for read:user,repo,user:email,workflow...
2025-05-08 13:58:25.630 [info] Got 0 sessions for read:user,repo,user:email,workflow...
2025-05-08 22:02:21.186 [info] Getting sessions for read:user,repo,user:email,workflow...
2025-05-08 22:02:21.186 [info] Got 0 sessions for read:user,repo,user:email,workflow...
