2025-07-02 15:54:07.662 [info] Extension host with pid 148372 started
2025-07-02 15:54:07.771 [info] ExtensionService#_doActivateExtension vscode.github-authentication, startup: false, activationEvent: 'onAuthenticationRequest:github'
2025-07-02 15:54:07.801 [info] ExtensionService#_doActivateExtension Vue.volar, startup: false, activationEvent: 'onLanguage:plaintext'
2025-07-02 15:54:07.856 [info] ExtensionService#_doActivateExtension vscode.emmet, startup: false, activationEvent: 'onLanguage'
2025-07-02 15:54:08.110 [info] ExtensionService#_doActivateExtension vscode.typescript-language-features, startup: false, activationEvent: 'api', root cause: Vue.volar
2025-07-02 15:54:08.299 [info] ExtensionService#_doActivateExtension vscode.git-base, startup: true, activationEvent: '*', root cause: vscode.git
2025-07-02 15:54:08.331 [info] ExtensionService#_doActivateExtension vscode.git, startup: true, activationEvent: '*'
2025-07-02 15:54:08.379 [info] ExtensionService#_doActivateExtension vscode.github, startup: true, activationEvent: '*'
2025-07-02 15:54:08.529 [info] Eager extensions activated
2025-07-02 15:54:08.534 [info] ExtensionService#_doActivateExtension vscode.configuration-editing, startup: false, activationEvent: 'onLanguage:jsonc'
2025-07-02 15:54:08.543 [info] ExtensionService#_doActivateExtension vscode.json-language-features, startup: false, activationEvent: 'onLanguage:jsonc'
2025-07-02 15:54:08.620 [info] ExtensionService#_doActivateExtension vscode.debug-auto-launch, startup: false, activationEvent: 'onStartupFinished'
2025-07-02 15:54:08.623 [info] ExtensionService#_doActivateExtension vscode.merge-conflict, startup: false, activationEvent: 'onStartupFinished'
2025-07-02 15:54:08.643 [info] ExtensionService#_doActivateExtension Catppuccin.catppuccin-vsc, startup: false, activationEvent: 'onStartupFinished'
2025-07-02 15:54:08.648 [info] ExtensionService#_doActivateExtension Catppuccin.catppuccin-vsc-icons, startup: false, activationEvent: 'onStartupFinished'
2025-07-02 15:54:08.733 [info] ExtensionService#_doActivateExtension esbenp.prettier-vscode, startup: false, activationEvent: 'onStartupFinished'
2025-07-02 15:54:08.811 [info] ExtensionService#_doActivateExtension ms-vscode-remote.remote-containers, startup: false, activationEvent: 'onStartupFinished'
2025-07-02 15:54:09.052 [info] ExtensionService#_doActivateExtension vscode-icons-team.vscode-icons, startup: false, activationEvent: 'onStartupFinished'
2025-07-02 15:54:09.086 [info] ExtensionService#_doActivateExtension vscodevim.vim, startup: false, activationEvent: 'onStartupFinished'
2025-07-02 15:54:09.228 [info] Extension host terminating: renderer closed the MessagePort
2025-07-02 15:54:09.251 [error] ProxyResolver#resolveProxy DIRECT Canceled: Canceled
	at new XN (file:///opt/visual-studio-code/resources/app/out/vs/workbench/api/node/extensionHostProcess.js:29:111538)
	at f5.U (file:///opt/visual-studio-code/resources/app/out/vs/workbench/api/node/extensionHostProcess.js:29:116148)
	at s.<computed>.n.charCodeAt.s.<computed> (file:///opt/visual-studio-code/resources/app/out/vs/workbench/api/node/extensionHostProcess.js:29:113642)
	at Ib.resolveProxy (file:///opt/visual-studio-code/resources/app/out/vs/workbench/api/node/extensionHostProcess.js:116:70063)
	at Object.resolveProxy (file:///opt/visual-studio-code/resources/app/out/vs/workbench/api/node/extensionHostProcess.js:172:18350)
	at useProxySettings (/opt/visual-studio-code/resources/app/node_modules/@vscode/proxy-agent/out/index.js:182:16)
	at /opt/visual-studio-code/resources/app/node_modules/@vscode/proxy-agent/out/index.js:119:13
	at /opt/visual-studio-code/resources/app/node_modules/@vscode/proxy-agent/out/index.js:707:13
	at process.processTicksAndRejections (node:internal/process/task_queues:95:5) 
2025-07-02 15:54:09.251 [error] ProxyResolver#resolveProxy DIRECT Canceled: Canceled
	at new XN (file:///opt/visual-studio-code/resources/app/out/vs/workbench/api/node/extensionHostProcess.js:29:111538)
	at f5.U (file:///opt/visual-studio-code/resources/app/out/vs/workbench/api/node/extensionHostProcess.js:29:116148)
	at s.<computed>.n.charCodeAt.s.<computed> (file:///opt/visual-studio-code/resources/app/out/vs/workbench/api/node/extensionHostProcess.js:29:113642)
	at Ib.resolveProxy (file:///opt/visual-studio-code/resources/app/out/vs/workbench/api/node/extensionHostProcess.js:116:70063)
	at Object.resolveProxy (file:///opt/visual-studio-code/resources/app/out/vs/workbench/api/node/extensionHostProcess.js:172:18350)
	at useProxySettings (/opt/visual-studio-code/resources/app/node_modules/@vscode/proxy-agent/out/index.js:182:16)
	at /opt/visual-studio-code/resources/app/node_modules/@vscode/proxy-agent/out/index.js:119:13
	at /opt/visual-studio-code/resources/app/node_modules/@vscode/proxy-agent/out/index.js:707:13
	at process.processTicksAndRejections (node:internal/process/task_queues:95:5) 
2025-07-02 15:54:09.265 [info] Extension host with pid 148372 exiting with code 0
