2025-05-08 13:58:10.343 [info] [SharedProcessTunnelService] Created tunnel 1: 127.0.0.1:41417 (local) to 127.0.0.1:8000 (remote).
2025-05-08 14:12:36.688 [info] Creating a socket (renderer-Tunnel-cf7780d1-3d2a-4084-8d06-8003e76a0690)...
2025-05-08 14:12:36.919 [info] Creating a socket (renderer-Tunnel-cf7780d1-3d2a-4084-8d06-8003e76a0690) was successful after 226 ms.
2025-05-08 14:12:39.098 [info] Creating a socket (renderer-Tunnel-811774bf-cd31-4dfa-aaae-07edb0acd8bc)...
2025-05-08 14:12:39.261 [info] Creating a socket (renderer-Tunnel-811774bf-cd31-4dfa-aaae-07edb0acd8bc) was successful after 164 ms.
2025-05-08 14:26:12.417 [info] Creating a socket (renderer-Tunnel-4d2394f1-e9fd-4422-9a31-731c11ec2579)...
2025-05-08 14:26:12.565 [info] Creating a socket (renderer-Tunnel-4d2394f1-e9fd-4422-9a31-731c11ec2579) was successful after 148 ms.
2025-05-08 15:09:03.582 [info] Creating a socket (renderer-Tunnel-76e5e1f0-bcd2-4c97-a39d-fb05c8b816ff)...
2025-05-08 15:09:03.774 [info] Creating a socket (renderer-Tunnel-76e5e1f0-bcd2-4c97-a39d-fb05c8b816ff) was successful after 192 ms.
2025-05-08 15:09:04.373 [info] Creating a socket (renderer-Tunnel-bf44621e-5c98-4e9b-aa2e-a38facbd56aa)...
2025-05-08 15:09:04.618 [info] Creating a socket (renderer-Tunnel-bf44621e-5c98-4e9b-aa2e-a38facbd56aa) was successful after 243 ms.
2025-05-08 15:09:04.777 [info] Creating a socket (renderer-Tunnel-a86ab35e-4331-4c59-bdf8-58200f42792d)...
2025-05-08 15:09:04.790 [info] Creating a socket (renderer-Tunnel-a6c9d48e-3a21-4134-9921-464ba1a38a8b)...
2025-05-08 15:09:04.794 [info] Creating a socket (renderer-Tunnel-1572dbf4-2685-4904-b870-12e19612ebb6)...
2025-05-08 15:09:04.794 [info] Creating a socket (renderer-Tunnel-c96900ff-b554-4a3b-bf4c-42b3e92a2c4d)...
2025-05-08 15:09:04.801 [info] Creating a socket (renderer-Tunnel-60479d8f-f633-4a5b-9573-dfd687f5ff7f)...
2025-05-08 15:09:05.058 [info] Creating a socket (renderer-Tunnel-a86ab35e-4331-4c59-bdf8-58200f42792d) was successful after 273 ms.
2025-05-08 15:09:05.259 [info] Creating a socket (renderer-Tunnel-1572dbf4-2685-4904-b870-12e19612ebb6) was successful after 466 ms.
2025-05-08 15:09:05.265 [info] Creating a socket (renderer-Tunnel-a6c9d48e-3a21-4134-9921-464ba1a38a8b) was successful after 477 ms.
2025-05-08 15:09:05.273 [info] Creating a socket (renderer-Tunnel-c96900ff-b554-4a3b-bf4c-42b3e92a2c4d) was successful after 480 ms.
2025-05-08 15:09:05.316 [info] Creating a socket (renderer-Tunnel-60479d8f-f633-4a5b-9573-dfd687f5ff7f) was successful after 518 ms.
2025-05-08 15:14:51.068 [info] Creating a socket (renderer-Tunnel-5f168132-b578-4173-9362-7740c3d9d8eb)...
2025-05-08 15:14:51.225 [info] Creating a socket (renderer-Tunnel-5f168132-b578-4173-9362-7740c3d9d8eb) was successful after 157 ms.
2025-05-08 15:45:56.928 [info] Creating a socket (renderer-Tunnel-1d316284-5558-487a-ad97-0ce0ed0bbd7d)...
2025-05-08 15:45:57.162 [info] Creating a socket (renderer-Tunnel-1d316284-5558-487a-ad97-0ce0ed0bbd7d) was successful after 235 ms.
2025-05-08 15:58:47.923 [info] Creating a socket (renderer-Tunnel-1567945b-2add-4dcd-bfcd-edd14079f303)...
2025-05-08 15:58:48.129 [info] Creating a socket (renderer-Tunnel-1567945b-2add-4dcd-bfcd-edd14079f303) was successful after 203 ms.
2025-05-08 16:18:02.868 [info] Creating a socket (renderer-Tunnel-27983629-d55b-44a1-a8de-5e65da52faf8)...
2025-05-08 16:18:03.089 [info] Creating a socket (renderer-Tunnel-27983629-d55b-44a1-a8de-5e65da52faf8) was successful after 220 ms.
2025-05-08 17:08:25.443 [info] Creating a socket (renderer-Tunnel-224e1bc1-45aa-40ad-aa8e-383edd8bf3a3)...
2025-05-08 17:08:25.712 [info] Creating a socket (renderer-Tunnel-224e1bc1-45aa-40ad-aa8e-383edd8bf3a3) was successful after 272 ms.
2025-05-08 17:10:17.435 [info] Creating a socket (renderer-Tunnel-163f7225-4694-4931-8b3c-d9c812664f12)...
2025-05-08 17:10:17.705 [info] Creating a socket (renderer-Tunnel-163f7225-4694-4931-8b3c-d9c812664f12) was successful after 271 ms.
2025-05-08 17:10:24.792 [info] Creating a socket (renderer-Tunnel-42de372d-0c1b-4fdf-8157-05d058f8a24c)...
2025-05-08 17:10:25.053 [info] Creating a socket (renderer-Tunnel-42de372d-0c1b-4fdf-8157-05d058f8a24c) was successful after 265 ms.
2025-05-08 17:10:34.254 [info] Creating a socket (renderer-Tunnel-6dc904c8-0c7e-45b9-a387-800ed5eb991e)...
2025-05-08 17:10:34.455 [info] Creating a socket (renderer-Tunnel-6dc904c8-0c7e-45b9-a387-800ed5eb991e) was successful after 202 ms.
2025-05-08 17:10:48.746 [info] Creating a socket (renderer-Tunnel-d9f636da-7ee4-409d-9c7d-4f31622cc319)...
2025-05-08 17:10:48.990 [info] Creating a socket (renderer-Tunnel-d9f636da-7ee4-409d-9c7d-4f31622cc319) was successful after 245 ms.
2025-05-08 17:11:49.342 [info] Creating a socket (renderer-Tunnel-f38c7cff-f80b-44b4-9dad-aee06c1036f1)...
2025-05-08 17:11:49.632 [info] Creating a socket (renderer-Tunnel-f38c7cff-f80b-44b4-9dad-aee06c1036f1) was successful after 293 ms.
2025-05-08 17:12:20.113 [info] Creating a socket (renderer-Tunnel-7f63f2cb-48d3-42f6-ac85-d7901c019213)...
2025-05-08 17:12:20.329 [info] Creating a socket (renderer-Tunnel-7f63f2cb-48d3-42f6-ac85-d7901c019213) was successful after 217 ms.
2025-05-08 17:36:07.792 [info] Creating a socket (renderer-Tunnel-a61f760d-9671-4ca0-be87-687912888102)...
2025-05-08 17:36:08.033 [info] Creating a socket (renderer-Tunnel-a61f760d-9671-4ca0-be87-687912888102) was successful after 244 ms.
2025-05-08 17:36:29.349 [info] Creating a socket (renderer-Tunnel-50130dd9-cec6-45e8-9d5a-84b140868c72)...
2025-05-08 17:36:29.657 [info] Creating a socket (renderer-Tunnel-50130dd9-cec6-45e8-9d5a-84b140868c72) was successful after 308 ms.
2025-05-08 17:37:08.189 [info] Creating a socket (renderer-Tunnel-e8b33be4-0777-4525-91cc-8996c29f5da1)...
2025-05-08 17:37:08.405 [info] Creating a socket (renderer-Tunnel-e8b33be4-0777-4525-91cc-8996c29f5da1) was successful after 217 ms.
2025-05-08 17:37:27.519 [info] Creating a socket (renderer-Tunnel-0dbb2ce0-1dde-4d6f-b4e9-f4f356421b75)...
2025-05-08 17:37:27.718 [info] Creating a socket (renderer-Tunnel-0dbb2ce0-1dde-4d6f-b4e9-f4f356421b75) was successful after 201 ms.
2025-05-08 17:37:28.135 [info] Creating a socket (renderer-Tunnel-559da149-7665-4f5c-bd43-b0e90514bb56)...
2025-05-08 17:37:28.322 [info] Creating a socket (renderer-Tunnel-559da149-7665-4f5c-bd43-b0e90514bb56) was successful after 187 ms.
2025-05-08 17:37:39.339 [info] Creating a socket (renderer-Tunnel-15a3be05-acac-4c6e-8db9-cc7d7541d111)...
2025-05-08 17:37:39.571 [info] Creating a socket (renderer-Tunnel-15a3be05-acac-4c6e-8db9-cc7d7541d111) was successful after 231 ms.
2025-05-08 17:37:40.676 [info] Creating a socket (renderer-Tunnel-2759d3e7-3f02-4078-83c2-c623cbe3063b)...
2025-05-08 17:37:40.848 [info] Creating a socket (renderer-Tunnel-2759d3e7-3f02-4078-83c2-c623cbe3063b) was successful after 174 ms.
2025-05-08 17:37:53.215 [info] Creating a socket (renderer-Tunnel-f963e07b-4c41-4cda-8fac-dbcbbaf0534a)...
2025-05-08 17:37:53.476 [info] Creating a socket (renderer-Tunnel-f963e07b-4c41-4cda-8fac-dbcbbaf0534a) was successful after 261 ms.
2025-05-08 17:44:37.509 [info] Creating a socket (renderer-Tunnel-df64688f-dd8a-4925-a668-96041a231ab7)...
2025-05-08 17:44:37.763 [info] Creating a socket (renderer-Tunnel-df64688f-dd8a-4925-a668-96041a231ab7) was successful after 255 ms.
2025-05-08 17:44:38.242 [info] Creating a socket (renderer-Tunnel-6c264d4c-bca3-495e-8e06-17e5f5986f57)...
2025-05-08 17:44:38.426 [info] Creating a socket (renderer-Tunnel-6c264d4c-bca3-495e-8e06-17e5f5986f57) was successful after 187 ms.
2025-05-08 17:47:04.822 [info] Creating a socket (renderer-Tunnel-cfdcb166-3189-4915-8e2b-56c134667213)...
2025-05-08 17:47:04.977 [info] Creating a socket (renderer-Tunnel-cfdcb166-3189-4915-8e2b-56c134667213) was successful after 155 ms.
2025-05-08 17:47:11.562 [info] Creating a socket (renderer-Tunnel-f295ea09-3637-445d-a7a8-b81eee83b33c)...
2025-05-08 17:47:11.820 [info] Creating a socket (renderer-Tunnel-f295ea09-3637-445d-a7a8-b81eee83b33c) was successful after 260 ms.
2025-05-08 17:47:30.171 [info] Creating a socket (renderer-Tunnel-918ff74d-9109-42e9-a3b8-a46545fe66ad)...
2025-05-08 17:47:30.352 [info] Creating a socket (renderer-Tunnel-918ff74d-9109-42e9-a3b8-a46545fe66ad) was successful after 181 ms.
2025-05-08 17:47:34.609 [info] Creating a socket (renderer-Tunnel-939c991b-38d3-4940-a7ae-ba89ce5d8f4d)...
2025-05-08 17:47:34.853 [info] Creating a socket (renderer-Tunnel-939c991b-38d3-4940-a7ae-ba89ce5d8f4d) was successful after 245 ms.
2025-05-08 17:51:36.997 [info] Creating a socket (renderer-Tunnel-8fe9007a-782a-4437-aea0-4938a66330e9)...
2025-05-08 17:51:37.147 [info] Creating a socket (renderer-Tunnel-8fe9007a-782a-4437-aea0-4938a66330e9) was successful after 150 ms.
2025-05-08 17:52:22.429 [info] Creating a socket (renderer-Tunnel-d8f1f672-ef3e-4122-95ba-e85993dfdae9)...
2025-05-08 17:52:22.588 [info] Creating a socket (renderer-Tunnel-d8f1f672-ef3e-4122-95ba-e85993dfdae9) was successful after 160 ms.
2025-05-08 17:52:41.663 [info] Creating a socket (renderer-Tunnel-b022530d-da9b-462d-b721-118280db833f)...
2025-05-08 17:52:41.923 [info] Creating a socket (renderer-Tunnel-b022530d-da9b-462d-b721-118280db833f) was successful after 263 ms.
2025-05-08 17:53:23.497 [info] Creating a socket (renderer-Tunnel-e3c46dd3-00b7-4de5-9edd-2c6936d83089)...
2025-05-08 17:53:23.772 [info] Creating a socket (renderer-Tunnel-e3c46dd3-00b7-4de5-9edd-2c6936d83089) was successful after 276 ms.
2025-05-08 17:54:55.446 [info] Creating a socket (renderer-Tunnel-ed0f7397-177f-421a-bd3d-4b0bde872147)...
2025-05-08 17:54:55.633 [info] Creating a socket (renderer-Tunnel-ed0f7397-177f-421a-bd3d-4b0bde872147) was successful after 187 ms.
2025-05-08 17:58:22.419 [info] Creating a socket (renderer-Tunnel-cdb7eec4-b45d-48ad-82ac-6bbc6ab6772e)...
2025-05-08 17:58:22.590 [info] Creating a socket (renderer-Tunnel-cdb7eec4-b45d-48ad-82ac-6bbc6ab6772e) was successful after 171 ms.
2025-05-08 17:58:22.964 [info] Creating a socket (renderer-Tunnel-ff541019-84b9-4612-a0ed-f1aa31c549ff)...
2025-05-08 17:58:23.109 [info] Creating a socket (renderer-Tunnel-ff541019-84b9-4612-a0ed-f1aa31c549ff) was successful after 147 ms.
2025-05-08 17:58:53.732 [info] Getting Manifest... ms-vscode-remote.remote-containers
2025-05-08 17:58:53.963 [info] Installing extension: ms-vscode-remote.remote-containers {"productVersion":{"version":"1.100.0","date":"2025-05-07T12:50:07.413Z"},"pinned":false,"operation":3,"isApplicationScoped":false,"profileLocation":{"$mid":1,"external":"vscode-userdata:/home/hiansdt/.vscode/extensions/extensions.json","path":"/home/hiansdt/.vscode/extensions/extensions.json","scheme":"vscode-userdata"}}
2025-05-08 17:59:00.709 [info] Extension signature verification result for ms-vscode-remote.remote-containers: Success. Internal Code: 0. Executed: true. Duration: 5311ms.
2025-05-08 17:59:01.344 [info] Extracted extension to file:///home/hiansdt/.vscode/extensions/ms-vscode-remote.remote-containers-0.413.0: ms-vscode-remote.remote-containers
2025-05-08 17:59:01.379 [info] Renamed to /home/hiansdt/.vscode/extensions/ms-vscode-remote.remote-containers-0.413.0
2025-05-08 17:59:01.443 [info] Marked extension as removed ms-vscode-remote.remote-containers-0.409.0
2025-05-08 17:59:01.511 [info] Extension installed successfully: ms-vscode-remote.remote-containers vscode-userdata:/home/hiansdt/.vscode/extensions/extensions.json
2025-05-08 18:03:26.831 [info] Creating a socket (renderer-Tunnel-24bdb2e8-ee9c-4b0e-a959-69e8439c5786)...
2025-05-08 18:03:27.002 [info] Creating a socket (renderer-Tunnel-24bdb2e8-ee9c-4b0e-a959-69e8439c5786) was successful after 173 ms.
2025-05-08 18:03:44.604 [info] Creating a socket (renderer-Tunnel-a759bbe6-68e0-4796-9250-93530c75464e)...
2025-05-08 18:03:44.607 [info] Creating a socket (renderer-Tunnel-f3f8a7c4-4728-492c-adcf-fec8acbdf7cc)...
2025-05-08 18:03:44.806 [info] Creating a socket (renderer-Tunnel-a759bbe6-68e0-4796-9250-93530c75464e) was successful after 203 ms.
2025-05-08 18:03:44.830 [info] Creating a socket (renderer-Tunnel-f3f8a7c4-4728-492c-adcf-fec8acbdf7cc) was successful after 223 ms.
2025-05-08 18:04:19.695 [info] Creating a socket (renderer-Tunnel-6d18f248-fb70-4b00-ad2f-fbf7a5fc0ce3)...
2025-05-08 18:04:19.893 [info] Creating a socket (renderer-Tunnel-6d18f248-fb70-4b00-ad2f-fbf7a5fc0ce3) was successful after 199 ms.
2025-05-08 18:06:07.518 [info] Creating a socket (renderer-Tunnel-59d7e674-4f00-4406-8027-11648c776706)...
2025-05-08 18:06:07.712 [info] Creating a socket (renderer-Tunnel-59d7e674-4f00-4406-8027-11648c776706) was successful after 194 ms.
2025-05-08 18:06:43.630 [info] Creating a socket (renderer-Tunnel-d9e9c5ec-ec27-401f-b393-68c1968bcb3d)...
2025-05-08 18:06:43.640 [info] Creating a socket (renderer-Tunnel-5ef6b3c4-0eb0-4b66-b4fd-c1191a6c3353)...
2025-05-08 18:06:43.640 [info] Creating a socket (renderer-Tunnel-9be7d369-04dd-4335-b9fe-5b9c3af5ff81)...
2025-05-08 18:06:43.898 [info] Creating a socket (renderer-Tunnel-5ef6b3c4-0eb0-4b66-b4fd-c1191a6c3353) was successful after 259 ms.
2025-05-08 18:06:43.903 [info] Creating a socket (renderer-Tunnel-d9e9c5ec-ec27-401f-b393-68c1968bcb3d) was successful after 273 ms.
2025-05-08 18:06:43.952 [info] Creating a socket (renderer-Tunnel-9be7d369-04dd-4335-b9fe-5b9c3af5ff81) was successful after 312 ms.
2025-05-08 18:06:44.143 [info] Creating a socket (renderer-Tunnel-8624d206-498a-4350-a835-bd2dc6c98ec3)...
2025-05-08 18:06:44.378 [info] Creating a socket (renderer-Tunnel-8624d206-498a-4350-a835-bd2dc6c98ec3) was successful after 236 ms.
2025-05-08 18:23:42.244 [info] Creating a socket (renderer-Tunnel-8329f2d3-8cc4-4a72-9609-695b6410d9e5)...
2025-05-08 18:23:42.474 [info] Creating a socket (renderer-Tunnel-8329f2d3-8cc4-4a72-9609-695b6410d9e5) was successful after 262 ms.
2025-05-08 18:23:48.658 [info] Creating a socket (renderer-Tunnel-8adfea0e-35bf-46d5-b5a7-a98a2750e93e)...
2025-05-08 18:23:48.830 [info] Creating a socket (renderer-Tunnel-8adfea0e-35bf-46d5-b5a7-a98a2750e93e) was successful after 172 ms.
2025-05-08 18:23:50.276 [info] Creating a socket (renderer-Tunnel-ad6a8b5c-d84f-4b1b-a02f-f409dd384072)...
2025-05-08 18:23:50.338 [info] Creating a socket (renderer-Tunnel-493b20aa-e7f7-4658-a2c9-8616bc220226)...
2025-05-08 18:23:50.517 [info] Creating a socket (renderer-Tunnel-ad6a8b5c-d84f-4b1b-a02f-f409dd384072) was successful after 241 ms.
2025-05-08 18:23:50.541 [info] Creating a socket (renderer-Tunnel-493b20aa-e7f7-4658-a2c9-8616bc220226) was successful after 207 ms.
2025-05-08 18:24:01.237 [info] Creating a socket (renderer-Tunnel-83a9116f-62cb-4021-a6ec-ac5bb66716b0)...
2025-05-08 18:24:01.468 [info] Creating a socket (renderer-Tunnel-83a9116f-62cb-4021-a6ec-ac5bb66716b0) was successful after 233 ms.
2025-05-08 18:24:01.663 [info] Creating a socket (renderer-Tunnel-32fef365-0b20-43dd-b374-75542a07609e)...
2025-05-08 18:24:01.854 [info] Creating a socket (renderer-Tunnel-32fef365-0b20-43dd-b374-75542a07609e) was successful after 191 ms.
2025-05-08 18:25:54.663 [info] Creating a socket (renderer-Tunnel-1490d71c-40e8-4001-a6b2-41b54284f275)...
2025-05-08 18:25:54.841 [info] Creating a socket (renderer-Tunnel-1490d71c-40e8-4001-a6b2-41b54284f275) was successful after 178 ms.
2025-05-08 18:26:45.802 [info] Creating a socket (renderer-Tunnel-09384093-a28d-43ae-a314-b7fd8e7ae190)...
2025-05-08 18:26:46.103 [info] Creating a socket (renderer-Tunnel-09384093-a28d-43ae-a314-b7fd8e7ae190) was successful after 304 ms.
2025-05-08 18:27:01.272 [info] Creating a socket (renderer-Tunnel-27c69a6f-382d-4d32-a34c-23743a46bbdc)...
2025-05-08 18:27:01.446 [info] Creating a socket (renderer-Tunnel-27c69a6f-382d-4d32-a34c-23743a46bbdc) was successful after 174 ms.
2025-05-08 18:27:59.802 [info] Creating a socket (renderer-Tunnel-f6324394-2c3c-401e-8fd9-2044f6d303fa)...
2025-05-08 18:28:00.002 [info] Creating a socket (renderer-Tunnel-f6324394-2c3c-401e-8fd9-2044f6d303fa) was successful after 196 ms.
2025-05-08 18:28:07.942 [info] Creating a socket (renderer-Tunnel-d22bd982-fe6e-405e-8fe1-a09e69f21df7)...
2025-05-08 18:28:08.138 [info] Creating a socket (renderer-Tunnel-d22bd982-fe6e-405e-8fe1-a09e69f21df7) was successful after 196 ms.
2025-05-08 18:32:39.723 [info] Creating a socket (renderer-Tunnel-90cfdb7f-4216-4f09-952a-6fa2a89656af)...
2025-05-08 18:32:39.899 [info] Creating a socket (renderer-Tunnel-90cfdb7f-4216-4f09-952a-6fa2a89656af) was successful after 175 ms.
2025-05-08 18:34:55.369 [info] Creating a socket (renderer-Tunnel-9fe15290-aace-476a-88aa-4f14ec151710)...
2025-05-08 18:34:55.548 [info] Creating a socket (renderer-Tunnel-9fe15290-aace-476a-88aa-4f14ec151710) was successful after 177 ms.
2025-05-08 18:38:09.036 [info] Creating a socket (renderer-Tunnel-94a47eb3-6364-4f6e-8ba0-acc4fc00e264)...
2025-05-08 18:38:09.190 [info] Creating a socket (renderer-Tunnel-94a47eb3-6364-4f6e-8ba0-acc4fc00e264) was successful after 154 ms.
2025-05-08 18:44:52.401 [info] Creating a socket (renderer-Tunnel-bc8a9d8d-61ef-4637-bfdd-fb50db4d0db7)...
2025-05-08 18:44:52.670 [info] Creating a socket (renderer-Tunnel-bc8a9d8d-61ef-4637-bfdd-fb50db4d0db7) was successful after 271 ms.
2025-05-08 18:52:24.184 [info] Creating a socket (renderer-Tunnel-ef4b38cf-f887-4ce2-8d2a-10dd65ea8ba2)...
2025-05-08 18:52:24.353 [info] Creating a socket (renderer-Tunnel-ef4b38cf-f887-4ce2-8d2a-10dd65ea8ba2) was successful after 168 ms.
2025-05-08 19:00:23.564 [info] Creating a socket (renderer-Tunnel-c309d9c9-3ac9-42ea-bc26-5d1212e1cdd1)...
2025-05-08 19:00:23.716 [info] Creating a socket (renderer-Tunnel-c309d9c9-3ac9-42ea-bc26-5d1212e1cdd1) was successful after 152 ms.
2025-05-09 08:52:52.232 [info] Creating a socket (renderer-Tunnel-98cf1f15-488f-4d23-bd5f-f1e5be2cc1d0)...
2025-05-09 08:52:52.467 [info] Creating a socket (renderer-Tunnel-98cf1f15-488f-4d23-bd5f-f1e5be2cc1d0) was successful after 234 ms.
2025-05-09 09:27:36.022 [info] Creating a socket (renderer-Tunnel-2d743257-2c45-4f5e-a267-363e3f7acb22)...
2025-05-09 09:27:36.168 [info] Creating a socket (renderer-Tunnel-2d743257-2c45-4f5e-a267-363e3f7acb22) was successful after 146 ms.
2025-05-09 09:49:35.933 [info] Creating a socket (renderer-Tunnel-2bf59987-886d-4450-88f0-902ff5ba47f8)...
2025-05-09 09:49:36.218 [info] Creating a socket (renderer-Tunnel-2bf59987-886d-4450-88f0-902ff5ba47f8) was successful after 284 ms.
2025-05-09 09:53:44.270 [info] Creating a socket (renderer-Tunnel-98e7f751-5bff-4677-ba8a-48e5ab680ae7)...
2025-05-09 09:53:44.460 [info] Creating a socket (renderer-Tunnel-98e7f751-5bff-4677-ba8a-48e5ab680ae7) was successful after 191 ms.
2025-05-09 09:55:42.465 [info] Creating a socket (renderer-Tunnel-f55d3f52-a7f0-4e73-ad03-b1a0acae21fc)...
2025-05-09 09:55:42.707 [info] Creating a socket (renderer-Tunnel-f55d3f52-a7f0-4e73-ad03-b1a0acae21fc) was successful after 242 ms.
2025-05-09 09:59:36.826 [info] Creating a socket (renderer-Tunnel-93d2466c-aef6-4877-8c71-b5bd37c11553)...
2025-05-09 09:59:37.049 [info] Creating a socket (renderer-Tunnel-93d2466c-aef6-4877-8c71-b5bd37c11553) was successful after 222 ms.
2025-05-09 10:04:16.393 [info] Creating a socket (renderer-Tunnel-d755caa7-c155-4ad5-9d93-390db8894302)...
2025-05-09 10:04:16.614 [info] Creating a socket (renderer-Tunnel-d755caa7-c155-4ad5-9d93-390db8894302) was successful after 222 ms.
2025-05-09 10:15:21.132 [info] Creating a socket (renderer-Tunnel-68482176-a590-455e-88ac-d620afdd8c47)...
2025-05-09 10:15:21.285 [info] Creating a socket (renderer-Tunnel-68482176-a590-455e-88ac-d620afdd8c47) was successful after 154 ms.
2025-05-09 10:18:57.505 [info] Creating a socket (renderer-Tunnel-f5b7f573-5690-4383-9cdd-bc5f34100e4b)...
2025-05-09 10:18:57.668 [info] Creating a socket (renderer-Tunnel-f5b7f573-5690-4383-9cdd-bc5f34100e4b) was successful after 162 ms.
2025-05-09 10:21:49.565 [info] Creating a socket (renderer-Tunnel-ca6fa904-50e4-4663-8db1-5cc98856dd14)...
2025-05-09 10:21:49.763 [info] Creating a socket (renderer-Tunnel-ca6fa904-50e4-4663-8db1-5cc98856dd14) was successful after 199 ms.
2025-05-09 10:22:23.593 [info] Creating a socket (renderer-Tunnel-312fc55c-a389-4687-b70f-e4eb6b9f7ffb)...
2025-05-09 10:22:23.607 [info] Creating a socket (renderer-Tunnel-cf915e7a-e40c-473f-90bd-27160ebea726)...
2025-05-09 10:22:23.607 [info] Creating a socket (renderer-Tunnel-245bea53-cfbd-4cb5-9815-8a4bc4223a70)...
2025-05-09 10:22:23.853 [info] Creating a socket (renderer-Tunnel-312fc55c-a389-4687-b70f-e4eb6b9f7ffb) was successful after 261 ms.
2025-05-09 10:22:23.859 [info] Creating a socket (renderer-Tunnel-245bea53-cfbd-4cb5-9815-8a4bc4223a70) was successful after 252 ms.
2025-05-09 10:22:23.910 [info] Creating a socket (renderer-Tunnel-cf915e7a-e40c-473f-90bd-27160ebea726) was successful after 309 ms.
2025-05-09 10:22:24.059 [info] Creating a socket (renderer-Tunnel-0c298458-262f-4b73-8aa9-63f48377fa4c)...
2025-05-09 10:22:24.072 [info] Creating a socket (renderer-Tunnel-fe204dd2-30c1-46c3-b816-2eb9a0fc8b7b)...
2025-05-09 10:22:24.296 [info] Creating a socket (renderer-Tunnel-fe204dd2-30c1-46c3-b816-2eb9a0fc8b7b) was successful after 225 ms.
2025-05-09 10:22:24.299 [info] Creating a socket (renderer-Tunnel-0c298458-262f-4b73-8aa9-63f48377fa4c) was successful after 239 ms.
2025-05-09 10:53:36.436 [info] Creating a socket (renderer-Tunnel-78e28cfa-e86a-4fc1-bc4a-be47419360a7)...
2025-05-09 10:53:36.439 [info] Creating a socket (renderer-Tunnel-5d04f0e2-ad2f-438f-b7ed-257c3acb023a)...
2025-05-09 10:53:36.442 [info] Creating a socket (renderer-Tunnel-3cb48a7e-4590-48d3-b4a6-d5f55bb09654)...
2025-05-09 10:53:36.443 [info] Creating a socket (renderer-Tunnel-0a191b1e-1d26-413c-b620-a13f1c962cc6)...
2025-05-09 10:53:36.808 [info] Creating a socket (renderer-Tunnel-0a191b1e-1d26-413c-b620-a13f1c962cc6) was successful after 363 ms.
2025-05-09 10:53:36.815 [info] Creating a socket (renderer-Tunnel-5d04f0e2-ad2f-438f-b7ed-257c3acb023a) was successful after 375 ms.
2025-05-09 10:53:36.819 [info] Creating a socket (renderer-Tunnel-78e28cfa-e86a-4fc1-bc4a-be47419360a7) was successful after 381 ms.
2025-05-09 10:53:36.869 [info] Creating a socket (renderer-Tunnel-3cb48a7e-4590-48d3-b4a6-d5f55bb09654) was successful after 427 ms.
2025-05-09 10:53:36.900 [info] Creating a socket (renderer-Tunnel-a5e83445-cc0d-4d40-9162-394f6a39322f)...
2025-05-09 10:53:36.913 [info] Creating a socket (renderer-Tunnel-31d52fde-387a-40b4-b924-4ca5e995d88e)...
2025-05-09 10:53:37.178 [info] Creating a socket (renderer-Tunnel-a5e83445-cc0d-4d40-9162-394f6a39322f) was successful after 275 ms.
2025-05-09 10:53:37.200 [info] Creating a socket (renderer-Tunnel-31d52fde-387a-40b4-b924-4ca5e995d88e) was successful after 288 ms.
2025-05-09 11:12:56.707 [info] Creating a socket (renderer-Tunnel-fcb7579e-603c-4e4f-a086-9c6a94f445cd)...
2025-05-09 11:12:56.987 [info] Creating a socket (renderer-Tunnel-fcb7579e-603c-4e4f-a086-9c6a94f445cd) was successful after 276 ms.
2025-05-09 11:32:24.940 [info] Creating a socket (renderer-Tunnel-854fe469-e6a3-428a-b023-68fa3a6277eb)...
2025-05-09 11:32:25.162 [info] Creating a socket (renderer-Tunnel-854fe469-e6a3-428a-b023-68fa3a6277eb) was successful after 220 ms.
2025-05-09 11:32:46.650 [info] Creating a socket (renderer-Tunnel-fee04846-29a8-4c13-bc86-c9b48d3d2ccb)...
2025-05-09 11:32:46.865 [info] Creating a socket (renderer-Tunnel-fee04846-29a8-4c13-bc86-c9b48d3d2ccb) was successful after 215 ms.
2025-05-09 11:33:16.176 [info] Creating a socket (renderer-Tunnel-68840dd0-b7e4-4b4b-a858-9bbaa825ca97)...
2025-05-09 11:33:16.414 [info] Creating a socket (renderer-Tunnel-68840dd0-b7e4-4b4b-a858-9bbaa825ca97) was successful after 239 ms.
2025-05-09 11:34:00.605 [info] Creating a socket (renderer-Tunnel-b0a2c924-6f31-41a1-aee4-f4c2a4876c1e)...
2025-05-09 11:34:00.806 [info] Creating a socket (renderer-Tunnel-b0a2c924-6f31-41a1-aee4-f4c2a4876c1e) was successful after 199 ms.
2025-05-09 11:34:02.821 [info] Creating a socket (renderer-Tunnel-b20869b6-8333-463a-9dfd-92b1d01d07b9)...
2025-05-09 11:34:02.844 [info] Creating a socket (renderer-Tunnel-feffe88f-9054-458c-98ae-eec4aa1ee02f)...
2025-05-09 11:34:02.844 [info] Creating a socket (renderer-Tunnel-01c33f7e-2a4e-440d-a84d-607d37943a89)...
2025-05-09 11:34:03.321 [info] Creating a socket (renderer-Tunnel-b20869b6-8333-463a-9dfd-92b1d01d07b9) was successful after 500 ms.
2025-05-09 11:34:03.376 [info] Creating a socket (renderer-Tunnel-2a9e1c4c-79d3-40d7-af9f-1e8b1caa19af)...
2025-05-09 11:34:03.381 [info] Creating a socket (renderer-Tunnel-4d1a7f82-2def-4a0a-94cb-bee9093fbe82)...
2025-05-09 11:34:03.478 [info] Creating a socket (renderer-Tunnel-01c33f7e-2a4e-440d-a84d-607d37943a89) was successful after 642 ms.
2025-05-09 11:34:03.545 [info] Creating a socket (renderer-Tunnel-feffe88f-9054-458c-98ae-eec4aa1ee02f) was successful after 705 ms.
2025-05-09 11:34:03.761 [info] Creating a socket (renderer-Tunnel-4d1a7f82-2def-4a0a-94cb-bee9093fbe82) was successful after 384 ms.
2025-05-09 11:34:03.763 [info] Creating a socket (renderer-Tunnel-2a9e1c4c-79d3-40d7-af9f-1e8b1caa19af) was successful after 389 ms.
2025-05-09 11:39:46.378 [info] Creating a socket (renderer-Tunnel-bf91dbf7-c497-4e56-a9ba-043938e8dd12)...
2025-05-09 11:39:46.391 [info] Creating a socket (renderer-Tunnel-afbe83d3-70cf-484e-8e86-f854e88be053)...
2025-05-09 11:39:46.394 [info] Creating a socket (renderer-Tunnel-40cdfd7f-9f83-4b3a-a05f-90259e9bfa6e)...
2025-05-09 11:39:46.751 [info] Creating a socket (renderer-Tunnel-bf91dbf7-c497-4e56-a9ba-043938e8dd12) was successful after 369 ms.
2025-05-09 11:39:46.781 [info] Creating a socket (renderer-Tunnel-40cdfd7f-9f83-4b3a-a05f-90259e9bfa6e) was successful after 397 ms.
2025-05-09 11:39:46.801 [info] Creating a socket (renderer-Tunnel-afbe83d3-70cf-484e-8e86-f854e88be053) was successful after 417 ms.
2025-05-09 11:39:46.887 [info] Creating a socket (renderer-Tunnel-09177816-bf05-4eb5-bc7c-db9d8f859283)...
2025-05-09 11:39:47.116 [info] Creating a socket (renderer-Tunnel-09177816-bf05-4eb5-bc7c-db9d8f859283) was successful after 230 ms.
2025-05-09 11:45:59.193 [info] Creating a socket (renderer-Tunnel-2f88fb0d-77bc-4d37-b748-4e67c8fd6d20)...
2025-05-09 11:45:59.355 [info] Creating a socket (renderer-Tunnel-2f88fb0d-77bc-4d37-b748-4e67c8fd6d20) was successful after 161 ms.
2025-05-09 11:46:23.850 [info] Creating a socket (renderer-Tunnel-1a071c39-ce64-4c98-a5ae-5436083df5b7)...
2025-05-09 11:46:24.015 [info] Creating a socket (renderer-Tunnel-1a071c39-ce64-4c98-a5ae-5436083df5b7) was successful after 166 ms.
2025-05-09 11:46:25.619 [info] Creating a socket (renderer-Tunnel-19c0a2ea-caf0-4093-804a-5ad1522dabe8)...
2025-05-09 11:46:25.620 [info] Creating a socket (renderer-Tunnel-e7fda060-3446-4ed0-bd85-1cafa7228587)...
2025-05-09 11:46:25.939 [info] Creating a socket (renderer-Tunnel-19c0a2ea-caf0-4093-804a-5ad1522dabe8) was successful after 315 ms.
2025-05-09 11:46:25.995 [info] Creating a socket (renderer-Tunnel-e7fda060-3446-4ed0-bd85-1cafa7228587) was successful after 374 ms.
2025-05-09 11:46:26.094 [info] Creating a socket (renderer-Tunnel-4a20c08c-d59e-47a5-8f94-0015894bf3f5)...
2025-05-09 11:46:26.191 [info] Creating a socket (renderer-Tunnel-da386295-be59-4106-b68c-25b15b5620a8)...
2025-05-09 11:46:26.514 [info] Creating a socket (renderer-Tunnel-4a20c08c-d59e-47a5-8f94-0015894bf3f5) was successful after 419 ms.
2025-05-09 11:46:26.527 [info] Creating a socket (renderer-Tunnel-da386295-be59-4106-b68c-25b15b5620a8) was successful after 339 ms.
2025-05-09 16:10:34.398 [info] Creating a socket (renderer-Tunnel-0eaa1a39-fc5b-452d-a890-b116fb46c7b8)...
2025-05-09 16:10:34.624 [info] Creating a socket (renderer-Tunnel-0eaa1a39-fc5b-452d-a890-b116fb46c7b8) was successful after 226 ms.
