2025-05-08 13:57:13.031 [info] Reading sessions from keychain...
2025-05-08 13:57:13.031 [info] Getting sessions for all scopes...
2025-05-08 13:57:13.031 [info] Getting sessions for all scopes...
2025-05-08 13:57:13.031 [info] Getting sessions for all scopes...
2025-05-08 13:57:13.031 [info] Getting sessions for all scopes...
2025-05-08 13:57:13.031 [info] Getting sessions for all scopes...
2025-05-08 13:57:13.031 [info] Getting sessions for all scopes...
2025-05-08 13:57:13.031 [info] Getting sessions for all scopes...
2025-05-08 13:57:13.220 [info] Got 0 sessions for ...
2025-05-08 13:57:13.226 [info] Got 0 sessions for ...
2025-05-08 13:57:13.226 [info] Got 0 sessions for ...
2025-05-08 13:57:13.226 [info] Got 0 sessions for ...
2025-05-08 13:57:13.226 [info] Got 0 sessions for ...
2025-05-08 13:57:13.226 [info] Got 0 sessions for ...
2025-05-08 13:57:13.226 [info] Got 0 sessions for ...
2025-05-08 13:57:15.695 [info] Getting sessions for all scopes...
2025-05-08 13:57:15.695 [info] Got 0 sessions for ...
2025-05-08 13:57:19.245 [info] Getting sessions for all scopes...
2025-05-08 13:57:19.245 [info] Got 0 sessions for ...
2025-05-08 13:57:19.693 [info] Getting sessions for read:user,repo,user:email...
2025-05-08 13:57:19.694 [info] Got 0 sessions for read:user,repo,user:email...
2025-05-08 13:57:20.284 [info] Getting sessions for all scopes...
2025-05-08 13:57:20.284 [info] Got 0 sessions for ...
2025-05-08 13:57:20.978 [info] Getting sessions for read:user,repo,user:email,workflow...
2025-05-08 13:57:20.978 [info] Got 0 sessions for read:user,repo,user:email,workflow...
2025-05-08 13:57:21.151 [info] Getting sessions for read:user,repo,user:email...
2025-05-08 13:57:21.151 [info] Got 0 sessions for read:user,repo,user:email...
2025-05-08 15:43:02.359 [info] Reading sessions from keychain...
2025-05-08 15:43:02.359 [info] Getting sessions for all scopes...
2025-05-08 15:43:02.359 [info] Getting sessions for all scopes...
2025-05-08 15:43:02.359 [info] Getting sessions for all scopes...
2025-05-08 15:43:02.359 [info] Getting sessions for all scopes...
2025-05-08 15:43:02.359 [info] Getting sessions for all scopes...
2025-05-08 15:43:02.359 [info] Getting sessions for all scopes...
2025-05-08 15:43:02.359 [info] Getting sessions for all scopes...
2025-05-08 15:43:02.359 [info] Got 0 sessions for ...
2025-05-08 15:43:02.359 [info] Got 0 sessions for ...
2025-05-08 15:43:02.359 [info] Got 0 sessions for ...
2025-05-08 15:43:02.359 [info] Got 0 sessions for ...
2025-05-08 15:43:02.359 [info] Got 0 sessions for ...
2025-05-08 15:43:02.359 [info] Got 0 sessions for ...
2025-05-08 15:43:02.359 [info] Got 0 sessions for ...
2025-05-08 15:43:05.943 [info] Getting sessions for all scopes...
2025-05-08 15:43:05.943 [info] Got 0 sessions for ...
2025-05-08 15:43:09.048 [info] Getting sessions for all scopes...
2025-05-08 15:43:09.048 [info] Got 0 sessions for ...
2025-05-08 15:43:10.151 [info] Getting sessions for read:user,repo,user:email...
2025-05-08 15:43:10.151 [info] Got 0 sessions for read:user,repo,user:email...
2025-05-08 15:43:10.274 [info] Getting sessions for all scopes...
2025-05-08 15:43:10.274 [info] Got 0 sessions for ...
2025-05-08 15:43:11.428 [info] Getting sessions for read:user,repo,user:email,workflow...
2025-05-08 15:43:11.429 [info] Got 0 sessions for read:user,repo,user:email,workflow...
2025-05-08 15:43:11.690 [info] Getting sessions for read:user,repo,user:email...
2025-05-08 15:43:11.690 [info] Got 0 sessions for read:user,repo,user:email...
2025-05-08 17:58:49.135 [info] Reading sessions from keychain...
2025-05-08 17:58:49.135 [info] Getting sessions for all scopes...
2025-05-08 17:58:49.135 [info] Getting sessions for all scopes...
2025-05-08 17:58:49.135 [info] Getting sessions for all scopes...
2025-05-08 17:58:49.135 [info] Getting sessions for all scopes...
2025-05-08 17:58:49.135 [info] Getting sessions for all scopes...
2025-05-08 17:58:49.135 [info] Getting sessions for all scopes...
2025-05-08 17:58:49.135 [info] Getting sessions for all scopes...
2025-05-08 17:58:49.135 [info] Got 0 sessions for ...
2025-05-08 17:58:49.135 [info] Got 0 sessions for ...
2025-05-08 17:58:49.135 [info] Got 0 sessions for ...
2025-05-08 17:58:49.135 [info] Got 0 sessions for ...
2025-05-08 17:58:49.135 [info] Got 0 sessions for ...
2025-05-08 17:58:49.135 [info] Got 0 sessions for ...
2025-05-08 17:58:49.135 [info] Got 0 sessions for ...
2025-05-08 17:58:51.255 [info] Getting sessions for all scopes...
2025-05-08 17:58:51.255 [info] Got 0 sessions for ...
2025-05-08 17:58:56.424 [info] Getting sessions for read:user,repo,user:email...
2025-05-08 17:58:56.424 [info] Got 0 sessions for read:user,repo,user:email...
2025-05-08 17:58:56.460 [info] Getting sessions for all scopes...
2025-05-08 17:58:56.460 [info] Got 0 sessions for ...
2025-05-08 17:58:58.065 [info] Getting sessions for read:user,repo,user:email,workflow...
2025-05-08 17:58:58.065 [info] Got 0 sessions for read:user,repo,user:email,workflow...
2025-05-08 17:58:58.202 [info] Getting sessions for all scopes...
2025-05-08 17:58:58.202 [info] Got 0 sessions for ...
2025-05-08 17:58:58.857 [info] Getting sessions for read:user,repo,user:email...
2025-05-08 17:58:58.857 [info] Got 0 sessions for read:user,repo,user:email...
2025-05-08 18:55:09.195 [info] Reading sessions from keychain...
2025-05-08 18:55:09.195 [info] Getting sessions for all scopes...
2025-05-08 18:55:09.195 [info] Got 0 sessions for ...
2025-05-08 18:55:09.195 [info] Getting sessions for all scopes...
2025-05-08 18:55:09.195 [info] Got 0 sessions for ...
2025-05-08 18:55:09.195 [info] Getting sessions for all scopes...
2025-05-08 18:55:09.195 [info] Got 0 sessions for ...
2025-05-08 18:55:13.538 [info] Getting sessions for read:user,repo,user:email...
2025-05-08 18:55:13.538 [info] Got 0 sessions for read:user,repo,user:email...
2025-05-08 18:55:14.413 [info] Getting sessions for read:user,repo,user:email,workflow...
2025-05-08 18:55:14.413 [info] Got 0 sessions for read:user,repo,user:email,workflow...
2025-05-08 18:55:14.706 [info] Getting sessions for read:user,repo,user:email...
2025-05-08 18:55:14.706 [info] Got 0 sessions for read:user,repo,user:email...
2025-05-09 08:38:29.995 [info] Getting sessions for read:user,repo,user:email...
2025-05-09 08:38:29.995 [info] Got 0 sessions for read:user,repo,user:email...
2025-05-09 11:49:28.285 [info] Getting sessions for read:user,repo,user:email...
2025-05-09 11:49:28.285 [info] Got 0 sessions for read:user,repo,user:email...
2025-05-09 11:53:29.009 [info] Getting sessions for read:user,repo,user:email...
2025-05-09 11:53:29.009 [info] Got 0 sessions for read:user,repo,user:email...
