2025-05-23 23:39:27.614 [info] Reading sessions from keychain...
2025-05-23 23:39:27.614 [info] Getting sessions for all scopes...
2025-05-23 23:39:27.614 [info] Getting sessions for all scopes...
2025-05-23 23:39:27.614 [info] Getting sessions for all scopes...
2025-05-23 23:39:27.614 [info] Got 0 sessions for ...
2025-05-23 23:39:27.614 [info] Got 0 sessions for ...
2025-05-23 23:39:27.614 [info] Got 0 sessions for ...
2025-05-23 23:39:27.614 [info] Getting sessions for all scopes...
2025-05-23 23:39:27.614 [info] Got 0 sessions for ...
2025-05-23 23:39:27.614 [info] Getting sessions for all scopes...
2025-05-23 23:39:27.614 [info] Got 0 sessions for ...
2025-05-23 23:39:27.614 [info] Getting sessions for all scopes...
2025-05-23 23:39:27.614 [info] Got 0 sessions for ...
2025-05-23 23:39:27.614 [info] Getting sessions for all scopes...
2025-05-23 23:39:27.614 [info] Got 0 sessions for ...
2025-05-23 23:39:27.614 [info] Getting sessions for all scopes...
2025-05-23 23:39:27.614 [info] Got 0 sessions for ...
2025-05-23 23:39:27.614 [info] Getting sessions for all scopes...
2025-05-23 23:39:27.614 [info] Got 0 sessions for ...
2025-05-23 23:39:27.614 [info] Getting sessions for all scopes...
2025-05-23 23:39:27.614 [info] Got 0 sessions for ...
2025-05-23 23:39:27.614 [info] Getting sessions for all scopes...
2025-05-23 23:39:27.614 [info] Got 0 sessions for ...
2025-05-23 23:39:27.614 [info] Getting sessions for all scopes...
2025-05-23 23:39:27.614 [info] Got 0 sessions for ...
2025-05-23 23:39:27.614 [info] Getting sessions for all scopes...
2025-05-23 23:39:27.614 [info] Got 0 sessions for ...
2025-05-23 23:39:27.614 [info] Getting sessions for all scopes...
2025-05-23 23:39:27.614 [info] Got 0 sessions for ...
2025-05-23 23:39:27.614 [info] Getting sessions for all scopes...
2025-05-23 23:39:27.614 [info] Got 0 sessions for ...
2025-05-23 23:39:27.683 [info] Getting sessions for all scopes...
2025-05-23 23:39:27.683 [info] Got 0 sessions for ...
2025-05-23 23:39:28.507 [info] Getting sessions for read:user,repo,user:email,workflow...
2025-05-23 23:39:28.507 [info] Got 0 sessions for read:user,repo,user:email,workflow...
2025-05-23 23:39:29.410 [info] Getting sessions for all scopes...
2025-05-23 23:39:29.410 [info] Got 0 sessions for ...
2025-05-23 23:39:45.448 [info] Getting sessions for read:user,repo,user:email,workflow...
2025-05-23 23:39:45.448 [info] Got 0 sessions for read:user,repo,user:email,workflow...
