2025-05-23 10:55:48.814 [info] Reading sessions from keychain...
2025-05-23 10:55:48.814 [info] Getting sessions for all scopes...
2025-05-23 10:55:48.814 [info] Getting sessions for all scopes...
2025-05-23 10:55:48.814 [info] Getting sessions for all scopes...
2025-05-23 10:55:48.814 [info] Getting sessions for all scopes...
2025-05-23 10:55:48.814 [info] Getting sessions for all scopes...
2025-05-23 10:55:48.814 [info] Getting sessions for all scopes...
2025-05-23 10:55:48.814 [info] Getting sessions for all scopes...
2025-05-23 10:55:48.814 [info] Got 0 sessions for ...
2025-05-23 10:55:48.814 [info] Got 0 sessions for ...
2025-05-23 10:55:48.814 [info] Got 0 sessions for ...
2025-05-23 10:55:48.814 [info] Got 0 sessions for ...
2025-05-23 10:55:48.814 [info] Got 0 sessions for ...
2025-05-23 10:55:48.814 [info] Got 0 sessions for ...
2025-05-23 10:55:48.814 [info] Got 0 sessions for ...
2025-05-23 10:55:48.836 [info] Getting sessions for all scopes...
2025-05-23 10:55:48.836 [info] Got 0 sessions for ...
2025-05-23 10:55:48.836 [info] Getting sessions for all scopes...
2025-05-23 10:55:48.836 [info] Got 0 sessions for ...
2025-05-23 10:55:48.836 [info] Getting sessions for all scopes...
2025-05-23 10:55:48.837 [info] Got 0 sessions for ...
2025-05-23 10:55:48.837 [info] Getting sessions for all scopes...
2025-05-23 10:55:48.837 [info] Got 0 sessions for ...
2025-05-23 10:55:48.837 [info] Getting sessions for all scopes...
2025-05-23 10:55:48.837 [info] Got 0 sessions for ...
2025-05-23 10:55:48.837 [info] Getting sessions for all scopes...
2025-05-23 10:55:48.837 [info] Got 0 sessions for ...
2025-05-23 10:55:48.905 [info] Getting sessions for all scopes...
2025-05-23 10:55:48.905 [info] Got 0 sessions for ...
2025-05-23 10:55:49.061 [info] Getting sessions for all scopes...
2025-05-23 10:55:49.061 [info] Got 0 sessions for ...
2025-05-23 10:55:49.161 [info] Getting sessions for read:user,repo,user:email,workflow...
2025-05-23 10:55:49.161 [info] Got 0 sessions for read:user,repo,user:email,workflow...
2025-05-23 10:55:50.606 [info] Getting sessions for all scopes...
2025-05-23 10:55:50.606 [info] Got 0 sessions for ...
2025-05-23 10:58:55.290 [info] Reading sessions from keychain...
2025-05-23 10:58:55.290 [info] Getting sessions for all scopes...
2025-05-23 10:58:55.290 [info] Getting sessions for all scopes...
2025-05-23 10:58:55.290 [info] Getting sessions for all scopes...
2025-05-23 10:58:55.290 [info] Getting sessions for all scopes...
2025-05-23 10:58:55.290 [info] Got 0 sessions for ...
2025-05-23 10:58:55.290 [info] Got 0 sessions for ...
2025-05-23 10:58:55.290 [info] Got 0 sessions for ...
2025-05-23 10:58:55.290 [info] Got 0 sessions for ...
2025-05-23 10:58:55.292 [info] Getting sessions for all scopes...
2025-05-23 10:58:55.292 [info] Got 0 sessions for ...
2025-05-23 10:58:55.392 [info] Getting sessions for all scopes...
2025-05-23 10:58:55.392 [info] Got 0 sessions for ...
2025-05-23 10:58:55.392 [info] Getting sessions for all scopes...
2025-05-23 10:58:55.392 [info] Got 0 sessions for ...
2025-05-23 10:58:55.392 [info] Getting sessions for all scopes...
2025-05-23 10:58:55.392 [info] Got 0 sessions for ...
2025-05-23 10:58:55.393 [info] Getting sessions for all scopes...
2025-05-23 10:58:55.393 [info] Got 0 sessions for ...
2025-05-23 10:58:55.393 [info] Getting sessions for all scopes...
2025-05-23 10:58:55.393 [info] Got 0 sessions for ...
2025-05-23 10:58:55.424 [info] Getting sessions for all scopes...
2025-05-23 10:58:55.424 [info] Got 0 sessions for ...
2025-05-23 10:58:55.424 [info] Getting sessions for all scopes...
2025-05-23 10:58:55.424 [info] Got 0 sessions for ...
2025-05-23 10:58:55.424 [info] Getting sessions for all scopes...
2025-05-23 10:58:55.424 [info] Got 0 sessions for ...
2025-05-23 10:58:55.425 [info] Getting sessions for all scopes...
2025-05-23 10:58:55.425 [info] Got 0 sessions for ...
2025-05-23 10:58:55.425 [info] Getting sessions for all scopes...
2025-05-23 10:58:55.425 [info] Got 0 sessions for ...
2025-05-23 10:58:55.834 [info] Getting sessions for read:user,repo,user:email,workflow...
2025-05-23 10:58:55.834 [info] Got 0 sessions for read:user,repo,user:email,workflow...
2025-05-23 13:13:34.973 [info] Reading sessions from keychain...
2025-05-23 13:13:34.973 [info] Getting sessions for all scopes...
2025-05-23 13:13:34.973 [info] Getting sessions for all scopes...
2025-05-23 13:13:34.973 [info] Getting sessions for all scopes...
2025-05-23 13:13:34.973 [info] Getting sessions for all scopes...
2025-05-23 13:13:35.022 [info] Got 0 sessions for ...
2025-05-23 13:13:35.022 [info] Got 0 sessions for ...
2025-05-23 13:13:35.022 [info] Got 0 sessions for ...
2025-05-23 13:13:35.022 [info] Got 0 sessions for ...
2025-05-23 13:13:35.033 [info] Getting sessions for all scopes...
2025-05-23 13:13:35.033 [info] Got 0 sessions for ...
2025-05-23 13:13:35.127 [info] Getting sessions for all scopes...
2025-05-23 13:13:35.127 [info] Got 0 sessions for ...
2025-05-23 13:13:35.127 [info] Getting sessions for all scopes...
2025-05-23 13:13:35.127 [info] Got 0 sessions for ...
2025-05-23 13:13:35.127 [info] Getting sessions for all scopes...
2025-05-23 13:13:35.127 [info] Got 0 sessions for ...
2025-05-23 13:13:35.127 [info] Getting sessions for all scopes...
2025-05-23 13:13:35.127 [info] Got 0 sessions for ...
2025-05-23 13:13:35.127 [info] Getting sessions for all scopes...
2025-05-23 13:13:35.127 [info] Got 0 sessions for ...
2025-05-23 13:13:35.151 [info] Getting sessions for all scopes...
2025-05-23 13:13:35.151 [info] Got 0 sessions for ...
2025-05-23 13:13:35.151 [info] Getting sessions for all scopes...
2025-05-23 13:13:35.151 [info] Got 0 sessions for ...
2025-05-23 13:13:35.151 [info] Getting sessions for all scopes...
2025-05-23 13:13:35.151 [info] Got 0 sessions for ...
2025-05-23 13:13:35.151 [info] Getting sessions for all scopes...
2025-05-23 13:13:35.151 [info] Got 0 sessions for ...
2025-05-23 13:13:35.151 [info] Getting sessions for all scopes...
2025-05-23 13:13:35.151 [info] Got 0 sessions for ...
2025-05-23 13:13:36.588 [info] Getting sessions for read:user,repo,user:email,workflow...
2025-05-23 13:13:36.588 [info] Got 0 sessions for read:user,repo,user:email,workflow...
2025-05-23 13:13:36.619 [info] Getting sessions for all scopes...
2025-05-23 13:13:36.619 [info] Got 0 sessions for ...
