2025-06-02 13:21:03.829 [info] Extension host with pid 140487 started
2025-06-02 13:21:03.931 [info] ExtensionService#_doActivateExtension vscode.github-authentication, startup: false, activationEvent: 'onAuthenticationRequest:github'
2025-06-02 13:21:03.957 [info] ExtensionService#_doActivateExtension Vue.volar, startup: false, activationEvent: 'onLanguage:plaintext'
2025-06-02 13:21:04.011 [info] ExtensionService#_doActivateExtension vscode.emmet, startup: false, activationEvent: 'onLanguage'
2025-06-02 13:21:04.105 [info] ExtensionService#_doActivateExtension vscode.typescript-language-features, startup: false, activationEvent: 'api', root cause: Vue.volar
2025-06-02 13:21:04.412 [info] ExtensionService#_doActivateExtension vscode.git-base, startup: true, activationEvent: '*', root cause: vscode.git
2025-06-02 13:21:04.457 [info] ExtensionService#_doActivateExtension vscode.git, startup: true, activationEvent: '*'
2025-06-02 13:21:04.489 [info] ExtensionService#_doActivateExtension vscode.github, startup: true, activationEvent: '*'
2025-06-02 13:21:04.613 [info] Eager extensions activated
2025-06-02 13:21:04.614 [info] ExtensionService#_doActivateExtension vscode.configuration-editing, startup: false, activationEvent: 'onLanguage:jsonc'
2025-06-02 13:21:04.621 [info] ExtensionService#_doActivateExtension vscode.json-language-features, startup: false, activationEvent: 'onLanguage:jsonc'
2025-06-02 13:21:04.703 [info] ExtensionService#_doActivateExtension vscode.debug-auto-launch, startup: false, activationEvent: 'onStartupFinished'
2025-06-02 13:21:04.707 [info] ExtensionService#_doActivateExtension vscode.merge-conflict, startup: false, activationEvent: 'onStartupFinished'
2025-06-02 13:21:04.726 [info] ExtensionService#_doActivateExtension Catppuccin.catppuccin-vsc, startup: false, activationEvent: 'onStartupFinished'
2025-06-02 13:21:04.731 [info] ExtensionService#_doActivateExtension Catppuccin.catppuccin-vsc-icons, startup: false, activationEvent: 'onStartupFinished'
2025-06-02 13:21:04.815 [info] ExtensionService#_doActivateExtension esbenp.prettier-vscode, startup: false, activationEvent: 'onStartupFinished'
2025-06-02 13:21:04.898 [info] ExtensionService#_doActivateExtension ms-vscode-remote.remote-containers, startup: false, activationEvent: 'onStartupFinished'
2025-06-02 13:21:05.092 [info] ExtensionService#_doActivateExtension vscode-icons-team.vscode-icons, startup: false, activationEvent: 'onStartupFinished'
2025-06-02 13:21:05.131 [info] ExtensionService#_doActivateExtension vscodevim.vim, startup: false, activationEvent: 'onStartupFinished'
2025-06-02 13:21:05.538 [info] Extension host terminating: renderer closed the MessagePort
2025-06-02 13:21:05.574 [error] ProxyResolver#resolveProxy DIRECT Canceled: Canceled
	at new XN (file:///opt/visual-studio-code/resources/app/out/vs/workbench/api/node/extensionHostProcess.js:29:111538)
	at f5.U (file:///opt/visual-studio-code/resources/app/out/vs/workbench/api/node/extensionHostProcess.js:29:116148)
	at s.<computed>.n.charCodeAt.s.<computed> (file:///opt/visual-studio-code/resources/app/out/vs/workbench/api/node/extensionHostProcess.js:29:113642)
	at Ib.resolveProxy (file:///opt/visual-studio-code/resources/app/out/vs/workbench/api/node/extensionHostProcess.js:116:70063)
	at Object.resolveProxy (file:///opt/visual-studio-code/resources/app/out/vs/workbench/api/node/extensionHostProcess.js:172:18350)
	at useProxySettings (/opt/visual-studio-code/resources/app/node_modules/@vscode/proxy-agent/out/index.js:182:16)
	at /opt/visual-studio-code/resources/app/node_modules/@vscode/proxy-agent/out/index.js:119:13
	at /opt/visual-studio-code/resources/app/node_modules/@vscode/proxy-agent/out/index.js:707:13
	at process.processTicksAndRejections (node:internal/process/task_queues:95:5) 
2025-06-02 13:21:05.574 [error] ProxyResolver#resolveProxy DIRECT Canceled: Canceled
	at new XN (file:///opt/visual-studio-code/resources/app/out/vs/workbench/api/node/extensionHostProcess.js:29:111538)
	at f5.U (file:///opt/visual-studio-code/resources/app/out/vs/workbench/api/node/extensionHostProcess.js:29:116148)
	at s.<computed>.n.charCodeAt.s.<computed> (file:///opt/visual-studio-code/resources/app/out/vs/workbench/api/node/extensionHostProcess.js:29:113642)
	at Ib.resolveProxy (file:///opt/visual-studio-code/resources/app/out/vs/workbench/api/node/extensionHostProcess.js:116:70063)
	at Object.resolveProxy (file:///opt/visual-studio-code/resources/app/out/vs/workbench/api/node/extensionHostProcess.js:172:18350)
	at useProxySettings (/opt/visual-studio-code/resources/app/node_modules/@vscode/proxy-agent/out/index.js:182:16)
	at /opt/visual-studio-code/resources/app/node_modules/@vscode/proxy-agent/out/index.js:119:13
	at /opt/visual-studio-code/resources/app/node_modules/@vscode/proxy-agent/out/index.js:707:13
	at process.processTicksAndRejections (node:internal/process/task_queues:95:5) 
2025-06-02 13:21:05.601 [error] Error: Channel has been closed
	at s (file:///opt/visual-studio-code/resources/app/out/vs/workbench/api/node/extensionHostProcess.js:125:2431)
	at Object.appendLine (file:///opt/visual-studio-code/resources/app/out/vs/workbench/api/node/extensionHostProcess.js:125:2570)
	at R.logOutputMessage (/opt/visual-studio-code/resources/app/extensions/json-language-features/client/dist/node/jsonClientMain.js:2:290791)
	at R.info (/opt/visual-studio-code/resources/app/extensions/json-language-features/client/dist/node/jsonClientMain.js:2:290524)
	at ChildProcess.<anonymous> (/opt/visual-studio-code/resources/app/extensions/json-language-features/client/dist/node/jsonClientMain.js:2:514797)
	at ChildProcess.emit (node:events:524:28)
	at ChildProcess._handle.onexit (node:internal/child_process:293:12)
2025-06-02 13:21:05.601 [info] Extension host with pid 140487 exiting with code 0
