2025-05-30 17:14:56.611 [info] [main] Log level: Info
2025-05-30 17:14:56.611 [info] [main] Validating found git in: "git"
2025-05-30 17:14:56.611 [info] [main] Using git "2.49.0" from "git"
2025-05-30 17:14:56.611 [info] [Model][doInitialScan] Initial repository scan started
2025-05-30 17:14:56.611 [info] > git rev-parse --show-toplevel [2ms]
2025-05-30 17:14:56.611 [info] > git rev-parse --git-dir --git-common-dir [1ms]
2025-05-30 17:14:56.611 [info] [Model][openRepository] Opened repository (path): /home/hiansdt/projects/c3labs/vita/enchiridion-backend
2025-05-30 17:14:56.611 [info] [Model][openRepository] Opened repository (real path): /home/hiansdt/projects/c3labs/vita/enchiridion-backend
2025-05-30 17:14:56.611 [info] > git config --get commit.template [108ms]
2025-05-30 17:14:56.865 [info] > git rev-parse --show-toplevel [19ms]
2025-05-30 17:14:56.865 [info] > git for-each-ref --format=%(refname)%00%(upstream:short)%00%(objectname)%00%(upstream:track)%00%(upstream:remotename)%00%(upstream:remoteref) refs/heads/main refs/remotes/main [23ms]
2025-05-30 17:14:56.943 [info] > git rev-parse --show-toplevel [56ms]
2025-05-30 17:14:56.996 [info] > git status -z -uall [15ms]
2025-05-30 17:14:56.996 [info] > git rev-parse --show-toplevel [23ms]
2025-05-30 17:14:57.003 [info] > git for-each-ref --sort -committerdate --format %(refname)%00%(objectname)%00%(*objectname) [15ms]
2025-05-30 17:14:57.020 [info] > git for-each-ref --format=%(refname)%00%(upstream:short)%00%(objectname)%00%(upstream:track)%00%(upstream:remotename)%00%(upstream:remoteref) refs/heads/main refs/remotes/main [7ms]
2025-05-30 17:14:57.025 [info] > git rev-parse --show-toplevel [22ms]
2025-05-30 17:14:57.036 [info] > git config --get --local branch.main.vscode-merge-base [11ms]
2025-05-30 17:14:57.036 [warning] [Git][config] git config failed: Failed to execute git
2025-05-30 17:14:57.040 [info] > git config --get commit.template [21ms]
2025-05-30 17:14:57.041 [info] > git rev-parse --show-toplevel [9ms]
2025-05-30 17:14:57.053 [info] > git reflog main --grep-reflog=branch: Created from *. [13ms]
2025-05-30 17:14:57.062 [info] > git rev-parse --show-toplevel [9ms]
2025-05-30 17:14:57.063 [info] > git for-each-ref --format=%(refname)%00%(upstream:short)%00%(objectname)%00%(upstream:track)%00%(upstream:remotename)%00%(upstream:remoteref) refs/heads/main refs/remotes/main [15ms]
2025-05-30 17:14:57.068 [info] > git for-each-ref --format=%(refname)%00%(upstream:short)%00%(objectname)%00%(upstream:track)%00%(upstream:remotename)%00%(upstream:remoteref) refs/remotes/origin/main [10ms]
2025-05-30 17:14:57.073 [info] > git rev-parse --show-toplevel [6ms]
2025-05-30 17:14:57.075 [info] [Model][doInitialScan] Initial repository scan completed - repositories (1), closed repositories (0), parent repositories (0), unsafe repositories (0)
2025-05-30 17:14:57.075 [info] > git config --add --local branch.main.vscode-merge-base origin/main [2ms]
2025-05-30 17:14:57.093 [info] > git for-each-ref --format=%(refname)%00%(upstream:short)%00%(objectname)%00%(upstream:track)%00%(upstream:remotename)%00%(upstream:remoteref) refs/heads/main refs/remotes/main [12ms]
2025-05-30 17:14:57.099 [info] > git config --get commit.template [14ms]
2025-05-30 17:14:57.104 [info] > git config --get --local branch.main.vscode-merge-base [7ms]
2025-05-30 17:14:57.110 [info] > git for-each-ref --format=%(refname)%00%(upstream:short)%00%(objectname)%00%(upstream:track)%00%(upstream:remotename)%00%(upstream:remoteref) refs/heads/origin/main refs/remotes/origin/main [2ms]
2025-05-30 17:14:57.116 [info] > git for-each-ref --format=%(refname)%00%(upstream:short)%00%(objectname)%00%(upstream:track)%00%(upstream:remotename)%00%(upstream:remoteref) refs/heads/main refs/remotes/main [12ms]
2025-05-30 17:14:57.121 [info] > git merge-base refs/heads/main refs/remotes/origin/main [6ms]
2025-05-30 17:14:57.126 [info] > git check-ignore -v -z --stdin [6ms]
2025-05-30 17:14:57.127 [info] > git diff --name-status -z --diff-filter=ADMR 583f6e147b74c4388d01faab0f81abad13f5b1c8...refs/remotes/origin/main [2ms]
2025-05-30 17:14:57.137 [info] > git status -z -uall [5ms]
2025-05-30 17:14:57.138 [info] > git for-each-ref --sort -committerdate --format %(refname)%00%(objectname)%00%(*objectname) [2ms]
