2025-05-23 10:55:48.102 [info] Started local extension host with pid 2417.
2025-05-23 10:55:48.446 [info] ComputeTargetPlatform: linux-x64
2025-05-23 10:55:49.000 [info] Settings Sync: Account status changed from uninitialized to unavailable
2025-05-23 10:55:50.692 [info] [perf] Render performance baseline is 18ms
2025-05-23 10:56:27.705 [warning] [backup tracker] suspended, ignoring unregister event file:///home/hiansdt/projects/c3labs/vita/enchiridion-backend/.devcontainer/devcontainer.json 
2025-05-23 10:56:28.091 [info] Started local extension host with pid 3888.
2025-05-23 10:56:28.113 [info] ComputeTargetPlatform: linux-x64
2025-05-23 10:56:28.257 [info] ChatSessionStore: Migrating 0 chat sessions from storage service to file system
2025-05-23 10:56:28.613 [info] Invoking resolveAuthority(dev-container)...
2025-05-23 10:56:28.613 [info] [LocalProcess0][resolveAuthority(dev-container,1)][0ms] obtaining proxy...
2025-05-23 10:56:28.613 [info] [LocalProcess0][resolveAuthority(dev-container,1)][0ms] invoking...
2025-05-23 10:56:29.614 [info] [LocalProcess0][resolveAuthority(dev-container,1)][1000ms] waiting...
2025-05-23 10:56:30.616 [info] [LocalProcess0][resolveAuthority(dev-container,1)][2003ms] waiting...
2025-05-23 10:56:31.614 [info] [LocalProcess0][resolveAuthority(dev-container,1)][3000ms] waiting...
2025-05-23 10:56:32.614 [info] [LocalProcess0][resolveAuthority(dev-container,1)][4000ms] waiting...
2025-05-23 10:56:33.614 [info] [LocalProcess0][resolveAuthority(dev-container,1)][5000ms] waiting...
2025-05-23 10:56:34.614 [info] [LocalProcess0][resolveAuthority(dev-container,1)][6000ms] waiting...
2025-05-23 10:56:35.614 [info] [LocalProcess0][resolveAuthority(dev-container,1)][7000ms] waiting...
2025-05-23 10:56:36.614 [info] [LocalProcess0][resolveAuthority(dev-container,1)][8000ms] waiting...
2025-05-23 10:56:37.614 [info] [LocalProcess0][resolveAuthority(dev-container,1)][9000ms] waiting...
2025-05-23 10:56:38.614 [info] [LocalProcess0][resolveAuthority(dev-container,1)][10000ms] waiting...
2025-05-23 10:56:39.614 [info] [LocalProcess0][resolveAuthority(dev-container,1)][11000ms] waiting...
2025-05-23 10:56:40.614 [info] [LocalProcess0][resolveAuthority(dev-container,1)][12000ms] waiting...
2025-05-23 10:56:41.614 [info] [LocalProcess0][resolveAuthority(dev-container,1)][13000ms] waiting...
2025-05-23 10:56:42.614 [info] [LocalProcess0][resolveAuthority(dev-container,1)][14000ms] waiting...
2025-05-23 10:56:43.614 [info] [LocalProcess0][resolveAuthority(dev-container,1)][15000ms] waiting...
2025-05-23 10:56:44.614 [info] [LocalProcess0][resolveAuthority(dev-container,1)][16000ms] waiting...
2025-05-23 10:56:45.613 [info] [LocalProcess0][resolveAuthority(dev-container,1)][17000ms] waiting...
2025-05-23 10:56:46.614 [info] [LocalProcess0][resolveAuthority(dev-container,1)][18000ms] waiting...
2025-05-23 10:56:47.614 [info] [LocalProcess0][resolveAuthority(dev-container,1)][19000ms] waiting...
2025-05-23 10:56:48.614 [info] [LocalProcess0][resolveAuthority(dev-container,1)][20000ms] waiting...
2025-05-23 10:56:49.613 [info] [LocalProcess0][resolveAuthority(dev-container,1)][21000ms] waiting...
2025-05-23 10:56:50.613 [info] [LocalProcess0][resolveAuthority(dev-container,1)][22000ms] waiting...
2025-05-23 10:56:51.613 [info] [LocalProcess0][resolveAuthority(dev-container,1)][23000ms] waiting...
2025-05-23 10:56:52.614 [info] [LocalProcess0][resolveAuthority(dev-container,1)][24000ms] waiting...
2025-05-23 10:56:53.613 [info] [LocalProcess0][resolveAuthority(dev-container,1)][25000ms] waiting...
2025-05-23 10:56:54.614 [info] [LocalProcess0][resolveAuthority(dev-container,1)][26000ms] waiting...
2025-05-23 10:56:55.614 [info] [LocalProcess0][resolveAuthority(dev-container,1)][27000ms] waiting...
2025-05-23 10:56:56.613 [info] [LocalProcess0][resolveAuthority(dev-container,1)][28000ms] waiting...
2025-05-23 10:56:57.614 [info] [LocalProcess0][resolveAuthority(dev-container,1)][29000ms] waiting...
2025-05-23 10:56:58.614 [info] [LocalProcess0][resolveAuthority(dev-container,1)][30000ms] waiting...
2025-05-23 10:56:59.614 [info] [LocalProcess0][resolveAuthority(dev-container,1)][31000ms] waiting...
2025-05-23 10:57:00.614 [info] [LocalProcess0][resolveAuthority(dev-container,1)][32000ms] waiting...
2025-05-23 10:57:01.614 [info] [LocalProcess0][resolveAuthority(dev-container,1)][33000ms] waiting...
2025-05-23 10:57:02.613 [info] [LocalProcess0][resolveAuthority(dev-container,1)][34000ms] waiting...
2025-05-23 10:57:03.614 [info] [LocalProcess0][resolveAuthority(dev-container,1)][35000ms] waiting...
2025-05-23 10:57:04.614 [info] [LocalProcess0][resolveAuthority(dev-container,1)][36000ms] waiting...
2025-05-23 10:57:05.613 [info] [LocalProcess0][resolveAuthority(dev-container,1)][37000ms] waiting...
2025-05-23 10:57:06.614 [info] [LocalProcess0][resolveAuthority(dev-container,1)][38000ms] waiting...
2025-05-23 10:57:07.614 [info] [LocalProcess0][resolveAuthority(dev-container,1)][39000ms] waiting...
2025-05-23 10:57:08.614 [info] [LocalProcess0][resolveAuthority(dev-container,1)][40000ms] waiting...
2025-05-23 10:57:09.614 [info] [LocalProcess0][resolveAuthority(dev-container,1)][41000ms] waiting...
2025-05-23 10:57:10.614 [info] [LocalProcess0][resolveAuthority(dev-container,1)][42000ms] waiting...
2025-05-23 10:57:11.614 [info] [LocalProcess0][resolveAuthority(dev-container,1)][43000ms] waiting...
2025-05-23 10:57:12.614 [info] [LocalProcess0][resolveAuthority(dev-container,1)][44000ms] waiting...
2025-05-23 10:57:13.614 [info] [LocalProcess0][resolveAuthority(dev-container,1)][45000ms] waiting...
2025-05-23 10:57:14.614 [info] [LocalProcess0][resolveAuthority(dev-container,1)][46000ms] waiting...
2025-05-23 10:57:15.614 [info] [LocalProcess0][resolveAuthority(dev-container,1)][47000ms] waiting...
2025-05-23 10:57:16.614 [info] [LocalProcess0][resolveAuthority(dev-container,1)][48000ms] waiting...
2025-05-23 10:57:17.614 [info] [LocalProcess0][resolveAuthority(dev-container,1)][49000ms] waiting...
2025-05-23 10:57:18.614 [info] [LocalProcess0][resolveAuthority(dev-container,1)][50000ms] waiting...
2025-05-23 10:57:19.614 [info] [LocalProcess0][resolveAuthority(dev-container,1)][51000ms] waiting...
2025-05-23 10:57:20.614 [info] [LocalProcess0][resolveAuthority(dev-container,1)][52000ms] waiting...
2025-05-23 10:57:21.614 [info] [LocalProcess0][resolveAuthority(dev-container,1)][53000ms] waiting...
2025-05-23 10:57:22.613 [info] [LocalProcess0][resolveAuthority(dev-container,1)][54000ms] waiting...
2025-05-23 10:57:23.614 [info] [LocalProcess0][resolveAuthority(dev-container,1)][55000ms] waiting...
2025-05-23 10:57:24.614 [info] [LocalProcess0][resolveAuthority(dev-container,1)][56000ms] waiting...
2025-05-23 10:57:25.614 [info] [LocalProcess0][resolveAuthority(dev-container,1)][57000ms] waiting...
2025-05-23 10:57:26.614 [info] [LocalProcess0][resolveAuthority(dev-container,1)][58000ms] waiting...
2025-05-23 10:57:27.614 [info] [LocalProcess0][resolveAuthority(dev-container,1)][59000ms] waiting...
2025-05-23 10:57:28.614 [info] [LocalProcess0][resolveAuthority(dev-container,1)][60000ms] waiting...
2025-05-23 10:57:29.614 [info] [LocalProcess0][resolveAuthority(dev-container,1)][61000ms] waiting...
2025-05-23 10:57:30.614 [info] [LocalProcess0][resolveAuthority(dev-container,1)][62000ms] waiting...
2025-05-23 10:57:31.614 [info] [LocalProcess0][resolveAuthority(dev-container,1)][63000ms] waiting...
2025-05-23 10:57:32.614 [info] [LocalProcess0][resolveAuthority(dev-container,1)][64000ms] waiting...
2025-05-23 10:57:33.614 [info] [LocalProcess0][resolveAuthority(dev-container,1)][65000ms] waiting...
2025-05-23 10:57:34.614 [info] [LocalProcess0][resolveAuthority(dev-container,1)][66000ms] waiting...
2025-05-23 10:57:35.614 [info] [LocalProcess0][resolveAuthority(dev-container,1)][67000ms] waiting...
2025-05-23 10:57:36.613 [info] [LocalProcess0][resolveAuthority(dev-container,1)][68000ms] waiting...
2025-05-23 10:57:37.614 [info] [LocalProcess0][resolveAuthority(dev-container,1)][69000ms] waiting...
2025-05-23 10:57:38.614 [info] [LocalProcess0][resolveAuthority(dev-container,1)][70000ms] waiting...
2025-05-23 10:57:39.614 [info] [LocalProcess0][resolveAuthority(dev-container,1)][71000ms] waiting...
2025-05-23 10:57:40.614 [info] [LocalProcess0][resolveAuthority(dev-container,1)][72000ms] waiting...
2025-05-23 10:57:41.613 [info] [LocalProcess0][resolveAuthority(dev-container,1)][73000ms] waiting...
2025-05-23 10:57:42.614 [info] [LocalProcess0][resolveAuthority(dev-container,1)][74000ms] waiting...
2025-05-23 10:57:43.614 [info] [LocalProcess0][resolveAuthority(dev-container,1)][75000ms] waiting...
2025-05-23 10:57:44.614 [info] [LocalProcess0][resolveAuthority(dev-container,1)][76000ms] waiting...
2025-05-23 10:57:45.614 [info] [LocalProcess0][resolveAuthority(dev-container,1)][77000ms] waiting...
2025-05-23 10:57:46.614 [info] [LocalProcess0][resolveAuthority(dev-container,1)][78000ms] waiting...
2025-05-23 10:57:47.613 [info] [LocalProcess0][resolveAuthority(dev-container,1)][79000ms] waiting...
2025-05-23 10:57:48.613 [info] [LocalProcess0][resolveAuthority(dev-container,1)][80000ms] waiting...
2025-05-23 10:57:49.614 [info] [LocalProcess0][resolveAuthority(dev-container,1)][81000ms] waiting...
2025-05-23 10:57:50.614 [info] [LocalProcess0][resolveAuthority(dev-container,1)][82000ms] waiting...
2025-05-23 10:57:51.613 [info] [LocalProcess0][resolveAuthority(dev-container,1)][83000ms] waiting...
2025-05-23 10:57:52.614 [info] [LocalProcess0][resolveAuthority(dev-container,1)][84000ms] waiting...
2025-05-23 10:57:53.614 [info] [LocalProcess0][resolveAuthority(dev-container,1)][85000ms] waiting...
2025-05-23 10:57:54.614 [info] [LocalProcess0][resolveAuthority(dev-container,1)][86000ms] waiting...
2025-05-23 10:57:55.614 [info] [LocalProcess0][resolveAuthority(dev-container,1)][87000ms] waiting...
2025-05-23 10:57:56.613 [info] [LocalProcess0][resolveAuthority(dev-container,1)][88000ms] waiting...
2025-05-23 10:57:57.613 [info] [LocalProcess0][resolveAuthority(dev-container,1)][89000ms] waiting...
2025-05-23 10:57:58.614 [info] [LocalProcess0][resolveAuthority(dev-container,1)][90000ms] waiting...
2025-05-23 10:57:59.614 [info] [LocalProcess0][resolveAuthority(dev-container,1)][91000ms] waiting...
2025-05-23 10:58:00.614 [info] [LocalProcess0][resolveAuthority(dev-container,1)][92000ms] waiting...
2025-05-23 10:58:01.614 [info] [LocalProcess0][resolveAuthority(dev-container,1)][93000ms] waiting...
2025-05-23 10:58:02.614 [info] [LocalProcess0][resolveAuthority(dev-container,1)][94000ms] waiting...
2025-05-23 10:58:03.614 [info] [LocalProcess0][resolveAuthority(dev-container,1)][95000ms] waiting...
2025-05-23 10:58:04.614 [info] [LocalProcess0][resolveAuthority(dev-container,1)][96000ms] waiting...
2025-05-23 10:58:05.613 [info] [LocalProcess0][resolveAuthority(dev-container,1)][97000ms] waiting...
2025-05-23 10:58:06.614 [info] [LocalProcess0][resolveAuthority(dev-container,1)][98000ms] waiting...
2025-05-23 10:58:07.614 [info] [LocalProcess0][resolveAuthority(dev-container,1)][99000ms] waiting...
2025-05-23 10:58:08.614 [info] [LocalProcess0][resolveAuthority(dev-container,1)][100000ms] waiting...
2025-05-23 10:58:09.614 [info] [LocalProcess0][resolveAuthority(dev-container,1)][101000ms] waiting...
2025-05-23 10:58:10.614 [info] [LocalProcess0][resolveAuthority(dev-container,1)][102000ms] waiting...
2025-05-23 10:58:11.614 [info] [LocalProcess0][resolveAuthority(dev-container,1)][103000ms] waiting...
2025-05-23 10:58:12.614 [info] [LocalProcess0][resolveAuthority(dev-container,1)][104000ms] waiting...
2025-05-23 10:58:13.613 [info] [LocalProcess0][resolveAuthority(dev-container,1)][105000ms] waiting...
2025-05-23 10:58:14.614 [info] [LocalProcess0][resolveAuthority(dev-container,1)][106000ms] waiting...
2025-05-23 10:58:15.614 [info] [LocalProcess0][resolveAuthority(dev-container,1)][107000ms] waiting...
2025-05-23 10:58:16.614 [info] [LocalProcess0][resolveAuthority(dev-container,1)][108000ms] waiting...
2025-05-23 10:58:17.614 [info] [LocalProcess0][resolveAuthority(dev-container,1)][109000ms] waiting...
2025-05-23 10:58:18.614 [info] [LocalProcess0][resolveAuthority(dev-container,1)][110000ms] waiting...
2025-05-23 10:58:19.614 [info] [LocalProcess0][resolveAuthority(dev-container,1)][111000ms] waiting...
2025-05-23 10:58:20.614 [info] [LocalProcess0][resolveAuthority(dev-container,1)][112000ms] waiting...
2025-05-23 10:58:21.614 [info] [LocalProcess0][resolveAuthority(dev-container,1)][113000ms] waiting...
2025-05-23 10:58:22.614 [info] [LocalProcess0][resolveAuthority(dev-container,1)][114000ms] waiting...
2025-05-23 10:58:23.614 [info] [LocalProcess0][resolveAuthority(dev-container,1)][115000ms] waiting...
2025-05-23 10:58:24.614 [info] [LocalProcess0][resolveAuthority(dev-container,1)][116000ms] waiting...
2025-05-23 10:58:25.614 [info] [LocalProcess0][resolveAuthority(dev-container,1)][117000ms] waiting...
2025-05-23 10:58:26.614 [info] [LocalProcess0][resolveAuthority(dev-container,1)][118000ms] waiting...
2025-05-23 10:58:27.614 [info] [LocalProcess0][resolveAuthority(dev-container,1)][119000ms] waiting...
2025-05-23 10:58:28.614 [info] [LocalProcess0][resolveAuthority(dev-container,1)][120000ms] waiting...
2025-05-23 10:58:29.614 [info] [LocalProcess0][resolveAuthority(dev-container,1)][121000ms] waiting...
2025-05-23 10:58:30.614 [info] [LocalProcess0][resolveAuthority(dev-container,1)][122000ms] waiting...
2025-05-23 10:58:31.613 [info] [LocalProcess0][resolveAuthority(dev-container,1)][123000ms] waiting...
2025-05-23 10:58:32.614 [info] [LocalProcess0][resolveAuthority(dev-container,1)][124000ms] waiting...
2025-05-23 10:58:33.614 [info] [LocalProcess0][resolveAuthority(dev-container,1)][125000ms] waiting...
2025-05-23 10:58:34.614 [info] [LocalProcess0][resolveAuthority(dev-container,1)][126000ms] waiting...
2025-05-23 10:58:35.614 [info] [LocalProcess0][resolveAuthority(dev-container,1)][127000ms] waiting...
2025-05-23 10:58:36.614 [info] [LocalProcess0][resolveAuthority(dev-container,1)][128000ms] waiting...
2025-05-23 10:58:37.614 [info] [LocalProcess0][resolveAuthority(dev-container,1)][129000ms] waiting...
2025-05-23 10:58:38.614 [info] [LocalProcess0][resolveAuthority(dev-container,1)][130000ms] waiting...
2025-05-23 10:58:39.614 [info] [LocalProcess0][resolveAuthority(dev-container,1)][131000ms] waiting...
2025-05-23 10:58:40.614 [info] [LocalProcess0][resolveAuthority(dev-container,1)][132000ms] waiting...
2025-05-23 10:58:41.614 [info] [LocalProcess0][resolveAuthority(dev-container,1)][133000ms] waiting...
2025-05-23 10:58:42.614 [info] [LocalProcess0][resolveAuthority(dev-container,1)][134000ms] waiting...
2025-05-23 10:58:43.614 [info] [LocalProcess0][resolveAuthority(dev-container,1)][135000ms] waiting...
2025-05-23 10:58:44.614 [info] [LocalProcess0][resolveAuthority(dev-container,1)][136000ms] waiting...
2025-05-23 10:58:45.614 [info] [LocalProcess0][resolveAuthority(dev-container,1)][137000ms] waiting...
2025-05-23 10:58:46.614 [info] [LocalProcess0][resolveAuthority(dev-container,1)][138000ms] waiting...
2025-05-23 10:58:47.614 [info] [LocalProcess0][resolveAuthority(dev-container,1)][139000ms] waiting...
2025-05-23 10:58:48.614 [info] [LocalProcess0][resolveAuthority(dev-container,1)][140000ms] waiting...
2025-05-23 10:58:49.614 [info] [LocalProcess0][resolveAuthority(dev-container,1)][141000ms] waiting...
2025-05-23 10:58:50.614 [info] [LocalProcess0][resolveAuthority(dev-container,1)][142000ms] waiting...
2025-05-23 10:58:51.614 [info] [LocalProcess0][resolveAuthority(dev-container,1)][143000ms] waiting...
2025-05-23 10:58:52.613 [info] [LocalProcess0][resolveAuthority(dev-container,1)][144000ms] waiting...
2025-05-23 10:58:53.614 [info] [LocalProcess0][resolveAuthority(dev-container,1)][145000ms] waiting...
2025-05-23 10:58:54.616 [info] [LocalProcess0][resolveAuthority(dev-container,1)][146002ms] waiting...
2025-05-23 10:58:54.647 [info] [LocalProcess0][resolveAuthority(dev-container,1)][146034ms] returned WebSocket(127.0.0.1:41365)
2025-05-23 10:58:54.648 [info] resolveAuthority(dev-container) returned 'WebSocket(127.0.0.1:41365)' after 146035 ms
2025-05-23 10:58:54.649 [info] Creating a socket (renderer-Management-69f9787f-3c5d-441e-8adb-60aa71f782a5)...
2025-05-23 10:58:54.651 [info] Creating a socket (renderer-ExtensionHost-cb24fbe5-f61f-48bd-9260-6d6e321eac91)...
2025-05-23 10:58:54.730 [info] Creating a socket (renderer-Management-69f9787f-3c5d-441e-8adb-60aa71f782a5) was successful after 81 ms.
2025-05-23 10:58:54.849 [info] Creating a socket (renderer-ExtensionHost-cb24fbe5-f61f-48bd-9260-6d6e321eac91) was successful after 198 ms.
2025-05-23 10:58:55.117 [info] Ignoring configured affinity for 'asvetliakov.vscode-neovim' because extension host(s) are already running. Reload window.
2025-05-23 10:58:55.178 [info] Settings Sync: Account status changed from uninitialized to unavailable
2025-05-23 10:58:55.636 [info] [perf] Render performance baseline is 14ms
2025-05-23 10:59:01.697 [info] Ignoring configured affinity for 'asvetliakov.vscode-neovim' because extension host(s) are already running. Reload window.
2025-05-23 13:00:41.211 [info] Ignoring configured affinity for 'asvetliakov.vscode-neovim' because extension host(s) are already running. Reload window.
2025-05-23 13:01:47.512 [info] Ignoring configured affinity for 'asvetliakov.vscode-neovim' because extension host(s) are already running. Reload window.
2025-05-23 13:02:22.180 [info] Ignoring configured affinity for 'asvetliakov.vscode-neovim' because extension host(s) are already running. Reload window.
2025-05-23 13:05:53.568 [info] Ignoring configured affinity for 'asvetliakov.vscode-neovim' because extension host(s) are already running. Reload window.
2025-05-23 13:10:55.230 [info] Ignoring configured affinity for 'asvetliakov.vscode-neovim' because extension host(s) are already running. Reload window.
2025-05-23 13:13:31.865 [info] Started local extension host with pid 145329.
2025-05-23 13:13:32.010 [info] ComputeTargetPlatform: linux-x64
2025-05-23 13:13:32.346 [info] Invoking resolveAuthority(dev-container)...
2025-05-23 13:13:32.346 [info] [LocalProcess0][resolveAuthority(dev-container,1)][0ms] obtaining proxy...
2025-05-23 13:13:32.346 [info] [LocalProcess0][resolveAuthority(dev-container,1)][0ms] invoking...
2025-05-23 13:13:33.346 [info] [LocalProcess0][resolveAuthority(dev-container,1)][1001ms] waiting...
2025-05-23 13:13:34.107 [info] [LocalProcess0][resolveAuthority(dev-container,1)][1761ms] returned WebSocket(127.0.0.1:41365)
2025-05-23 13:13:34.107 [info] resolveAuthority(dev-container) returned 'WebSocket(127.0.0.1:41365)' after 1762 ms
2025-05-23 13:13:34.107 [info] Creating a socket (renderer-Management-ee604ce5-1f0f-427a-ace0-3f9ed359a24b)...
2025-05-23 13:13:34.108 [info] Creating a socket (renderer-ExtensionHost-f8eac290-a4e5-4762-990f-b06a662f963c)...
2025-05-23 13:13:34.191 [info] Creating a socket (renderer-Management-ee604ce5-1f0f-427a-ace0-3f9ed359a24b) was successful after 84 ms.
2025-05-23 13:13:34.272 [info] Creating a socket (renderer-ExtensionHost-f8eac290-a4e5-4762-990f-b06a662f963c) was successful after 164 ms.
2025-05-23 13:13:34.817 [info] Settings Sync: Account status changed from uninitialized to unavailable
2025-05-23 13:13:36.641 [info] [perf] Render performance baseline is 21ms
2025-05-23 14:07:08.071 [info] [remote-connection][ExtensionHost][f8eac…][reconnect] received socket close event (wasClean: false, code: 1006, reason: ).
2025-05-23 14:07:08.072 [error] {"isTrusted":true}
2025-05-23 14:07:08.073 [info] [remote-connection][ExtensionHost][f8eac…][reconnect] starting reconnecting loop. You can get more information with the trace log level.
2025-05-23 14:07:08.074 [info] [remote-connection][ExtensionHost][f8eac…][reconnect] resolving connection...
2025-05-23 14:07:08.074 [info] [remote-connection][ExtensionHost][f8eac…][reconnect] connecting to WebSocket(127.0.0.1:41365)...
2025-05-23 14:07:08.075 [info] Creating a socket (renderer-ExtensionHost-f8eac290-a4e5-4762-990f-b06a662f963c)...
2025-05-23 14:07:08.076 [info] [remote-connection][Management   ][ee604…][reconnect] received socket close event (wasClean: false, code: 1006, reason: ).
2025-05-23 14:07:08.076 [error] {"isTrusted":true}
2025-05-23 14:07:08.076 [info] [remote-connection][Management   ][ee604…][reconnect] starting reconnecting loop. You can get more information with the trace log level.
2025-05-23 14:07:08.079 [info] [remote-connection][Management   ][ee604…][reconnect] resolving connection...
2025-05-23 14:07:08.079 [info] Invoking resolveAuthority(dev-container)...
2025-05-23 14:07:08.079 [info] [LocalProcess0][resolveAuthority(dev-container,2)][0ms] obtaining proxy...
2025-05-23 14:07:08.079 [info] [LocalProcess0][resolveAuthority(dev-container,2)][0ms] invoking...
2025-05-23 14:07:08.118 [info] [LocalProcess0][resolveAuthority(dev-container,2)][38ms] returned WebSocket(127.0.0.1:41365)
2025-05-23 14:07:08.118 [info] resolveAuthority(dev-container) returned 'WebSocket(127.0.0.1:41365)' after 39 ms
2025-05-23 14:07:08.119 [info] [remote-connection][Management   ][ee604…][reconnect] connecting to WebSocket(127.0.0.1:41365)...
2025-05-23 14:07:08.119 [info] Creating a socket (renderer-Management-ee604ce5-1f0f-427a-ace0-3f9ed359a24b)...
2025-05-23 14:07:08.120 [info] Creating a socket (renderer-ExtensionHost-f8eac290-a4e5-4762-990f-b06a662f963c) returned an error after 46 ms.
2025-05-23 14:07:08.120 [error] CodeExpectedError: WebSocket close with status code 1006
    at WebSocket.<anonymous> (vscode-file://vscode-app/opt/visual-studio-code/resources/app/out/vs/workbench/workbench.desktop.main.js:3235:90819)
2025-05-23 14:07:08.120 [error] [remote-connection][ExtensionHost][f8eac…][reconnect][WebSocket(127.0.0.1:41365)] socketFactory.connect() failed or timed out. Error:
2025-05-23 14:07:08.120 [error] CodeExpectedError: WebSocket close with status code 1006
    at WebSocket.<anonymous> (vscode-file://vscode-app/opt/visual-studio-code/resources/app/out/vs/workbench/workbench.desktop.main.js:3235:90819)
2025-05-23 14:07:08.120 [info] [remote-connection][ExtensionHost][f8eac…][reconnect] A temporarily not available error occurred while trying to reconnect, will try again...
2025-05-23 14:07:08.121 [info] [remote-connection][ExtensionHost][f8eac…][reconnect] waiting for 5 seconds before reconnecting...
2025-05-23 14:07:08.207 [info] Creating a socket (renderer-Management-ee604ce5-1f0f-427a-ace0-3f9ed359a24b) was successful after 88 ms.
2025-05-23 14:07:08.214 [info] [remote-connection][Management   ][ee604…][reconnect] reconnected!
2025-05-23 16:31:59.957 [info] Extension host (Remote) is unresponsive.
2025-05-23 16:32:00.665 [info] [remote-connection][ExtensionHost][f8eac…][reconnect] resolving connection...
2025-05-23 16:32:00.666 [info] [remote-connection][ExtensionHost][f8eac…][reconnect] connecting to WebSocket(127.0.0.1:41365)...
2025-05-23 16:32:00.667 [info] Creating a socket (renderer-ExtensionHost-f8eac290-a4e5-4762-990f-b06a662f963c)...
2025-05-23 16:32:00.756 [info] Creating a socket (renderer-ExtensionHost-f8eac290-a4e5-4762-990f-b06a662f963c) was successful after 91 ms.
2025-05-23 16:32:00.762 [info] [remote-connection][ExtensionHost][f8eac…][reconnect] reconnected!
2025-05-23 16:32:00.812 [info] Extension host (Remote) is responsive.
2025-05-23 16:32:25.950 [info] [remote-connection][ExtensionHost][f8eac…][reconnect] received socket close event (wasClean: false, code: 1006, reason: ).
2025-05-23 16:32:25.951 [error] {"isTrusted":true}
2025-05-23 16:32:25.951 [info] [remote-connection][ExtensionHost][f8eac…][reconnect] starting reconnecting loop. You can get more information with the trace log level.
2025-05-23 16:32:25.952 [info] [remote-connection][ExtensionHost][f8eac…][reconnect] resolving connection...
2025-05-23 16:32:25.952 [info] [remote-connection][ExtensionHost][f8eac…][reconnect] connecting to WebSocket(127.0.0.1:41365)...
2025-05-23 16:32:25.952 [info] Creating a socket (renderer-ExtensionHost-f8eac290-a4e5-4762-990f-b06a662f963c)...
2025-05-23 16:32:25.952 [info] [remote-connection][Management   ][ee604…][reconnect] received socket close event (wasClean: false, code: 1006, reason: ).
2025-05-23 16:32:25.953 [error] {"isTrusted":true}
2025-05-23 16:32:25.953 [info] [remote-connection][Management   ][ee604…][reconnect] starting reconnecting loop. You can get more information with the trace log level.
2025-05-23 16:32:25.953 [info] [remote-connection][Management   ][ee604…][reconnect] resolving connection...
2025-05-23 16:32:25.953 [info] Invoking resolveAuthority(dev-container)...
2025-05-23 16:32:25.953 [info] [LocalProcess0][resolveAuthority(dev-container,3)][0ms] obtaining proxy...
2025-05-23 16:32:25.954 [info] [LocalProcess0][resolveAuthority(dev-container,3)][0ms] invoking...
2025-05-23 16:32:25.983 [info] [LocalProcess0][resolveAuthority(dev-container,3)][29ms] returned WebSocket(127.0.0.1:41365)
2025-05-23 16:32:25.984 [info] resolveAuthority(dev-container) returned 'WebSocket(127.0.0.1:41365)' after 30 ms
2025-05-23 16:32:25.984 [info] [remote-connection][Management   ][ee604…][reconnect] connecting to WebSocket(127.0.0.1:41365)...
2025-05-23 16:32:25.984 [info] Creating a socket (renderer-Management-ee604ce5-1f0f-427a-ace0-3f9ed359a24b)...
2025-05-23 16:32:25.985 [info] Creating a socket (renderer-ExtensionHost-f8eac290-a4e5-4762-990f-b06a662f963c) returned an error after 35 ms.
2025-05-23 16:32:25.986 [error] CodeExpectedError: WebSocket close with status code 1006
    at WebSocket.<anonymous> (vscode-file://vscode-app/opt/visual-studio-code/resources/app/out/vs/workbench/workbench.desktop.main.js:3235:90819)
2025-05-23 16:32:25.986 [error] [remote-connection][ExtensionHost][f8eac…][reconnect][WebSocket(127.0.0.1:41365)] socketFactory.connect() failed or timed out. Error:
2025-05-23 16:32:25.987 [error] CodeExpectedError: WebSocket close with status code 1006
    at WebSocket.<anonymous> (vscode-file://vscode-app/opt/visual-studio-code/resources/app/out/vs/workbench/workbench.desktop.main.js:3235:90819)
2025-05-23 16:32:25.988 [info] [remote-connection][ExtensionHost][f8eac…][reconnect] A temporarily not available error occurred while trying to reconnect, will try again...
2025-05-23 16:32:25.988 [info] [remote-connection][ExtensionHost][f8eac…][reconnect] waiting for 5 seconds before reconnecting...
2025-05-23 16:32:26.069 [info] Creating a socket (renderer-Management-ee604ce5-1f0f-427a-ace0-3f9ed359a24b) was successful after 84 ms.
2025-05-23 16:32:26.075 [info] [remote-connection][Management   ][ee604…][reconnect] reconnected!
2025-05-23 16:32:46.961 [info] Extension host (Remote) is unresponsive.
2025-05-23 16:32:48.307 [info] [remote-connection][ExtensionHost][f8eac…][reconnect] resolving connection...
2025-05-23 16:32:48.308 [info] [remote-connection][ExtensionHost][f8eac…][reconnect] connecting to WebSocket(127.0.0.1:41365)...
2025-05-23 16:32:48.308 [info] Creating a socket (renderer-ExtensionHost-f8eac290-a4e5-4762-990f-b06a662f963c)...
2025-05-23 16:32:48.405 [info] Creating a socket (renderer-ExtensionHost-f8eac290-a4e5-4762-990f-b06a662f963c) was successful after 99 ms.
2025-05-23 16:32:48.413 [info] [remote-connection][ExtensionHost][f8eac…][reconnect] reconnected!
2025-05-23 16:32:48.461 [info] Extension host (Remote) is responsive.
2025-05-23 16:33:13.770 [info] [remote-connection][ExtensionHost][f8eac…][reconnect] received socket close event (wasClean: false, code: 1006, reason: ).
2025-05-23 16:33:13.770 [error] {"isTrusted":true}
2025-05-23 16:33:13.771 [info] [remote-connection][ExtensionHost][f8eac…][reconnect] starting reconnecting loop. You can get more information with the trace log level.
2025-05-23 16:33:13.771 [info] [remote-connection][ExtensionHost][f8eac…][reconnect] resolving connection...
2025-05-23 16:33:13.771 [info] [remote-connection][ExtensionHost][f8eac…][reconnect] connecting to WebSocket(127.0.0.1:41365)...
2025-05-23 16:33:13.771 [info] Creating a socket (renderer-ExtensionHost-f8eac290-a4e5-4762-990f-b06a662f963c)...
2025-05-23 16:33:13.771 [info] [remote-connection][Management   ][ee604…][reconnect] received socket close event (wasClean: false, code: 1006, reason: ).
2025-05-23 16:33:13.771 [error] {"isTrusted":true}
2025-05-23 16:33:13.771 [info] [remote-connection][Management   ][ee604…][reconnect] starting reconnecting loop. You can get more information with the trace log level.
2025-05-23 16:33:13.772 [info] [remote-connection][Management   ][ee604…][reconnect] resolving connection...
2025-05-23 16:33:13.772 [info] Invoking resolveAuthority(dev-container)...
2025-05-23 16:33:13.772 [info] [LocalProcess0][resolveAuthority(dev-container,4)][0ms] obtaining proxy...
2025-05-23 16:33:13.772 [info] [LocalProcess0][resolveAuthority(dev-container,4)][0ms] invoking...
2025-05-23 16:33:13.825 [info] Creating a socket (renderer-ExtensionHost-f8eac290-a4e5-4762-990f-b06a662f963c) returned an error after 54 ms.
2025-05-23 16:33:13.826 [error] CodeExpectedError: WebSocket close with status code 1006
    at WebSocket.<anonymous> (vscode-file://vscode-app/opt/visual-studio-code/resources/app/out/vs/workbench/workbench.desktop.main.js:3235:90819)
2025-05-23 16:33:13.826 [error] [remote-connection][ExtensionHost][f8eac…][reconnect][WebSocket(127.0.0.1:41365)] socketFactory.connect() failed or timed out. Error:
2025-05-23 16:33:13.827 [error] CodeExpectedError: WebSocket close with status code 1006
    at WebSocket.<anonymous> (vscode-file://vscode-app/opt/visual-studio-code/resources/app/out/vs/workbench/workbench.desktop.main.js:3235:90819)
2025-05-23 16:33:13.827 [info] [remote-connection][ExtensionHost][f8eac…][reconnect] A temporarily not available error occurred while trying to reconnect, will try again...
2025-05-23 16:33:13.828 [info] [remote-connection][ExtensionHost][f8eac…][reconnect] waiting for 5 seconds before reconnecting...
2025-05-23 16:33:13.828 [info] [LocalProcess0][resolveAuthority(dev-container,4)][54ms] returned WebSocket(127.0.0.1:41365)
2025-05-23 16:33:13.828 [info] resolveAuthority(dev-container) returned 'WebSocket(127.0.0.1:41365)' after 54 ms
2025-05-23 16:33:13.829 [info] [remote-connection][Management   ][ee604…][reconnect] connecting to WebSocket(127.0.0.1:41365)...
2025-05-23 16:33:13.829 [info] Creating a socket (renderer-Management-ee604ce5-1f0f-427a-ace0-3f9ed359a24b)...
2025-05-23 16:33:13.902 [info] Creating a socket (renderer-Management-ee604ce5-1f0f-427a-ace0-3f9ed359a24b) was successful after 73 ms.
2025-05-23 16:33:13.908 [info] [remote-connection][Management   ][ee604…][reconnect] reconnected!
2025-05-23 16:37:07.971 [info] Extension host (Remote) is unresponsive.
2025-05-23 16:37:09.276 [info] [remote-connection][ExtensionHost][f8eac…][reconnect] resolving connection...
2025-05-23 16:37:09.277 [info] [remote-connection][ExtensionHost][f8eac…][reconnect] connecting to WebSocket(127.0.0.1:41365)...
2025-05-23 16:37:09.277 [info] Creating a socket (renderer-ExtensionHost-f8eac290-a4e5-4762-990f-b06a662f963c)...
2025-05-23 16:37:09.371 [info] Creating a socket (renderer-ExtensionHost-f8eac290-a4e5-4762-990f-b06a662f963c) was successful after 94 ms.
2025-05-23 16:37:09.376 [info] [remote-connection][ExtensionHost][f8eac…][reconnect] reconnected!
2025-05-23 16:37:09.425 [info] Extension host (Remote) is responsive.
2025-05-23 16:37:34.720 [info] [remote-connection][ExtensionHost][f8eac…][reconnect] received socket close event (wasClean: false, code: 1006, reason: ).
2025-05-23 16:37:34.720 [error] {"isTrusted":true}
2025-05-23 16:37:34.720 [info] [remote-connection][ExtensionHost][f8eac…][reconnect] starting reconnecting loop. You can get more information with the trace log level.
2025-05-23 16:37:34.721 [info] [remote-connection][ExtensionHost][f8eac…][reconnect] resolving connection...
2025-05-23 16:37:34.721 [info] [remote-connection][ExtensionHost][f8eac…][reconnect] connecting to WebSocket(127.0.0.1:41365)...
2025-05-23 16:37:34.721 [info] Creating a socket (renderer-ExtensionHost-f8eac290-a4e5-4762-990f-b06a662f963c)...
2025-05-23 16:37:34.722 [info] [remote-connection][Management   ][ee604…][reconnect] received socket close event (wasClean: false, code: 1006, reason: ).
2025-05-23 16:37:34.722 [error] {"isTrusted":true}
2025-05-23 16:37:34.722 [info] [remote-connection][Management   ][ee604…][reconnect] starting reconnecting loop. You can get more information with the trace log level.
2025-05-23 16:37:34.724 [info] [remote-connection][Management   ][ee604…][reconnect] resolving connection...
2025-05-23 16:37:34.724 [info] Invoking resolveAuthority(dev-container)...
2025-05-23 16:37:34.725 [info] [LocalProcess0][resolveAuthority(dev-container,5)][0ms] obtaining proxy...
2025-05-23 16:37:34.725 [info] [LocalProcess0][resolveAuthority(dev-container,5)][1ms] invoking...
2025-05-23 16:37:34.762 [info] [LocalProcess0][resolveAuthority(dev-container,5)][38ms] returned WebSocket(127.0.0.1:41365)
2025-05-23 16:37:34.763 [info] resolveAuthority(dev-container) returned 'WebSocket(127.0.0.1:41365)' after 38 ms
2025-05-23 16:37:34.764 [info] [remote-connection][Management   ][ee604…][reconnect] connecting to WebSocket(127.0.0.1:41365)...
2025-05-23 16:37:34.764 [info] Creating a socket (renderer-Management-ee604ce5-1f0f-427a-ace0-3f9ed359a24b)...
2025-05-23 16:37:34.765 [info] Creating a socket (renderer-ExtensionHost-f8eac290-a4e5-4762-990f-b06a662f963c) returned an error after 44 ms.
2025-05-23 16:37:34.765 [error] CodeExpectedError: WebSocket close with status code 1006
    at WebSocket.<anonymous> (vscode-file://vscode-app/opt/visual-studio-code/resources/app/out/vs/workbench/workbench.desktop.main.js:3235:90819)
2025-05-23 16:37:34.765 [error] [remote-connection][ExtensionHost][f8eac…][reconnect][WebSocket(127.0.0.1:41365)] socketFactory.connect() failed or timed out. Error:
2025-05-23 16:37:34.766 [error] CodeExpectedError: WebSocket close with status code 1006
    at WebSocket.<anonymous> (vscode-file://vscode-app/opt/visual-studio-code/resources/app/out/vs/workbench/workbench.desktop.main.js:3235:90819)
2025-05-23 16:37:34.766 [info] [remote-connection][ExtensionHost][f8eac…][reconnect] A temporarily not available error occurred while trying to reconnect, will try again...
2025-05-23 16:37:34.766 [info] [remote-connection][ExtensionHost][f8eac…][reconnect] waiting for 5 seconds before reconnecting...
2025-05-23 16:37:34.834 [info] Creating a socket (renderer-Management-ee604ce5-1f0f-427a-ace0-3f9ed359a24b) was successful after 71 ms.
2025-05-23 16:37:34.841 [info] [remote-connection][Management   ][ee604…][reconnect] reconnected!
2025-05-23 16:40:07.065 [info] Extension host (Remote) is unresponsive.
2025-05-23 16:40:08.331 [info] [remote-connection][ExtensionHost][f8eac…][reconnect] resolving connection...
2025-05-23 16:40:08.332 [info] [remote-connection][ExtensionHost][f8eac…][reconnect] connecting to WebSocket(127.0.0.1:41365)...
2025-05-23 16:40:08.333 [info] Creating a socket (renderer-ExtensionHost-f8eac290-a4e5-4762-990f-b06a662f963c)...
2025-05-23 16:40:08.482 [info] Creating a socket (renderer-ExtensionHost-f8eac290-a4e5-4762-990f-b06a662f963c) was successful after 151 ms.
2025-05-23 16:40:08.493 [info] [remote-connection][ExtensionHost][f8eac…][reconnect] reconnected!
2025-05-23 16:40:08.541 [info] Extension host (Remote) is responsive.
