2025-05-08 13:57:14.703 [info] Starting TS Server
2025-05-08 13:57:14.703 [info] Using tsserver from: /opt/visual-studio-code/resources/app/extensions/node_modules/typescript/lib/tsserver.js
2025-05-08 13:57:14.703 [info] <syntax> Forking...
2025-05-08 13:57:14.703 [info] <syntax> Starting...
2025-05-08 13:57:14.703 [info] <semantic> Forking...
2025-05-08 13:57:14.703 [info] <semantic> Starting...
2025-05-08 15:42:58.216 [error] TSServer exited. Code: null. Signal: SIGTERM
2025-05-08 15:42:58.216 [info] Starting TS Server
2025-05-08 15:42:58.216 [info] Not starting server: disposed
2025-05-08 15:43:03.180 [info] Starting TS Server
2025-05-08 15:43:03.180 [info] Using tsserver from: /opt/visual-studio-code/resources/app/extensions/node_modules/typescript/lib/tsserver.js
2025-05-08 15:43:03.180 [info] <syntax> Forking...
2025-05-08 15:43:03.180 [info] <syntax> Starting...
2025-05-08 15:43:03.180 [info] <semantic> Forking...
2025-05-08 15:43:03.181 [info] <semantic> Starting...
2025-05-08 17:58:45.071 [error] TSServer exited. Code: null. Signal: SIGTERM
2025-05-08 17:58:45.071 [info] Starting TS Server
2025-05-08 17:58:45.071 [info] Not starting server: disposed
2025-05-08 17:58:51.292 [info] Starting TS Server
2025-05-08 17:58:51.292 [info] Using tsserver from: /opt/visual-studio-code/resources/app/extensions/node_modules/typescript/lib/tsserver.js
2025-05-08 17:58:51.292 [info] <syntax> Forking...
2025-05-08 17:58:51.292 [info] <syntax> Starting...
2025-05-08 17:58:51.292 [info] <semantic> Forking...
2025-05-08 17:58:51.292 [info] <semantic> Starting...
2025-05-08 18:29:07.847 [info] Killing TS Server
2025-05-08 18:29:08.038 [error] TSServer exited. Code: null. Signal: SIGTERM
2025-05-08 18:29:08.038 [info] Starting TS Server
2025-05-08 18:29:08.038 [info] Using tsserver from: /opt/visual-studio-code/resources/app/extensions/node_modules/typescript/lib/tsserver.js
2025-05-08 18:29:08.038 [info] <syntax> Forking...
2025-05-08 18:29:08.038 [info] <syntax> Starting...
2025-05-08 18:29:08.038 [info] <semantic> Forking...
2025-05-08 18:29:08.038 [info] <semantic> Starting...
2025-05-08 18:55:09.401 [info] Starting TS Server
2025-05-08 18:55:09.401 [info] Using tsserver from: /opt/visual-studio-code/resources/app/extensions/node_modules/typescript/lib/tsserver.js
2025-05-08 18:55:09.401 [info] <syntax> Forking...
2025-05-08 18:55:09.401 [info] <syntax> Starting...
2025-05-08 18:55:09.401 [info] <semantic> Forking...
2025-05-08 18:55:09.401 [info] <semantic> Starting...
