2025-05-23 10:55:47.483 [info] update#setState idle
2025-05-23 10:56:17.469 [info] update#setState checking for updates
2025-05-23 10:56:17.753 [info] update#setState idle
2025-05-23 10:56:27.717 [info] Extension host with pid 2417 exited with code: 0, signal: unknown.
2025-05-23 10:56:27.732 [error] [UtilityProcess id: 1, type: fileWatcher, pid: 2383]: crashed with code 15 and reason 'killed'
2025-05-23 10:58:51.637 [info] Extension host with pid 4730 exited with code: 0, signal: unknown.
2025-05-23 11:02:23.929 [warning] [perf] profiling STARTED b2be72e8-38ee-4881-8f9a-e5ce66c403c0
2025-05-23 11:02:28.961 [warning] [perf] profiling DONE b2be72e8-38ee-4881-8f9a-e5ce66c403c0
2025-05-23 11:02:29.146 [warning] [perf] profiling STARTED b2be72e8-38ee-4881-8f9a-e5ce66c403c0
2025-05-23 11:02:34.178 [warning] [perf] profiling DONE b2be72e8-38ee-4881-8f9a-e5ce66c403c0
2025-05-23 11:02:34.345 [warning] [perf] profiling STARTED b2be72e8-38ee-4881-8f9a-e5ce66c403c0
2025-05-23 11:02:39.379 [warning] [perf] profiling DONE b2be72e8-38ee-4881-8f9a-e5ce66c403c0
2025-05-23 11:12:17.078 [info] Extension host with pid 14076 exited with code: 0, signal: unknown.
2025-05-23 11:12:17.090 [error] [UtilityProcess id: 2, type: fileWatcher, pid: 4719]: crashed with code 15 and reason 'killed'
2025-05-23 11:56:17.475 [info] update#setState checking for updates
2025-05-23 11:56:17.776 [info] update#setState idle
2025-05-23 12:56:17.481 [info] update#setState checking for updates
2025-05-23 12:56:17.779 [info] update#setState idle
2025-05-23 13:13:31.468 [info] Extension host with pid 3888 exited with code: 0, signal: unknown.
2025-05-23 13:13:31.474 [error] [UtilityProcess id: 1, type: fileWatcher, pid: 3878]: crashed with code 15 and reason 'killed'
2025-05-23 13:56:17.485 [info] update#setState checking for updates
2025-05-23 13:56:17.782 [info] update#setState idle
2025-05-23 17:09:33.491 [error] [UtilityProcess id: 2, type: fileWatcher, pid: 28155]: crashed with code 15 and reason 'killed'
2025-05-23 17:09:33.504 [info] Extension host with pid 28156 exited with code: 0, signal: unknown.
2025-05-23 17:09:34.608 [info] Extension host with pid 145329 exited with code: 0, signal: unknown.
2025-05-23 17:09:34.650 [error] [UtilityProcess id: 1, type: fileWatcher, pid: 146021]: crashed with code 15 and reason 'killed'
