2025-05-23 10:55:48.283 [info] ComputeTargetPlatform: linux-x64
2025-05-23 10:55:50.496 [info] ComputeTargetPlatform: linux-x64
2025-05-23 10:58:39.784 [info] Getting Manifest... asvetliakov.vscode-neovim
2025-05-23 10:58:39.933 [info] Installing extension: asvetliakov.vscode-neovim {"isMachineScoped":false,"installPreReleaseVersion":false,"pinned":false,"profileLocation":{"$mid":1,"external":"vscode-userdata:/home/hiansdt/.vscode/extensions/extensions.json","path":"/home/hiansdt/.vscode/extensions/extensions.json","scheme":"vscode-userdata"},"isApplicationScoped":false,"productVersion":{"version":"1.100.2","date":"2025-05-14T21:47:40.416Z"}}
2025-05-23 10:58:41.567 [info] Extension signature verification result for asvetliakov.vscode-neovim: Success. Internal Code: 0. Executed: true. Duration: 1074ms.
2025-05-23 10:58:41.610 [info] Extracted extension to file:///home/hiansdt/.vscode/extensions/asvetliakov.vscode-neovim-1.18.22: asvetliakov.vscode-neovim
2025-05-23 10:58:41.617 [info] Renamed to /home/hiansdt/.vscode/extensions/asvetliakov.vscode-neovim-1.18.22
2025-05-23 10:58:41.630 [info] Extension installed successfully: asvetliakov.vscode-neovim vscode-userdata:/home/hiansdt/.vscode/extensions/extensions.json
2025-05-23 11:00:47.595 [info] [SharedProcessTunnelService] Created tunnel 1: 127.0.0.1:8000 (local) to 127.0.0.1:8000 (remote).
2025-05-23 11:00:52.076 [info] Creating a socket (renderer-Tunnel-5cc1d6b7-6729-47da-a421-512ef61b53d8)...
2025-05-23 11:00:52.175 [info] Creating a socket (renderer-Tunnel-5cc1d6b7-6729-47da-a421-512ef61b53d8) was successful after 99 ms.
2025-05-23 11:02:16.807 [info] Getting Manifest... vue.volar
2025-05-23 11:02:16.931 [info] Installing extension: vue.volar {"isMachineScoped":false,"profileLocation":{"$mid":1,"external":"vscode-userdata:/home/hiansdt/.vscode/extensions/extensions.json","path":"/home/hiansdt/.vscode/extensions/extensions.json","scheme":"vscode-userdata"},"isApplicationScoped":false,"productVersion":{"version":"1.100.2","date":"2025-05-14T21:47:40.416Z"}}
2025-05-23 11:02:17.921 [info] Extension signature verification result for vue.volar: Success. Internal Code: 0. Executed: true. Duration: 451ms.
2025-05-23 11:02:17.963 [info] Extracted extension to file:///home/hiansdt/.vscode/extensions/vue.volar-2.2.10: vue.volar
2025-05-23 11:02:17.975 [info] Renamed to /home/hiansdt/.vscode/extensions/vue.volar-2.2.10
2025-05-23 11:02:17.992 [info] Extension installed successfully: vue.volar vscode-userdata:/home/hiansdt/.vscode/extensions/extensions.json
2025-05-23 11:04:39.257 [info] Getting Manifest... steoates.autoimport
2025-05-23 11:04:39.378 [info] Installing extension: steoates.autoimport {"isMachineScoped":false,"installPreReleaseVersion":false,"pinned":false,"profileLocation":{"$mid":1,"external":"vscode-userdata:/home/hiansdt/.vscode/extensions/extensions.json","path":"/home/hiansdt/.vscode/extensions/extensions.json","scheme":"vscode-userdata"},"isApplicationScoped":false,"productVersion":{"version":"1.100.2","date":"2025-05-14T21:47:40.416Z"}}
2025-05-23 11:04:40.427 [info] Extension signature verification result for steoates.autoimport: Success. Internal Code: 0. Executed: true. Duration: 446ms.
2025-05-23 11:04:40.678 [info] Extracted extension to file:///home/hiansdt/.vscode/extensions/steoates.autoimport-1.5.4: steoates.autoimport
2025-05-23 11:04:40.802 [info] Renamed to /home/hiansdt/.vscode/extensions/steoates.autoimport-1.5.4
2025-05-23 11:04:40.837 [info] Extension installed successfully: steoates.autoimport vscode-userdata:/home/hiansdt/.vscode/extensions/extensions.json
2025-05-23 11:07:05.338 [info] Creating a socket (renderer-Tunnel-3283498d-2a89-4988-adb3-47fca33d0d95)...
2025-05-23 11:07:05.400 [info] Creating a socket (renderer-Tunnel-3283498d-2a89-4988-adb3-47fca33d0d95) was successful after 61 ms.
2025-05-23 11:11:02.337 [info] Creating a socket (renderer-Tunnel-d600a443-4286-4ab1-a2ac-2de56b548577)...
2025-05-23 11:11:02.423 [info] Creating a socket (renderer-Tunnel-d600a443-4286-4ab1-a2ac-2de56b548577) was successful after 85 ms.
2025-05-23 11:12:06.810 [info] Uninstalling extension from the profile: asvetliakov.vscode-neovim@1.18.22 vscode-userdata:/home/hiansdt/.vscode/extensions/extensions.json
2025-05-23 11:12:06.829 [info] Marked extension as removed asvetliakov.vscode-neovim-1.18.22
2025-05-23 11:12:07.084 [info] Successfully uninstalled extension from the profile asvetliakov.vscode-neovim@1.18.22 vscode-userdata:/home/hiansdt/.vscode/extensions/extensions.json
2025-05-23 11:14:02.676 [info] Getting Manifest... esbenp.prettier-vscode
2025-05-23 11:14:02.806 [info] Installing extension: esbenp.prettier-vscode {"isMachineScoped":false,"installPreReleaseVersion":false,"pinned":false,"profileLocation":{"$mid":1,"external":"vscode-userdata:/home/hiansdt/.vscode/extensions/extensions.json","path":"/home/hiansdt/.vscode/extensions/extensions.json","scheme":"vscode-userdata"},"isApplicationScoped":false,"productVersion":{"version":"1.100.2","date":"2025-05-14T21:47:40.416Z"}}
2025-05-23 11:14:04.005 [info] Extension signature verification result for esbenp.prettier-vscode: Success. Internal Code: 0. Executed: true. Duration: 453ms.
2025-05-23 11:14:04.059 [info] Extracted extension to file:///home/hiansdt/.vscode/extensions/esbenp.prettier-vscode-11.0.0: esbenp.prettier-vscode
2025-05-23 11:14:04.070 [info] Renamed to /home/hiansdt/.vscode/extensions/esbenp.prettier-vscode-11.0.0
2025-05-23 11:14:04.081 [info] Extension installed successfully: esbenp.prettier-vscode vscode-userdata:/home/hiansdt/.vscode/extensions/extensions.json
2025-05-23 11:19:18.164 [info] Creating a socket (renderer-Tunnel-b3a25754-9dd1-4dfb-94de-01ee038328ee)...
2025-05-23 11:19:18.234 [info] Creating a socket (renderer-Tunnel-b3a25754-9dd1-4dfb-94de-01ee038328ee) was successful after 71 ms.
2025-05-23 12:58:13.236 [info] Creating a socket (renderer-Tunnel-91992ecc-3861-4a52-a0a4-7cab2b37235b)...
2025-05-23 12:58:13.302 [info] Creating a socket (renderer-Tunnel-91992ecc-3861-4a52-a0a4-7cab2b37235b) was successful after 66 ms.
2025-05-23 13:00:39.789 [info] Getting Manifest... shubhsharma.lazyvim-theme
2025-05-23 13:00:39.914 [info] Installing extension: shubhsharma.lazyvim-theme {"isMachineScoped":false,"installPreReleaseVersion":false,"pinned":false,"profileLocation":{"$mid":1,"external":"vscode-userdata:/home/hiansdt/.vscode/extensions/extensions.json","path":"/home/hiansdt/.vscode/extensions/extensions.json","scheme":"vscode-userdata"},"isApplicationScoped":false,"productVersion":{"version":"1.100.2","date":"2025-05-14T21:47:40.416Z"}}
2025-05-23 13:00:41.174 [info] Extension signature verification result for shubhsharma.lazyvim-theme: Success. Internal Code: 0. Executed: true. Duration: 466ms.
2025-05-23 13:00:41.177 [info] Extracted extension to file:///home/hiansdt/.vscode/extensions/shubhsharma.lazyvim-theme-0.2.0: shubhsharma.lazyvim-theme
2025-05-23 13:00:41.183 [info] Renamed to /home/hiansdt/.vscode/extensions/shubhsharma.lazyvim-theme-0.2.0
2025-05-23 13:00:41.192 [info] Extension installed successfully: shubhsharma.lazyvim-theme vscode-userdata:/home/hiansdt/.vscode/extensions/extensions.json
2025-05-23 13:01:45.451 [info] Getting Manifest... vscode-icons-team.vscode-icons
2025-05-23 13:01:45.755 [info] Installing extension: vscode-icons-team.vscode-icons {"isMachineScoped":false,"installPreReleaseVersion":false,"pinned":false,"profileLocation":{"$mid":1,"external":"vscode-userdata:/home/hiansdt/.vscode/extensions/extensions.json","path":"/home/hiansdt/.vscode/extensions/extensions.json","scheme":"vscode-userdata"},"isApplicationScoped":false,"productVersion":{"version":"1.100.2","date":"2025-05-14T21:47:40.416Z"}}
2025-05-23 13:01:46.922 [info] Extension signature verification result for vscode-icons-team.vscode-icons: Success. Internal Code: 0. Executed: true. Duration: 479ms.
2025-05-23 13:01:47.289 [info] Extracted extension to file:///home/hiansdt/.vscode/extensions/vscode-icons-team.vscode-icons-12.13.0: vscode-icons-team.vscode-icons
2025-05-23 13:01:47.440 [info] Renamed to /home/hiansdt/.vscode/extensions/vscode-icons-team.vscode-icons-12.13.0
2025-05-23 13:01:47.481 [info] Extension installed successfully: vscode-icons-team.vscode-icons vscode-userdata:/home/hiansdt/.vscode/extensions/extensions.json
2025-05-23 13:02:18.783 [info] Getting Manifest... vira.vsc-vira-theme
2025-05-23 13:02:19.019 [info] Installing extension: vira.vsc-vira-theme {"isMachineScoped":false,"installPreReleaseVersion":false,"pinned":false,"profileLocation":{"$mid":1,"external":"vscode-userdata:/home/hiansdt/.vscode/extensions/extensions.json","path":"/home/hiansdt/.vscode/extensions/extensions.json","scheme":"vscode-userdata"},"isApplicationScoped":false,"productVersion":{"version":"1.100.2","date":"2025-05-14T21:47:40.416Z"}}
2025-05-23 13:02:21.665 [info] Extension signature verification result for vira.vsc-vira-theme: Success. Internal Code: 0. Executed: true. Duration: 448ms.
2025-05-23 13:02:22.091 [info] Extracted extension to file:///home/hiansdt/.vscode/extensions/vira.vsc-vira-theme-1.4.3: vira.vsc-vira-theme
2025-05-23 13:02:22.126 [info] Renamed to /home/hiansdt/.vscode/extensions/vira.vsc-vira-theme-1.4.3
2025-05-23 13:02:22.136 [info] Extension installed successfully: vira.vsc-vira-theme vscode-userdata:/home/hiansdt/.vscode/extensions/extensions.json
2025-05-23 13:05:51.674 [info] Getting Manifest... catppuccin.catppuccin-vsc-icons
2025-05-23 13:05:51.811 [info] Installing extension: catppuccin.catppuccin-vsc-icons {"isMachineScoped":false,"installPreReleaseVersion":false,"pinned":false,"profileLocation":{"$mid":1,"external":"vscode-userdata:/home/hiansdt/.vscode/extensions/extensions.json","path":"/home/hiansdt/.vscode/extensions/extensions.json","scheme":"vscode-userdata"},"isApplicationScoped":false,"productVersion":{"version":"1.100.2","date":"2025-05-14T21:47:40.416Z"}}
2025-05-23 13:05:52.895 [info] Extension signature verification result for catppuccin.catppuccin-vsc-icons: Success. Internal Code: 0. Executed: true. Duration: 473ms.
2025-05-23 13:05:53.480 [info] Extracted extension to file:///home/hiansdt/.vscode/extensions/catppuccin.catppuccin-vsc-icons-1.21.0: catppuccin.catppuccin-vsc-icons
2025-05-23 13:05:53.527 [info] Renamed to /home/hiansdt/.vscode/extensions/catppuccin.catppuccin-vsc-icons-1.21.0
2025-05-23 13:05:53.540 [info] Extension installed successfully: catppuccin.catppuccin-vsc-icons vscode-userdata:/home/hiansdt/.vscode/extensions/extensions.json
2025-05-23 13:09:27.570 [info] Uninstalling extension from the profile: vira.vsc-vira-theme@1.4.3 vscode-userdata:/home/hiansdt/.vscode/extensions/extensions.json
2025-05-23 13:09:27.600 [info] Marked extension as removed vira.vsc-vira-theme-1.4.3
2025-05-23 13:09:27.895 [info] Successfully uninstalled extension from the profile vira.vsc-vira-theme@1.4.3 vscode-userdata:/home/hiansdt/.vscode/extensions/extensions.json
2025-05-23 13:10:54.148 [info] Getting Manifest... catppuccin.catppuccin-vsc
2025-05-23 13:10:54.291 [info] Installing extension: catppuccin.catppuccin-vsc {"isMachineScoped":false,"installPreReleaseVersion":false,"pinned":false,"profileLocation":{"$mid":1,"external":"vscode-userdata:/home/hiansdt/.vscode/extensions/extensions.json","path":"/home/hiansdt/.vscode/extensions/extensions.json","scheme":"vscode-userdata"},"isApplicationScoped":false,"productVersion":{"version":"1.100.2","date":"2025-05-14T21:47:40.416Z"}}
2025-05-23 13:10:55.171 [info] Extension signature verification result for catppuccin.catppuccin-vsc: Success. Internal Code: 0. Executed: true. Duration: 470ms.
2025-05-23 13:10:55.178 [info] Extracted extension to file:///home/hiansdt/.vscode/extensions/catppuccin.catppuccin-vsc-3.17.0: catppuccin.catppuccin-vsc
2025-05-23 13:10:55.186 [info] Renamed to /home/hiansdt/.vscode/extensions/catppuccin.catppuccin-vsc-3.17.0
2025-05-23 13:10:55.196 [info] Extension installed successfully: catppuccin.catppuccin-vsc vscode-userdata:/home/hiansdt/.vscode/extensions/extensions.json
2025-05-23 13:13:31.468 [info] [SharedProcessTunnelService] Disposing tunnel 1.
2025-05-23 13:13:36.756 [info] [SharedProcessTunnelService] Created tunnel 2: 127.0.0.1:8000 (local) to 127.0.0.1:8000 (remote).
2025-05-23 17:09:34.647 [info] [SharedProcessTunnelService] Disposing tunnel 2.
