2025-05-23 10:56:49.714 [info] Extension host with pid 4730 started
2025-05-23 10:56:49.714 [info] Skipping acquiring lock for /home/hiansdt/.config/Code/User/workspaceStorage/06a89579f7de818d906d92e50a058845.
2025-05-23 10:56:49.724 [info] ExtensionService#_doActivateExtension vscode.github-authentication, startup: false, activationEvent: 'onAuthenticationRequest:github'
2025-05-23 10:56:49.771 [info] ExtensionService#_doActivateExtension vscode.git-base, startup: true, activationEvent: '*', root cause: vscode.git
2025-05-23 10:56:49.773 [info] ExtensionService#_doActivateExtension vscode.npm, startup: true, activationEvent: 'workspaceContains:package.json'
2025-05-23 10:56:49.800 [info] ExtensionService#_doActivateExtension ms-vscode-remote.remote-containers, startup: true, activationEvent: 'workspaceContains:.devcontainer/devcontainer.json'
2025-05-23 10:56:49.924 [info] ExtensionService#_doActivateExtension vscode.git, startup: true, activationEvent: '*'
2025-05-23 10:56:49.956 [info] ExtensionService#_doActivateExtension vscode.github, startup: true, activationEvent: '*'
2025-05-23 10:56:50.034 [info] Eager extensions activated
2025-05-23 10:56:50.094 [info] ExtensionService#_doActivateExtension vscode.debug-auto-launch, startup: false, activationEvent: 'onStartupFinished'
2025-05-23 10:56:50.096 [info] ExtensionService#_doActivateExtension vscode.merge-conflict, startup: false, activationEvent: 'onStartupFinished'
2025-05-23 10:56:50.167 [info] ExtensionService#_doActivateExtension vscode.emmet, startup: false, activationEvent: 'onLanguage'
2025-05-23 10:56:50.273 [info] ExtensionService#_doActivateExtension vscode.configuration-editing, startup: false, activationEvent: 'onLanguage:jsonc'
2025-05-23 10:56:50.279 [info] ExtensionService#_doActivateExtension vscode.json-language-features, startup: false, activationEvent: 'onLanguage:jsonc'
2025-05-23 10:56:50.318 [info] ExtensionService#_doActivateExtension vscode.typescript-language-features, startup: false, activationEvent: 'onLanguage:jsonc'
2025-05-23 10:56:55.419 [info] ExtensionService#_doActivateExtension vscode.extension-editing, startup: false, activationEvent: 'onLanguage:json'
2025-05-23 10:58:41.772 [info] ExtensionService#_doActivateExtension asvetliakov.vscode-neovim, startup: false, activationEvent: 'onStartupFinished'
2025-05-23 10:58:51.595 [info] Extension host terminating: renderer closed the MessagePort
2025-05-23 10:58:51.636 [info] Extension host with pid 4730 exiting with code 0
2025-05-23 10:58:52.000 [info] Extension host with pid 14076 started
2025-05-23 10:58:52.000 [info] Skipping acquiring lock for /home/hiansdt/.config/Code/User/workspaceStorage/06a89579f7de818d906d92e50a058845.
2025-05-23 10:58:52.006 [info] ExtensionService#_doActivateExtension vscode.github-authentication, startup: false, activationEvent: 'onAuthenticationRequest:github'
2025-05-23 10:58:52.025 [info] ExtensionService#_doActivateExtension vscode.emmet, startup: false, activationEvent: 'onLanguage'
2025-05-23 10:58:52.038 [info] ExtensionService#_doActivateExtension vscode.configuration-editing, startup: false, activationEvent: 'onLanguage:jsonc'
2025-05-23 10:58:52.044 [info] ExtensionService#_doActivateExtension vscode.json-language-features, startup: false, activationEvent: 'onLanguage:jsonc'
2025-05-23 10:58:52.085 [info] ExtensionService#_doActivateExtension vscode.typescript-language-features, startup: false, activationEvent: 'onLanguage:jsonc'
2025-05-23 10:58:52.122 [info] ExtensionService#_doActivateExtension vscode.extension-editing, startup: false, activationEvent: 'onLanguage:json'
2025-05-23 10:58:52.131 [info] ExtensionService#_doActivateExtension vscode.npm, startup: false, activationEvent: 'onLanguage:json'
2025-05-23 10:58:52.338 [info] ExtensionService#_doActivateExtension vscode.git-base, startup: true, activationEvent: '*', root cause: vscode.git
2025-05-23 10:58:52.340 [info] ExtensionService#_doActivateExtension ms-vscode-remote.remote-containers, startup: true, activationEvent: 'workspaceContains:.devcontainer/devcontainer.json'
2025-05-23 10:58:52.442 [info] ExtensionService#_doActivateExtension vscode.git, startup: true, activationEvent: '*'
2025-05-23 10:58:52.469 [info] ExtensionService#_doActivateExtension vscode.github, startup: true, activationEvent: '*'
2025-05-23 10:58:52.566 [info] Eager extensions activated
2025-05-23 10:58:52.584 [info] ExtensionService#_doActivateExtension vscode.debug-auto-launch, startup: false, activationEvent: 'onStartupFinished'
2025-05-23 10:58:52.585 [info] ExtensionService#_doActivateExtension vscode.merge-conflict, startup: false, activationEvent: 'onStartupFinished'
2025-05-23 10:58:52.602 [info] ExtensionService#_doActivateExtension asvetliakov.vscode-neovim, startup: false, activationEvent: 'onStartupFinished'
2025-05-23 11:02:18.087 [info] ExtensionService#_doActivateExtension Vue.volar, startup: false, activationEvent: 'onLanguage:vue'
2025-05-23 11:12:17.028 [info] Extension host terminating: renderer closed the MessagePort
2025-05-23 11:12:17.071 [warning] ExtHostTextEditorOptions 'setCursorStyle' failed:'
2025-05-23 11:12:17.074 [warning] Canceled
2025-05-23 11:12:17.077 [info] Extension host with pid 14076 exiting with code 0
2025-05-23 11:12:17.862 [info] Extension host with pid 28156 started
2025-05-23 11:12:17.862 [info] Skipping acquiring lock for /home/hiansdt/.config/Code/User/workspaceStorage/06a89579f7de818d906d92e50a058845.
2025-05-23 11:12:17.919 [info] ExtensionService#_doActivateExtension vscode.github-authentication, startup: false, activationEvent: 'onAuthenticationRequest:github'
2025-05-23 11:12:17.937 [info] ExtensionService#_doActivateExtension Vue.volar, startup: false, activationEvent: 'onLanguage:plaintext'
2025-05-23 11:12:17.972 [info] ExtensionService#_doActivateExtension vscode.emmet, startup: false, activationEvent: 'onLanguage'
2025-05-23 11:12:18.169 [info] ExtensionService#_doActivateExtension vscode.typescript-language-features, startup: false, activationEvent: 'api', root cause: Vue.volar
2025-05-23 11:12:18.322 [info] ExtensionService#_doActivateExtension vscode.git-base, startup: true, activationEvent: '*', root cause: vscode.git
2025-05-23 11:12:18.360 [info] ExtensionService#_doActivateExtension vscode.npm, startup: true, activationEvent: 'workspaceContains:package.json'
2025-05-23 11:12:18.388 [info] ExtensionService#_doActivateExtension ms-vscode-remote.remote-containers, startup: true, activationEvent: 'workspaceContains:.devcontainer/devcontainer.json'
2025-05-23 11:12:18.678 [info] ExtensionService#_doActivateExtension vscode.git, startup: true, activationEvent: '*'
2025-05-23 11:12:18.735 [info] ExtensionService#_doActivateExtension vscode.github, startup: true, activationEvent: '*'
2025-05-23 11:12:18.767 [info] ExtensionService#_doActivateExtension vscode.configuration-editing, startup: false, activationEvent: 'onLanguage:jsonc'
2025-05-23 11:12:18.775 [info] ExtensionService#_doActivateExtension vscode.json-language-features, startup: false, activationEvent: 'onLanguage:jsonc'
2025-05-23 11:12:19.025 [info] Eager extensions activated
2025-05-23 11:12:19.092 [info] ExtensionService#_doActivateExtension vscode.debug-auto-launch, startup: false, activationEvent: 'onStartupFinished'
2025-05-23 11:12:19.094 [info] ExtensionService#_doActivateExtension vscode.merge-conflict, startup: false, activationEvent: 'onStartupFinished'
2025-05-23 11:12:23.731 [info] ExtensionService#_doActivateExtension vscode.extension-editing, startup: false, activationEvent: 'onLanguage:json'
2025-05-23 11:12:25.181 [info] ExtensionService#_doActivateExtension steoates.autoimport, startup: false, activationEvent: 'onLanguage:typescript'
2025-05-23 11:14:04.202 [info] ExtensionService#_doActivateExtension esbenp.prettier-vscode, startup: false, activationEvent: 'onStartupFinished'
2025-05-23 13:01:47.626 [info] ExtensionService#_doActivateExtension vscode-icons-team.vscode-icons, startup: false, activationEvent: 'onStartupFinished'
2025-05-23 13:02:22.413 [info] ExtensionService#_doActivateExtension vira.vsc-vira-theme, startup: false, activationEvent: 'onStartupFinished'
2025-05-23 13:05:53.759 [info] ExtensionService#_doActivateExtension Catppuccin.catppuccin-vsc-icons, startup: false, activationEvent: 'onStartupFinished'
2025-05-23 13:10:55.378 [info] ExtensionService#_doActivateExtension Catppuccin.catppuccin-vsc, startup: false, activationEvent: 'onStartupFinished'
2025-05-23 17:09:33.398 [info] Extension host terminating: renderer closed the MessagePort
2025-05-23 17:09:33.500 [error] Canceled: Canceled
	at new XN (file:///opt/visual-studio-code/resources/app/out/vs/workbench/api/node/extensionHostProcess.js:29:111538)
	at f5.U (file:///opt/visual-studio-code/resources/app/out/vs/workbench/api/node/extensionHostProcess.js:29:116148)
	at s.<computed>.n.charCodeAt.s.<computed> (file:///opt/visual-studio-code/resources/app/out/vs/workbench/api/node/extensionHostProcess.js:29:113642)
	at Wb.g (file:///opt/visual-studio-code/resources/app/out/vs/workbench/api/node/extensionHostProcess.js:119:41004)
	at Wb.executeCommand (file:///opt/visual-studio-code/resources/app/out/vs/workbench/api/node/extensionHostProcess.js:119:40508)
	at i.registerCommand.description (file:///opt/visual-studio-code/resources/app/out/vs/workbench/api/node/extensionHostProcess.js:119:39838)
	at Wb.h (file:///opt/visual-studio-code/resources/app/out/vs/workbench/api/node/extensionHostProcess.js:119:41524)
	at Wb.g (file:///opt/visual-studio-code/resources/app/out/vs/workbench/api/node/extensionHostProcess.js:119:40601)
	at Wb.executeCommand (file:///opt/visual-studio-code/resources/app/out/vs/workbench/api/node/extensionHostProcess.js:119:40508)
	at Object.executeCommand (file:///opt/visual-studio-code/resources/app/out/vs/workbench/api/node/extensionHostProcess.js:170:31026)
	at a0nU (/home/hiansdt/.vscode/extensions/vira.vsc-vira-theme-1.4.3/build/index.js:1:39842)
	at Object.a0BN (/home/hiansdt/.vscode/extensions/vira.vsc-vira-theme-1.4.3/build/index.js:1:78559)
	at PJ.eb (file:///opt/visual-studio-code/resources/app/out/vs/workbench/api/node/extensionHostProcess.js:123:11724)
	at file:///opt/visual-studio-code/resources/app/out/vs/workbench/api/node/extensionHostProcess.js:123:9874
	at Array.map (<anonymous>)
	at PJ.$ (file:///opt/visual-studio-code/resources/app/out/vs/workbench/api/node/extensionHostProcess.js:123:9862)
	at PJ.terminate (file:///opt/visual-studio-code/resources/app/out/vs/workbench/api/node/extensionHostProcess.js:123:10105)
	at v2.terminate (file:///opt/visual-studio-code/resources/app/out/vs/workbench/api/node/extensionHostProcess.js:124:1434)
	at us (file:///opt/visual-studio-code/resources/app/out/vs/workbench/api/node/extensionHostProcess.js:225:5702)
	at MessagePortMain.<anonymous> (file:///opt/visual-studio-code/resources/app/out/vs/workbench/api/node/extensionHostProcess.js:225:2249)
	at MessagePortMain.emit (node:events:524:28)
	at MessagePortMain._internalPort.emit (node:electron/js2c/utility_init:2:2949)
2025-05-23 17:09:33.503 [info] Extension host with pid 28156 exiting with code 0
