2025-05-08 13:56:27.475 [info] [main] Log level: Info
2025-05-08 13:56:27.475 [info] [main] Validating found git in: "git"
2025-05-08 13:56:27.475 [info] [main] Using git "2.49.0" from "git"
2025-05-08 13:56:27.475 [info] [Model][doInitialScan] Initial repository scan started
2025-05-08 13:56:27.475 [info] > git rev-parse --show-toplevel [356ms]
2025-05-08 13:56:27.475 [info] > git rev-parse --git-dir --git-common-dir [213ms]
2025-05-08 13:56:27.475 [info] [Model][openRepository] Opened repository: /home/hiansdt/Documents/Projects/c3labs/vparking/VirtualTruck-backend
2025-05-08 13:56:27.475 [info] > git config --get commit.template [92ms]
2025-05-08 13:56:27.520 [info] > git for-each-ref --format=%(refname)%00%(upstream:short)%00%(objectname)%00%(upstream:track)%00%(upstream:remotename)%00%(upstream:remoteref) refs/heads/dev refs/remotes/dev [24ms]
2025-05-08 13:56:27.549 [info] > git rev-parse --show-toplevel [31ms]
2025-05-08 13:56:27.648 [info] > git rev-parse --show-toplevel [29ms]
2025-05-08 13:56:27.755 [info] > git status -z -uall [74ms]
2025-05-08 13:56:27.755 [info] > git rev-parse --show-toplevel [4ms]
2025-05-08 13:56:27.755 [info] > git for-each-ref --sort -committerdate --format %(refname)%00%(objectname)%00%(*objectname) [22ms]
2025-05-08 13:56:27.846 [info] > git for-each-ref --format=%(refname)%00%(upstream:short)%00%(objectname)%00%(upstream:track)%00%(upstream:remotename)%00%(upstream:remoteref) refs/heads/dev refs/remotes/dev [58ms]
2025-05-08 13:56:27.872 [info] > git config --get commit.template [27ms]
2025-05-08 13:56:27.872 [info] > git rev-parse --show-toplevel [44ms]
2025-05-08 13:56:27.900 [info] > git config --get --local branch.dev.vscode-merge-base [35ms]
2025-05-08 13:56:27.973 [info] > git check-ignore -v -z --stdin [41ms]
2025-05-08 13:56:27.975 [info] > git for-each-ref --format=%(refname)%00%(upstream:short)%00%(objectname)%00%(upstream:track)%00%(upstream:remotename)%00%(upstream:remoteref) refs/heads/origin/dev refs/remotes/origin/dev [61ms]
2025-05-08 13:56:27.988 [info] > git rev-parse --show-toplevel [89ms]
2025-05-08 13:56:28.023 [info] > git for-each-ref --format=%(refname)%00%(upstream:short)%00%(objectname)%00%(upstream:track)%00%(upstream:remotename)%00%(upstream:remoteref) refs/heads/dev refs/remotes/dev [51ms]
2025-05-08 13:56:28.029 [info] > git rev-parse --show-toplevel [26ms]
2025-05-08 13:56:28.029 [info] > git merge-base refs/heads/dev refs/remotes/origin/dev [43ms]
2025-05-08 13:56:28.140 [info] > git diff --name-status -z --diff-filter=ADMR 85b8448dbb399533b94994c9df3338712af038e6...refs/remotes/origin/dev [95ms]
2025-05-08 13:56:28.171 [info] > git rev-parse --show-toplevel [81ms]
2025-05-08 13:56:28.249 [info] > git status -z -uall [54ms]
2025-05-08 13:56:28.249 [info] > git rev-parse --show-toplevel [18ms]
2025-05-08 13:56:28.250 [info] > git for-each-ref --sort -committerdate --format %(refname)%00%(objectname)%00%(*objectname) [34ms]
2025-05-08 13:56:28.297 [info] > git rev-parse --show-toplevel [13ms]
2025-05-08 13:56:28.300 [info] [Model][doInitialScan] Initial repository scan completed - repositories (1), closed repositories (0), parent repositories (0), unsafe repositories (0)
