2025-05-30 17:14:56.421 [info] Reading sessions from keychain...
2025-05-30 17:14:56.421 [info] Getting sessions for all scopes...
2025-05-30 17:14:56.421 [info] Getting sessions for all scopes...
2025-05-30 17:14:56.421 [info] Getting sessions for all scopes...
2025-05-30 17:14:56.421 [info] Getting sessions for all scopes...
2025-05-30 17:14:56.421 [info] Getting sessions for all scopes...
2025-05-30 17:14:56.421 [info] Getting sessions for all scopes...
2025-05-30 17:14:56.421 [info] Getting sessions for all scopes...
2025-05-30 17:14:56.421 [info] Got 0 sessions for ...
2025-05-30 17:14:56.421 [info] Got 0 sessions for ...
2025-05-30 17:14:56.421 [info] Got 0 sessions for ...
2025-05-30 17:14:56.421 [info] Got 0 sessions for ...
2025-05-30 17:14:56.421 [info] Got 0 sessions for ...
2025-05-30 17:14:56.421 [info] Got 0 sessions for ...
2025-05-30 17:14:56.421 [info] Got 0 sessions for ...
2025-05-30 17:14:56.421 [info] Getting sessions for all scopes...
2025-05-30 17:14:56.421 [info] Got 0 sessions for ...
2025-05-30 17:14:56.421 [info] Getting sessions for all scopes...
2025-05-30 17:14:56.421 [info] Got 0 sessions for ...
2025-05-30 17:14:56.421 [info] Getting sessions for all scopes...
2025-05-30 17:14:56.421 [info] Got 0 sessions for ...
2025-05-30 17:14:56.421 [info] Getting sessions for all scopes...
2025-05-30 17:14:56.421 [info] Got 0 sessions for ...
2025-05-30 17:14:56.421 [info] Getting sessions for all scopes...
2025-05-30 17:14:56.421 [info] Got 0 sessions for ...
2025-05-30 17:14:56.421 [info] Getting sessions for all scopes...
2025-05-30 17:14:56.421 [info] Got 0 sessions for ...
2025-05-30 17:14:56.435 [info] Getting sessions for all scopes...
2025-05-30 17:14:56.435 [info] Got 0 sessions for ...
2025-05-30 17:14:56.813 [info] Getting sessions for all scopes...
2025-05-30 17:14:56.813 [info] Got 0 sessions for ...
2025-05-30 17:14:57.041 [info] Getting sessions for read:user,repo,user:email,workflow...
2025-05-30 17:14:57.041 [info] Got 0 sessions for read:user,repo,user:email,workflow...
2025-05-30 17:14:58.056 [info] Getting sessions for all scopes...
2025-05-30 17:14:58.056 [info] Got 0 sessions for ...
2025-05-30 17:17:14.710 [info] Reading sessions from keychain...
2025-05-30 17:17:14.711 [info] Getting sessions for all scopes...
2025-05-30 17:17:14.711 [info] Getting sessions for all scopes...
2025-05-30 17:17:14.711 [info] Getting sessions for all scopes...
2025-05-30 17:17:14.711 [info] Got 0 sessions for ...
2025-05-30 17:17:14.711 [info] Got 0 sessions for ...
2025-05-30 17:17:14.711 [info] Got 0 sessions for ...
2025-05-30 17:17:14.711 [info] Getting sessions for all scopes...
2025-05-30 17:17:14.711 [info] Got 0 sessions for ...
2025-05-30 17:17:14.711 [info] Getting sessions for all scopes...
2025-05-30 17:17:14.711 [info] Got 0 sessions for ...
2025-05-30 17:17:14.836 [info] Getting sessions for all scopes...
2025-05-30 17:17:14.836 [info] Got 0 sessions for ...
2025-05-30 17:17:14.836 [info] Getting sessions for all scopes...
2025-05-30 17:17:14.836 [info] Got 0 sessions for ...
2025-05-30 17:17:14.836 [info] Getting sessions for all scopes...
2025-05-30 17:17:14.836 [info] Got 0 sessions for ...
2025-05-30 17:17:14.836 [info] Getting sessions for all scopes...
2025-05-30 17:17:14.836 [info] Got 0 sessions for ...
2025-05-30 17:17:14.836 [info] Getting sessions for all scopes...
2025-05-30 17:17:14.836 [info] Got 0 sessions for ...
2025-05-30 17:17:14.847 [info] Getting sessions for all scopes...
2025-05-30 17:17:14.847 [info] Got 0 sessions for ...
2025-05-30 17:17:14.847 [info] Getting sessions for all scopes...
2025-05-30 17:17:14.847 [info] Got 0 sessions for ...
2025-05-30 17:17:14.848 [info] Getting sessions for all scopes...
2025-05-30 17:17:14.848 [info] Got 0 sessions for ...
2025-05-30 17:17:14.848 [info] Getting sessions for all scopes...
2025-05-30 17:17:14.848 [info] Got 0 sessions for ...
2025-05-30 17:17:14.848 [info] Getting sessions for all scopes...
2025-05-30 17:17:14.848 [info] Got 0 sessions for ...
2025-05-30 17:17:15.580 [info] Getting sessions for read:user,repo,user:email,workflow...
2025-05-30 17:17:15.580 [info] Got 0 sessions for read:user,repo,user:email,workflow...
