2025-06-01 11:30:46.010 [info] Reading sessions from keychain...
2025-06-01 11:30:46.010 [info] Getting sessions for all scopes...
2025-06-01 11:30:46.010 [info] Getting sessions for all scopes...
2025-06-01 11:30:46.010 [info] Getting sessions for all scopes...
2025-06-01 11:30:46.010 [info] Got 0 sessions for ...
2025-06-01 11:30:46.010 [info] Got 0 sessions for ...
2025-06-01 11:30:46.010 [info] Got 0 sessions for ...
2025-06-01 11:30:46.010 [info] Getting sessions for all scopes...
2025-06-01 11:30:46.010 [info] Got 0 sessions for ...
2025-06-01 11:30:46.010 [info] Getting sessions for all scopes...
2025-06-01 11:30:46.010 [info] Got 0 sessions for ...
2025-06-01 11:30:46.010 [info] Getting sessions for all scopes...
2025-06-01 11:30:46.010 [info] Got 0 sessions for ...
2025-06-01 11:30:46.010 [info] Getting sessions for all scopes...
2025-06-01 11:30:46.010 [info] Got 0 sessions for ...
2025-06-01 11:30:46.010 [info] Getting sessions for all scopes...
2025-06-01 11:30:46.010 [info] Got 0 sessions for ...
2025-06-01 11:30:46.010 [info] Getting sessions for all scopes...
2025-06-01 11:30:46.010 [info] Got 0 sessions for ...
2025-06-01 11:30:46.010 [info] Getting sessions for all scopes...
2025-06-01 11:30:46.010 [info] Got 0 sessions for ...
2025-06-01 11:30:46.010 [info] Getting sessions for all scopes...
2025-06-01 11:30:46.010 [info] Got 0 sessions for ...
2025-06-01 11:30:46.010 [info] Getting sessions for all scopes...
2025-06-01 11:30:46.010 [info] Got 0 sessions for ...
2025-06-01 11:30:46.010 [info] Getting sessions for all scopes...
2025-06-01 11:30:46.010 [info] Got 0 sessions for ...
2025-06-01 11:30:46.010 [info] Getting sessions for all scopes...
2025-06-01 11:30:46.010 [info] Got 0 sessions for ...
2025-06-01 11:30:46.010 [info] Getting sessions for all scopes...
2025-06-01 11:30:46.010 [info] Got 0 sessions for ...
2025-06-01 11:30:46.829 [info] Getting sessions for read:user,repo,user:email,workflow...
2025-06-01 11:30:46.829 [info] Got 0 sessions for read:user,repo,user:email,workflow...
2025-06-01 11:30:47.827 [info] Getting sessions for all scopes...
2025-06-01 11:30:47.827 [info] Got 0 sessions for ...
