2025-06-05 15:07:41.866 [info] Started local extension host with pid 467734.
2025-06-05 15:07:41.919 [info] ComputeTargetPlatform: linux-x64
2025-06-05 15:07:42.698 [info] Settings Sync: Account status changed from uninitialized to unavailable
2025-06-05 15:07:44.441 [info] [perf] Render performance baseline is 12ms
2025-06-05 15:08:07.380 [warning] [backup tracker] suspended, ignoring unregister event file:///home/hiansdt/projects/c3labs/vita/enchiridion-backend/.devcontainer/devcontainer.json 
2025-06-05 15:08:07.766 [info] Started local extension host with pid 469006.
2025-06-05 15:08:07.774 [info] ComputeTargetPlatform: linux-x64
2025-06-05 15:08:08.204 [info] Invoking resolveAuthority(dev-container)...
2025-06-05 15:08:08.204 [info] [LocalProcess0][resolveAuthority(dev-container,1)][0ms] obtaining proxy...
2025-06-05 15:08:08.205 [info] [LocalProcess0][resolveAuthority(dev-container,1)][0ms] invoking...
2025-06-05 15:08:09.205 [info] [LocalProcess0][resolveAuthority(dev-container,1)][1000ms] waiting...
2025-06-05 15:08:10.206 [info] [LocalProcess0][resolveAuthority(dev-container,1)][2000ms] waiting...
2025-06-05 15:08:11.206 [info] [LocalProcess0][resolveAuthority(dev-container,1)][3000ms] waiting...
2025-06-05 15:08:12.206 [info] [LocalProcess0][resolveAuthority(dev-container,1)][4000ms] waiting...
2025-06-05 15:08:13.206 [info] [LocalProcess0][resolveAuthority(dev-container,1)][5000ms] waiting...
2025-06-05 15:08:14.206 [info] [LocalProcess0][resolveAuthority(dev-container,1)][6000ms] waiting...
2025-06-05 15:08:15.206 [info] [LocalProcess0][resolveAuthority(dev-container,1)][7000ms] waiting...
2025-06-05 15:08:16.206 [info] [LocalProcess0][resolveAuthority(dev-container,1)][8000ms] waiting...
2025-06-05 15:08:17.206 [info] [LocalProcess0][resolveAuthority(dev-container,1)][9000ms] waiting...
2025-06-05 15:08:18.205 [info] [LocalProcess0][resolveAuthority(dev-container,1)][10000ms] waiting...
2025-06-05 15:08:19.205 [info] [LocalProcess0][resolveAuthority(dev-container,1)][11000ms] waiting...
2025-06-05 15:08:20.206 [info] [LocalProcess0][resolveAuthority(dev-container,1)][12000ms] waiting...
2025-06-05 15:08:21.206 [info] [LocalProcess0][resolveAuthority(dev-container,1)][13000ms] waiting...
2025-06-05 15:08:23.062 [info] [LocalProcess0][resolveAuthority(dev-container,1)][14857ms] waiting...
2025-06-05 15:08:24.062 [info] [LocalProcess0][resolveAuthority(dev-container,1)][15857ms] waiting...
2025-06-05 15:08:24.205 [info] [LocalProcess0][resolveAuthority(dev-container,1)][16000ms] waiting...
2025-06-05 15:08:26.061 [info] [LocalProcess0][resolveAuthority(dev-container,1)][17857ms] waiting...
2025-06-05 15:08:26.792 [info] [LocalProcess0][resolveAuthority(dev-container,1)][18586ms] waiting...
2025-06-05 15:08:27.205 [info] [LocalProcess0][resolveAuthority(dev-container,1)][19000ms] waiting...
2025-06-05 15:08:29.062 [info] [LocalProcess0][resolveAuthority(dev-container,1)][20857ms] waiting...
2025-06-05 15:08:29.205 [info] [LocalProcess0][resolveAuthority(dev-container,1)][21000ms] waiting...
2025-06-05 15:08:31.062 [info] [LocalProcess0][resolveAuthority(dev-container,1)][22857ms] waiting...
2025-06-05 15:08:32.062 [info] [LocalProcess0][resolveAuthority(dev-container,1)][23857ms] waiting...
2025-06-05 15:08:32.205 [info] [LocalProcess0][resolveAuthority(dev-container,1)][24000ms] waiting...
2025-06-05 15:08:33.205 [info] [LocalProcess0][resolveAuthority(dev-container,1)][25000ms] waiting...
2025-06-05 15:08:34.296 [info] [LocalProcess0][resolveAuthority(dev-container,1)][26091ms] waiting...
2025-06-05 15:08:35.205 [info] [LocalProcess0][resolveAuthority(dev-container,1)][27000ms] waiting...
2025-06-05 15:08:36.205 [info] [LocalProcess0][resolveAuthority(dev-container,1)][28000ms] waiting...
2025-06-05 15:08:38.061 [info] [LocalProcess0][resolveAuthority(dev-container,1)][29857ms] waiting...
2025-06-05 15:08:39.062 [info] [LocalProcess0][resolveAuthority(dev-container,1)][30857ms] waiting...
2025-06-05 15:08:40.062 [info] [LocalProcess0][resolveAuthority(dev-container,1)][31857ms] waiting...
2025-06-05 15:08:41.062 [info] [LocalProcess0][resolveAuthority(dev-container,1)][32857ms] waiting...
2025-06-05 15:08:42.061 [info] [LocalProcess0][resolveAuthority(dev-container,1)][33857ms] waiting...
2025-06-05 15:08:43.061 [info] [LocalProcess0][resolveAuthority(dev-container,1)][34857ms] waiting...
2025-06-05 15:08:44.062 [info] [LocalProcess0][resolveAuthority(dev-container,1)][35857ms] waiting...
2025-06-05 15:08:45.062 [info] [LocalProcess0][resolveAuthority(dev-container,1)][36857ms] waiting...
2025-06-05 15:08:46.061 [info] [LocalProcess0][resolveAuthority(dev-container,1)][37857ms] waiting...
2025-06-05 15:08:47.062 [info] [LocalProcess0][resolveAuthority(dev-container,1)][38857ms] waiting...
2025-06-05 15:08:48.061 [info] [LocalProcess0][resolveAuthority(dev-container,1)][39857ms] waiting...
2025-06-05 15:08:49.061 [info] [LocalProcess0][resolveAuthority(dev-container,1)][40857ms] waiting...
2025-06-05 15:08:49.205 [info] [LocalProcess0][resolveAuthority(dev-container,1)][41000ms] waiting...
2025-06-05 15:08:50.206 [info] [LocalProcess0][resolveAuthority(dev-container,1)][42000ms] waiting...
2025-06-05 15:08:52.061 [info] [LocalProcess0][resolveAuthority(dev-container,1)][43857ms] waiting...
2025-06-05 15:08:53.062 [info] [LocalProcess0][resolveAuthority(dev-container,1)][44857ms] waiting...
2025-06-05 15:08:54.062 [info] [LocalProcess0][resolveAuthority(dev-container,1)][45857ms] waiting...
2025-06-05 15:08:55.061 [info] [LocalProcess0][resolveAuthority(dev-container,1)][46857ms] waiting...
2025-06-05 15:08:56.061 [info] [LocalProcess0][resolveAuthority(dev-container,1)][47857ms] waiting...
2025-06-05 15:08:57.061 [info] [LocalProcess0][resolveAuthority(dev-container,1)][48857ms] waiting...
2025-06-05 15:08:58.061 [info] [LocalProcess0][resolveAuthority(dev-container,1)][49857ms] waiting...
2025-06-05 15:08:59.061 [info] [LocalProcess0][resolveAuthority(dev-container,1)][50856ms] waiting...
2025-06-05 15:09:00.061 [info] [LocalProcess0][resolveAuthority(dev-container,1)][51856ms] waiting...
2025-06-05 15:09:01.061 [info] [LocalProcess0][resolveAuthority(dev-container,1)][52857ms] waiting...
2025-06-05 15:09:02.061 [info] [LocalProcess0][resolveAuthority(dev-container,1)][53856ms] waiting...
2025-06-05 15:09:03.061 [info] [LocalProcess0][resolveAuthority(dev-container,1)][54856ms] waiting...
2025-06-05 15:09:04.061 [info] [LocalProcess0][resolveAuthority(dev-container,1)][55857ms] waiting...
2025-06-05 15:09:05.061 [info] [LocalProcess0][resolveAuthority(dev-container,1)][56857ms] waiting...
2025-06-05 15:09:06.061 [info] [LocalProcess0][resolveAuthority(dev-container,1)][57857ms] waiting...
2025-06-05 15:09:06.765 [info] [LocalProcess0][resolveAuthority(dev-container,1)][58560ms] waiting...
2025-06-05 15:09:07.205 [info] [LocalProcess0][resolveAuthority(dev-container,1)][59000ms] waiting...
2025-06-05 15:09:09.061 [info] [LocalProcess0][resolveAuthority(dev-container,1)][60857ms] waiting...
2025-06-05 15:09:10.062 [info] [LocalProcess0][resolveAuthority(dev-container,1)][61857ms] waiting...
2025-06-05 15:09:10.900 [info] [LocalProcess0][resolveAuthority(dev-container,1)][62695ms] waiting...
2025-06-05 15:09:11.291 [info] [LocalProcess0][resolveAuthority(dev-container,1)][63086ms] waiting...
2025-06-05 15:09:11.325 [info] [LocalProcess0][resolveAuthority(dev-container,1)][63121ms] returned WebSocket(127.0.0.1:38719)
2025-06-05 15:09:11.325 [info] resolveAuthority(dev-container) returned 'WebSocket(127.0.0.1:38719)' after 63121 ms
2025-06-05 15:09:11.326 [info] Creating a socket (renderer-Management-33563129-a7bd-49bb-8da3-fc64f1107d47)...
2025-06-05 15:09:11.330 [info] Creating a socket (renderer-ExtensionHost-941c2dda-3e1f-4e8a-9264-5d331747f668)...
2025-06-05 15:09:11.401 [info] Creating a socket (renderer-Management-33563129-a7bd-49bb-8da3-fc64f1107d47) was successful after 75 ms.
2025-06-05 15:09:11.556 [info] Creating a socket (renderer-ExtensionHost-941c2dda-3e1f-4e8a-9264-5d331747f668) was successful after 227 ms.
2025-06-05 15:09:11.944 [info] Settings Sync: Account status changed from uninitialized to unavailable
2025-06-05 15:09:12.513 [info] [perf] Render performance baseline is 13ms
