2025-06-05 15:07:42.248 [info] Extension host with pid 467734 started
2025-06-05 15:07:42.248 [info] Skipping acquiring lock for /home/hiansdt/.config/Code/User/workspaceStorage/856fed633f63c3bc7a57126130423c5f.
2025-06-05 15:07:42.382 [info] ExtensionService#_doActivateExtension vscode.github-authentication, startup: false, activationEvent: 'onAuthenticationRequest:github'
2025-06-05 15:07:42.433 [info] ExtensionService#_doActivateExtension vscode.git-base, startup: true, activationEvent: '*', root cause: vscode.git
2025-06-05 15:07:42.440 [info] ExtensionService#_doActivateExtension ms-vscode-remote.remote-containers, startup: true, activationEvent: 'workspaceContains:.devcontainer/devcontainer.json'
2025-06-05 15:07:42.573 [info] ExtensionService#_doActivateExtension vscode.git, startup: true, activationEvent: '*'
2025-06-05 15:07:42.607 [info] ExtensionService#_doActivateExtension vscode.github, startup: true, activationEvent: '*'
2025-06-05 15:07:42.676 [info] ExtensionService#_doActivateExtension vscode.configuration-editing, startup: false, activationEvent: 'onLanguage:jsonc'
2025-06-05 15:07:42.686 [info] ExtensionService#_doActivateExtension vscode.json-language-features, startup: false, activationEvent: 'onLanguage:jsonc'
2025-06-05 15:07:42.728 [info] ExtensionService#_doActivateExtension vscode.typescript-language-features, startup: false, activationEvent: 'onLanguage:jsonc'
2025-06-05 15:07:42.766 [info] ExtensionService#_doActivateExtension vscode.emmet, startup: false, activationEvent: 'onLanguage'
2025-06-05 15:07:42.845 [info] Eager extensions activated
2025-06-05 15:07:42.881 [info] ExtensionService#_doActivateExtension vscode.debug-auto-launch, startup: false, activationEvent: 'onStartupFinished'
2025-06-05 15:07:42.884 [info] ExtensionService#_doActivateExtension vscode.merge-conflict, startup: false, activationEvent: 'onStartupFinished'
2025-06-05 15:07:42.902 [info] ExtensionService#_doActivateExtension Catppuccin.catppuccin-vsc, startup: false, activationEvent: 'onStartupFinished'
2025-06-05 15:07:42.909 [info] ExtensionService#_doActivateExtension Catppuccin.catppuccin-vsc-icons, startup: false, activationEvent: 'onStartupFinished'
2025-06-05 15:07:42.986 [info] ExtensionService#_doActivateExtension esbenp.prettier-vscode, startup: false, activationEvent: 'onStartupFinished'
2025-06-05 15:07:43.039 [info] ExtensionService#_doActivateExtension vscode-icons-team.vscode-icons, startup: false, activationEvent: 'onStartupFinished'
2025-06-05 15:07:43.063 [info] ExtensionService#_doActivateExtension vscodevim.vim, startup: false, activationEvent: 'onStartupFinished'
2025-06-05 15:08:07.374 [info] Extension host terminating: renderer closed the MessagePort
2025-06-05 15:08:07.404 [info] Extension host with pid 467734 exiting with code 0
2025-06-05 15:08:08.080 [info] Extension host with pid 469006 started
2025-06-05 15:08:08.080 [info] Skipping acquiring lock for /home/hiansdt/.config/Code/User/workspaceStorage/710a4a868fb80b152c9d674105921fe7.
2025-06-05 15:08:08.080 [info] $getCanonicalURI invoked for authority (dev-container)
2025-06-05 15:08:08.084 [info] ExtensionService#_doActivateExtension ms-vscode-remote.remote-containers, startup: false, activationEvent: 'onResolveRemoteAuthority:dev-container'
2025-06-05 15:08:08.204 [info] [resolveAuthority(dev-container,1)][0ms] activating remote resolvers dev-container+7b22686f737450617468223a222f686f6d652f6869616e7364742f70726f6a656374732f63336c6162732f766974612f656e636869726964696f6e2d6261636b656e64222c226c6f63616c446f636b6572223a66616c73652c22636f6e66696746696c65223a7b22246d6964223a312c22667350617468223a222f686f6d652f6869616e7364742f70726f6a656374732f63336c6162732f766974612f656e636869726964696f6e2d6261636b656e642f2e646576636f6e7461696e65722f646576636f6e7461696e65722e6a736f6e222c2265787465726e616c223a2266696c653a2f2f2f686f6d652f6869616e7364742f70726f6a656374732f63336c6162732f766974612f656e636869726964696f6e2d6261636b656e642f2e646576636f6e7461696e65722f646576636f6e7461696e65722e6a736f6e222c2270617468223a222f686f6d652f6869616e7364742f70726f6a656374732f63336c6162732f766974612f656e636869726964696f6e2d6261636b656e642f2e646576636f6e7461696e65722f646576636f6e7461696e65722e6a736f6e222c22736368656d65223a2266696c65227d7d
2025-06-05 15:08:08.204 [info] [resolveAuthority(dev-container,1)][0ms] activating resolver for dev-container+7b22686f737450617468223a222f686f6d652f6869616e7364742f70726f6a656374732f63336c6162732f766974612f656e636869726964696f6e2d6261636b656e64222c226c6f63616c446f636b6572223a66616c73652c22636f6e66696746696c65223a7b22246d6964223a312c22667350617468223a222f686f6d652f6869616e7364742f70726f6a656374732f63336c6162732f766974612f656e636869726964696f6e2d6261636b656e642f2e646576636f6e7461696e65722f646576636f6e7461696e65722e6a736f6e222c2265787465726e616c223a2266696c653a2f2f2f686f6d652f6869616e7364742f70726f6a656374732f63336c6162732f766974612f656e636869726964696f6e2d6261636b656e642f2e646576636f6e7461696e65722f646576636f6e7461696e65722e6a736f6e222c2270617468223a222f686f6d652f6869616e7364742f70726f6a656374732f63336c6162732f766974612f656e636869726964696f6e2d6261636b656e642f2e646576636f6e7461696e65722f646576636f6e7461696e65722e6a736f6e222c22736368656d65223a2266696c65227d7d...
2025-06-05 15:08:08.204 [info] [resolveAuthority(dev-container,1)][0ms] invoking final resolve()...
2025-06-05 15:08:09.205 [info] [resolveAuthority(dev-container,1)][1001ms] waiting...
2025-06-05 15:08:10.206 [info] [resolveAuthority(dev-container,1)][2002ms] waiting...
2025-06-05 15:08:11.206 [info] [resolveAuthority(dev-container,1)][3002ms] waiting...
2025-06-05 15:08:12.207 [info] [resolveAuthority(dev-container,1)][4002ms] waiting...
2025-06-05 15:08:13.207 [info] [resolveAuthority(dev-container,1)][5003ms] waiting...
2025-06-05 15:08:14.208 [info] [resolveAuthority(dev-container,1)][6004ms] waiting...
2025-06-05 15:08:15.209 [info] [resolveAuthority(dev-container,1)][7005ms] waiting...
2025-06-05 15:08:16.210 [info] [resolveAuthority(dev-container,1)][8006ms] waiting...
2025-06-05 15:08:17.210 [info] [resolveAuthority(dev-container,1)][9006ms] waiting...
2025-06-05 15:08:18.210 [info] [resolveAuthority(dev-container,1)][10006ms] waiting...
2025-06-05 15:08:19.210 [info] [resolveAuthority(dev-container,1)][11006ms] waiting...
2025-06-05 15:08:20.210 [info] [resolveAuthority(dev-container,1)][12006ms] waiting...
2025-06-05 15:08:21.211 [info] [resolveAuthority(dev-container,1)][13007ms] waiting...
2025-06-05 15:08:22.211 [info] [resolveAuthority(dev-container,1)][14007ms] waiting...
2025-06-05 15:08:23.211 [info] [resolveAuthority(dev-container,1)][15007ms] waiting...
2025-06-05 15:08:24.211 [info] [resolveAuthority(dev-container,1)][16007ms] waiting...
2025-06-05 15:08:25.212 [info] [resolveAuthority(dev-container,1)][17008ms] waiting...
2025-06-05 15:08:26.212 [info] [resolveAuthority(dev-container,1)][18008ms] waiting...
2025-06-05 15:08:27.212 [info] [resolveAuthority(dev-container,1)][19008ms] waiting...
2025-06-05 15:08:28.212 [info] [resolveAuthority(dev-container,1)][20008ms] waiting...
2025-06-05 15:08:29.213 [info] [resolveAuthority(dev-container,1)][21009ms] waiting...
2025-06-05 15:08:30.213 [info] [resolveAuthority(dev-container,1)][22009ms] waiting...
2025-06-05 15:08:31.213 [info] [resolveAuthority(dev-container,1)][23009ms] waiting...
2025-06-05 15:08:32.214 [info] [resolveAuthority(dev-container,1)][24010ms] waiting...
2025-06-05 15:08:33.214 [info] [resolveAuthority(dev-container,1)][25010ms] waiting...
2025-06-05 15:08:34.214 [info] [resolveAuthority(dev-container,1)][26010ms] waiting...
2025-06-05 15:08:35.215 [info] [resolveAuthority(dev-container,1)][27011ms] waiting...
2025-06-05 15:08:36.215 [info] [resolveAuthority(dev-container,1)][28011ms] waiting...
2025-06-05 15:08:37.216 [info] [resolveAuthority(dev-container,1)][29012ms] waiting...
2025-06-05 15:08:38.217 [info] [resolveAuthority(dev-container,1)][30013ms] waiting...
2025-06-05 15:08:39.218 [info] [resolveAuthority(dev-container,1)][31014ms] waiting...
2025-06-05 15:08:40.218 [info] [resolveAuthority(dev-container,1)][32014ms] waiting...
2025-06-05 15:08:41.218 [info] [resolveAuthority(dev-container,1)][33014ms] waiting...
2025-06-05 15:08:42.219 [info] [resolveAuthority(dev-container,1)][34015ms] waiting...
2025-06-05 15:08:43.221 [info] [resolveAuthority(dev-container,1)][35016ms] waiting...
2025-06-05 15:08:44.222 [info] [resolveAuthority(dev-container,1)][36017ms] waiting...
2025-06-05 15:08:45.223 [info] [resolveAuthority(dev-container,1)][37019ms] waiting...
2025-06-05 15:08:46.224 [info] [resolveAuthority(dev-container,1)][38019ms] waiting...
2025-06-05 15:08:47.223 [info] [resolveAuthority(dev-container,1)][39019ms] waiting...
2025-06-05 15:08:48.224 [info] [resolveAuthority(dev-container,1)][40020ms] waiting...
2025-06-05 15:08:49.225 [info] [resolveAuthority(dev-container,1)][41021ms] waiting...
2025-06-05 15:08:50.226 [info] [resolveAuthority(dev-container,1)][42022ms] waiting...
2025-06-05 15:08:51.226 [info] [resolveAuthority(dev-container,1)][43022ms] waiting...
2025-06-05 15:08:52.226 [info] [resolveAuthority(dev-container,1)][44022ms] waiting...
2025-06-05 15:08:53.227 [info] [resolveAuthority(dev-container,1)][45023ms] waiting...
2025-06-05 15:08:54.228 [info] [resolveAuthority(dev-container,1)][46024ms] waiting...
2025-06-05 15:08:55.228 [info] [resolveAuthority(dev-container,1)][47024ms] waiting...
2025-06-05 15:08:56.228 [info] [resolveAuthority(dev-container,1)][48024ms] waiting...
2025-06-05 15:08:57.228 [info] [resolveAuthority(dev-container,1)][49024ms] waiting...
2025-06-05 15:08:58.229 [info] [resolveAuthority(dev-container,1)][50025ms] waiting...
2025-06-05 15:08:59.229 [info] [resolveAuthority(dev-container,1)][51025ms] waiting...
2025-06-05 15:09:00.229 [info] [resolveAuthority(dev-container,1)][52025ms] waiting...
2025-06-05 15:09:01.230 [info] [resolveAuthority(dev-container,1)][53026ms] waiting...
2025-06-05 15:09:02.231 [info] [resolveAuthority(dev-container,1)][54027ms] waiting...
2025-06-05 15:09:03.232 [info] [resolveAuthority(dev-container,1)][55028ms] waiting...
2025-06-05 15:09:04.232 [info] [resolveAuthority(dev-container,1)][56028ms] waiting...
2025-06-05 15:09:05.232 [info] [resolveAuthority(dev-container,1)][57028ms] waiting...
2025-06-05 15:09:06.232 [info] [resolveAuthority(dev-container,1)][58028ms] waiting...
2025-06-05 15:09:07.233 [info] [resolveAuthority(dev-container,1)][59028ms] waiting...
2025-06-05 15:09:08.234 [info] [resolveAuthority(dev-container,1)][60030ms] waiting...
2025-06-05 15:09:09.234 [info] [resolveAuthority(dev-container,1)][61030ms] waiting...
2025-06-05 15:09:10.235 [info] [resolveAuthority(dev-container,1)][62031ms] waiting...
2025-06-05 15:09:11.235 [info] [resolveAuthority(dev-container,1)][63031ms] waiting...
2025-06-05 15:09:11.258 [info] [resolveAuthority(dev-container,1)][63054ms] setting tunnel factory...
2025-06-05 15:09:11.259 [info] [resolveAuthority(dev-container,1)][63055ms] returned 127.0.0.1:38719
2025-06-05 15:09:11.745 [info] Eager extensions activated
2025-06-05 15:09:11.792 [info] ExtensionService#_doActivateExtension Catppuccin.catppuccin-vsc, startup: false, activationEvent: 'onStartupFinished'
2025-06-05 15:09:11.797 [info] ExtensionService#_doActivateExtension Catppuccin.catppuccin-vsc-icons, startup: false, activationEvent: 'onStartupFinished'
2025-06-05 15:09:11.859 [info] ExtensionService#_doActivateExtension vscode-icons-team.vscode-icons, startup: false, activationEvent: 'onStartupFinished'
2025-06-05 15:09:11.885 [info] ExtensionService#_doActivateExtension vscodevim.vim, startup: false, activationEvent: 'onStartupFinished'
2025-06-05 15:09:11.980 [info] ExtensionService#_doActivateExtension vscode.github-authentication, startup: false, activationEvent: 'onAuthenticationRequest:github'
2025-06-05 15:13:36.657 [info] Extension host terminating: renderer closed the MessagePort
2025-06-05 15:13:36.662 [info] Extension host with pid 469006 exiting with code 0
