2025-05-22 22:59:09.156 [info] Reading sessions from keychain...
2025-05-22 22:59:09.157 [info] Getting sessions for all scopes...
2025-05-22 22:59:09.157 [info] Getting sessions for all scopes...
2025-05-22 22:59:09.157 [info] Getting sessions for all scopes...
2025-05-22 22:59:09.158 [info] Getting sessions for all scopes...
2025-05-22 22:59:09.158 [info] Getting sessions for all scopes...
2025-05-22 22:59:09.158 [info] Getting sessions for all scopes...
2025-05-22 22:59:09.158 [info] Getting sessions for all scopes...
2025-05-22 22:59:09.158 [info] Getting sessions for all scopes...
2025-05-22 22:59:09.161 [info] Got 0 sessions for ...
2025-05-22 22:59:09.161 [info] Got 0 sessions for ...
2025-05-22 22:59:09.161 [info] Got 0 sessions for ...
2025-05-22 22:59:09.161 [info] Got 0 sessions for ...
2025-05-22 22:59:09.161 [info] Got 0 sessions for ...
2025-05-22 22:59:09.161 [info] Got 0 sessions for ...
2025-05-22 22:59:09.161 [info] Got 0 sessions for ...
2025-05-22 22:59:09.161 [info] Got 0 sessions for ...
2025-05-22 22:59:09.162 [info] Getting sessions for all scopes...
2025-05-22 22:59:09.162 [info] Got 0 sessions for ...
2025-05-22 22:59:09.162 [info] Getting sessions for all scopes...
2025-05-22 22:59:09.162 [info] Got 0 sessions for ...
2025-05-22 22:59:09.162 [info] Getting sessions for all scopes...
2025-05-22 22:59:09.162 [info] Got 0 sessions for ...
2025-05-22 22:59:09.162 [info] Getting sessions for all scopes...
2025-05-22 22:59:09.162 [info] Got 0 sessions for ...
2025-05-22 22:59:09.162 [info] Getting sessions for all scopes...
2025-05-22 22:59:09.162 [info] Got 0 sessions for ...
2025-05-22 22:59:09.162 [info] Getting sessions for all scopes...
2025-05-22 22:59:09.162 [info] Got 0 sessions for ...
2025-05-22 22:59:09.191 [info] Getting sessions for all scopes...
2025-05-22 22:59:09.191 [info] Got 0 sessions for ...
2025-05-22 22:59:09.213 [info] Getting sessions for all scopes...
2025-05-22 22:59:09.213 [info] Got 0 sessions for ...
2025-05-22 22:59:11.180 [info] Getting sessions for all scopes...
2025-05-22 22:59:11.180 [info] Got 0 sessions for ...
2025-05-22 22:59:12.227 [info] Getting sessions for read:user,repo,user:email,workflow...
2025-05-22 22:59:12.227 [info] Got 0 sessions for read:user,repo,user:email,workflow...
