2025-05-30 17:14:55.983 [info] Extension host with pid 519173 started
2025-05-30 17:14:55.983 [info] Skipping acquiring lock for /home/hiansdt/.config/Code/User/workspaceStorage/856fed633f63c3bc7a57126130423c5f.
2025-05-30 17:14:56.138 [info] ExtensionService#_doActivateExtension vscode.github-authentication, startup: false, activationEvent: 'onAuthenticationRequest:github'
2025-05-30 17:14:56.246 [info] ExtensionService#_doActivateExtension vscode.git-base, startup: true, activationEvent: '*', root cause: vscode.git
2025-05-30 17:14:56.247 [info] ExtensionService#_doActivateExtension ms-vscode-remote.remote-containers, startup: true, activationEvent: 'workspaceContains:.devcontainer/devcontainer.json'
2025-05-30 17:14:56.369 [info] ExtensionService#_doActivateExtension vscode.git, startup: true, activationEvent: '*'
2025-05-30 17:14:56.404 [info] ExtensionService#_doActivateExtension vscode.github, startup: true, activationEvent: '*'
2025-05-30 17:14:56.485 [info] Eager extensions activated
2025-05-30 17:14:56.512 [info] ExtensionService#_doActivateExtension vscode.configuration-editing, startup: false, activationEvent: 'onLanguage:jsonc'
2025-05-30 17:14:56.518 [info] ExtensionService#_doActivateExtension vscode.json-language-features, startup: false, activationEvent: 'onLanguage:jsonc'
2025-05-30 17:14:56.561 [info] ExtensionService#_doActivateExtension vscode.typescript-language-features, startup: false, activationEvent: 'onLanguage:jsonc'
2025-05-30 17:14:56.595 [info] ExtensionService#_doActivateExtension vscode.emmet, startup: false, activationEvent: 'onLanguage'
2025-05-30 17:14:56.612 [info] ExtensionService#_doActivateExtension vscode.debug-auto-launch, startup: false, activationEvent: 'onStartupFinished'
2025-05-30 17:14:56.613 [info] ExtensionService#_doActivateExtension vscode.merge-conflict, startup: false, activationEvent: 'onStartupFinished'
2025-05-30 17:14:56.625 [info] ExtensionService#_doActivateExtension Catppuccin.catppuccin-vsc, startup: false, activationEvent: 'onStartupFinished'
2025-05-30 17:14:56.629 [info] ExtensionService#_doActivateExtension Catppuccin.catppuccin-vsc-icons, startup: false, activationEvent: 'onStartupFinished'
2025-05-30 17:14:56.688 [info] ExtensionService#_doActivateExtension esbenp.prettier-vscode, startup: false, activationEvent: 'onStartupFinished'
2025-05-30 17:14:56.733 [info] ExtensionService#_doActivateExtension vscode-icons-team.vscode-icons, startup: false, activationEvent: 'onStartupFinished'
2025-05-30 17:15:36.660 [info] Extension host terminating: renderer closed the MessagePort
2025-05-30 17:15:36.677 [info] Extension host with pid 519173 exiting with code 0
2025-05-30 17:15:37.410 [info] Extension host with pid 520113 started
2025-05-30 17:15:37.410 [info] Skipping acquiring lock for /home/hiansdt/.config/Code/User/workspaceStorage/710a4a868fb80b152c9d674105921fe7.
2025-05-30 17:15:37.410 [info] $getCanonicalURI invoked for authority (dev-container)
2025-05-30 17:15:37.415 [info] ExtensionService#_doActivateExtension ms-vscode-remote.remote-containers, startup: false, activationEvent: 'onResolveRemoteAuthority:dev-container'
2025-05-30 17:15:37.538 [info] [resolveAuthority(dev-container,1)][0ms] activating remote resolvers dev-container+7b22686f737450617468223a222f686f6d652f6869616e7364742f70726f6a656374732f63336c6162732f766974612f656e636869726964696f6e2d6261636b656e64222c226c6f63616c446f636b6572223a66616c73652c22636f6e66696746696c65223a7b22246d6964223a312c22667350617468223a222f686f6d652f6869616e7364742f70726f6a656374732f63336c6162732f766974612f656e636869726964696f6e2d6261636b656e642f2e646576636f6e7461696e65722f646576636f6e7461696e65722e6a736f6e222c2265787465726e616c223a2266696c653a2f2f2f686f6d652f6869616e7364742f70726f6a656374732f63336c6162732f766974612f656e636869726964696f6e2d6261636b656e642f2e646576636f6e7461696e65722f646576636f6e7461696e65722e6a736f6e222c2270617468223a222f686f6d652f6869616e7364742f70726f6a656374732f63336c6162732f766974612f656e636869726964696f6e2d6261636b656e642f2e646576636f6e7461696e65722f646576636f6e7461696e65722e6a736f6e222c22736368656d65223a2266696c65227d7d
2025-05-30 17:15:37.538 [info] [resolveAuthority(dev-container,1)][0ms] activating resolver for dev-container+7b22686f737450617468223a222f686f6d652f6869616e7364742f70726f6a656374732f63336c6162732f766974612f656e636869726964696f6e2d6261636b656e64222c226c6f63616c446f636b6572223a66616c73652c22636f6e66696746696c65223a7b22246d6964223a312c22667350617468223a222f686f6d652f6869616e7364742f70726f6a656374732f63336c6162732f766974612f656e636869726964696f6e2d6261636b656e642f2e646576636f6e7461696e65722f646576636f6e7461696e65722e6a736f6e222c2265787465726e616c223a2266696c653a2f2f2f686f6d652f6869616e7364742f70726f6a656374732f63336c6162732f766974612f656e636869726964696f6e2d6261636b656e642f2e646576636f6e7461696e65722f646576636f6e7461696e65722e6a736f6e222c2270617468223a222f686f6d652f6869616e7364742f70726f6a656374732f63336c6162732f766974612f656e636869726964696f6e2d6261636b656e642f2e646576636f6e7461696e65722f646576636f6e7461696e65722e6a736f6e222c22736368656d65223a2266696c65227d7d...
2025-05-30 17:15:37.538 [info] [resolveAuthority(dev-container,1)][0ms] invoking final resolve()...
2025-05-30 17:15:38.538 [info] [resolveAuthority(dev-container,1)][1000ms] waiting...
2025-05-30 17:15:39.539 [info] [resolveAuthority(dev-container,1)][2001ms] waiting...
2025-05-30 17:15:40.540 [info] [resolveAuthority(dev-container,1)][3002ms] waiting...
2025-05-30 17:15:41.540 [info] [resolveAuthority(dev-container,1)][4002ms] waiting...
2025-05-30 17:15:42.540 [info] [resolveAuthority(dev-container,1)][5002ms] waiting...
2025-05-30 17:15:43.541 [info] [resolveAuthority(dev-container,1)][6003ms] waiting...
2025-05-30 17:15:44.542 [info] [resolveAuthority(dev-container,1)][7004ms] waiting...
2025-05-30 17:15:45.543 [info] [resolveAuthority(dev-container,1)][8005ms] waiting...
2025-05-30 17:15:46.544 [info] [resolveAuthority(dev-container,1)][9006ms] waiting...
2025-05-30 17:15:47.545 [info] [resolveAuthority(dev-container,1)][10007ms] waiting...
2025-05-30 17:15:48.546 [info] [resolveAuthority(dev-container,1)][11008ms] waiting...
2025-05-30 17:15:49.547 [info] [resolveAuthority(dev-container,1)][12009ms] waiting...
2025-05-30 17:15:50.548 [info] [resolveAuthority(dev-container,1)][13010ms] waiting...
2025-05-30 17:15:51.549 [info] [resolveAuthority(dev-container,1)][14011ms] waiting...
2025-05-30 17:15:52.550 [info] [resolveAuthority(dev-container,1)][15012ms] waiting...
2025-05-30 17:15:53.551 [info] [resolveAuthority(dev-container,1)][16013ms] waiting...
2025-05-30 17:15:54.552 [info] [resolveAuthority(dev-container,1)][17014ms] waiting...
2025-05-30 17:15:55.553 [info] [resolveAuthority(dev-container,1)][18015ms] waiting...
2025-05-30 17:15:56.553 [info] [resolveAuthority(dev-container,1)][19015ms] waiting...
2025-05-30 17:15:57.554 [info] [resolveAuthority(dev-container,1)][20016ms] waiting...
2025-05-30 17:15:58.555 [info] [resolveAuthority(dev-container,1)][21017ms] waiting...
2025-05-30 17:15:59.556 [info] [resolveAuthority(dev-container,1)][22018ms] waiting...
2025-05-30 17:16:00.558 [info] [resolveAuthority(dev-container,1)][23020ms] waiting...
2025-05-30 17:16:01.559 [info] [resolveAuthority(dev-container,1)][24021ms] waiting...
2025-05-30 17:16:02.559 [info] [resolveAuthority(dev-container,1)][25021ms] waiting...
2025-05-30 17:16:03.559 [info] [resolveAuthority(dev-container,1)][26021ms] waiting...
2025-05-30 17:16:04.560 [info] [resolveAuthority(dev-container,1)][27022ms] waiting...
2025-05-30 17:16:05.560 [info] [resolveAuthority(dev-container,1)][28022ms] waiting...
2025-05-30 17:16:06.560 [info] [resolveAuthority(dev-container,1)][29022ms] waiting...
2025-05-30 17:16:07.561 [info] [resolveAuthority(dev-container,1)][30023ms] waiting...
2025-05-30 17:16:08.561 [info] [resolveAuthority(dev-container,1)][31023ms] waiting...
2025-05-30 17:16:09.561 [info] [resolveAuthority(dev-container,1)][32023ms] waiting...
2025-05-30 17:16:10.561 [info] [resolveAuthority(dev-container,1)][33023ms] waiting...
2025-05-30 17:16:11.562 [info] [resolveAuthority(dev-container,1)][34024ms] waiting...
2025-05-30 17:16:12.563 [info] [resolveAuthority(dev-container,1)][35025ms] waiting...
2025-05-30 17:16:13.563 [info] [resolveAuthority(dev-container,1)][36025ms] waiting...
2025-05-30 17:16:14.563 [info] [resolveAuthority(dev-container,1)][37025ms] waiting...
2025-05-30 17:16:15.564 [info] [resolveAuthority(dev-container,1)][38025ms] waiting...
2025-05-30 17:16:16.564 [info] [resolveAuthority(dev-container,1)][39026ms] waiting...
2025-05-30 17:16:17.564 [info] [resolveAuthority(dev-container,1)][40026ms] waiting...
2025-05-30 17:16:18.565 [info] [resolveAuthority(dev-container,1)][41027ms] waiting...
2025-05-30 17:16:19.565 [info] [resolveAuthority(dev-container,1)][42027ms] waiting...
2025-05-30 17:16:20.565 [info] [resolveAuthority(dev-container,1)][43027ms] waiting...
2025-05-30 17:16:21.565 [info] [resolveAuthority(dev-container,1)][44027ms] waiting...
2025-05-30 17:16:22.565 [info] [resolveAuthority(dev-container,1)][45027ms] waiting...
2025-05-30 17:16:23.566 [info] [resolveAuthority(dev-container,1)][46028ms] waiting...
2025-05-30 17:16:24.567 [info] [resolveAuthority(dev-container,1)][47029ms] waiting...
2025-05-30 17:16:25.568 [info] [resolveAuthority(dev-container,1)][48030ms] waiting...
2025-05-30 17:16:26.568 [info] [resolveAuthority(dev-container,1)][49030ms] waiting...
2025-05-30 17:16:27.569 [info] [resolveAuthority(dev-container,1)][50031ms] waiting...
2025-05-30 17:16:28.569 [info] [resolveAuthority(dev-container,1)][51031ms] waiting...
2025-05-30 17:16:29.569 [info] [resolveAuthority(dev-container,1)][52031ms] waiting...
2025-05-30 17:16:30.569 [info] [resolveAuthority(dev-container,1)][53031ms] waiting...
2025-05-30 17:16:31.569 [info] [resolveAuthority(dev-container,1)][54031ms] waiting...
2025-05-30 17:16:32.570 [info] [resolveAuthority(dev-container,1)][55031ms] waiting...
2025-05-30 17:16:33.571 [info] [resolveAuthority(dev-container,1)][56033ms] waiting...
2025-05-30 17:16:34.571 [info] [resolveAuthority(dev-container,1)][57033ms] waiting...
2025-05-30 17:16:35.571 [info] [resolveAuthority(dev-container,1)][58033ms] waiting...
2025-05-30 17:16:36.571 [info] [resolveAuthority(dev-container,1)][59033ms] waiting...
2025-05-30 17:16:37.571 [info] [resolveAuthority(dev-container,1)][60033ms] waiting...
2025-05-30 17:16:38.571 [info] [resolveAuthority(dev-container,1)][61033ms] waiting...
2025-05-30 17:16:39.572 [info] [resolveAuthority(dev-container,1)][62034ms] waiting...
2025-05-30 17:16:40.572 [info] [resolveAuthority(dev-container,1)][63034ms] waiting...
2025-05-30 17:16:41.572 [info] [resolveAuthority(dev-container,1)][64034ms] waiting...
2025-05-30 17:16:42.572 [info] [resolveAuthority(dev-container,1)][65034ms] waiting...
2025-05-30 17:16:43.573 [info] [resolveAuthority(dev-container,1)][66035ms] waiting...
2025-05-30 17:16:44.573 [info] [resolveAuthority(dev-container,1)][67035ms] waiting...
2025-05-30 17:16:45.574 [info] [resolveAuthority(dev-container,1)][68035ms] waiting...
2025-05-30 17:16:46.574 [info] [resolveAuthority(dev-container,1)][69036ms] waiting...
2025-05-30 17:16:47.575 [info] [resolveAuthority(dev-container,1)][70037ms] waiting...
2025-05-30 17:16:48.575 [info] [resolveAuthority(dev-container,1)][71037ms] waiting...
2025-05-30 17:16:49.575 [info] [resolveAuthority(dev-container,1)][72037ms] waiting...
2025-05-30 17:16:50.575 [info] [resolveAuthority(dev-container,1)][73037ms] waiting...
2025-05-30 17:16:51.575 [info] [resolveAuthority(dev-container,1)][74037ms] waiting...
2025-05-30 17:16:52.576 [info] [resolveAuthority(dev-container,1)][75038ms] waiting...
2025-05-30 17:16:53.577 [info] [resolveAuthority(dev-container,1)][76039ms] waiting...
2025-05-30 17:16:54.577 [info] [resolveAuthority(dev-container,1)][77039ms] waiting...
2025-05-30 17:16:55.577 [info] [resolveAuthority(dev-container,1)][78039ms] waiting...
2025-05-30 17:16:56.577 [info] [resolveAuthority(dev-container,1)][79039ms] waiting...
2025-05-30 17:16:57.577 [info] [resolveAuthority(dev-container,1)][80039ms] waiting...
2025-05-30 17:16:58.578 [info] [resolveAuthority(dev-container,1)][81040ms] waiting...
2025-05-30 17:16:59.579 [info] [resolveAuthority(dev-container,1)][82041ms] waiting...
2025-05-30 17:17:00.579 [info] [resolveAuthority(dev-container,1)][83041ms] waiting...
2025-05-30 17:17:01.580 [info] [resolveAuthority(dev-container,1)][84042ms] waiting...
2025-05-30 17:17:02.581 [info] [resolveAuthority(dev-container,1)][85043ms] waiting...
2025-05-30 17:17:03.582 [info] [resolveAuthority(dev-container,1)][86044ms] waiting...
2025-05-30 17:17:04.583 [info] [resolveAuthority(dev-container,1)][87045ms] waiting...
2025-05-30 17:17:05.583 [info] [resolveAuthority(dev-container,1)][88045ms] waiting...
2025-05-30 17:17:06.584 [info] [resolveAuthority(dev-container,1)][89046ms] waiting...
2025-05-30 17:17:07.585 [info] [resolveAuthority(dev-container,1)][90047ms] waiting...
2025-05-30 17:17:08.585 [info] [resolveAuthority(dev-container,1)][91047ms] waiting...
2025-05-30 17:17:09.585 [info] [resolveAuthority(dev-container,1)][92047ms] waiting...
2025-05-30 17:17:10.585 [info] [resolveAuthority(dev-container,1)][93047ms] waiting...
2025-05-30 17:17:11.586 [info] [resolveAuthority(dev-container,1)][94048ms] waiting...
2025-05-30 17:17:12.586 [info] [resolveAuthority(dev-container,1)][95048ms] waiting...
2025-05-30 17:17:13.587 [info] [resolveAuthority(dev-container,1)][96049ms] waiting...
2025-05-30 17:17:13.736 [info] [resolveAuthority(dev-container,1)][96198ms] setting tunnel factory...
2025-05-30 17:17:13.737 [info] [resolveAuthority(dev-container,1)][96199ms] returned 127.0.0.1:36069
2025-05-30 17:17:14.488 [info] Eager extensions activated
2025-05-30 17:17:14.551 [info] ExtensionService#_doActivateExtension Catppuccin.catppuccin-vsc, startup: false, activationEvent: 'onStartupFinished'
2025-05-30 17:17:14.557 [info] ExtensionService#_doActivateExtension Catppuccin.catppuccin-vsc-icons, startup: false, activationEvent: 'onStartupFinished'
2025-05-30 17:17:14.623 [info] ExtensionService#_doActivateExtension vscode-icons-team.vscode-icons, startup: false, activationEvent: 'onStartupFinished'
2025-05-30 17:17:14.655 [info] ExtensionService#_doActivateExtension vscode.github-authentication, startup: false, activationEvent: 'onAuthenticationRequest:github'
2025-05-30 17:20:47.499 [info] ExtensionService#_doActivateExtension vscodevim.vim, startup: false, activationEvent: 'onStartupFinished'
2025-05-30 17:20:48.594 [error] Error: ENOENT: no such file or directory, open '/home/hiansdt/.config/Code/User/globalStorage/vscodevim.vim/.registers'
2025-05-30 17:24:31.463 [info] Extension host terminating: renderer closed the MessagePort
2025-05-30 17:24:31.475 [info] Extension host with pid 520113 exiting with code 0
